8129 9267 260
3543 9265 262
4311 4559 215
5680 7250 262
1219 4344 238
1649 5760 238
8203 9386 260
1158 4706 238
4315 9239 262
2013 8466 262
620 6468 262
2542 2851 191
6040 9549 262
1848 8358 262
1194 4106 238
2838 9261 262
8151 8280 190
8364 8579 203
7420 8108 252
6344 7405 257
6623 9274 260
1821 2937 217
7069 8391 252
5793 8647 262
5997 7702 262
4364 8163 262
6700 7418 257
889 5939 238
1852 2802 209
9934 9987 167
6948 7507 239
5070 5319 192
5503 9431 262
3912 4144 189
3827 9427 262
7912 7945 146
4598 5893 236
7978 8530 234
9062 9200 198
5753 8938 262
4279 6069 236
4378 6084 236
7022 7557 239
2773 9033 262
705 9778 262
973 4045 238
8181 9922 260
9103 9369 260
9474 9759 198
9308 9426 198
5972 7511 262
6453 8961 257
3303 7120 262
2235 8598 262
903 7358 262
6478 7400 257
4456 8282 262
8863 9505 260
5176 6312 262
9405 9748 198
7045 9225 252
9884 9953 242
2770 4524 238
1611 8015 262
4703 9044 262
8246 9694 260
4489 7714 262
1243 9085 262
1831 5389 238
2858 9459 262
4168 9241 262
4267 9559 262
2893 4385 238
2803 8054 262
7468 9746 260
3948 6307 262
8935 9275 260
2440 6926 262
5521 9170 262
6650 9643 260
1319 6948 262
3601 4607 238
2297 5123 238
9949 9960 92
1023 3547 217
3213 6707 262
8493 9459 260
2869 6786 262
3311 9012 262
9453 9666 198
582 3274 217
7993 8117 190
9935 9980 167
3924 8659 262
833 1022 179
4733 6276 262
1821 9993 262
4310 6511 262
9527 9933 242
4596 8837 262
3417 3800 238
4796 4904 179
1638 8409 262
9646 9724 185
9687 9699 167
2078 7170 262
5202 8906 262
6137 8960 262
6854 9210 257
3294 9999 262
6985 7259 195
6190 6920 244
2711 7479 262
9274 9943 242
1109 9561 262
5491 8015 262
8029 9162 247
2786 5996 238
4301 5231 215
4614 6379 262
7881 9084 252
608 5794 238
3114 8637 262
4570 7708 262
9507 9668 198
4005 5412 215
8594 8970 247
1648 4447 238
7045 7097 151
6245 9129 257
7494 8926 252
9030 9430 260
4724 6612 262
1539 9039 262
4245 4629 215
5716 7038 262
5548 6770 262
1560 6869 262
5770 6066 218
4979 9760 262
6696 7484 257
1767 9311 262
5529 6663 262
2945 7197 262
7039 8441 252
7078 7589 239
3628 9016 262
6405 8419 257
4273 9944 262
3727 4035 189
6800 9227 257
3346 6277 262
2116 5047 238
7359 7613 239
3738 5862 236
9513 9961 242
4024 4726 215
8426 8755 203
7397 8790 252
4829 9908 262
3262 4532 238
8967 9485 260
4364 9277 262
5240 9232 262
9667 9946 242
3505 8498 262
1112 3461 217
5164 7587 262
4459 8158 262
3816 4261 202
3914 8377 262
4980 5559 205
958 7869 262
3842 9120 262
7478 8701 252
9142 9859 260
3280 9957 262
7628 8942 252
9831 9919 242
2631 9417 262
889 9511 262
2314 5454 238
5688 5780 174
7930 9312 260
9054 9523 260
4693 8736 262
1424 2929 217
7257 9022 252
5781 9130 262
3440 4793 238
2471 4221 238
350 3838 238
7040 8314 252
9745 9991 242
3548 6157 238
2719 7878 262
1213 8281 262
2787 8654 262
5213 6316 262
3398 7214 262
8813 9746 260
3586 7203 262
4114 7429 262
5321 6455 262
8291 9680 260
9505 9689 198
7692 9513 260
2863 3628 217
4182 4555 215
1602 3192 217
1333 5052 238
8516 8940 216
5704 8817 262
5796 8839 262
8370 8932 216
7887 9448 260
3635 4816 238
3769 4388 215
2313 3682 217
346 6780 262
4201 6050 236
4067 6209 262
6055 6543 262
2976 8162 262
9535 9933 242
7965 9119 247
1600 5449 238
9763 9914 242
4134 8328 262
924 7435 262
7455 7782 208
6036 6449 262
6633 7477 257
1541 5977 238
1598 4794 238
2251 8548 262
1736 5882 238
394 8966 262
9598 9705 185
4378 7105 262
649 5335 238
2703 9787 262
1527 8143 262
2256 7502 262
727 8779 262
867 2668 209
4692 6820 262
5622 7925 262
3058 4810 238
6620 6825 182
9048 9610 260
6805 7839 257
7890 8886 252
1276 2762 209
6919 7352 257
2971 3889 238
700 1580 182
2519 7388 262
841 7334 262
589 7132 262
656 1050 179
9749 9911 242
8357 9762 260
6670 8834 257
8884 9237 247
2421 8603 262
4862 7141 262
1417 7352 262
2774 6543 262
6590 7457 257
1049 9224 262
9963 9994 180
1584 8633 262
6677 8069 257
9959 9992 180
344 353 126
8720 9837 260
5961 9836 262
8165 8574 234
4842 6627 262
8623 9898 260
7682 9147 252
2838 9294 262
2587 6401 262
4494 5793 236
8007 8702 234
5088 6183 262
9994 9998 180
9505 9998 242
1800 5303 238
3935 6925 262
77 7367 262
4938 8532 262
6082 7644 262
1370 8574 262
2854 8153 262
888 8238 262
6180 7374 257
2337 9118 262
2040 6222 262
4294 6774 262
5075 7716 262
7070 7948 239
8757 8938 216
1738 6572 262
6037 9808 262
9050 9867 260
1030 6596 262
4853 6948 262
9792 9804 167
738 7702 262
8918 9124 247
5884 8820 262
4406 5720 236
214 5369 238
1401 7708 262
9194 9742 260
241 8903 262
7895 7913 190
2837 8860 262
5904 7408 262
8007 9275 260
7689 9893 260
7995 8777 234
8852 8877 172
1466 9461 262
3135 7429 262
3918 4150 189
1831 7384 262
9941 9977 167
1120 2400 183
2904 6795 262
4167 8468 262
2928 9822 262
4844 6307 262
8044 8856 234
7340 8715 252
4755 7852 262
7791 9669 260
272 932 179
6886 9780 260
2582 4739 238
4824 9733 262
1741 8327 262
7527 9913 260
1403 1522 172
9373 9850 198
1663 1960 180
6505 9527 260
1952 3287 217
3058 7191 262
4798 9863 262
8750 9029 247
8129 8220 190
8652 9653 260
9533 9773 198
9194 9812 260
8261 8349 203
7669 7673 133
3375 8537 262
8034 9624 260
6545 7678 257
8138 9993 260
945 8850 262
5501 7749 262
8693 8851 216
5596 6772 262
1660 8700 262
5745 5868 218
7236 7306 195
892 2867 209
6285 9273 260
7937 8161 252
6806 7441 257
4545 6212 262
7152 8418 252
7661 7868 221
6336 8580 257
8255 8888 234
9496 9610 198
2880 7513 262
8665 9955 260
8030 9384 260
9171 9734 260
2816 6993 262
4522 7723 262
2229 8810 262
144 8902 262
5350 7451 262
2123 4976 238
9832 9895 242
5176 8769 262
5674 7914 262
5994 6570 262
1494 2411 183
386 6726 262
28 8769 262
5552 7229 262
5726 6550 262
8183 9999 260
3832 7768 262
8600 9223 247
3509 6951 262
8930 9570 260
8395 9190 247
7807 7944 190
9381 9602 198
2070 7898 262
844 2165 182
1685 5170 238
6255 8159 257
9415 9732 198
3825 6902 262
691 9982 262
6040 8594 262
795 5494 238
7928 9748 260
8636 9661 260
7192 9461 260
2997 4638 238
7672 9497 260
163 9314 262
137 248 128
8458 9112 247
2998 4600 238
6021 6024 42
4916 9992 262
1886 7965 262
6753 8272 257
4642 6136 236
7800 8397 252
5367 9105 262
7533 8106 252
9866 9904 242
4270 6599 262
6661 8881 257
3664 3891 238
5345 6152 236
1759 9240 262
7484 9936 260
6647 6936 226
6712 9855 260
1643 2343 183
6654 9797 260
3876 6272 262
3890 4103 189
9434 9593 198
105 2294 183
5962 6596 262
8041 9704 260
9183 9415 260
4876 6323 262
7876 8345 252
9350 9753 198
4021 9985 262
7093 8664 252
3040 7301 262
8582 9305 260
5104 5134 179
2132 4281 238
5586 8192 262
3357 5679 238
7982 8492 234
8337 9319 260
9782 9889 242
526 6939 262
3782 7849 262
8162 8500 234
5621 7103 262
3994 9744 262
7047 7258 195
9365 9986 242
7594 8569 252
3824 9243 262
5884 9601 262
8028 9496 260
8328 9252 247
2840 8643 262
1197 5120 238
6604 7729 257
256 1196 182
6294 8533 257
5234 8609 262
4749 6311 262
4669 5422 210
3200 6719 262
2532 8767 262
856 9080 262
3213 8583 262
9173 9740 260
6986 9795 260
6917 7657 257
8584 9960 260
4326 9882 262
3635 9915 262
7109 8594 252
761 2074 182
631 9495 262
6912 8078 257
3201 9132 262
6825 8928 257
5998 9250 262
1667 7676 262
5832 8384 262
7884 9048 252
3974 4397 215
2204 7670 262
9238 9507 260
3349 6271 262
3270 3722 238
843 9050 262
7225 9275 260
2836 3657 217
7597 9931 260
5937 7293 262
7679 8945 252
9900 9991 167
8468 9926 260
3233 4395 238
6444 8584 257
5655 5848 218
8689 8802 216
4011 4136 189
7700 8784 252
1488 8838 262
694 4006 238
4050 7802 262
285 2697 209
8476 9058 247
6632 8655 257
1382 8891 262
9877 9929 242
689 6873 262
2847 3862 238
5347 8268 262
1390 1930 180
2411 5518 238
1562 4858 238
4356 5936 236
6485 9879 260
229 1142 179
877 2451 183
7800 8733 252
7515 7847 221
1745 8898 262
7039 9182 252
1159 5516 238
7111 9418 260
7964 9090 247
5769 9718 262
1950 7287 262
4311 5673 236
3587 4100 238
3486 4617 238
1485 8454 262
137 2033 182
9851 9965 242
8695 9814 260
4877 9290 262
3925 4929 215
3059 4471 238
2451 4418 238
582 8253 262
2417 3905 238
2221 5597 238
8207 9760 260
8046 9304 260
1234 3281 217
1092 1190 182
2278 9708 262
7392 9538 260
6993 7867 239
6130 9337 262
1244 9063 262
4600 5683 236
3978 6413 262
8835 9526 260
8228 9829 260
8692 9300 260
665 4768 238
1532 4747 238
1434 9512 262
4091 8359 262
3912 5815 236
90 6093 238
4110 6243 262
1306 3214 217
7427 9435 260
9492 9853 211
8440 8821 216
190 3800 238
8102 8794 234
1549 6873 262
1144 4473 238
9676 9733 180
7504 9326 260
7030 8745 252
3487 4350 238
7956 9825 260
2653 3713 238
6291 8574 257
4581 5736 236
567 3196 217
1383 6005 238
678 7599 262
502 7180 262
4943 8041 262
6243 9344 260
7635 9592 260
3084 6884 262
5545 6059 236
1220 6498 262
5876 9808 262
6397 8451 257
4807 6419 262
4579 8461 262
4867 6923 262
5045 5465 192
7518 9863 260
1843 9065 262
8952 9814 260
1766 4300 238
2 8956 262
6738 8971 257
1745 5421 238
7649 8297 252
6759 7818 257
8918 8931 141
6277 9218 257
2816 6211 262
3418 9329 262
4884 9465 262
9257 9304 260
3717 5934 236
9058 9565 260
7673 9122 252
6959 9716 260
8256 8975 247
3797 5237 215
948 2149 182
7517 8924 252
5533 6303 262
168 6220 262
3261 6616 262
8819 9142 247
231 3486 217
2526 6117 238
520 5948 238
7746 8243 252
1259 1680 180
2498 6215 262
4813 7828 262
4720 7188 262
2768 3896 238
764 1269 182
408 1848 182
8662 9603 260
8906 9409 260
9445 9910 242
1625 7279 262
946 1327 182
499 7649 262
9673 9962 242
7956 8719 252
7957 8410 252
574 4627 238
849 9482 262
6262 9939 260
1157 8477 262
436 8005 262
9095 9759 260
6551 8106 257
5839 8204 262
2937 6875 262
3974 9861 262
9898 9964 167
9119 9698 260
7445 8500 252
4117 5640 236
2562 7593 262
965 8883 262
8878 9979 260
1224 6732 262
3733 5012 215
6871 9370 260
651 7065 262
4066 6548 262
73 4760 238
9008 9164 198
1539 5331 238
3921 7596 262
6955 9353 260
8183 9259 260
4534 5461 210
6150 9387 262
723 5277 238
6581 7172 257
1631 2876 209
3795 9233 262
2887 4759 238
2234 8733 262
2982 5296 238
7089 7470 239
2555 2893 191
2414 3650 217
8133 9766 260
1880 6752 262
2076 5062 238
5838 9362 262
8712 9692 260
56 8736 262
5454 8837 262
1738 9165 262
7144 8317 252
5151 5831 236
2548 3263 217
9919 9949 167
6387 9636 260
4934 8758 262
5808 5861 218
9386 9547 198
6384 7951 257
1731 8060 262
7679 8347 252
5069 5303 192
5908 8990 262
8528 8878 216
4464 5799 236
1148 9386 262
2148 6278 262
7990 8201 190
6386 7843 257
2928 8946 262
1267 2726 209
8065 9634 260
7912 8906 252
3718 9789 262
5068 6074 236
2755 5990 238
9368 9455 185
5488 5940 236
5650 7207 262
2987 8528 262
632 4235 238
8073 9460 260
3136 7549 262
179 5541 238
321 466 144
8645 8976 247
7319 8637 252
1365 9975 262
6863 7422 257
9526 9830 198
6882 7088 257
1028 1579 182
9158 9376 260
7876 9034 252
6882 6935 226
7624 9834 260
7700 8825 252
2997 8652 262
4461 8847 262
6708 8842 257
8984 9193 198
5425 8335 262
4765 6681 262
7885 9995 260
4575 9310 262
9909 9992 180
8745 9416 260
4056 9397 262
7450 8228 252
9060 9412 260
9145 9436 260
8197 8592 234
8731 9575 260
4031 7324 262
7071 8231 252
677 3794 238
8794 9767 260
8708 9851 260
9241 9912 260
1537 2647 209
6705 8037 257
1622 4539 238
2380 5038 238
9702 9999 242
3960 7064 262
6864 7468 257
1797 7860 262
9004 9670 260
8956 8986 247
6422 8995 257
6476 8623 257
8432 9235 247
9550 9978 242
5179 7483 262
6435 8849 257
8957 9267 260
4511 7701 262
4940 8215 262
8960 9558 260
3071 4389 238
3402 5530 238
8727 9264 260
7698 7888 221
2077 6733 262
7115 7146 195
9031 9513 260
1948 8251 262
1564 4486 238
3656 8587 262
6639 7882 257
9809 9996 242
3229 3391 181
8878 9029 247
7561 9277 260
2808 9509 262
7107 8456 252
3268 7043 262
4111 8705 262
6266 8004 257
3970 7039 262
7389 7604 239
9675 9756 180
9517 9726 198
7184 8034 252
4331 7565 262
3262 3990 238
8474 8880 216
1162 6952 262
1009 2658 209
1539 8210 262
2056 9242 262
2729 6051 238
3534 5313 238
2640 8115 262
5730 7725 262
5883 8046 262
2312 9559 262
8805 9796 260
3146 3361 199
4999 9989 262
8867 9864 260
4319 9068 262
1101 6432 262
7394 8917 252
6905 7916 257
2277 5336 238
6632 6937 226
6987 7543 239
4548 8282 262
6316 8480 257
2586 3963 238
6099 8333 262
7755 8648 252
6724 8271 257
9948 9991 167
1080 1887 182
6334 7253 257
2505 4866 238
3582 5220 238
5895 7115 262
1533 2563 209
2150 3200 217
5879 7542 262
8329 8499 234
1465 4148 238
9760 9918 242
3193 7154 262
5298 9461 262
3465 4261 238
4551 5512 210
95 6248 262
2225 4860 238
3732 3843 176
213 9570 262
7330 8768 252
504 2802 209
629 9413 262
7026 9935 260
845 3454 217
9638 9674 185
6349 7513 257
6359 7967 257
1606 2206 180
3192 3453 181
29 9238 262
4834 5326 210
9723 9837 198
2902 3179 217
4491 8196 262
7120 8794 252
5573 8095 262
7034 7440 239
9331 9699 198
9060 9069 123
5764 7997 262
2484 3765 238
797 7646 262
4357 4987 215
3201 9148 262
177 5053 238
1641 3610 217
6055 7189 262
8420 8433 203
1169 3119 217
4774 6083 236
1083 9320 262
4966 8058 262
2898 3397 217
8527 9026 247
823 7008 262
9710 9895 242
5458 6298 262
1203 8316 262
1965 6452 262
3713 5789 236
336 5713 238
3502 6711 262
3067 7892 262
8050 8715 234
7536 7605 177
5227 9684 262
5872 6053 187
9437 9574 198
841 9155 262
9783 9929 242
4957 7336 262
4025 8822 262
2702 8550 262
6579 7916 257
2334 3361 217
3158 4675 238
8347 9770 260
1764 5676 238
1285 8353 262
2000 9205 262
5340 9941 262
141 8063 262
123 2077 182
9036 9435 260
244 1541 182
5329 6560 262
1014 4201 238
8317 9991 260
7284 9593 260
4733 8641 262
4241 9490 262
8638 9182 247
901 1253 182
3999 7141 262
2918 3044 217
3708 8489 262
2281 9968 262
2171 4923 238
6129 9015 262
9717 9868 211
2728 7081 262
627 1283 182
7102 9215 252
3808 6872 262
6541 8712 257
6705 9613 260
2781 6283 262
9719 9992 242
8447 9247 247
2218 7424 262
2419 4112 238
5972 7399 262
6125 8323 262
3453 7001 262
2053 7405 262
1328 2098 180
918 1691 182
1225 3451 217
7248 9054 252
5107 6048 236
6275 7223 257
7272 9816 260
3505 8782 262
5440 5676 236
7059 7390 208
9667 9743 180
9935 9971 167
6880 9558 260
6485 6628 244
1016 7554 262
9853 9891 242
6020 8800 262
649 8748 262
1492 2205 180
1331 9800 262
740 9915 262
1112 7808 262
5716 7724 262
1353 6235 262
9272 9822 198
5164 7852 262
6943 8656 257
