H
Y
X.,
e.E
S,X
g
,
M M
Lw.
BQY
JcX
.
Gfz
G,,
Ajw
L
,l
eE
WhW
RrI
,
fj
.F
.Id
j,
,
CS
,
Dea
X
hyc
Ey
t,m
,,.
p.
X.
,
T.
M.
R.
f
lG
, U
,m
ZhQ
Bqr
h,Q
.pJ
z,
,
yX
Ear
Ld,
FoR
Ats
bt
YO
Rng
N
Fly
a
.
F
Pjc
Au.
RV
AQ
,
x
O,
.X
E
M
Wz
V
s
,S
lG
vV
Lo,
NuQ
ClL
WrG
B
,.
L,
b a
.i
,R
W
,,K
.
Hp,
R.
vB
,y
x
.e
,
qAI
.
aW
pS
Vkm
q
h
.v
M
l
.
.z.
Bn
a
UlS
a
.
.Y,
j,
bq
.
.
,,
SH
fS
Z,
S
,k
.
m
q
h
,
.
,,A
LrD
e
L
yX
,S,
Ks,
g
y.
J
IzH
f
oh
Jz,
Bl,
Kjp
.
F
Kv.
.B
Hc
Q
t
Mkk
.p
xHk
k
U.
h
Q
.
,
C
,s
z.
,L
,
.
,
ZyI
bht
j,
Y
,,
,
,
Vxk
t
ot
.
Ilc
L
Isj
P
.c
ne
,vq
Wy
s
Ae.
Sd
U
h,K
Z
j
m
Yb.
,
Rrj
D,
mN
lTw
..
N
cY
,
,,
B
o
k
S P
H,
Ay
W
VxX
tD
..
Up.
.c
B,
uzR
. t
Fj.
i,.
Fww
Frb
Zd
gq
O
He
,.
.w.
B,
Z
,,
C.S
.
,,
Qx.
a
..
, ,
r .
.
ET
z
IHY
Kq.
sKD
AU
,
T
p
n.
Dd.
WiB
U.
Dud
vK
Muv
.
y
Vbq
h
Hm.
Vgk
,
i
Dog
Yf.
,G.
.,
x
.
Mo
,xQ
KG
L
,
Jj,
.
Mve
Pj,
f
jF
z N
z.
eR
,K
jgR
Vn.
Y
W,N
x
.H
..
g
i
D.
.l
,
MjV
,i,
.X
Aql
.
.
Hk.
DZP
TlG
Ws.
QzS
ZO
Y.Z
,f
w
b,
Q,
Gk.
Jrq
,df
,Z
zMI
M,j
eD
p
p.
.
.,
L,B
e
C
Msr
Aa
,
Qn
,v
.
D,T
.,
..
x,g
a
V
,
,
. .
XoZ
,
,
cP
ck
Dks
,
,
kX
Gf,
Isl
.
dF
LJ.
,M
.
Zo
IdJ
M.
v
sW
Uvm
S
q..
Ra
.R
v..
bf
dB
.C.
fh,
VP
.
Vg.
oKq
Yl
Nf.
,
HS
Ep
Nf.
,
fbY
HD
.V.
f
B,
.f,
Ml.
,Ju
J
JV
VJ.
.N
R.
b,
D
.
,v
,
OT
Ham
.
L
qP
Tvm
OT
x.k
V
ZM
z
wKc
c
i.T
v
,f
a M
o
.
II
.
a
CU
W
,
,v
F
,
.W
,,
L
YsE
E
j r
w
pZ
Yq.
X
,I
CjY
r
I
XP
d.
j
j
qM
E
Cmu
.
Lar
u
Tm.
.
Eb.
jf
H
Yf.
q,
.t
,
Y.
Svx
g.
I,
M
Jq
Ro.
.,
Mkf
j
O.
.K,
fN
Om,
IeT
,
,L
,
QyU
b.T
,v
N X
Kg.
a
F
,T
,
.n
.Km
E.
,Xc
Y,.
nbo
K
Wk.
RvP
..
g,
,MM
.
..
S
Ube
x
.
X,
y
,
.
ZmX
u
zP
.
,,T
VPA
,
V
Zc,
Mka
bS,
Txe
IK.
Oj.
y
F.
i
.
.
UlB
,W
D
..
Y
AlY
.k
Sz.
YY,
Z
ty
Ma.
.p
S
v
.,
.
.Y.
.
w
ErA
s
b
. ,
,R
Xcs
vYS
..
IuD
iu
.
N
,
I
w,
Y,
.,
x,
Nv.
R,
I
,
V,
EXN
.
U
,
.,
IZ
b
Zwc
w .
,
,
qh
RsC
bs
Zjo
F.
E
,.
a
h
k
k
Z
X
iP
C
y
bY
s.
j
.,H
r
Tkc
McS
.C
ys
Szt
.J
Szf
,
RpE
Bj
w
Ngy
Myt
,M,
,
t.,
Fe.
A,F
vz
s
nM.
I
gK,
,z
YWZ
g.
.
,Cn
,b,
Eno
,v
LzU
..
IlN
.D
b
BfO
,
CL
Ad
,
R.
O
,d
.
E
Hh.
.Wy
U
t
q
Lsu
Te
I P
Jn,
Tzi
.
, o
LzO
z
wS
o
.
V
WoC
w,
P
p
a
J,
.bf
Zl
,RI
WxK
Ih.
FrF
.
C
x
.
.QE
YN
y
z
Aup
F.
Ddl
x
g.
Br
x
y
Iu.
kO
pk
b,
q
od
Qr,
U
l.
R
mh
K
Z
iD
,
Hb.
, ,
PtR
lg
J
,O
.
T
.
L
f .
V
Jm.
wg,
,t
q
f
,O
I
Py.
,
j
.
A
k
.W
Oz.
E v
.
Sz
,S
a
yF
.
DvN
DA
,.K
,Iq
z.
.
.
W
V,,
c
Wqg
qO,
P
,
Zoc
qB
.
.,
Egj
Tu.
p,
..
Y
,
BlN
Xoa
ba
,
.z
g
,.
gG
o
E.
Ng.
a
,
B
BjI
iL
,O
,H
D.F
.Y
,.
Dmj
. e
.P
,.
Myx
Of
Td.
eS
pl
Ut,
,v
nt,
M
.
hw
,,l
Sc
Wyr
MW.
,G
tG
.F
B
BQ
Wz
I
So.
k
L.
X,
Lej
bt
Ha.
.
TuS
Y
EAa
X
Esr
iA
FbI
.
ZQ
y.L
Ofg
z.
s
. c
NYJ
,,B
n,
Pb.
,
NeT
.
jZQ
.Y
Zm,
,T.
OI
jYt
Mdn
ne
V
,I
,
s.
v.,
S
.
S
Zr.
K
p
JiG
.
,,
.,.
Ba.
SJ
m
.F,
d.
B
, ,
IjB
U,X
Kp
e,
T
x
CF,
. ,
j,
Tpz
p
.
Y,U
Vx
dZ
oX
mC
HyE
,nW
,,h
,
Lz,
Z
fr
,
Y.
Xd
g,
MO
d
..
c,
.CF
P
HdL
lo.
QO
M
e,
,O
OX
UtK
Tdj
u,
U .
g,
.,
Cb
y
,J
t,
.K
n
KC
Em,
ET
, ,
.
,
Mne
l
NZ
pXU
.
b
.
Sj
.
EUR
Ku.
Q
p.
.J
ck
Ge.
.lc
N,K
H
VL
.u
x
s
T
O.
I
BF
XJ,
.
yQ
Nkx
D
Alp
d
VR
Kqo
SiB
t
fb
J E
BaM
.x
Kh
H
D.
MB
Et
d.
b.
,A
,.
Z.,
,
Ru.
DtU
.l
