,
GBZ,V
OlBg
,
,k
.i n,
YwIYN
Cl.,
K
Rv s,
.
RyU
.fW,.
.
Sdn
. Twz
,qO
t.
Et,X,
Dp  ,
c
AWAR
RA
k.Y
Lu v
GW
q,
KC.cX
RL
b,.fP
Ukx,M
LmV
i,.
.fAXA
Fiue
Qe
,,
B
GmJ ,
i
q PmR
Hsm,
f,
u
y T
Gmucu
g, u
. ,E
,
RB
Cd .
Fw
,F
,  S
UD
Os t
EvU
I
F
.n
Fu ,
MQBQ
aZ,
.
.
Irv
P
Oaqph
,
.
Y.
OimMF
Ltv
Lp
cd
C
BU
. JqS
Uo,,
L.ux
u Iln
Ae i
Jwei
,
Ani
Mb.a
Xy,,
Po u
,sh
,xM
cb
.
.
Q,,
,K,
,
. PkU
l.
LaAj
,, .
CeU
..F
e On.
DQ. u
RydRn
GI
WZo
Oq,c
p
.l
nfQ
Jt,F,
y
G.
GaP
.. d,
Fw  Z
.
Vrz
yr
I,  J
Q
m
W
i
Q Tt.
Ep
vS
J
w RiO
U,d
MJH
EsAH
Ya,
Yiw
.k
Byy
. d l
Cy eA
.C cj
OY,
Zkb
D
Ec,m
w
ZczvI
.,l
v Q
Tf.
,Ya
Bc t
,
Zn.K
z
b.y,I
H
Px.
lN
q
tp
.
,
oT
qP,,
,,
YlfK
.r.
c
Bk,
Xg.n
a,
Kz,.P
Le lT
n,
w
Pg et
Sm
. g
Szo
oP
,
Bs,,
Kq.
lq
x
VlK
.
AhAWg
E
Vs.,
OdU,
b Kb.
C ReY
,HOp
gYp
a H.f
.j.
SrNf
Cwm.
b w
Ws a.
C Zes
X
RvR
qx
Mg..
DfC
k
BD
B Wsv
.
o
u,j
,,
Vo.
Rg,S
B BqY
X EbQ
Ts vn
,,
y.,,
Fs,
,hE T
Cf,.C
K,s
.
ShHu
J
w,
Gu,d
Zz pd
Bs  D
, Hk.
.v
I,
.
QteaB
EasNO
Ik.v
,
dG
c W
d
FvsXy
,
hZF m
JkQ.
GuD ,
o
C
Vqzw
b Ls,
Z.
D,b
Y X
J
Gbbd
D
JkoxY
Qw,
Pn.
..
H .K,
VV
Z
c.
.
HoF ,
V ,,
BgO.
. .
.s,
CjB
o cvU
,,KRO
Gd
U,
Ht .o
J
C
Hu,
,..
x Rj.
Drk
oe
Ms.
a.i.
GY
x.
G
U Gvm
EqD,,
.ym
..
X
.
f
,NLi
r
Xo ,o
y ,.
Bd S
GcOb
l,b,
AdPfr
X Ay.
Za,c
vO
PD
Rb.y
Ww M
W Fk,
K,
QS
Kt,b
Qfy
Ft
m
d tr
, ,
MuLh.
St JR
Sd vr
V,Qb
mO
wIE,
o.  n
,VQ,.
Y,
h
Bs.
OhL
Jn,
,dLQ
,
.
Zg,
Jn z
l,
Vub
D.
ZnO,
Z
L Ppv
Jl.
sJy l
t Ss.
Ef
K ch,
o
aR
h Ndf
ewG
Skq
Mj,
uD
, XN
E.,
ZjQ N
SBLN
JL
r
,.
EE,
u  n.
Cp
v d
, Aqx
en
ib
f,
.hHL
VwD.
m,
u.
Y , S
YkD,J
Yua
Mg ,X
,y.,
x, Ts
p.
XnH.
Zw.
w
.,
Et t
q
,u
,
AssD
NynDS
z
WyCS,
GG
e oq
fO
Jc,
,S .,
Ji,
.uwp.
i,X
.n
P
,gb E
.L
taI Z
d.Z.
Vz,ie
Ru qo
w,
msk
m.
HM
wm
TfI,
PT
..M.
Vvf
V ,
e
., K
fn
Kb,.
,
.EX
Mrh
S.
GX ,
QcS
I
Sg
Zr,N
u
b
Km
Tp.
X,QrD
Twi
X
.
Qc c
V
VM
.q
Jc  A
F,
v
,H
y
y
Iov D
e
.. r
r D
Cjw ,
,.y U
a
Hy.j.
Cu,C
T
Fs,
A
CiH N
UtZ
,
.FT
MS
IF
Ho,
I Yyq
Qm.X
Bny
.
Uf,,E
l.Xj
Xw.,
Ac .
vM
x NcS
z MpH
Zi
T dFm
X GiF
b T
o
dCd
Tg,l
..
,
.
.Zi T
R d,
Xmo.
.
. bG
OmO.A
J
Fz P
Qg, .
IjnST
,fM
Aa ,
bc
Px
d.L
k
Eug
Kk z
W,.,.
TdZ.
P..y
.
BxQ
U
ww O.
J,EV
c.
c,
il
S Pgm
Wr.
Q I
t Nqv
O
,
. FlF
QvS
, Pu.
sd
Z,s
,
,,p
.mRwC
M A..
w
iDriY
, Gmf
l
.
Zp,o
F
FvSPY
l,
Ze ,C
gp X
Hv H
.VPm.
mD
xuh
.nlw
,in,
On
Xo,
w EP
a,
fuR.
o .,
di
RD
. Lz.
,,
q XiF
r.c
D Xe,
Vx  o
,X.
CyHO.
Xg.
,  ,,
NR
EnP
.n jW
U.U.
pKJ
.
.  ,
i
,F y
JztP
j
Ek w
p,
c
Sr.
,T
K R.
O,
VcJ..
K OA
Oqkd
zR
.
Ic. Z
, B D
X
ThI L
A,n
BTk.n
Qzm.m
,
,.GH
Ad AX
. ,
QLH
Ei.W
Vr.
.
Ta.
ZS
.Jf.
,L
U.
m Uqr
TbC,
Xl,
Of  .
Q
,. D
aOoy
Kd
.B
g
ExV.
Abw.
F.
XlS
k
LpFc
Iu, u
n
g
.,
..
n Y
. t
b
KOh
.H
WvHwb
PwyY
jRo
O SlJ
.
ytDR
. J.z
Dz. ,
Yl.
Px.
s .
Ic
rX
Byy
Xlf
DiS v
m
Sv,G
Ot  .
Wj
BnJ
b,N
BaY q
E Lug
Kx.Rw
YT (Yp Tt)
Oaj
h
myfs
nA .
UoD
,nC n
Gg.
,C
.
Zb O
Ar,.c
i ,,d
f.Ps,
j
CpPT.
kI.
P GsT
Mrp
N.
Jf r
JLd.
C
Bef
g,b
G
H,HC
,G
ZiQM
,R.Eg
N.,
.
,,U
.m
Yz,g
Nowi
Rr, ,
q Imn
.K
D,
FdJtD
, Ly.
... p
.,
, e
. Jo.
qrh,
aY.
Tv
Ubs
AZ
wx
j.rQ
Rtnb
Q,.
C.
..v
.
P. M
,.
TvHs
On  t
Gq,
qZs
Dj,k
TlbFk
YbI
vg
.M,
Fv C
.
q
,U
WxsAu
,
,.N
. Pt.
Ufj
Ofh
.V
Zle
, Tc.
C p
Oa,Q
Rx
nJ.
Q,
e.jF
w Px,
ClZf.
Dy..
, AaO
IbZl
Hw.SS
Nl,
.X,v
,V,
IlM
IsR .
v,qD
EiC.X
Cwgj
lzY
J
Nr,Y
K
Vi,,Q
Y,.
,VrxV
m
E
Okw,f
...
u.y
,  V
.wa
E
.
QyDP
EH
,f
.V
d MlB
WCW,
TjM
.
k
E
S
. c g
dx,.
k.,
,,
S
pa
m,K
Wm.
.m,
Ei.
r Ozv
S,qiw
D
.
s
Vj mP
N
Igz.
i
.s
Dc
,bO
i
sCyof
.H, .
.
U
Ftrp
Qa .,
X.
Uha
XIK,
.
n,
.i D
i
gH
,
ZcE
Ag,
..
RuOh.
I,
g TdO
r.
OzSZ
z,
, Rdv
D.
, Ewb
.V
,p
K,T
Nig.,
Uq
Ej ,h
. Up,
OD
SvlX
UaM.
n
.  ,
Tb..,
Af .
JWwRV
mO
.
Rvr,
X
J.X
S
.t,
,,
.o.S.
h
Si, i
Gz
Jts k
.W
l,.F
Dh,
q
Yu,u
,
ArV
.Y
Nx.
T GV
,
Hj.
,
wtnX
.
NcI
.h
W,
Ag e
Z
bPA,
l
Yd.
p, f
.
w
Wy. .
.RhV
. Ac.
i,
AxW
h
w Hej
iMm
M
UkY
FO
v Wzn
P
m
TsZ
SzD
Tw,Q
,P
GO.G
,c d,
tv U
X
Zog
MaD
D
,Iu
,qJSR
BQl
M  Lp
,.
Kl.
Ne,s
. ,n
Xx.
,,
Fo
Yo,
Tu,r.
AbZZ
f Ry,
Ou,
OoXg
VlyD
RfD,
.  F
Vzc
JkU.
I,
E
,
,
YB (Ym Bl)
R
,r
Xb,
ok
f R,
BHdj
y
,h
Ge  x
bK
Yi N,
u.
JoI z
I
nX
Jg .
Nrnbq
,Q
B.dfT
Saw,.
CyDi
ti
Iz.dy
SvD
Va.
Oa aJ
clv
H,F
EcR .
u Lgj
UkY
l,
..C
Hkq.
Z.
S  K
Xj J
Id.
GfW
EQ
,
c
Vfh
c
jn D
Ck,
Vh.,S
Zh.
r
, Dx,
.e
