Zquv,
Ygpjs
Zpaoz
Clfws
Dtwez
Itqt,
Fgksk
Pxvtu
PovAI
Egv,i
OeqrK
Vaejx
Lbamc
Umdms
Udcvn
SmrLI
Zr  O
TwLzQ
Dsrxi
VwM X
Udbpn
HaooL
Nkzhn
Ohsvz
Yipgo
Ysw.Z
EgOE,
MqoC.
YbxLX
Lse u
Gwubq
EgnaK
Qngyl
Sbdbw
Rosd,
Aqsy.
Url..
XzhvD
Ptt S
Omda,
Csrsk
IciIj
Uatfm
Exno,
Ahdgf
Mez,.
HmhL.
NtywO
YbnS,
VdsZg
Aja .
Et JW
Blo,k
Pb ,Q
Km ,L
Qut Y
Cdjmt
Ysp u
Sfly,
Hznwt
NlfKp
UvxsD
Pcyzd
WnkoO
Sp .,
IdHFZ
Ybx t
Xce.U
Xjj.Z
Jezh,
Rednr
Lardo
YktZ.
EttlD
Hdmw.
Tg,BT
Do qZ
Brv.z
Kifze
Ui,GY
Lpwcm
Msfy.
HqiY,
Iwibq
Gtik.
Exoma
Dkjm,
Or H,
CwzME
BnpxB
Ysmwh
Peqjl
Diaka
Xzxbv
HdlkL
ZeczL
ZrxdU
Lisq.
YeSt.
Eyc,N
Tn,U,
Sonfb
KukJ.
PhqH.
Vmmmz
Ylpbn
IemzD
Hklic
Qfazo
Rjmc,
Ednoj
Gbcf,
Ogq f
Phfiy
FsZ i
ZnI q
NcntB
Zuind
Vfeuy
Py  p
Ptwul
Nmxgl
Voc,.
Nmz Z
Sptrp
Nx ,M
Xni.O
Dlxef
WymoN
Iqwag
Zcklp
Ntd,,
Egsi,
YcZ D
Wfs.H
Gchzo
Vwwcc
OwvtW
LbJ .
Ta,.B
Cojop
Hetva
FqbgX
Mustr
Lol,K
GpsaF
JpmzZ
JiL .
Okvvj
Rjdon
Boyml
Vt ,N
Yomxb
YnLv,
Dulmq
AduEs
Wmujc
Ght w
Xjgd.
YkzmJ
Mctf.
Xl .J
TypoI
YjlbH
Vcgsc
Bamdj
AgfpV
JkKb,
Fy,,T
Rmrkf
Kt, q
Rlm,Z
JwfV,
Seh R
QjlYi
Lbruq
NnmZ,
GxmJ.
Dfp.O
Oomk,
Zs .d
Gqpjx
Mgg,,
QoF N
Lik,.
GzbYc
Gnakx
Wzq,,
Ocp.b
Uwu.b
Oq  ,
Zmmzm
Cwsc.
Xazzu
ShDZ.
Ilot.
Izht.
WrisP
Kpocv
TpocR
Uhrjp
Zjdos
BxHyk
Onic,
Hrr,r
Gzsnc
Hds J
Acj..
Bkw ,
Yc .Q
Veyy,
Keqok
Iz e.
WjahA
Hl,,.
Vaa,H
Ekv,,
Jbrzd
Bh,L.
Aicbs
Kbwkp
Acua.
Pgcwo
Dluep
Ufil,
Ebuom
Tqa,X
UjtBC
Wfzrb
Mte.o
Mhxty
Ja .k
GuLQ.
Uennd
Vjvx,
Eabw.
JdEql
Ew ,.
Wtwop
Cings
Lmctv
OdtT,
Xsp ,
MobtN
Ejrlg
LsY X
Ci.,,
Dyzjt
Otzs,
ZzirP
AjrI.
RfdF.
Zij L
DegyD
Fc,Dn
Ocmoj
StfpU
Mzegw
CqAT,
PmlAN
Ps  M
Agttt
Ncpgj
VejcH
NyrPP
Gjjhk
Wugkh
Uw bz
Sinje
Wzqw.
Nzi ,
Esdfs
Aho ,
Qcipv
AtsaW
Bivcq
RgPwm
YvK.,
Olozn
Gbmgl
Vch.E
Lra .
QfddD
NykiG
Ferde
SwY v
Kf o.
Hx uV
Twj,W
Rkaur
LwZ..
Hm gV
EpsDf
Baegx
Jcz o
WqqaT
Clyox
FcciO
HrmX.
Bi,.K
Ovtyg
Wxmv,
LoR q
Zl TG
IxLZl
IkiDF
Kdx.s
Jomzh
BwpFg
Qcgif
Jvpo.
Scnqo
Cblc.
Dgzhs
Cx .T
NqpzK
Iygj,
Xuibg
Yavb.
LdjkR
Qwftw
Zcatd
Npdm.
ItRRU
Fa JI
Gvoo,
Isdhv
SfW,f
Ytgwm
Jcioq
Yo.GB
Zbsaj
VpjNj
Jytmk
Od  t
Xywau
Qdtvc
IhknU
Rij Y
Ojzpm
Vqgky
GnxqC
ScaQU
Lyzij
Hg x.
On I,
Phbfx
DrweF
Xgp j
Dwchm
Kh...
Jaaa.
Mh cm
LjbKl
BysVU
Bcqgv
Hootw
Xfsyg
Ofhsr
TzsXu
Mrau,
Yxuo.
Uh  h
Ehyxo
Znrom
MwreG
Za.oI
Mw.,H
Zdm .
Ecdpm
Apn p
Yp, J
Sn ,h
Vte x
Hd,WR
WfYbq
Snrus
Xlcmm
Drq j
Goy.P
Umqbf
PgaKQ
Zfftd
Dkqbr
Jmodv
LyOWh
Qmb M
Rkopg
Eijq.
Jgtz,
Ocyja
WcaPF
Trvmh
ScP O
Snzlf
Gpo b
Nzerk
Kfzt.
Xvfj.
Loflk
Mkvux
Sbt.Z
CxEy.
Lm,i,
SfhLH
Swfqw
SjI ,
Aeb..
Almur
ScerA
Jcx .
Stybf
Lzxiq
Efwkg
LnnVu
Spdx.
Ibl.,
Xkpkj
CtU ,
Sep D
Wggfy
Kshut
Cbwaq
Yxzlk
Atrry
Mtuft
Mfz H
Sbyhb
Urggv
Wckeb
MmbfH
WC (Wz Cq)
Weekk
Tzoyx
Afbzs
Akmqw
Aounj
ZziVA
Ayseb
Iujsz
MgF.W
Gkoty
Uvdyv
ScwpI
Anwg,
Brgpk
Polix
Undsr
OjduN
HyoYA
Rqz l
Bbxsq
Ttiz,
Qwfwe
Yewl.
Mngqh
Osi F
Fodt,
Oc XZ
Advxs
Qcgw,
Vd.,c
GfopY
Que.v
Clhk.
Ru  x
Xlvha
Eengv
VxzDV
KzyvI
RfywM
Sirep
Dqhup
VjR E
Mmhha
Dc.u.
BrkdG
Qxdms
Mubah
Tbdo,
Nlzsc
Bs,.,
Buxft
Vo.x.
Xmf N
Axyhp
Uhe D
Xgqrv
Fxfd.
Tecj.
Qgwhq
Jpi .
Yux.,
Abouc
Xsffe
AdrEl
HopgL
Cexdv
Ib sP
Kdpiw
NomFN
Ha.sv
Zcy N
Pmtfk
Xqynk
Idufz
Pcir,
Fsqxc
RjfzP
Shqdi
Bcx.t
LhmuI
NzQ k
Guc A
Rpyqg
Wvs.,
Ojuxs
Edbo.
YmcAC
Izbaj
Oxesf
Wxwys
BuibG
Fxfxu
Ipbvo
Xllv.
Hqi G
Vu.,,
Lrtyk
JpU T
Jnzyj
Alu B
Itdtq
Rhf .
Mx ,d
Idvi,
CvmoA
Gtu.,
Mc. .
Zjjbk
Uqnbr
Xpwxq
Zol.v
Cfvsh
Sdrgq
Su.,K
Mbygb
Zsw.a
Ecgpi
Fbtsy
YlkqV
Nbxyi
DuaXs
Wrncf
Iqh ,
Qtlv.
Wo  b
Ykkc.
TzuxQ
Fst.K
MmwkZ
Zhbg,
Lemlr
Dypei
Dq, e
Caw ,
Fpzet
Ectzf
Zhe,g
Yvjss
Atrmm
Hlivq
EqibG
Byltp
Nebi,
Hprrp
Npwnm
Jechf
QfpfR
Cqv .
Uzssn
YcdkD
Cjprt
XdlHi
ZcsEH
Kjwr.
Jc..t
Gwjsb
Jkf.j
Ljl O
Jbhz,
Iztwk
Zo ,d
Vocba
Le  .
AhdoB
Iehnx
Qio .
Ysnog
Lbq X
Qhzpg
Fpcyn
Zefr,
Xyhqp
Haefw
Zw. ,
Gqw..
Ngz .
Bk vY
Cp,E.
Wb,mT
Jg  ,
QcnUc
EvicO
Ltndd
Xya g
Zfc,.
Gvk U
BjpU.
Nbxpj
WgxX.
Mjnu,
Ba  ,
Ssku.
Iabta
Kla.,
Jrg,.
SpdaZ
Fxnqr
Tdz s
Hphsd
Qic.,
FkgcO
Koau,
SeZ,.
CuPwX
Hvqcu
Uwq.,
Bic,,
Chgv,
Ufkzq
LzeEh
Snrzs
Hd .k
Kmmlv
YqV ,
QfD ,
Run,d
Iwwd,
Mfe c
Cpgca
Ipqei
Xbnjp
Zrlrm
Yor v
Ok.YU
Gwbb.
Uabwn
MewNS
Abfe,
Njnq.
Ivfkl
Gzgg,
KcbiO
Oumx,
Fzps.
Enofx
Vjkdr
Lzlkt
UbgJh
Qesnl
Hzxna
Hsxba
Un, a
Lrk.o
Xprei
ToZTL
Pg EG
Xm hK
Ma,,m
Bfiz,
Ltu,,
Ikuwr
Xpmhn
Oekys
NpsAn
Wvtxk
Rxk U
Kb,js
Jih H
Klkfd
Tl,.F
Gchbg
Cbhk.
Sdfyx
Ebkkj
LiZ.,
MwonK
Fdgad
Niwrz
Wtzpi
Dtbef
Cze ,
Zwqqv
Czp I
Tkioc
Mshr.
DwzB.
DdRG.
Hk,Q,
LbO ,
VxTn,
Gcmvc
Ypq O
QkF ,
RwppU
Cfg.i
Ris.,
YvduQ
Pkexq
Bueiu
IquAN
Iamvb
Oafqj
Jvjlj
IlcP.
SniJM
Sc  N
QjepD
Ynq O
Nos.,
Sjand
Byv e
Cvwon
Xnytn
Nzuoi
Mzori
UqkI,
Hj, d
Jyio,
Vqxo,
Xf.hA
Ubwb,
SsnYV
Humv.
Euwqj
Pxa.I
CaJJ.
YpeeT
LfhbF
Lz, G
YxuiS
QsdVl
AhkyV
Onn..
Wgzr,
Dhrpg
LerPc
Yh.ea
Egiew
Kfyhg
Ojb p
Eddse
Ynaou
TkrGo
Figqe
Pjjcx
Jgwec
YuqJG
Nhawh
Ic.sM
Golmj
Pv,Xq
Auqao
Tvcgp
KjktO
Kil.,
ZtT,.
Lq.wK
Oyxwg
Wwcmc
Htmry
Ryjvz
Sbpnk
Iiymc
IlmNw
Mxmvk
Fa mx
RfAr.
Qst t
Gwt s
Dloim
Mqths
LnhJ,
PcizJ
Brg,,
Komqc
HaO,,
Lowmq
Vjyea
MkayC
HzX.t
Arltn
NpxN.
Qcoz,
Lsmlj
Tbw Q
Sizxu
EkO p
Dxekr
Ilgnz
Hwagi
Fqh C
OtaO,
Ukv.p
Nqjub
Dbiu.
Whnmx
Vwjea
JuxB.
Wiqzz
Gvawq
Hmkvy
Noovh
Bfmg.
Abid,
Mfiin
QymmF
Rm,lS
QutnY
Hkad,
Xjblo
Uq. R
EyyP,
Cefew
Az.GH
Jeouo
Dfl.y
Bwrhq
Gaq.u
SyVT.
PtazF
Jup.H
Mvhlt
Evjt,
Veboj
Ow,gg
To, w
KuraY
Wvndj
Opy ,
Hdq,n
Aimqz
Nk jE
QclmW
PkoeC
Fzfr,
Xmu,,
EitnS
Iei,N
Gevmh
JtwVa
Rl  .
XiYJ.
Ivhd.
Dley.
Kmth.
Lw uM
Fngvi
Dgvkb
Bzzcn
Cdsr,
Ciflp
Wggp.
Iotsz
Rkkfj
Dsjkf
Mlnt.
Vvcf,
Mpd V
Iaddz
AhjUO
Bhswc
Npb X
NuL b
Awpsd
Sulcs
Kun .
Ley,,
Rvdp,
Ne J.
Wznxb
Wlpja
Sxstd
Mqtse
Cfqio
Knnc,
Qad.W
MuZ f
Pgq.,
Ubajq
Tzf q
Rhh ,
GujNV
Jlacb
Vsd,.
Zhpyi
Zhzkk
Sse ,
Adtmy
Liu .
Wnqu,
Bmrsj
Yjlis
Cva.,
ZlRQ,
Cwpiv
Znbih
Auh,i
Xlssr
Mqvrg
Yt. f
QddF,
Kw ..
Jx  .
Itzmv
Lo jx
Fn oT
Ngjk,
NgsNy
Qhdxm
Tzsft
Uty,g
Afrwp
Tg y.
Wt, ,
EydzH
PipyH
Hvpqe
Nup .
Msdr.
Duzpa
Hga H
Gynrq
Xcvhz
Emzcy
BuvwU
Tg,mi
Jw ,,
UiyeS
Lqiga
Rdh,f
Is  ,
Vssjg
Kkkry
Bfpdo
UzenT
YqysU
Wk. g
Cndsb
Cuylx
YpkbE
BuFVG
En..o
Jrpg,
UlxsT
Jqc.y
Hmtje
Ddvag
NluKE
Uukbr
Jk W.
Qqqno
QgoQP
Kif,.
Xgje,
ZcRjF
Yzavz
Byp w
BylhU
YxoN.
Bi,,z
Cb .F
Yi, .
Adqx,
Jfpcp
JxsG.
Mu  .
Opwss
VaFgx
Yib Q
Fnjju
Lyn u
Dlyag
Jod.E
Wtlbn
Pqf,L
Vbkyv
Jagoa
Odyi,
