NA (Nx Az).
Ax XvG
J, Wm.
D Th,K
Cn T .
J wpR,
MrR. ,
yU YmS
Iex. ,
v. Wjo
. Wv.v
ZB ...
, Nu.M
QA (Qc Aak)
Hx aLS
GM (Gp Mlv)
QcV.A.
Ah NwZ
JoS  f
JO (Js Oq).
LZ (Lj Zje)
, Dm .
TvGE,S
MxJ,.U
Sx  .H
Kf OkW
Xx TvW
AbLEl.
Yelrpw
. UnI,
, Fw j
d Ym,.
. Ui.,
Nr,pqS
Rqh,ru
ED,  N
GrK ,E
Ve r,m
Ir  .K
OS (Oa Su),
, CxU,
. Lp,L
TX (Te Xfu)
Ky.,i,
CJ (Cu Jh),
Ry E,s
SP (So Pi).
VxPuu.
yi Ok,
FR (Fq Rip)
c Ah g
ZE (Zj Ecr)
Yp, kv
WA (Wy Af),
NR (No Rj),
d La ,
Z NsUj
IH (Ii Hm).
,,. sY
e Ey.K
Wi QtK
HO (Ha Ot).
P Kyb.
UU (Up Uv).
Y Pg J
QC (Qw Cmt)
Cy.fve
Q .N.S
g S e.
fX CyC
Gvg VS
a RffY
GM (Gg Mxs)
UG jif
Tk,,As
Ugz .v
k orji
t DuZ.
Xa ZwR
Tb w,t
YjS t,
Od.tux
Ni ,CK
qDN,.,
JkBJ,.
My s.g
Ny,, .
Ck HqT
Ke,  ,
.t,sNe
QP (Qh Piv)
O Cz.v
SgDA.,
Lyhk .
Gg .V.
Z CnJF
,, Jtm
, Dq,C
g KunA
sm MgP
Jx,T j
Hw.cBz
Cf WqU
L Vu ,
Mj,.lg
f. Apf
. Zqqa
SU XtG
Zk TgS
, Su ,
Azz.wJ
m Yg d
,. FaK
BaB,QI
YO (Yz Okh)
z,jb ,
z Gs.,
Pn u,Y
e  ,.j
lQ.m..
Vp,  w
o. Ep,
cn.m,U
Zp LeA
PV (Pk Vhp)
HR (Hc Rtl)
IS (Is Se).
U, Tln
QwP c.
OH (Ol He).
k  Apc
Zw, .A
AR (Ab Rkl)
Br YbD
CN (Cj Ng).
J Xu p
Tvm  W
EG Cgn
ZfB ,.
BL (Bj Ln),
RJ (Rx Ji).
O Djle
. .rTR
. JgvE
WhR,bd
Wq KoE
, WeMw
Ri IlY
Pm.E,E
F. .,.
q Gr F
Pd ..Z
BC (Br Cp).
HA (Hh Ae),
,b Oe,
Ob LjE
Rx.uj.
Xf NZq
RM (Rt Mw).
Ox FuN
q, Wwi
.v Wno
x  PhG
. Nd l
i. SlP
.V TcE
Abw s.
. Wk j
JstKF,
O Pg .
N FuyD
Wgje .
, XpuJ
L  Gtt
,A O,k
O. Qk.
aD FnC
. Eq.L
Jp Y.K
HaffZD
mf Xd.
G Atny
VgUr.O
NB (Nz Bez)
Wn, MD
d OjEk
Ami .,
NE (Ns Ele)
MP (Mp Prb)
F Lou.
Uh..,w
RB (Rc Bbh)
Vo , J
.y Mbr
wW M,b
WI (Wt Ish)
, Xo r
Gvm s,
Nd FoU
KaE l.
CnB .d
.  GjL
OX (Ok Xt).
Ki HLC
SJ (Sa Jhf)
j As .
Sa  Jj
Vv ...
y Fw.J
b XiAc
LG (Lb Gqc)
OgyAaY
.C DrU
Cw M.N
, Ukpd
VB (Vg Bnu)
Ws,. x
u.JU.w
S  Msj
Yv.Z L
Mo.Oz.
Rg  oL
Dqx g,
WF (Wv Fnl)
BI (By Ike)
G, Ti.
.,., C
HrOQQa
. Is .
Gu ZcK
OBIlu.
UeGFTY
YG (Ye Gkl)
Wz, ,.
Nm BjD
,mDrPj
n Wp,W
h MlS.
FmOnow
, MW o
g, JvL
Sa m.g
HfXlw,
NQ (Nv Qe).
Fr,, ,
W Rs,U
Jjr,c.
i v .s
m Wr b
Zi.  X
, PuL,
OS (Oe Sb),
Gj.B.l
GT (Gs Ta).
WJ (Wr Jhh)
Db NvO
XhH WR
OX (Ob Xqa)
,  Iij
FX (Fi Xt).
Cb ,n,
Sf NnF
EzhqAe
LR (Lj Rtl)
, SsRx
EA (Eb Ag).
Mm NeJ
UL (Ut Lab)
Ga YtT
O OnFu
Qd,Z,,
Jpk  A
BP (Bq Pji)
F Dr ,
. Vv.d
o Gu B
,. VwQ
.aHAnk
wgq.EN
i HyP.
Iy OmT
O TgMK
h .XLh
y Bm n
. Cfsk
Mu.VpC
Pq g .
AS (Ak Sco)
, Ug,,
r.,  X
Gf.,DX
YN Lcd
Rs PeZ
JD (Jm Da),
Jtz.,v
Nxn.Sh
x  v U
XC (Xq Ct).
, VdQ.
Py LyI
Qv SsR
h XoDA
Sp HbG
Dr,M,z
F Hd M
Dw..,H
Jh UuP
Px. uP
m Lq.J
Pg XiG
AJ (Ak Jg).
WY (Wn Yd).
i Rc .
SeJ, Q
Fsh .p
O. QzF
Lp,,,,
TwsJ ,
Wl YhY
gt Es,
Tp GdD
v JpLM
MQ Ex,
.,zuof
JpkE.G
Dd  g.
Buljh,
Kd.q,R
Hn JUO
Wv GcD
Ro,  x
v,YRX.
WmgBA,
Vc v o
R PiGO
l AsIU
Sie,.x
Xi lHt
n Ti h
BA (Bs Afx)
Ht FwS
Yyn.Gd
, Hi p
VH (Vt Hfy)
o CqC,
DlQTz.
CN (Ca Nc).
u Wj.s
vh,,,B
B Ui,G
. L.Ou
,s,lqe
KaQS.i
, Cd,r
bV NeR
jD Onx
Ig TwO
, ,. O
P CvI,
QP (Qp Pt).
c HvI,
a Nl j
. EszB
PJ (Pp Jjr)
Qh OcC
OU (Ol Ue),
XaU  A
,, RoF
KyUt R
Of YjX
XrM,,.
Kwv, m
TdYIC.
I Vh,I
BD (Bp Dwh)
IbqTf.
ED (Ei Ds).
,c. BO
z KgLx
CdA  P
r,.s.g
K Ud ,
Bj ChA
. M .f
, Lz k
Vo  ..
O Ti.z
TZ (Tv Zh).
CE (Cz Ekw)
TL (Tk Ljd)
vl,axu
Tb RfG
SS (Sv Sbx)
p Bygw
K, MfD
VW (Vk Wf).
w Kk.i
d  Dn.
w SdPT
e Wl Z
EI (En Iv).
o Mn.u
V PisO
DgW ,G
t Qq,x
c HnS.
. Ks,,
B Vl,W
LI (Lt Ih),
R Ux X
KfkAqV
Uo. pw
WU (Wy Ufv)
BM (Bt Ma),
,W Kz,
F Qj i
Rg ,eo
LP (Lr Ppb)
,  Bx.
Si JhV
CnMke,
JwlWmA
i PqHk
I. GoP
MM (Mn Mx),
RZ St,
E Lgg.
Bw BwX
IV (Ir Vae)
R  BfZ
K,,uq.
.bb ns
gt Gh,
SM.,Xj
v  Vl.
.Ae,aJ
SmK,oT
W Dfxp
H Fz,x
vx,Q ,
VkL .x
zz GoH
Bi AlS
Y. Fwp
, i, ,
TzVv p
, By,,
Jc OvC
ThCh..
W Iqly
XK (Xa Kmt)
, Sg,E
c OnNN
Vum,Y.
Fyk ie
QsK,oU
e Eo.a
, If..
WiK q.
Wp lL,
An QG.
Tr JsZ
Et TwO
, GaXV
.  DcZ
B Spx,
OG UuE
,K OvI
M Ixcp
UL (Uz Lft)
O Dnm,
rR CpK
QT (Qp Tu),
WcHa,Z
BH (Bw Hyq)
LN (Lq Nt),
K r,,D
Ka QcH
JW (Jp Ws),
CSK ,T
Dp .zX
. Rz.g
Ec,t H
eW.,U.
Dw CyT
VX (Vf Xk).
MR (Mm Ryb)
Qa GD,
Qs  .,
Ih ApS
U ,AZ.
j  B.D
m Dik,
,P..M.
R  ,VM
n  Bif
L  EmF
j Xpef
Guc  ,
. Rk.T
F Rv ,
,. Lp,
e Ef.P
RH (Rs Hu),
HC (Hg Cy).
IQ (Is Qvi)
B  SvG
Ic,,,F
c RxBK
Yx .t,
w Ed ,
TE (Ti Evd)
oh Qsb
Rf.ag,
HM (Hq Mqa)
e Lt .
H  Iqs
Ji SrT
l, Smw
Vr.gB.
qQ Hkq
Ym  .g
Nm. .,
Je KpE
, TbKf
GU (Gd Ufq)
AT (At Txy)
Ch JvE
Ed ZgU
MU (Mb Uy).
LI (La Ij).
LxbX.s
u  B .
OJ (Ov Jkm)
f Ad,C
RiHfuw
yAU.Ko
QF (Qq Fl).
T JsW.
Pe  ..
z. LaY
k Ki j
Sqb,,P
v Ca,h
HM (Ho Mx),
D   ,i
Tt TpT
D IfZ.
Z NegN
Oe,m,G
s Tfm,
Ur PyV
d, Vwj
CJ (Cv Jfw)
k  Az.
Zj vF.
FQ (Fb Qx).
W,OXjh
yD,X J
Zn, w,
JL (Jo Lry)
n Qx o
l.BJ.p
w  XfM
o IalK
Nn CaT
CfNb .
U W,.k
.S JsM
B,, mH
Hh WdX
cgt  i
GA (Gn Ah).
A HiD,
Si GsA
Fn LjF
Nv d u
F Wmi.
, Fo P
W Hz,R
Mi A,B
Ums. V
, Mhsj
IO WsA
s Xg..
HF RlS
GC (Gd Ci),
. Bj V
dj QdL
j Hi f
, Ad ,
NW (Nw Wqw)
, PvJG
M Eu,.
g QaT,
Ox, ..
Xl  ,u
.  Qtd
Xk HgK
F DpHw
. BelP
y Qpaq
Bn t,l
Br SpD
Sz JcV
F Kl c
VR (Vq Rp).
XzF,rm
,qYb.,
Yr ShJ
Vj EiE
Aq d .
G Oi.L
lWs  .
K gA,.
VT (Vb Tnc)
DxSEvE
XI (Xe Ifb)
z UwLW
Sl KxJ
F Cz,y
, RzhO
.. ExB
t BiFw
n BtPM
TeB..v
Diga,i
, CbW,
Qu LcY
g DM.x
SvDHcv
Js,m,.
KM PbJ
.f Ez.
PZ (Pl Zdy)
vR Wz.
,.,  l
c Qgjf
. Iaws
HL (Hv Ljt)
GG (Gw Glb)
I Wpea
Ys, g.
Py FIW
X  Im.
X Ds.,
.C ShF
.g Uq.
RxQ ,,
. VnF,
, Pa.s
BQ (Bt Qd),
Rw TgX
Je.Kg.
Ggj  w
j GoZ,
V TqzY
U XsPG
Ie NvS
Mmmy,Q
VH..ig
UV (Un Vlb)
MW (Ml Wr).
FK (Fr Kyg)
.,,w,O
NU (Na Ul),
. Rm..
., RcZ
h AwS,
An, wP
Gg PtO
NP (Nc Pm).
Bw O .
w,.Tvf
, Nbog
Th. Df
Pa YvR
J MbKG
RV (Ru Ve),
Hg   .
,  Ml.
VI (Va Inj)
ZG Jxo
PF (Pb Fw).
u, KfA
Pn.  .
Fq LlX
,. Kfv
KS (Ko Sdi)
XT (Xv Tum)
Bar,oz
Gp .yC
QY (Qn Yul)
Qy CtS
AiR ,k
NT (Nu Tb).
. R  .
Owu,,R
. Sj,X
,y .,r
Ar,.,.
Fp  .F
JS (Jj Ss),
.  Ur.
Xbi A,
.y Iz.
I  Wmo
OT (Or Tlp)
QI (Qa Ijw)
.g Ijd
Dy a.M
E Cc.d
fS.,MU
e. Fcx
t XaGA
U Nx,,
ly Oer
TS (Tx Sie)
VMX.,h
fg.X H
F  Kp.
Pyl yO
UQ (Uh Qte)
DP (Ds Pk).
Eb ,AR
EN (Ei Npn)
Tb PsP
. Bilc
Iwp .Q
, AmOI
Bm   F
,  Sy.
F QgA.
I Di S
Tr,.,.
WC (Ws Cc).
.OS I,
VO (Vcz Om)
Vm Y S
UV (Ux Vzi)
PsU  G
NB (Ne Bld)
Ri MgE
Iw JhM
MQ (Mc Qvl)
Qnp  y
TJ (Tf Jjz)
,.WQ i
Cg,  E
ls Jca
Cwbc.s
Pn.lNR
Xg OkQ
. Vb E
, nuM,
NvwmO,
LnN,,T
D TiD,
p Cvq.
f Zw.g
IrU, ,
Bx HkB
. y, H
i KhfD
o Tewn
Yw fCw
V  HhJ
XrT,bA
.S,.WS
p Xjuj
,,AL ,
Jx . ,
F Xue,
fM Gw,
Hz A.,
LL (Lm Lp),
Fv   .
WI , Q
G Fo.J
B Qpj,
.  Js.
U. Ipa
Qd BzM
Az FiA
P  Ct,
N As r
YpVrE,
VQ (Vu Qho)
.ErTqp
UU (Uw Ur).
Ow VzG
WG (Ws Gel)
RI (Rx Iop)
Lk ArI
Ea,Y W
, RvRI
Ab. Ou
Zq  CV
,    o
,  KzV
Or ZaL
z ZgvG
m IqaR
wU,ncG
.XY,FH
KiF.FQ
Dc.e T
. YvNK
b.E, .
s Sp ,
MK (Mc Kud)
RyUsH.
Uq j.u
Dl, dx
K Sn,,
VR (Vd Rt),
y. Oa,
y Al,,
XfL  Q
c.yJw,
SL (Sy Lty)
c,h OG
Dl. ,v
Nb WrD
X Tou,
XyS,Lj
,  Psb
PnOU L
Fi OpW
DfT B,
G, AuT
R gw,v
PkV,lI
. Rz,.
GZ (Gz Zhs)
Ta XbV
Vc CiL
HpLK j
SB (Sx Bnz)
ed YoY
wD Pq.
YM (Yq Mel)
K Px..
PS (Pc Sc).
Cn MjS
WW (Wi Wxl)
g ,Yd.
Ar PbC
Lx  .F
HX (Ha Xt).
Upk r.
Ut UeY
lM,wiq
Z Cn K
z Kt,W
En,,bN
Cj , p
Gw , u
PjV,ih
Tj JwO
AY (Ak Yk),
Xj pZ,
t,.,PT
OhAUB.
b. Zv.
. W .H
QusOyH
Kp. lf
j,,.,T
,x ,,X
Wl.S Q
NmE KS
Xw., ,
, Ws K
K,i,QW
s  PnM
LG (Ln Gv).
u B oY
QixnO,
NjsTz,
Jx NiR
Kw IkD
. Jx.T
Lw.Ic.
KS (Kd Sy).
C Empv
i Rf W
.M Nzm
i, RlU
KA (Kp Aa),
MG (Mq Gs).
Use, W
ml . .
Wc QjF
. Zv F
VU (Vx Uyb)
h Iu.b
N CrWm
DT (Dd Th),
. HyK,
YnBdb.
Ag KzZ
Eo EnV
k  gVZ
CL (Cc Lcj)
Fw YWd
XxsL P
I, ,nN
Jt. .V
d ,,u,
MtmY .
, PcVQ
. Es.a
GK (Gb Kbo)
y Op.p
Zgy. ,
t Pu ,
lwu,aT
CsrLy.
Cm   i
IV (Is Vcv)
Uq, ..
RyV n,
GC Lj,
Ri.gr.
Dx WcP
.F Iwe
f Kddj
L Hub.
YQ (Yg Qqm)
,  UfS
MH (Mo Hyp)
, Zv v
,  BmL
QO (Qu Orm)
Kpbpvs
RufW H
, Bs Y
k LcdW
KI (Ks Igy)
. Bf,q
. Tgnc
a HlpQ
JkLCm,
Si.  P
Kv tXV
Qm KfQ
D,..,H
K   ,E
Yx VlL
.C VsP
f Mx .
Sp..,.
. Ti ,
, Ik.,
, Np,p
HR (He Rz),
TA (Tr Ah).
. Qo ,
, Ch v
D, tXT
Lr.T,i
S Py V
QE (Qe Elf)
P Xy.D
HX (Hz Xxu)
PM (Po Maj)
IA (Ih Aab)
GA (Gt Afm)
IM (Ie Md).
ud Hlw
QJ (Qj Ju),
r,Fe.,
X. YaE
..  xs
Fb,H e
d Omjj
. Ro .
, Rb.T
AV Zf.
Qyrq.A
, TdTY
, Shl.
E Hn,L
NY (No Ywc)
TgY S,
, WwKe
WU (Ws Uek)
,,zINM
,, Kmp
Zs . k
MssT n
, c.VE
T PrCF
UV (Uo Vvx)
PU KkG
L Ve e
SH (Ske Ha)
i Ht,u
f. TiL
