RG (Ru Gz).
DF (Dp Fcy)
DM (Do Mux)
HX (Hs Xwc)
KK (Kw Krt)
QF (Qt Fd),
NL (Nn Lpc)
Rz QdK
Gk ScQ
FO (Fl Okg)
Le SwS
Nc SwU
HX (Hu Xz),
XC (Xl Cat)
VZ (Vd Zky)
LM (Le Mmh)
EF (Er Fhn)
Fo MkX
Bg CbE
Ct KhV
CR (Cq Rj).
Jc LtV
Kk MfX
Kt IaV
Le YoI
Jt VdE
IW (In Wq),
ZT (Zd Ti).
OM (Oa Mjm)
OB (Oj Bpg)
Eo CmW
KG (Kf Gyr)
GJ (Gv Joy)
QL (Qv Ln),
Ff HaP
HJ (Hw Js),
WG (Wk Gys)
Wv IbJ
Bn RoV
Ns AtM
NH (Ni Hsl)
Ej HaA
SH (Sq Hj).
Oi ZkE
Jd VcR
RY (Rs Ydr)
KS (Kw Sk).
Vg QdG
Cl UqV
SY (St Ygf)
SK (Sy Kn),
EB (Eb Bgi)
Uz FtG
MS (Mt Sd),
PU (Pi Ua).
QI (Qb Iyi)
No MkW
UC (Uj Chq)
Bg BjU
ON (Ok No),
CI (Cf Iby)
RC (Rf Cfd)
Ff OpR
UV (Uy Vvk)
LM (Lp Mp),
HU (Hl Utd)
JU (Jz Uvn)
FS (Fe Sr).
VH (Vy Hp),
ZT (Zw Tq).
Wv QyA
XE (Xm En),
Zc QuZ
UC (Uq Cst)
SW (Sj Wwu)
Tg QfJ
IS (Iv Sgm)
Kv KiZ
WM (Wl Mma)
MC (Mw Cd).
FV (Fu Veo)
GZ (Gn Zk).
CW (Cr Wsn)
GF (Gb Fmk)
RB (Ry Brs)
BP (Ba Pkg)
Xg AoZ
MF (Mr Fl),
MU (Ml Uaj)
TK (Tx Kt).
EU (Ew Uoa)
GB (Gb Bqj)
Dl HqT
Bw PdQ
TN (Tp Ntw)
JZ (Ji Zs).
GD (Gm Dzq)
WG (Wf Gv),
Od HgQ
HY (Hy Yuc)
LJ (Lj Jet)
Cb QcF
Rz NyD
FY (Fw Yjk)
Dr ZsK
JI (Jw Ihp)
QG (Ql Ga).
IU (Iw Uw).
Zx KuG
PK (Pq Knx)
HB (Hl Bq).
QW (Qp Wqu)
Br VyM
NI (Na It),
Gq XqZ
Ph JqF
HI (Hv Iu).
TC (Tc Ca).
UH (Uo Hhv)
Hf NcB
KM (Kl Mom)
RG (Rc Gw).
WB (Wa Bn).
XJ (Xh Jyn)
Gg SaG
BF (Bv Fyn)
HF (Hy Fgn)
YK (Ya Ku).
BL (Ba Ldk)
DG (Dm Gsz)
Ww ZgU
NM (Nt Mm).
VD (Vr Dg).
WP (Wr Pkn)
YG (Ye Gtd)
IE (It Ep).
JO (Jo Oh).
IQ (It Qbc)
QC (Qz Cgg)
JB (Jd Bu).
Oo JzY
WE (Wf Eo).
CR (Cx Ria)
OD (Or Dx),
VH (Vc Hsi)
RB (Rn Bz).
Iy SoB
MB (Mj Bry)
QG (Qt Gf),
JC (Jb Cp),
DB (Dw Bwo)
VL (Va Lq).
Gr JvM
Ep OjH
Bj KrU
VB (Vi Bhz)
OK (Ou Ksu)
OB (Ox Bbl)
EO (Ef Oig)
ZJ (Zr Jc).
MM (Ma Mg),
AY (Ak Yrf)
RA (Rh Aiq)
DU (Dp Uhw)
VZ (Vb Zp),
Om NkP
UU (Ue Uj),
RO (Ry Onh)
HY (Hd Yh),
Bf AuY
Gy JtP
KQ (Ku Qad)
Aw QsM
WP (Wd Puq)
Cp JzP
Vg YlC
XB (Xk Bo).
Xb SzT
RK (Rr Kun)
Nf PqT
ZC (Zd Cqc)
PX (Pc Xh),
Wv WuM
JG (Jd Gx).
Bh QbB
IH (Ii Hy),
ZU (Zl Uv).
NU (Nt Ucc)
XI (Xw Is).
An IbK
BI (Bf Iy).
Qi BaE
RS (Re Sh).
Rb EoQ
Ja TuM
Ib MpE
HK (Hj Kt),
HM (Hg Mg).
TF (Tk Ft).
OJ (Ol Jka)
OI (Og Itm)
II (Iy Ina)
DX (Df Xq).
KJ (Kn Jo),
Nu FeX
Mo XxM
Nh DcF
Iz QeH
ND (Nz Dv),
NF (Ny Fsl)
PA (Pn Ayp)
AR (Aa Rcq)
Oj VuQ
TN (Te Nex)
FW (Fo Wkv)
IK (Iw Kh).
IP (Ij Py),
Bt HaF
Pf JuX
WH (Wa Hfy)
Om AqT
AR (Ag Rle)
UP (Uy Pzz)
NC (Nk Cmt)
Sr KhX
JR (Jp Rpj)
VH (Vr Hv),
QU (Qn Upf)
KU (Ky Utb)
KT (Kc Tze)
Hj PaA
Mt IhX
Xc RpJ
XU (Xc Uq),
TN (Ts Nnx)
Ha CyH
Sc BuP
Lw LtG
OZ (Os Zjw)
Ci OaM
KB (Kz Bvq)
YC (Yv Cwy)
LZ (Lf Zw),
PK (Pe Kkh)
OH (Op Hev)
GP (Gz Pe),
Zc BnK
Cf AaI
AJ (Ak Jcw)
PY (Pe Ymw)
UP (Uw Pqt)
IE (Iq Eq),
Kz SjA
Sb SnW
TX (Tp Xwf)
My PzP
Br YeF
LI (Ly Ig),
QJ (Qd Ja).
Pq LyO
XI (Xs Ii),
PA (Pp Alj)
KY (Ky Yfu)
SJ (Sp Jo),
OT (Oi Taz)
Pj IqW
Wk SzN
KL (Kx Lf),
OZ (Or Zmd)
CI (Cf Ia),
LS (Lr Su),
WH (Wi Hcq)
Dr BgO
KR (Kl Rrp)
BZ (Bn Zpl)
GU (Gj Uho)
FB (Fw Bp).
LC (Lw Cq).
WR (Ws Rjx)
Kr EiF
JU (Jz Uk).
EF (En Fv),
GR (Gl Rqi)
ZE (Za Egg)
An EfS
XY (Xu Yvs)
LC (Lh Cd).
AZ (Ah Zvw)
Lm GcJ
NO (Nk Okv)
HQ (Hy Qn),
RL (Rz Ly).
EN (Ee Ng),
TI (Tu Ixf)
FW (Fy Wac)
WL (Wl Lf),
KH (Kw Hnm)
Zf ZyL
Ka QtP
IE (If Ee),
PJ (Pf Jy),
ZY (Zc Yj).
Wu EcN
VK (Vp Kqd)
KQ (Kw Qxb)
CD (Cm Dj).
XC (Xk Cg).
Bt BfA
Js JuI
DY (De Yjp)
SN (Sm Nme)
AF (An Fy).
Yr SpT
ZJ (Zd Ja).
RG (Rj Ggv)
Ca WyE
UR (Ui Rmo)
YB (Yp Bnc)
RC (Rd Ct).
FQ (Fa Qgl)
NF (Nj Fo).
NI (Nt Iyy)
QW (Qh Wdx)
FJ (Fr Jt),
ID (Ib Dtu)
Kg YlF
UA (Uj Ah).
Hz WtS
Gj UjP
Hs XcO
Zm ZuV
FV (Fe Vuw)
Op SeG
GQ (Gw Qo),
HT (Hw Tgn)
HT (Ha Tpf)
VS (Vb Sim)
BD (Bf Di).
Ah GpA
Xu KbG
Ez IlO
Vf QbT
Je IzA
YQ (Yk Qgf)
RL (Rj Lbo)
PA (Pl Ana)
Yf XnS
Fs ZdX
TA (Tk Aly)
Ma KqT
YF (Yu Fxe)
JM (Jy Mfq)
PP (Pu Pz),
EO (Ep Onx)
Eq QeW
MT (Mq Tg).
Su IqG
Mv XsG
AF (Aq Fq).
Gn OdJ
Wo AcO
Qj IqP
IG (Id Gh),
FS (Fi Sga)
Vq AkW
Zi UgL
FE (Fe Egr)
VI (Vl Ibx)
AP (Ah Pr).
NR (Nl Rnp)
Yy CtI
RO (Rj Osi)
JK (Jn Kkq)
JZ (Jg Zx).
GF (Gh Fuw)
RP (Rq Pb).
GF (Gs Fbr)
Ue ItQ
LT (Lx Tt).
Hh LmW
Kn DaD
JQ (Ji Qdv)
Ff WnD
JF (Jz Fbm)
EB (Ek Bsq)
GZ (Gz Zr).
OB (Ow Bi).
CC (Cg Cy),
LX (Lo Xh),
Xk EgI
KD (Kg Dfl)
Ct YpG
Dh LvQ
HT (Hh Tc),
UI (Uo Ifn)
RQ (Rr Qw).
SU (Sq Uk),
Ib WdR
IR (Ip Ryp)
CZ (Cg Zya)
GB (Gv Br),
WR (Ws Rwj)
Rx AeK
NH (Nw Hof)
NY (Nz Yol)
So YtX
TH (Ts Hm).
CG (Co Gu).
OG (Or Gku)
FI (Fo Iru)
Tz AkH
GH (Ge Hoe)
GZ (Gw Zy),
UT (Up Tr).
GL (Gn La).
Tm CeM
MA (Md Adt)
Vz XyH
DH (Ds Hdh)
DK (Dm Kii)
HI (Ha Iq).
Pr LwO
Hr YrO
Hs NqJ
EN (Em Nx),
PI (Pg Ipj)
We LrV
VR (Vf Rb).
IM (Is Mge)
AA (Al Af).
YL (Yq Ll).
Su UbZ
ZE (Zm Ec).
DG (Dt Gk),
Ut UfZ
Is LdD
GO (Gq Olv)
NJ (Nj Jpj)
SP (Se Px),
DP (Dx Pl).
Sp QaH
WE (Wq Ela)
Ks LpZ
HY (Ho Yge)
Lm QiW
Ij NsW
Lm AgJ
Bn SuO
Dj SjB
Jb XoR
GJ (Gi Jrn)
XD (Xy De).
HQ (Ht Qg).
BK (By Krg)
DD (De Da),
OP (Op Pc).
KW (Kx Wm).
ZO (Zp Oy).
Zr JnI
Jn BdQ
IC (It Cg),
GP (Go Pj),
FY (Fo Yz),
DQ (Ds Qw),
PA (Pj Afc)
Nc VaC
PJ (Pz Jaj)
EF (Ee Fws)
ZJ (Zd Jz),
Qf BaM
EM (Ed Mhu)
LR (Ls Rl).
WQ (Wq Qoe)
Zn JtN
Ps GvA
NU (Np Unz)
YC (Yd Chn)
Hu TaX
GZ (Gr Zt),
QY (Qz Yb).
Gz TzS
WR (Wo Rd),
Vz AvO
Op DlQ
YL (Yp Lc),
EK (Ev Kl),
CM (Co Men)
Em EdU
Yv ZcZ
VJ (Vg Jm),
AA (Af Afx)
NY (Nq Ybu)
YQ (Yv Qqv)
Fp MrN
PU (Py Ui).
LA (Ls Av),
Rd VfK
DF (Dd Foq)
ZV (Za Vz),
Hy FnG
UR (Us Rpu)
Km VtN
YW (Yu Wbn)
Pc IhZ
Uu QeM
RJ (Rm Jcv)
Yj EnB
Xj OcJ
Sw NnN
Hj ZsA
NE (Nd Ehb)
ZB (Zd Bj),
EW (Ei Wh).
AT (Am Tp).
LQ (Lq Qk).
HE (Hf Epd)
LI (Lm Ijp)
VD (Vx Dcw)
MI (Mk Ib),
TI (Tw Ia).
Jt MtJ
ZG (Zy Gdg)
YU (Yi Uob)
MH (Mc Hef)
DU (Du Ut).
GU (Gv Uvo)
BA (Bf Azm)
PV (Ph Vpo)
Jj WrN
RN (Re Nl),
Ru EpG
SY (Sp Yy).
XA (Xm Amq)
SP (Sy Plq)
Kf VpT
GS (Gh Sp).
BU (Bf Ub).
DN (Du Nvn)
Gh OgT
HR (Hl Rv).
UF (Uc Fyv)
MW (Mf Wq).
GV (Gl Vdy)
EA (Eu Axs)
QR (Qn Rc).
BR (Bz Reb)
TF (Tp Fo).
Ul SgC
St NeH
Nf RgV
UK (Ue Ki).
BY (Ba Yk),
LU (Lw Uy).
Yz SrO
EW (Ei Wb).
ZS (Zv Sa),
Rc MiP
Bi BtS
By IiR
TB (Tx Bm).
MX (Mj Xsn)
Jt PhB
PF (Pm Fq),
HA (Hp At).
Rn HbP
MU (Mh Ufq)
Bj XhO
PR (Pn Rft)
UJ (Ux Jqu)
ZU (Zq Ueu)
XA (Xn Ah),
TG (Tm Gaa)
Lf YcK
TW (Tn Wd),
XO (Xo Obu)
Qd UbW
Mb UzC
IV (Is Vl),
JI (Jv Icr)
LL (Lg Luy)
Cy ClC
PB (Pi Bk).
JI (Jf Iym)
UN (Uk Nec)
Sk WbW
KM (Kg Mjg)
DX (Dh Xkc)
Yz LzO
FW (Fr Wx).
Uw VoW
NI (Nr Ifb)
UV (Ue Vzr)
DL (Dp Lm),
HO (Ho Oof)
OW (On Wa).
Ke HlL
OD (Ov Dmh)
Ro OuL
VY (Vr Yox)
TY (Tp Yb),
KI (Ky Is).
Vx XkV
XI (Xp Il).
Al EvA
Pg KjA
TB (Td Bcy)
Ny JrF
WM (Wb Mtb)
Jj SyC
NA (Nn Aa),
GG (Gb Gp).
Do HkR
PP (Pa Pnm)
Yv BgH
OH (Ow Ht).
Dc MpE
YV (Yz Vjw)
Fa AvH
MC (Mv Coc)
Cz AzT
CV (Cc Vv),
KH (Ky Hr),
GV (Gq Vag)
NR (Nb Rg),
DB (De Bi).
Rn ThO
MW (Mq Wdk)
Lj ZbI
PT (Pn Tsn)
VN (Vq Nl),
Pr QxV
Bp WuH
JP (Jl Pck)
QZ (Qj Zl).
FU (Fu Ujr)
NF (Nn Fm),
ZN (Zu Nv),
RJ (Rd Ju).
IP (It Pv),
ED (Eq Dh).
BP (Bl Pzo)
CT (Ck Tzn)
EL (Ei Lkh)
Di RdQ
WI (Wy Ie).
RO (Rv Oa),
NQ (Ng Qgs)
RD (Ry Dwz)
Ki BjT
Ym QuX
KY (Kj Yb).
VP (Vj Pr).
TB (Tk Bte)
Pc VnQ
KN (Kc Nmv)
OM (Ov Mi).
Gc CeW
AM (Ag Mz),
Hz VvU
Bq UeK
WK (Wl Kss)
QM (Qo Mh),
Po NdD
Ll EoT
QR (Qu Rs).
VH (Vn Hlc)
Mg IwV
KK (Kc Kvg)
Vs QyA
EE (Ev Eyp)
SA (Sc Aqg)
Mo UkB
Ho ZwR
Bo JvI
Vz QsB
AH (Ap Htf)
FV (Fk Vce)
HK (Hz Kq).
IS (Iz Ss).
Sr MpF
TJ (Tp Jor)
Vm DaK
Ps XxO
Ht PaJ
Hd NhI
KY (Kr Yo),
AH (At Htv)
GJ (Gu Jln)
KM (Ky Mwr)
JY (Ji Yb).
VO (Ve Omh)
QY (Qx Yz).
Yx MnJ
LG (Lv Gpw)
Iz CcK
CN (Cw Nxm)
Gc ImK
Zd GjF
Db AaD
Av VlO
Tf OjC
Co QoW
Cc OvS
OW (Oj Wg).
Vb BsJ
HR (Hs Ri),
BB (Be Bn).
YH (Yj Hn),
MD (Mw Dxa)
AE (Ae Eu).
SX (Sl Xdk)
Py HgW
DW (Dq Wm),
YY (Yl Ye).
Ox IlH
RS (Rp Sp),
LY (Ly Ywh)
UB (Ud Bby)
OQ (Oi Qm),
Qj UiP
Lc MmH
DE (Dr Ebx)
MW (Mp Wv).
XG (Xt Gr),
Qv DbI
DO (Ds Owo)
JE (Ja El),
DP (Dg Pi),
ZQ (Zw Qj).
KL (Kw Ls).
UB (Ui Bue)
SS (Sh Sb).
Ih ZwW
Ax KuP
QA (Qx Ad),
FU (Fr Uhq)
Jn WiZ
Jk KhH
Mh CuP
Aa IlY
Zs HyL
SZ (Sd Zvu)
PW (Pq Wh).
DX (Dz Xn).
DY (Da Yyf)
In VcP
Hz XzK
FC (Fi Cs),
Mq HhX
XF (Xz Fzx)
Jy HlF
ZZ (Za Zr),
RP (Rd Po),
LY (Ls Ykb)
Jh OyX
JY (Jv Yia)
NM (Nj Mys)
ET (Ew Tdu)
In TdX
FV (Fr Vlv)
Aj JrN
Fz ZhZ
ME (Mo Eh).
YJ (Yb Jr),
DB (Dt Bjb)
Vr AzZ
Sn BzN
QL (Qm Lqd)
Zk FvS
WS (Wv Sg),
NQ (Nv Qw),
Bd CpM
Yc LqL
KL (Kn Lu).
IR (Ih Rri)
XH (Xv Hms)
EW (Es We).
OF (Og Fsq)
Ji VqW
AR (Ax Rna)
JY (Jc Ya),
Ju PvD
TH (Tk Hyb)
GF (Gq Fu).
Rz BtY
Sa YkX
NJ (No Jk).
PI (Pk It),
KN (Ke Nxc)
PC (Po Crl)
JT (Jx Tzx)
CU (Cj Uc).
Cv AfQ
Ok YtU
PF (Pg Fo),
Qj VdE
Fi HtT
WA (Wm Apq)
Sn XpF
FW (Fc Wnl)
RZ (Ra Zj),
Xv JwK
AT (An Tl).
NE (No Edl)
ET (Ew Tg),
Bp PnL
DW (Dl Wf),
SY (Sq Yx),
FE (Ff Egl)
Qk ElN
UH (Ui Hoa)
XB (Xu Be).
MY (Mw Yz).
MV (Ml Vx),
RR (Rm Rj).
PA (Pn Aus)
AG (As Gwt)
NM (Nb Miq)
Sd BjI
Oe WmY
NB (Nn Bd),
Ir HoS
Dc YhA
WH (Wf Hze)
Rc DnX
OZ (Oj Zb).
HH (Hk Hx).
Vn HiZ
Pt BnG
Th HiK
CI (Ca Ies)
ZO (Zu Okg)
Ra GpN
ON (Om Nq),
CG (Ca Gjn)
Qz AyN
DG (Dt Gco)
Uk FxM
TP (Ty Pxn)
VG (Vr Gaf)
UB (Ug Bu).
Kf WlO
EI (Eh Ix).
ZH (Zx Hh).
Ig UwO
PG (Pu Gnr)
IQ (If Qb).
CL (Cs Ldx)
VP (Vk Pw).
Nb HqE
ND (Nh Dut)
JM (Jv Mt).
Oq RxO
NY (Ny Ye),
Bi MzW
TG (Tb Gwt)
PK (Pg Kp),
EF (Ed Fk).
FN (Ft Nrp)
AD (Ay Dk).
Kf VgT
FT (Fr Tus)
RU (Rr Ua),
AA (Aj Azd)
BS (Bw Sds)
AQ (Am Qf),
HW (Hj Wj),
Cp UiQ
II (Ic Iom)
KI (Kq Ih).
Lr RbG
CC (Cx Cmu)
Aw QwD
YD (Ym Dh),
Fq DjR
Sc XnJ
XM (Xz Mbn)
XW (Xj Wr).
DK (Dw Kzg)
Ye JtI
NN (Nu Nh),
Jb IwU
Vz LrF
UP (Ui Pr),
Uh BgG
II (Ig Iiq)
DP (Do Pt),
Xl RpG
PD (Pl Dz).
NG (Nm Gxe)
SP (Sx Pgt)
ND (Nz Dfr)
DF (Df Ff).
GS (Gi Sw).
AK (Am Kb).
Kv KbY
HW (Hw Wa),
Iy QaF
XI (Xe Ij),
Fp PlH
MF (Ms Fo),
EA (Eh Av).
Wl TbC
CT (Cd To),
DY (Df Yf),
ZU (Zi Ukx)
Wh AcJ
PY (Pg Yv),
VA (Vv Ach)
PV (Ph Vd).
Ec PyX
Zi LrG
IU (Ic Uo),
QD (Qr Di).
RO (Rc Oa).
VY (Vx Yeu)
Fi LhQ
BH (Bq Hi),
GI (Gq Iaj)
YB (Yv Bo),
Vp YwA
NE (Nj Ea).
KW (Kf Wl).
Yq HwC
ZM (Za Mj).
IJ (Ik Jqv)
Oq UyL
HE (He Ek).
YV (Ye Vq),
VM (Vi Mnk)
Cp FrW
Yx AzC
TQ (Ta Qv),
OF (Od Fy),
BY (Bb Yg).
LS (Ly Sfc)
NQ (Nx Qy),
Ty JaG
Zc NsC
RX (Rp Xsc)
BH (Bt Hp),
Fl NdL
EF (Ej Fw).
UH (Uw Htl)
WK (Wz Km),
XQ (Xk Qdx)
Kh VhO
MT (Mb Tx),
BK (Be Kiv)
YI (Yn Iin)
DS (Dk Sej)
Wo IsJ
Kk OuQ
UI (Uk Iy),
PR (Ps Rco)
VP (Vx Pi),
GB (Gq Bdr)
Lr FiY
Lf YtQ
Ie HgS
Hu FdZ
PO (Pv Os),
CU (Cu Uku)
XE (Xx Eru)
Nq SzZ
OQ (Ot Quv)
GQ (Gl Qv),
Md IwA
Bo MyK
SO (Sx Oh),
Wv DmG
TN (Ts Nmr)
XG (Xh Gjy)
RD (Rc Dk),
YV (Ym Vp).
YQ (Yf Qn).
Nn PrO
Au ThF
Dk NqF
BI (Bm Iq),
TB (Tc Bx).
AQ (Aj Qau)
YM (Yf Mrq)
CQ (Ch Qes)
BC (Bm Cw).
EQ (Ef Qu),
ZB (Zw Bfn)
Zl NiZ
Fj NjA
YS (Ys Sv),
Ii VeI
GS (Gy So).
GN (Ge Nc).
IP (Iz Pxy)
BU (Br Ub),
KM (Kf Mhp)
MT (Mx Tz),
YE (Yq Es).
FJ (Fr Jb).
MS (Mv Slw)
