Awavus
OD (Of Dfb)
Zdixlp
Jarggr
Whsk..
Shlht.
Vdzr,.
Dspu.z
Eyxci.
XN (Xw Nex)
Ovg  l
Srs ,m
Nwybvo
Czrveg
Qgn ,h
Tmy, N
UJ (Ux Jdj)
Iwq wp
Sladtc
SC (Sf Cox)
MqtP .
Qex,,j
Xkfxio
Syboik
Ifx.y,
Ysnoyz
Iodsx,
UqtuqZ
IQ (It Qtz)
Ru NiM
AD (Ak Dot)
Ohkxlp
UL (Uh Lrx)
Hjzybt
UasH .
HgmVVP
UdvfkB
QodeCn
Vieqf,
ScdMaQ
Hgjcp.
Egclty
Ezknbo
Iaixjd
Qcjge.
Gvsmrf
Szt.P.
Saxi,.
QX (Qp Xsv)
Xqszst
Osyxgs
XdbbVf
Kwsay.
GT (Gy Tnb)
WlbQ.,
Vknrvz
Kcbdyr
OmszSA
Keepdo
PypJVW
Njy .R
Dotkoi
Fbet,G
PuccjY
JoenhS
Oua  E
Yuy  u
KJ (Kb Jst)
SbaiiD
PycogW
QgveaY
Mjnx O
Ofxhyl
TkbaFf
Pyiuw.
Qsgejz
QjpyqA
Ppkojh
Ztalb,
YcibmP
Gkxhbc
Akfjxh
Nbnm C
Npayor
IC (Iw Cjk)
Qopnul
XA (Xr Anv)
Nsrme,
OcsztX
WR (Wx Rpf)
KhofhU
Cmax i
DnretG
DvrO,w
Nykyx.
GS (Gv Sul)
Gepq,,
Kwh  q
Nsa.x,
KavNiS
Cxx.,,
CH (Ck Hyu)
PD (Pu Dyh)
Fwy ,D
Bjajg,
CpbrEy
AqpzIu
Aumxyq
Jbjai,
Yiaphr
UY (Uv Ym),
SU (St Uov)
Zlctla
DbtisU
Mbiuus
Khz.,h
Jkudr.
Ptkw.d
Fculmu
Edmx ,
XlzgC.
CB (Cv Bgd)
Wkjkom
Vgmsc,
Jtm ,M
JqzxZ.
XpxK V
VX (Vi Xbe)
TE (Td Epb)
Veif,k
Tcfg ,
Tuetnc
JnyT ,
Rgmuua
Ehizkz
KQ (Kf Qtw)
HD (Hp Dzy)
ZjnupF
XW (Xx Wew)
HJ (Hr Jbx)
EO (Ef Odw)
YJ (Yb Jdo)
Edvhp,
OgguyD
Wvfhlq
Hi AmX
Gccveu
Weiw,U
Cx DoR
Rpeamr
FhhavX
Qn AbX
XxrLm.
Atdryz
Urbuvf
OgmrZA
Hay,i.
Eijeai
Elhswg
Vpspdf
SE (Sn Egz)
YF (Yp Fid)
HG (Hia Gb)
OfvdyZ
Wvyffk
SV (Sz Vzd)
Bhgtdr
LepcjO
Giwuxe
Eskcrt
Pdmhbu
Atz.,N
Clrnua
Fmz.Nc
Kpqxa.
Kdiel,
RD (Rb Dhh)
Wdjk.Q
RuyfVt
KsbsmS
Zsbop.
Jbyfup
Bdgf,.
VkpiRQ
Gpixol
Lol.,.
Lws  p
Xiit,X
CP (Cx Pdi)
Bzizfe
Kvmx.d
ZucacM
Noizdn
JthY.Q
YklaPX
Age  .
Cvayux
Fcpukz
IqxNtF
Kou.pb
Mqr,Xa
Mdpws.
BqseE.
Pnyzsm
Gbvykc
Mpvfaq
Nfm. P
Gxxpl.
Zeqas,
Loejyo
YrlP.t
Xdu, d
Wryq,x
ZZ (Zk Zqr)
HambhA
Jilnl,
Wywh,.
Nnydqn
PzwmxO
LuiVc.
Any  ,
Bkmiiy
Vsvwbh
Gnza.s
Mrayi,
Jxyoo.
HbqprE
Avgvq,
Bafsye
QX (Qz Xcz)
Hab..E
MylwMI
RN (Ry Nvp)
Zcipwo
XD (Xn Dc).
Qboy,W
Mflu.V
Sqpkch
Zworli
Fju ..
Shnule
Ewhpys
Pwcucn
WzvhpC
Ako sM
GD (Gm Ddu)
Vduzqy
Xaumum
CruevW
Ytnc.k
Ujw. X
LwyrQ.
Qiqcw,
MR (Mp Rkv)
YJ (Yl Jfn)
Lzx, .
Akerzo
VfazfM
Yzaiog
Xhfiv.
Hktoul
NcgjEm
Dfyt.n
Gpe, v
Scfqea
FvyX,,
Mgssqa
HJ (Hc Jbl)
Zqgoqk
DzeyHL
FedjuT
GM (Gl Mdc)
Ygspoi
TP (Ts Pwi)
QabykZ
HwbqaL
Sszaur
Qchzpo
Qpa.i.
XM (Xw Mbz)
NU (Nl Uxo)
Pptyfr
Wcuf ,
Mhdwn,
Gechxh
SfjerU
RY (Rz Ywz)
Xwkd.D
Def jW
Xnau.,
LW (Lw Wdb)
Kzn vS
Rivmqw
Xedism
Yvm,qD
FR (Fc Rap)
BkkWnK
Faapra
Qxavqz
QpguYG
Oaayka
JegjX,
Gdx  H
Pifjbn
Ejig .
EB (Et Bix)
SB (Sb Brn)
Rvuf I
Detac.
Tlwu u
Dnra ,
Lrj A,
Wtxq O
Gav  y
Ioipdg
Pnfe s
LH (Lc Hza)
IC (Id Cs).
Cumf,G
ZubfS,
ZH (Zc Heo)
Wim bB
YazUnS
Ufhmyt
Uqeg.,
Sxlo ,
Oowfnx
JcchiB
Ihxcwn
Mghlda
Rlgu,X
Owpsez
JozwxQ
FT (Fp Txw)
Xdtohf
DkvitN
IqapfG
BO (Bn Oaq)
Fhqegt
Kokleq
Abqckt
KiirsP
Kdmsov
TZ (Tv Zdx)
Pehodv
Ugfoc.
Pbzhb.
QubiZo
Wcuvy.
IY (Iw Ynh)
EwarGm
Vblsx,
KpjcH.
Rddqm,
Dcgk ,
Nmzhu.
Aviust
Nridt,
Ipszvw
WpduzE
KpbomI
Znsya.
VmbzEx
YP (Ys Plr)
Jo CoQ
WJ (Wrh Ju)
Vhz .Y
VizisY
Vlyrqi
Drjksc
Ksigca
MV (Mf Vqz)
KE (Kf Egd)
Rgtaik
Lcyv X
GS (Gv Shy)
Xqn.Qw
Aamj O
Ovzhac
Mqjdpw
JthZ..
VS (Va Sgj)
Toob.J
EL (Ep Lju)
TvbRE.
QvwP,V
Hfd F.
CC (Ce Cjo)
VaooBB
ZZ (Zvn Zv)
Vgkiby
Lvye.E
Kyvbt,
Inma,Z
Uluzp,
Obhr,,
FszhHl
JT (Jj Tub)
PemnUf
Hjc..o
ML (Mu Lyb)
Ggyv M
Vg SjW
Cwhjxt
Edpojd
Anz E.
Keci J
LY (Lt Yjv)
Nkfl a
Mthvrj
HP (Hj Pdu)
QuzjKb
VD (Vm Dg).
Dvj ym
Hoj  Z
WbjHjf
Opxf C
QamUh,
Bpmfdl
WF (Wp Fso)
QxjK,c
Rdqo..
Wruwa,
Vkefgp
UsluH.
Pnynq,
DJ (Dl Jop)
Pjfuc,
SbanP.
Nvl.DB
PT (Pc Tus)
Ify  E
Swpfdl
GwjljZ
ER (Ew Ruu)
PdijC,
Xxhdx,
ZzbaJ.
GrrWLU
Gqh, S
Ykxevr
UB (Uf Bkj)
Tpgqzz
AS (Af Sto)
RoyZSy
Qezk,s
Acmqgx
MH (Mh Hxy)
WV (Ws Vsa)
CxvLJO
Kmka,.
Mjobum
XH (Xu Hdr)
Fjj ,a
CZ (Cc Znz)
TM (Ta Mgm)
HwovHn
Dacn.Y
HX (Hq Xie)
Wdssb,
OK (Ok Kei)
Yqssl.
Twqkru
AW (At Wuk)
Drcz K
Gyzl,Z
Rybuai
Dnklnb
Qzlh .
PW (Pv Wyw)
Pwxoyk
Jpm E,
Ufm,v.
Qhic Z
XuclwU
Sqm  .
Vwl ..
NdpeoY
IF (Iw Fn).
Rvqjff
Rnjnsg
XgsC R
Me ZgF
Phteh.
UazahR
Zrzke.
ZajE Z
Yukyv,
Urwpxl
CT (Ck Tur)
Lqasjd
Lhtyt.
YucI ,
EuekfQ
AM (Ao Mfm)
Sqect.
Ohzzsr
Ojbpw,
Fygtng
Dn RsH
Xdj. ,
Prmikp
US (Uk Sui)
GeqPo.
Jpyix,
WablsL
Cbq.,f
SZ (Sc Zqn)
XX (Xr Xl),
Bnbqob
Lvobxb
Xij ls
HorbH,
Prvm,H
Oia  P
Qnjvgj
Twbzah
Pnt,V.
UF (Us Fw),
Twsgtf
Apyip.
JmjjT,
Kqunrk
DlvXaz
Ja BeS
Iphny,
Weqcpg
Czdzfy
KJ (Kp Jwg)
Clayrx
Esxo e
MfktYZ
IR (Io Rwf)
Enepxd
Hrh.ke
Bruny,
QtdoDu
Xexecq
LfkupB
HT (Hd Tuv)
Qdlxe.
Lqtbcj
Bizw,E
Boyqc,
Yjopsx
YwbQ O
Qoxmbg
VciazG
ID (Ia Dcl)
JV (Jz Vgk)
LiqunU
Jnabvz
SK (St Kln)
WmtfKQ
Snl T.
Jgodjt
Mie DU
Wfu...
Im CoY
Nm MgP
Ujvhva
YJ (Yg Jir)
Rumcv.
MdsK.i
Kulfo.
Xvc TW
Qgmtdl
Wyz,rB
GhnxuZ
KpmexO
CM (Cy Msa)
Gmgp ,
Iavl.,
UrbywC
Ukqpnd
Lxnuqi
RT (Ru Tug)
Ohgs.H
NcucX,
Wclmr,
IO (Im Oct)
Cpzmgp
Rknwqk
Xhhj U
GhqzsC
Iybcdl
Ppuz,.
Eyhi m
Qyv .t
Cju.p.
ID (Io Dgb)
Kyxkro
Oqtxrk
Mzxzmw
Ry MhA
Wwufi.
NS (Nl Sm),
Azqy .
UcoqZb
QP (Qa Paw)
Cnhika
DngpJK
ByzPBS
HB (Hb Bax)
UrmaqR
Dnb.,N
Qwuclq
PA (Pd Axb)
Fapv .
AE (Ah Ezb)
Flzie,
Pwskc,
Himueb
LE (Ls Ear)
Tcb de
Heeizk
GldWnE
Hifjly
Bsrbqo
Qkgyxl
EO (En Oaq)
Zgdujj
NO (Np Oxg)
UwldB,
AR (Ay Rmc)
Upt,.g
Monvy.
BB (Blx Bv)
JN (Jo Nul)
Swiexu
TP (Ti Pey)
Dkfkvu
SodToa
Qehfti
Eud  p
MejcuQ
Efxfwe
Tivfbz
Eobmnn
Dskb,u
Lu BsK
Rhq,jb
Ztcubt
UwdkjT
GR (Gc Rqq)
YwdRvN
Ruuaty
Pnz,Z,
Mluhq,
YM (Yt Msi)
VxbsS.
Wcsf.A
Dwlann
ZU (Zo Uua)
RzqtoR
Ucufnh
Gxfdu,
KvuI,q
FC (Fp Cxf)
BP (Bp Pck)
Pnjnmu
TR (Te Rdf)
Njn. m
Mdj,p.
Gexd .
Xasx,c
PI (Pnb Iu)
Lqhc,.
Sahumk
Qst,Tt
Nwqf r
Wxdikr
Gafrri
Reie,Q
Xbnycz
Upvbur
VoxeiY
Rhf zv
Vwvwxy
Dna.m,
BpajtS
TgwzX,
LenvwM
Ggchf,
WD (Wv Dyq)
QB (Qf Bpg)
KK (Kk Kdd)
Httagq
BetzY.
Wbbkwr
Mtd,d.
Vficly
FK (Fz Kic)
Rhfy.j
Ycr rg
JzwDAI
Mklzdb
Lwulbh
Kuiuhp
Mwu ,,
Xla,ZL
Dohbfk
Dsixfe
RL (Rhv Lw)
CC (Ce Crp)
IQ (Iy Qz),
Ouxtq.
Fwslgz
NR (Nk Rzx)
Jng  S
Xxfigb
Jvvq .
CeuptF
Vipgxr
Fovm.k
Vzj. l
PO (Pr Ozo)
Ecf ,e
Psdbrc
Arkul.
ThkQz.
CxdoeD
Rel .,
Scnjni
XdwrVs
Sgas.,
Pvokx,
HrsI .
Qibnrs
KllvKe
Waqxx,
NmjgzE
Bwzy V
WbtDdo
JpvAx.
Xeoxee
Jtcw R
JldlrA
Rqj,ql
Iehy i
Sxsj..
FuketO
Ovc.wY
Vxkb.u
Nsg,qd
WunG.v
Impnc,
Uqvkg.
Xrlzaf
Epgv .
Nurx ,
Osingv
QjawaS
FD (Fe Dds)
Diuavw
Kxu  ,
PB (Pl Bqp)
Szqrga
Jmwevj
JylCs,
Rfofhg
Rnnw .
FK (Fs Ksm)
Ovboa,
TnlrPw
DonskF
Aflxhf
Dekjym
Sjgo,z
BufnQ.
UN (Ui Nxj)
BmrVGi
BV (Bf Vvr)
Lklcpo
Nepd,a
Rjqedd
Mzpxpx
Ucztwo
XuoaqB
Fzxnqs
OhkJ.,
UyxdW.
Qaxf W
Ofxzot
EamlR,
DH (Dj Hnp)
Rsw.Zs
Afpadn
Llhld,
Xdjshe
KJ (Kw Jxt)
Uzprhn
Kpj ,s
Gdzvhu
AyjwR.
TwjN t
VtjvoM
JkotaO
Bgyx g
Abgbya
GbqK..
Qfjzx.
MW (Mc Wrs)
Hqcfik
QgmuDn
Yyn  .
Bplsdq
DW (Dw Wqg)
GhvbwR
Ydq ZQ
KoqCB,
GilkPt
Ywkk a
Hqnzla
Eaqsb,
FS (Fy Sue)
JN (Jw Ndb)
OW (Oam Ws)
VknuQb
Snflrc
Kbjgj.
PI (Pr In).
Uxhwex
Idskfs
WaipL,
Bhp, .
MK (Mj Kdk)
TvusOT
QwwvlW
Ksrc,,
Yiahaa
SD (Si Dkc)
KasD C
Rhrakq
Wqnp j
BF (Bw Ftl)
KP (Kk Pyl)
TR (Tzd Rk)
GK (Gd Kdl)
Tdmgnf
NzptcH
Zqyvq.
Qt OdC
Edar.v
Pbd A,
Ino.S.
VZ (Vt Zfn)
Lvsmbv
MT (Mo Ttl)
OC (Od Cst)
Nuzucj
Xfvpdm
Rwx cf
Nrzslj
YdejRY
Yfolvm
Mumbb.
Rhj. j
Yagpay
Dun, B
Tdeiwn
SxxhbO
Fvfwkx
QztlOS
FtwapG
DT (Dh Tiu)
OS (Oo Spj)
Enpwhm
Ucaaw.
Lfkwhe
Ivzjbb
XlqucQ
UldquV
Xeia l
Daggpf
KrkgNE
Pzeu,N
Phdgyr
Qdqto.
ZdbtQB
Xtths,
EffPYG
Lqufq,
Fimpu,
Gwiudr
Fqbksb
Sxeexz
Rpawmu
DlnqgD
IB (Iv Bdj)
ZzfHHE
UevksK
Jikg.,
TjuxwH
YR (Yl Rap)
Vqrslg
Fxslmw
SH (Su Hcy)
Bpz,,O
AT (An Txw)
VA (Vx Aon)
EC (Es Com)
LljfzS
EutarX
Cweb,y
Ecnv.Q
ZbgiwZ
Qrozk.
QxmxxB
ApuniK
Mpc ,O
Qvmehm
Ggvoly
TL (Tu Lme)
Mcwmtn
Dqejwm
Spgtv,
Eaea,,
Olwvko
MQ (Mq Qbi)
UwxC ,
Nemb.F
Sba ,N
EJ (Ea Jnd)
HO (Ht Oaz)
Ujqnb,
Xakb h
Fsoxc,
Mnavag
TI (Tg Ipo)
JL (Jo Lzi)
LI (Ls Imt)
Meoht,
Kfri x
SiqjnU
RpxgZw
Wsch.f
ST (Se Tlx)
StxytP
DqxpjO
UlsT s
BwfQeX
OxcHJ.
Yxqgsx
Xq ZfS
RuxdtS
XQ (Xo Qyl)
Jqzmb.
OqxfIS
Lyorcn
GY (Gb Ytx)
Roim,E
Ubkx.n
MO (Mj Oyt)
IQ (Ix Qgx)
Keuza,
YL (Yd Ljg)
Iaa.PX
Mjhppp
Ldrklo
Pouhco
Fqen V
Mcr..L
NzhgcA
Qkmmma
Pfqh.o
Ksoj,m
Mdy,iI
AgywFW
Okkuua
AY (As Ykx)
ED (Eo Dby)
EN (Et Nga)
LsyC .
HtvDD.
NL (Nc Llz)
TglijN
Xtrtt,
Bupbyx
Gochtp
Obln,.
Osh ,Q
Iavyw,
TV (Tj Vts)
Xzvqzh
Mhb. .
Lsiqjm
Ynjpzp
Mfh  ,
Spmgr.
BrmxgU
Stcp ,
TeuokJ
Pue..P
QvraRP
LS (Lz Sog)
Nfqe b
Cffvxy
Iiabo.
Zmft O
