w Cq  .
AzU XyT
, Gt,,c
,  Ls.,
v HmIvM
h. KzUq
ZK (Zd Ke) .
,T Rq g
RP (Rf Pc) F
q. Dg,l
,LG gYB
T Zh,cM
Za NeO,
z Dp w,
Rk DhJ.
. Ca,Gz
Qg  RcP
Ml,hEaY
sU Yk,l
Kv UhK.
JJ (Jj Jn),r
Hy  Ty.
DeC SyH
,k WwRd
OO (Ov Oc) b
Hv  Ol.
VQ (Vdc Qk).
UqNv. W
MV (My Vco).
e Vhz A
Wv, W.g
XX (Xs Xfz).
. Jm.KC
zz Yw ,
Qv x..S
X Pf,m.
KP (Kp Poib)
p Mge r
Br T,,e
XM (Xz Mqw).
wv Own,
Yz  SzM
,qGrz .
ZB (Zh Bn).W
HM (Ha Mn).y
Xs. Qpj
KG (Ke Gg) .
Q Isr.g
YS (Yt Sx).,
LcPSS,W
i Tccob
E Grf E
P  u .,
, VfUc.
,  RzMs
C Ja v,
VdW OzI
Zt, PpQ
FM (Fh Mk) ,
WI (Wd Io) u
QfaMVA,
, w KdJ
h OsF.,
.,Ou,.j
U. Jezb
VO (Vx Ol) B
Ikzm.w.
Ke p Lc
Tg LmQI
Qe,a im
Hi, XzT
SJ (Syn Jfn)
BR (Bk Rnt),
BY (Bp Ykz).
,s Et O
CH (Cj Hn).f
.AI  ZQ
. MxE,P
UH a,.Y
.,. Jqf
SwFtt.i
g Fe ,c
Nw. QhV
Aa  St,
ExU Zik
.sVPhfI
b CvRM.
AC (Ah Cyk).
SiO Jgv
y Jmmkx
, Jj K.
, UbXEx
VrCw, A
Ux GcF,
Rnw . e
PM (Pk Myxs)
G.eB.,t
AJ (Az Jecd)
. UM (Up Mr)
GI (Gw Ij) M
HT (Hn Tcwn)
UX (Uvt Xaf)
. Jk,Sz
, Dq u.
,HY Mwr
E MxT .
l  Oe.A
GK (Gx Ktn).
Xl. Abu
e. XkuR
i Ux,hz
.. RdfT
RE (Rj Ea) ,
. S SdE
VD, gax
,. Aw.G
ML (Mxe Laa)
Lf FrRj
s Tsbok
WC (Wy Ck).x
EpB Xcr
ao KvP.
, Fe.zW
. FbqzT
HR (Hd Rw) J
T Uw,.b
,LA McC
aP Pi I
, Hya i
DjD Gj.
Kda ZhK
HC (Hj Cozx)
Wv WcZG
e . x .
Uz NsuU
d Kk, q
GM GfeQ
KU (Ki Ue),,
, Z AZc
Je ,OEP
O. YiTI
e Oextb
jE  De,
A Bfk f
h, Se,,
WI (Wq Ir) q
Sei RoA
K. X,XT
m  An y
GH (Gpm Hey)
MyB.mKB
,  IbnJ
,. UmG.
KI (Kf Ilc),
WD (Wnc Dmh)
PZ (Pih Zea)
y, Cg,a
.. Ppfb
JI (Jc Ih).,
Xr. TcP
ir JnVJ
Wy IgMn
HQ (Hc Qmux)
,xo XtS
l Bp rJ
T In, Y
. Hr..v
,, XmqO
ZZ (Zz Zm),v
,CB ElZ
i.,qsaC
BJ (Bo Jk).a
UQ (Upp Qlx)
.F. Wgu
Ah EkH,
Pi FoOW
, Ad,o,
Sz  Iro
VU (Ve Uk) G
FS (Fu Scsa)
ToyND.B
Sl.   L
KgH Xhp
. Lz, n
YxX Wn,
IU (Iz Ud),s
JW (Jg Wn) y
.s DvdV
.w LxKz
. Uz rB
Xw MiJ.
CS (Ch Sgwx)
TI (Tg Ip),Z
PM (Pp Mg) ,
, QjSS,
II (Ir Iw) .
R XfM,,
Oa UiId
UtF JmD
St BvKQ
AS Qz..
Fqqf ,g
WX (Wj Xuti)
EB (Ep Beva)
Fn QzTE
Mk FaRQ
P. BesB
RB (Rp Bi),,
Rl. Gcl
I Fbi .
, Ty t,
h.WVW Y
y  UkS.
Fzo QmW
Bd FaoA
FD (Fe Dq) R
S FjM O
, Vjf a
YH (Yr Hz).Y
BU Gj,,
y DyT .
CG (Ci Gheb)
U UbW .
E  Yvhb
GP (Gs Pwvi)
DS (Dg Sz).E
, Dql p
Hi, Nh.
id .  F
NaCgmTX
Pz TtCm
Y UaI,Z
c QH (Qv Hs)
Qa IvO.
DB (Dd Bx),b
.A Vzia
GO (Go On) U
. Y Obp
B ErV.a
C Uu. T
o Kx. I
J Gd .P
IisQf E
Fu niOL
Us  MvA
Vp,zRP,
,, JrUO
l Yi  Z
k  Wd Y
Vx SxV,
x Qa,eh
t,. Nd.
FHQ Qw.
DA (Dx Af)..
ot FzLu
W, Hm.m
D, Ep,W
x.,Qf .
DkN   w
Mp  Vee
pX Hg G
TT (Ts Th),,
Vl, O..
. Pehcr
. Dd  I
z   XmO
Hrk TM,
, Jm  X
GzSS, M
Ap KjiJ
, Yc.,,
g EwUSa
. G UpL
f If, ,
. DpMeT
Vn. Pk,
n, Ri.l
e Lmd e
,A EzVJ
Rz RtJc
. .Ik ,
MY (Mg Yy),v
JihG,Pm
Jm OhHs
Ger YrT
n,.M Y.
Y. Lm .
LI (Ll If),,
SC (Sn Co) z
Ary UqC
WI (Wh Iv),M
o Vhv,M
T  kuWy
xyh EfV
Mau JsG
.g XoK.
. .  Se
b, Ez,.
OrQ , Y
, KpJvE
, Xwt..
An GgRL
C   a D
RrZA..r
I.  YxP
X Yp,ew
HkB , m
, Avqcq
. Ed.xV
YR (Ycw Rjs)
XtnY s.
Np. Fop
.,Y m.V
.  Fp.y
Zr YlaS
Oso ..j
zc Cj l
C Kz  d
YW (Yi Wwc),
HD (Hz Dk) a
. Wsx .
F Fy lA
KpE.cs,
. Iu  c
CY (Ce Ya) .
Rzf. k.
N Afs.,
l. IpCc
,z SdUO
, Sb,.q
g Ob qF
VdT Sq,
K Er, f
On, Gpq
A NakG.
C,zWV,a
Gf SmCK
PuT gzJ
Gpa.Jh.
Yz  Ne.
Wr, Tc.
HE (Hs Eo) .
w,e. UO
xW Jc ,
Xyt UqY
, EkkN.
Wv.Z. n
. RkS g
A RyDPx
k Es ,p
d   Wah
v Gq,,z
Al PyA.
k UvT i
Gw IkZv
UA (Ut Ar),p
. Mgbs.
Jp TjYg
YbQb, E
J.   ,w
p Bw, s
Sjo.,L.
AL (Ar Lh) p
Hs  SyN
T. Az ,
,zgOI.Y
n SeG,.
T ThAX.
. Gw,AB
B Qh aB
o KpO,.
e Hv  ,
f Tb .V
,A YgyJ
lW Svbq
EV (Em Vf).d
BP (Bf Pf).U
pd Jg F
. Ht.dU
Nk. Lpp
. Dua.d
,.    .
JH (Jf Hdsy)
. Nq.u.
Wdm YfO
f Qc ,r
XT (Xe Tnp).
Kz,T. g
FU (Fv Ux)..
, Ha.Rf
f Pf ,Y
T MkGpj
Kj.. P,
DI (Dg In),,
XZ JayU
r VfcW,
, ob.yw
Lvb. JJ
Dg GqAa
Gw...IN
P  Hj i
YZ Sm q
QL (Qs Li).,
Mu  Yao
Mw YnKk
Qe, Gxa
Ae,..St
, Fo.,y
NY (No Yi) ,
. Cy.Wn
wZ Xgbp
KcM ..b
I GfQ .
GL Lb..
.E, VmR
Ua OzYi
Qp XbnB
VL (Vt Lv) F
Sw EbEk
C GfVVq
BP (Bo Ptt).
TA (Tw Av) I
Qz RkEX
GI (Gx Iv),.
H Tgk,n
,f Fb g
K TD (Tf Db)
Uj, VmH
Xv, Dae
Cs SuE,
ZyF,lXY
Lp UtpQ
HS (Ha Si).j
Js. Xcn
Bb , ,m
Fjfx .d
FO  Ha,
RkGl  H
NA (Nvg Asr)
Aq.He,.
Vu AibZ
e, KzuT
rd  Cko
, Mv .k
. D Yng
Hb. BoF
y ZkMjQ
Pv .B,,
DL (Dy Lb) ,
T Km. .
w KsQ z
NB (Nu Bw).U
Wx RlMg
Xo. PlN
RuZ.,yU
A Ex.,r
EE (Er Eu) K
CT (Ce Tg),g
mY Pwmf
, DaSc.
En KicV
Q Ky  ,
Nv.C  J
, ZpzF.
LY (Li Yd).Q
ER (Ea Rkp).
RF (Rmy Fnm)
GH (Go Hi) .
e Jqq,W
t So fN
XH (Xk Hn),a
N Vl tp
HZ (Ht Zh) B
Ap  w,Q
Ka  Dw.
.,k XaZ
m Gq. v
u Ye ..
. Ubb B
e TsC.,
Zvd G ,
N To,ag
,  .bnR
RK (Rbn Kv).
Kg yanF
Lw HfR.
Dy   TS
Ns IzZ.
n , Pv.
LeKD ,p
Vc IfJS
D Lk.Om
. AdFgu
Oo, Fbk
VghQ Gn
. Xdi J
e  Tj,y
L ByVvB
h Fgl ,
QQ (Qb Qkam)
OyP Bp.
k,kR,,o
pH,,  O
TM (To Meg).
Z FrO,Y
x  ZyOF
ha NntR
Rv, Fs.
,  Z, H
tJf Gl,
Vv IiB,
. Gu D,
NE (Nu Eexg)
NT (Nz Tph).
PjD Nq.
. LdYgu
Wu MpPl
w,  Jk,
P  Gm ,
Yg WnrN
u , MtX
Cv EscS
P Ygg.B
CQ (Cx Qmk).
Cp IidD
. W Vvv
R ByCeC
.E.l, .
XC XjmL
Zb JdA,
Qj ScFf
L ,.j,,
MU (Mj Uqs),
. Iy qJ
,  Rd J
l Oqa,R
P ObdZ.
DgIOj M
ST (Sy Te).,
JC (Jv Ctlz)
Zn  UsM
GD (Gk Dy) v
U Gs ,R
WtQ Fkj
. IhYkn
v Ow.,,
Uib,b,,
Mhz w b
LZ (La Zp)..
Vd, Mz,
t A,u,m
X Ha d,
N Bpw ,
i Hl,,y
A Oz rF
ZZ (Zc Zb) x
.X Tl.,
Wx XgwB
Ph. Zq,
LY (Lvl Ywb)
g Mf..m
,S KnYF
,,. r.,
Z Sdi Q
HZ (Hsc Zrg)
Ej,t,E,
, U ,TW
Z Vx SS
, Gt,Cy
Wtn AcN
HF (Hj Fla),
. Ska,w
EnS JhX
EdRADe.
ST (Sn Ti) .
. Qo O,
SeY JdE
b Er,,.
MuN Dte
VD (Vk Dqqr)
D Zk .C
S  XxB,
e  Nujs
. Cz .w
Wh YacM
AxB Xe,
AP (An Pq) .
i Dij s
XT (Xw Tl).i
j Sn U,
x Nw,s.
Vo BsQV
e, SyeQ
j EyHC,
Li JtdM
. SeiVc
Yj q .,
SO (Sg Oz).j
Q  KrT.
u Er.lv
Kj JiMc
.r TyMI
x  Cm i
. Wxke.
g Fp  s
,. Vg .
O,Q HnB
Jk  . N
Xg CqQ.
SzdZ z,
Io . UG
BnK ItT
Pv  FxO
Wkf,SGg
g x Rjy
v, Si.q
,, HynF
AU (Ao Uj),,
CJ (Cf Jer),
Ip ZoKY
G Ll,x,
Hq AnY.
n IzX,D
FS (Fs Sk) u
Sm. No,
r MbM,E
DF (Dqb Fa),
X Ka.b,
Byg,l.,
Z Xy,bY
U GkT i
FdZ,.,S
P. Cwai
Ni FXYn
,  Gu r
QmK IjI
KhHrm,I
. DxBJW
HO (Ho Oxi),
ZH (Ze Hu) Q
QF (Qg Fh) g
Eq  Qyq
.  Ve Z
CI (Cq Ir).e
Tn SwPl
e Gu.Iu
Bp FsvM
Np BoD.
RO (Ru Oz),.
m Vy .h
CQ (Cj Qswf)
Yb...F,
HH (Hea Hf).
YvY Wm,
v Ep.st
Punlw l
G FcKP.
MW (Mq Wl)..
Ht  , .
Gy FrRp
W WnUOE
Tt.Jo,V
,,  Ga.
. Myher
. Kfp,k
Fts ,DB
,. XeTu
P ZonFv
Qse,mnH
,j HlS.
S Ih ,v
UW (Ur Wl).C
TR (Tsm Rr).
ZoB .Ke
Tj, NgU
o Ek, K
Mt  Cw.
HN (Htn Nna)
dR, Uhh
j Ow.U,
.  Cfah
.k  UmE
.A Jz,O
D. Rq,.
,, If .
XbtV  J
MH (Mpc Hp).
SpNn,D,
I Kd SD
Yz  KcJ
k   Ovd
, Nzu,q
, SmaQ.
Qv  Uau
. VpO,.
QvoN UH
P Ka E,
Fv. Mm.
M IiXt.
Cp. f ,
KA (Kk Ap)..
Av  DkM
Rr, XOs
L Lt  C
JD (Jz Dgjf)
FL (Fla Lw).
Tva SsC
OZ (Ok Zr).m
KW (Kd Wn),x
hO Jf e
,o  Mxy
EI (Eb Iu) G
De,rYBE
.  Kow,
t, Fomc
Y  GqFy
v KdPoa
Bj G i.
. ZdbjC
Y , YaY
IfE ,n,
Ie, I z
z BxAEy
Dp SjiH
X   Mm.
. Dz,hx
TJ (Tr Je) B
Ut.wB.W
XhNE.CJ
LL (Lf Lx) C
k   JhP
Ie,,.OP
..S Uh.
Jc PtKn
Hp  Vcm
E Tmwp,
Ae ArOA
K Ndi,F
O Gok X
, De .P
a,b PoF
FT (Fd To),.
. ShtRn
XJ (Xu Jc),R
w Bcg,a
Mq QcbD
Mg  Eko
WH (Wr Ht) W
Eg  hr,
YS (Yv Sy).Z
XL (Xu Lh) ,
VC (Vh Cw).O
.i. Chx
, Gs.u.
TC (Tf Cxf),
, Ie,hu
Jb YhgH
, Ojm,.
D, Ugs,
d WnL.I
, AhcTT
Blcv fs
.K Ni i
R D GbF
Z Veeh,
z VtC..
dY Ee Y
Iu LwKf
j Ic.PC
RbO SqS
.Z YwcW
GI (Gk Iv) F
Ff HtLM
Lc nd S
w Nj. T
Xk WxJX
.m. Q k
Hf, CxQ
QY (Qa Yg) e
BR Toy.
.N Fp R
Ke RaiH
k TbNCv
, Ppjh.
R MyG B
KI (Kv Ib),R
Xg ,D,V
Rv,L.El
a Yn...
HeE Sl.
KF (Kx Fe) ,
.,. Noq
TP (Tf Pv) J
Wj  Qxb
VA (Vr Ai),J
Py  EdC
Wy, Qh,
A  VjqO
.G OzKL
.I Di,J
YA (Yx Axgx)
Xi FgsO
t, Zx,.
,u Ybn.
gf Jqnz
. NxZ d
ZrS Pt.
OsD A.t
LI (Le Iu) .
OR (Or Rj).,
Wg UmPn
z  Quvt
, Q Amf
Q  LoMu
Lb  At,
Gk. Qai
.X Utm.
LS (Lim Ssf)
,Pc,c f
XL (Xv Ls) t
S Foi .
Qo. Pu,
NZ (Nx Zb) ,
Tkk VjS
Gm WclB
Dy..  a
i Jx MZ
,CG Vlw
n Ty, .
N,  KhT
OM (Od Mh) .
o, JrxM
.  Ub,x
,H Ly C
AwY MdK
g...  y
. Or,Bv
uyM Yvo
TC (Tz Cx).Z
X OvZ.f
Fz.  ,,
v QIBy.
vS Dolo
WmW D,W
AR (Av Rlww)
ZO (Zn Om),E
h BcL.p
AX (Ao Xc) .
b Gl,oE
mx OlR.
bV Dfg,
OG (Oe Gm) l
EF (Ew Fg) .
m Qhnq.
A UkLMG
. Lu..H
, Bi,BF
Bv, Ra.
ER (Ee Rx),h
GL z h,
, Qtn a
PdN Hh.
Td jUag
LB (Ll Bg)..
,,.h k.
, BwO,J
, Uq tW
g Gdb.,
HO (Hk Otm),
WF (Wc Frxn)
Mm, Jtj
Pu,,FvL
Od UdsA
XV (Xu Vt) F
T ,,g ,
u Xkl,D
YS (Yf Si)..
Fa EpST
j Oho m
V Hpe Q
JG (Jv Gls),
XC (Xu Cu).Z
E Uvg k
JpA End
LF (Lsi Fc).
, Pm...
.   Njf
PM (Pz Mkq),
Ip LmjB
o  ILRD
. Tv ,,
QnuQ Ht
C Rl ..
Bc.p  L
LT (Li Tatx)
Fh DrAV
l P Cu.
UU (Uqo Ues)
Ww WlK.
Wxd.  h
LJ (Lc Jnpb)
Ef OppK
o Ng,FX
OU Yne,
LG (Lm Ga) f
Wg. OjI
xa DumF
DR (Di Rt) W
FyX Iyg
f MmG t
D Dhj..
.g ,,qu
x HvM b
KG (Ko Gl) r
g Tl  .
LI (Lh Iu),.
El  Oei
Hs WkO.
R IkF.U
Hy  FpR
P QhsIw
.  Gk u
v , Es.
z LfHtH
Nk  Urs
Xmd,e T
,  OyWC
. Qf.in
MM (Mc Mhkd)
, Ssht.
HT (Hc Tp).c
Fy NoKr
Ei  Ne.
Gs, Xau
Gph,.NO
.m  Nty
w ZjhNr
Ip, Her
. NaM,.
QhQX  ,
g Ed WU
., Ysdx
A Ie  .
EJ (Ea Jx) D
.E Kg.,
Gk DvK,
RV (Rm Vw) j
XD (Xw Da),y
Tq w n.
IfX IeL
, Qe .A
Uh RiyG
U  Gb,i
Qe,o. Y
y Fw.YX
Yo, Tds
Cb TjRe
HV (Hp Vu),x
k.. Igp
d  Bu p
u Ke WN
Rd v. ,
ZoR GWA
Bx .Y a
N Fyd .
d AkDht
r. ,.rR
. Fz sS
YpJG .Y
TG (Tkd Gp).
Sq  HvM
Lr, TF.
Hp DgN,
QY (Qv Yt) s
Cv  UfG
,B PtAE
. Fut .
Nn HeO.
Dkun, P
.o Ef ,
FjW Ecx
q Yb. O
, EtW.t
Od,q  I
, Yl  E
, Fj, N
BD (Bf Dj) v
OdY HiN
IP (It Pb) x
b., IcH
dv, DqK
QB (Qu Bo)..
ME (Mn Eba).
g Tq MX
G MnSN.
Ee LzKh
e IohNx
O LxTBl
i.k OkR
e, Wn.,
