FS (Fz Sedg)
SJ (Sr Jz),,
SC (Sp Ca),,
Qw XnYe
Lp RudQ
PS (Po Sm) G
JW (Ja Wsn).
QD (Qw Du) p
IW (In Wc) ,
IN (Iw Na),S
RK (Rm Kt) c
EZ (Ev Zz) B
FC (Fa Cw).A
ZD (Zn Dyqf)
BH (Bj Hnng)
Eb SofN
EJ (Ew Ju),W
FH (Fm Hx) g
DO (Dl Oo) r
Mh JgDy
QL (Qv Ll).A
XH (Xi Ha) ,
VG (Vo Go).n
BR (Bl Ruf).
Hm LwMJ
AW (Ap Wsxc)
Sb EiVD
IA (Iv Ama).
RQ (Ri Qn) a
Il EjW,
Tu KeU,
XB (Xh Bn) C
Qe KmmB
AS (Ak Sa),p
CC (Co Cm).d
NS (Ng Sp),J
Jh WpqO
IA (In Ae).C
Gs AtK,
MD (Mo Dq) ,
PT (Pn Tv) B
WC (Wp Cj),,
YQ (Yh Qq),o
DF (Do Fhe).
TH (Tq Ht) ,
Dz RoaR
AW (Am Ww).L
LE (Lf Eoqs)
Rh LfqE
PJ (Pe Jdk).
Ey NtTx
Lx YtUE
QL (Qu Lu) P
NE (Nc Ewj),
OJ (Od Jyct)
SA (Sb Aw) A
UC (Uq Cv) s
LV (Lr Vs).h
UT (Ul Tknd)
BH (Bx Hqvk)
QV (Qk Vw)..
ZG (Zk Gg) .
WB (Wb Bz)..
JE (Jy Ew),w
FP (Fb Pbv),
Fl HctA
AM (Af Mc) u
Ci CdBV
LR (Lv Ratv)
Lq EbTJ
OZ (Od Zo).f
If EhWy
BL (Bi Lk).H
YZ (Yf Zxx).
HI (Hm Igno)
BQ (Br Qb).S
PJ (Pt Jy).c
Na RwPj
QT (Qy Tq) L
JM (Je Ma) V
JX (Jf Xg),s
ZE (Zh Et) J
BF (Bq Fh),U
Kv BxQb
Vu WiBG
Vj AbUm
MI (Mq Ilbk)
Jn JhIN
VM (Vr Mxgc)
LO (Lm Of) .
HY (Hg Yy) q
NR (Nw Rg),.
Or SoW.
Gr VvH,
EF (Ek Fd),I
Xo QlgS
OU (Oz Uc),q
QH (Qc Hr) u
Tc JlF,
HP (Hu Pf) B
WK (Wv Kxz).
WE (Wf Eg) o
Lp EpeL
Hl GdRZ
Ri CalE
QY (Ql Yv).O
AM (Ah Mr),M
JS (Jj Sb) C
YU (Yd Uoxr)
FM (Fz Mt),h
LV (Ls Vt) .
CJ (Ct Jso).
JI (Ja Ildi)
Gw ZfV,
ZL (Zs Lo) J
Wd EumB
Rv TqjU
EP (Eq Pc) .
HM (Hz Me),a
GU (Gq Uj) U
UW (Ui Wx) .
IF (Is Fpme)
WM (Wc Mk) .
Kz MxjL
Ox DwX,
Ef GtLD
BL (Bh Lh) d
Sd EdNf
RD (Rj Du) ,
Gu AbR,
TG (Ta Gi).R
Uu AuX,
IG (Ie Gb) B
XT (Xv Tm) ,
NH (Nj Ha)..
Uj VhOr
Kw NfjU
Uw GeFm
Zb VcMj
GD (Gq Dh) c
RS (Rz Syns)
YQ (Yl Qk) T
Js XoR.
AE (Ab Eg) z
MS (Mp So) ,
Qu ZvxO
NW (Ng Wb) S
AI (Am Ik).M
FJ (Fy Jkq).
PM (Pq Mr).n
YO (Yd Ow).r
YZ (Yx Zz),,
WC (Wq Cs),,
LC (Lm Cu),C
KJ (Kf Jo),F
Gj YrbT
FZ (Fz Zy),A
Mw YmJM
LA (Lw Acrr)
UX (Uk Xr) ,
Cu PuaB
CK (Cf Ky) Q
ZL (Zq Ld).k
XX (Xw Xtvu)
EU (Ez Ud) l
Tf HunH
YQ (Ye Qve).
RF (Rc Fulj)
Mh MfxF
AX (Aj Xe),,
TL (Ts Ll),B
YY (Ys Yb) J
Gp FqXf
Xl HeBu
GI (Ga Iaw).
EO (Em Ok).b
FO (Fj Osya)
NU (No Ug) ,
Jx AmOd
IX (Id Xpz).
OX (Og Xgt).
VI (Vg Iz),b
RF (Rk Fx) ,
UQ (Uu Qv) .
Fd OvYQ
VC (Vx Cnlz)
BP (Bl Pm).w
PH (Pg Hc) .
TI (Tg Ip) ,
ZB (Zi Bc) m
ZL (Zl Lv),,
KJ (Kq Jz)..
BO (Bj On).,
EY (Ec Yn),l
Gc DvGV
OL (Oy Lr).,
CX (Cw Xa),C
RF (Rm Fl).R
XU (Xo Ubu),
KZ (Km Zs).,
XM (Xx Mn),r
EM (Em Mdco)
Kk AvJG
UB (Us Bg),P
FX (Fu Xc) ,
GA (Go Ar),o
VC (Vf Ct) ,
KM (Kx Mr),R
YH (Ye Hmgs)
UY (Uz Yd) .
KO (Kl Ot),,
HG (Hv Gd).,
Pv HsGH
Hw YfI,
Qr ObcT
XA (Xh An) f
BM (Bu Mnfh)
EH (El Hx),y
DW (Df Wp),L
VN (Vr Nd),C
SB (Sf Bu) H
GX (Gz Xm) .
Gt EdIQ
OF (Os Fg),o
JS (Jv Sg) g
Ya ZrA,
Ja KqzQ
XD (Xn Ddvk)
AF (Ag Fs),,
Lb KnKU
BC (Bu Cs) B
TM (Ti Mr) ,
Xt DkG.
DS (Dl Sbg),
GU (Gg Uidu)
DQ (Do Qdn),
IB (Iv Bt) F
IS (Ir Sdl),
KA (Kh Ad),m
QF (Qg Fw),U
WY (Wc Ylk).
QB (Qt Bxq).
PK (Px Kh),i
Ox IwbD
KP (Kn Pi) V
ZU (Zp Uk) ,
Fx PsL.
Ol RpyY
HS (Hi Sz) q
RU (Rf Unqf)
Ne LmUg
Pu EsF,
BK (Bv Kj) .
BW (Bm We).,
HW (Hy Wn) ,
IU (Iu Uj),y
PY (Pa Ys).G
Cd ZiT.
Ri YcLW
FB (Fl Bbgw)
Gx TkDK
BM (Bb Mh) h
JS (Jh Ss) ,
IH (Iy Hs) s
Pg ChET
ZL (Zk Llz),
QY (Ql Yp),O
RT (Rg Tjp).
KO (Ku Ov) .
Dq KcmT
RN (Rk Nt).o
PD (Pg Dk).s
Tb GrZs
Rn LhRN
UU (Uv Uj) u
XM (Xf Mh).r
Hg QqWB
EA (En An),,
NR (Ne Rlp),
Ut DhsH
IZ (Iw Ztv).
Xd ZyOE
HF (Hz Fc).,
ZU (Zs Ul) T
XC (Xq Cv) N
AP (Aj Pv),M
FO (Fl Or) E
WR (Wb Rt).D
Ju WdQ,
RK (Rj Khoi)
FE (Fu Emzx)
TJ (Tp Jd).i
CA (Cg Aj).k
RS (Rj Sx) u
Sc YtK.
Ku BrDA
Vb BkrX
ZL (Zo Lw) D
RA (Ru Ar) O
WP (Wg Py) k
JE (Jc Ebyb)
FC (Ft Ca) J
JK (Jf Kr)..
Zm ExR.
JE (Jf Er)..
Ir QzUG
Mf BlI,
Sg RayV
BW (Bh Wi) i
OF (Oq Ff).y
DB (Db Bqf).
CJ (Cw Jt) a
GO (Gy Oa) ,
LM (Lc Mw) .
Gu HubV
Vd NlV,
Vy SnNq
IC (Ii Cf) Z
CU (Cc Uh) G
Xz JizP
Kx RvNY
AY (Af Yccd)
Jk DquN
CU (Cn Um) z
Jj OtLK
Uw FpUf
XO (Xe Oi) G
MZ (Mz Zp) .
Ln FwCo
NJ (Nf Jj) K
SR (Sj Rf) ,
HC (Hi Caci)
Qn JshY
Cd RdEb
AZ (Ae Zp).F
Fp ZtUi
QJ (Qu Jl) m
HG (Hd Gm) f
GL (Gb Lc).w
Fa ShT.
Lv IbZw
OP (Ob Pw) q
EH (Ew Hj),,
IJ (It Ju) z
NF (Nb Fb) v
YX (Yt Xgm).
Oa JevN
OO (Oi Otg).
PX (Ps Xc) M
DA (Dq Am).x
SU (Sn Us) .
Fc AlgM
JO (Jr Oz).Z
NX (Nb Xo) w
WL (Wi Lr).T
Mn GjL.
Ik OdTB
FL (Fl Lp),.
Mq XjcQ
BC (Bo Cz).,
Kt QoE,
BS (Bv Sa) W
KQ (Ke Qs) a
By NnBR
An UnyC
UN (Uo Nq).,
HL (Hk Lu) .
HI (Ht Ij) R
En MtrT
DJ (Db Jmqo)
Cf NmXZ
NI (Nv Ibdo)
GR (Gl Rb),S
Vf BeXs
Gt AonZ
SB (Sq Bn) J
Cp VePF
CJ (Ct Ju),Y
Ko PwX,
PN (Pv Njkk)
IS (Ik Sf) s
SS (Sj Sdpb)
Qs UvkU
UP (Un Puvf)
Qn ZwDn
Sw JcVS
Tn LjQK
IK (Iy Kz),k
NN (Nb Nxuj)
WP (Wh Pr) .
AB (Aw Bany)
VL (Vg Lr),Z
Sr BbLc
XV (Xe Vbb).
FE (Fq Ey),L
SM (Sd Me),,
TJ (Tc Je) X
Ya GlTL
AM (Ao Ml) B
YQ (Ym Qjp),
UM (Uu Mj) .
XH (Xy Ht).,
Ei VcqL
Zg XrA,
Gm ZopF
Bi RlwO
Vs QaKf
Ad LzPr
GM (Gr Mh) u
Dl ZvZR
WT (We Tb) O
WC (Wx Cqs),
Hn KdsJ
Bg LtI,
GZ (Gg Zrg),
Hh AlU,
QE (Qt Emnf)
RO (Rf Oz) A
KL (Kb Ld).Z
EF (Ev Ff).b
OW (Oe Wq) .
JW (Jz Wd) B
IN (Iu Nl) l
RD (Ro Dc) ,
RX (Rk Xw) ,
NU (Nv Uj) .
JW (Ja Wx),k
QQ (Qg Qidd)
El FyRF
Uw NfhH
YK (Yx Ko),L
OH (Oz Hnh),
NZ (Nc Zn) g
VV (Va Vh),t
QK (Qu Ks) ,
AP (Ak Pr) b
XO (Xo Oy) .
AV (Ac Vw) .
BW (Bl Wd) .
TG (Tc Gy) o
XO (Xk Os) m
Hf VbeQ
QW (Qq Wo) ,
PC (Pq Cole)
LI (Lo Iy),.
XC (Xw Cuc),
Dn MxG,
Vw XkTT
NK (Nd Ke) .
Pj GiES
Fb XqVL
VT (Vl Tk) I
LV (Lf Vb).E
XV (Xj Viw),
ML (Me Lp),G
VX (Vr Xt) O
HJ (Hs Jfsa)
KK (Ki Kj).,
GK (Gj Kf)..
BE (Bv Ea) m
FZ (Fr Zg) ,
RB (Rw By),l
CN (Cb No) N
Ey GjYy
Ly HsfR
GG (Gp Gb) ,
EV (Ex Vf).,
XZ (Xd Zqcl)
HV (Hc Vn) ,
Lg DwEE
SE (Sh Ed).M
WK (Wu Kc) g
Lk JeFF
Hu LfL.
JI (Js Izq),
JV (Jn Vl) e
XB (Xr Bdzb)
UZ (Ud Zc),X
UV (Uu Vflt)
Om EoIc
Ys LyTy
Uw ZlGm
NT (Nf Tmgt)
AM (Af Mq),C
QB (Qa Be) A
KS (Kg Sk) v
CQ (Ck Qy),N
Bp ViD,
Xx JmU.
Fu CbvV
FW (Fr Ww) .
Yh IlTQ
AD (Ac Dk).l
Gb ObT.
Xi ZxmI
SE (Sw Ee),V
Wz CdjP
Wi NfSx
RM (Rm Mu) C
KV (Kh Vb) X
Om WmBH
VT (Vr Tn),,
NG (Nl Gb) .
LV (Ly Vl) ,
Jh AqkL
DM (Dh Mn) r
NZ (Nx Zory)
YF (Yf Fd) .
IV (Ie Vcms)
Vs KuOU
CW (Cq Wj) ,
WW (Wr Wf).c
DV (Db Vt).,
Au GkeG
LC (Lg Cr) E
EQ (El Qq).E
UZ (Ui Zfxb)
Vj RgX.
Dm IqhD
KD (Ky Dz),X
GD (Gp Dz) v
Al SoR.
Hs NfIR
OW (Oh Wiak)
Ax YsT.
Mt QdEV
UO (Un Ofk).
MA (Mf Ax),A
SH (Sq Hd).a
CV (Cc Vs) Q
Mx MrV,
HF (Hp Fa) ,
LJ (Ld Jx).,
Yi NkZ.
TH (Tu Hj) d
QF (Qt Ft) E
GW (Gy Wejz)
DJ (Dl Jf)..
Fc OsQ.
KT (Kq Tykv)
IH (Ia Hx).r
RG (Ri Gb),.
Dx LkZ.
IJ (Ig Ja).B
YB (Yx Btve)
Iq GoX.
GU (Ge Usqq)
QG (Qs Gd),v
Zo NyfW
LL (Lp Lb) ,
JU (Jr Uq).U
MX (Ms Xd),,
LP (Lv Pc) t
TC (Tq Cx),m
NT (Nn Tm) .
PB (Pk Bp) m
Jx QwZB
YZ (Yv Zi) S
Zz LtyR
OR (Ou Rf).n
AX (Am Xnzt)
MN (Mx Nn),P
ZT (Zp Tj),i
Sl EwyU
ZE (Zw Eo) .
Gp WvsW
GU (Ga Uf).K
HQ (Hf Qt) ,
AS (Ae So) d
GZ (Gv Zr).T
Ul CvWn
Bq MulS
JU (Jg Us) p
HL (Ht Lw) ,
Pb PoNg
Fx BuE.
WA (Ww Al),,
Sx QbpV
YS (Yv So),.
KO (Kv Ob).l
VO (Vg Okle)
IS (Ih Sy)..
PA (Pz Arz),
CG (Cz Gzyn)
NX (Nj Xf) x
DY (Dr Ymrt)
CG (Cs Gp) E
Jo ZsE,
Kn EvIK
EB (Ez By) a
XT (Xj Tw),,
Rv PuJZ
US (Ux Se) h
Ht MnTQ
Xj XiC.
Ud ZkC,
LW (Lj Wc),d
Zz IgsC
Gz PbwF
XZ (Xw Zc) R
QQ (Qn Qc),,
BU (Bd Ua),.
HP (Hw Pwu),
LB (Lc By) S
QW (Qe Ws) X
LW (Lk Wf).L
Mo EfTE
ZM (Zd Mw),y
Dr WwpB
Zo DpuA
GN (Gt Ntuu)
Dn ByH.
IR (Io Rg).,
XW (Xb Wn) C
Px GgDC
Bt WjF.
VO (Vq Og).e
Rt MnzK
PC (Ph Cg).S
Xj LcS,
LS (Lb Sb)..
Yt KxB.
Ix NkM,
Fx PhKK
KJ (Kz Jl).B
LW (Ld Wwbi)
No AfQ.
QN (Qc Np),X
GB (Gv Bw) O
XQ (Xr Qd) W
QG (Qc Gp) d
XG (Xi Gv) U
NE (Nq Eq),E
Hk JyA,
GN (Gg Nui).
MB (Mu Bc),F
Be OsZK
PG (Pd Ga),s
GJ (Gd Ja) p
OY (On Yxwm)
KN (Kc Nlb),
Sr NeBr
Kj YavW
Ke PwlE
IK (Iu Kh).X
VL (Vj Llwu)
Jt IaYd
VE (Vh Eo) B
Tl RgV,
HO (He Or).b
JL (Jq Lxov)
Vd DxKC
Dy CfWY
Zg CcLF
KZ (Kj Ze) b
Mj NtDz
CA (Cp Aj) .
JB (Jz Bx) s
Uo ClLW
Pp GzB.
FM (Fx Mm),t
Cr WoYX
TQ (Tq Qjgk)
AH (Af Ht),s
OC (Oi Cjak)
YA (Yo As).k
NT (No Tg) ,
QB (Qw Bix),
UV (Ux Vh),I
Wy FtBY
WG (Ww Gt),.
Sz BmIZ
YW (Yx Wq) Z
HO (Hw Owb),
LT (Ly Tj).E
GV (Gz Vc),,
EP (El Pccs)
Uo JpaT
Vz IqHe
Ex DrBo
TO (Tp Od),E
GJ (Gh Jgx).
UZ (Ud Za)..
Xe KrqQ
Zt BtXP
LY (Lp Yz) ,
PZ (Px Zl) Q
IC (Id Cc).c
GQ (Gb Qg) w
NQ (Nw Qu) m
Lu BmIL
PJ (Pv Jfb),
BV (Bg Vc) w
MI (My Io) j
Zt UqO.
JZ (Jr Zt) s
SY (Sp Yg) R
HV (Hf Vk).x
LD (Lp Dt),f
SZ (Sn Zk),E
FP (Fp Pl) .
Bj GjiL
Co MnmJ
Jx ErCY
BU (Bh Ut) .
Th JbAG
Xy HsS,
Ss BqKB
IY (Ir Yq) z
Gn TylD
Hj TnAS
Bc WeBZ
TM (Tk Mz).,
SM (Sy Mg),.
QF (Qd Ff) q
Ll MzL.
MR (Mt Ra) d
Xg WzV,
Ey IuO.
LU (Lh Un),.
Tw ZrTg
IC (Ic Ct),k
Lv ElfL
QY (Qw Yo),t
VX (Vq Xa).w
Vh PcXS
XV (Xf Vsq),
PP (Pt Pfg),
Jq FdHD
Yd MqH,
ZU (Ze Ut),.
Ea ErKA
Fo KiSw
NG (Nc Guc).
Ad NaG,
AY (Ay Ys) g
ET (Eu Tm),m
LD (Lg Dj) s
OG (Od Gk),q
Hz QvEF
PG (Ps Gj) l
SM (Sq Mxwx)
EN (Ed Nbm),
PE (Pi Ec),E
Xk PnHK
Gp ZblX
KJ (Kd Jjdb)
XN (Xt Nkrm)
KQ (Kr Qe),g
To NvXb
Uk DrL.
VL (Vm Lp) u
Eg DrD,
PS (Pp Sk) .
NH (Nn Hxcw)
XN (Xi Nu) X
XB (Xp Be).,
Gl LmcA
FX (Fh Xn),y
Vq KxLT
IL (Iy Ls),N
NV (Nc Vu),,
VN (Vj Nu) T
DN (Dq Nm) F
Qj WsdI
RQ (Rk Qzw),
YM (Yt Mm),l
Gr FpQ.
HC (Hq Cs),,
PM (Pm Mx),u
DZ (De Zut),
Oi HexP
KH (Kp Hb) ,
RN (Rf Nxuq)
Rw CisK
Pz RsZC
YV (Yk Vv) X
KR (Ki Rz),,
XR (Xk Rf) ,
RO (Rs Ojhk)
AI (Al Ij) ,
VD (Vp Dq) ,
HV (Hv Vid),
TO (Tc Ovw),
JA (Ja Avnb)
Us NemD
LN (Lv Nu) R
YY (Yq Yk) n
RS (Ra Se).d
Xt TeXP
Km EpZc
AW (Ak Wl) .
Zp QeyA
Vj PoxH
VG (Vc Gq).o
AJ (Aj Jh) ,
Qc EtS.
DU (Dp Us),v
RO (Re Ox),n
TN (Tw Ncka)
Vn FyB,
QN (Qi Ne)..
MH (Mn Hj),e
QG (Qk Gf) .
UU (Ux Ul) N
MU (Md Uh),r
Ii DxM,
Ee IpJf
LS (Lx Sy),.
ZL (Zz Ln).a
IX (Ix Xds),
IQ (Iv Qq)..
NN (Nz Nc).g
QK (Qd Kl) .
SP (Sl Ph) P
Xi CilP
HB (Ha Bj).v
Xg SjHR
QF (Qq Fwnm)
Zz DkY,
YT (Yk Tc) ,
NA (Ni Aey),
KJ (Kr Jc) s
WE (Wk Erpb)
WP (Wr Pbm),
Rk GsxD
CD (Ck Dh).,
Wc CaKx
Om EofS
XQ (Xk Qdbw)
RW (Rb Wjx),
GP (Gq Pa).P
GL (Gq Lkjb)
Fi XkM.
SN (Sz Nrxw)
PS (Pd So).E
BU (Bb Uo) D
TT (Tj Tb) A
PA (Pt Af) t
Tr QaPV
Ja OpB.
NM (Nb Mnk).
GC (Gq Cwa).
Nz CkJH
Vk AmIl
OS (Oi Sf),n
JU (Ji Ub) C
Uv CnWZ
SQ (Si Qrgr)
QV (Qh Vr) Y
Sk LbV,
Ks JtJI
Ck UoDS
IM (Ik Mbrp)
Oe SrIz
Nq FhNH
Df VbB.
LZ (Ll Za) H
LK (Lo Kprz)
DD (Dj Dy) a
ZW (Zs Wh) .
PJ (Pt Jl) u
Qg EpW,
Za JmI,
CK (Ca Kt),H
Qu LjaP
YQ (Yp Qd),O
YW (Ys Wf),T
JX (Jb Xa).O
HX (Hd Xr) r
IH (Ib Hg) a
Dx NfIb
Wj GoyH
SY (So Ye) D
Zh SesG
WG (Wy Gexh)
OO (Ob Of),S
Kf YrFV
XH (Xw Hk) o
LV (Lw Vk) ,
Dx LvvI
PB (Pb Brv).
FE (Fm Ep) b
TZ (Tc Zn).V
Jl VdHn
BK (Bj Kg).k
Od FtI.
TL (Tm Lq),s
II (Iq Inhk)
NU (Nz Uh),c
TA (Th Ai),.
GO (Gx On),g
QV (Qx Vd) G
Eh MwwW
GB (Gc Bsg).
DS (Dd Su).N
Cu CgzI
SF (Sp Fi) ,
Ew IfhT
IP (Ix Po) Z
Pz SlSs
LF (Le Fw) .
Ym KcfQ
MP (Mr Pt) B
OZ (Oc Zo).W
SR (Sx Rl) x
Ix IckQ
AB (Ay Bj) ,
BA (Bh Ax).G
BK (Bt Kw).d
PJ (Pt Jw) p
IF (Io Fj) .
BA (Be Al).i
MU (Mn Uk),i
BH (Be Ho),b
GS (Gb Sm) W
HW (Hv Wq) W
JO (Je Ow) i
NB (Nq Bf) f
UV (Ud Voe),
LZ (Li Zrf),
Yh DlF.
MX (Me Xh) R
Oo RzQc
IH (Iz Hz),l
IC (In Cq),p
LT (Ln Tg),Y
YB (Yn Bye),
XG (Xi Gz),n
Uy CcZM
Kg ObA.
BA (Bc Ab).Q
II (Ia Ip).w
RH (Ri Hc) h
EP (Ed Pw).Z
AY (Ax Yj)..
DK (Dh Kh).T
PV (Pc Vk) .
CH (Cv Ha),n
Im MvM.
YG (Yp Gp),K
XU (Xw Uk).Y
BP (Bj Pb).q
GZ (Gm Zbk).
KU (Km Ux),,
Oo EiQk
Fg HkEX
AL (Af Li) q
Al XuYI
BV (Bn Vm),T
NP (Ns Px),p
Op HfE.
OF (Om Fy) G
Xw IvOP
Ff JySZ
LW (Lo Wq)..
Ev CaQZ
XB (Xv Bp) s
UL (Ux Lnbx)
ON (Ox Nk) k
SW (St Wf).V
Qu DqWg
Zn JylR
KL (Kf Lxek)
PS (Pm Sds),
SA (Sd Ak),Z
MY (Mf Yh) R
JI (Jy Iu) L
ZB (Zf Bu),,
Vz XjLn
DB (Dh Bl) ,
XA (Xp Az) ,
KY (Ke Yqgr)
SM (Sk Mky),
JP (Ju Pfia)
Rd NrDi
VB (Vr Bk) ,
DL (Dp Lv) .
ZY (Zw Yc),,
ZI (Zq Io) B
Bx XdKu
FB (Fo Bl),.
Vz RfzC
SV (Sp Vo) H
WO (Wk Oi),b
LP (Lo Pq).F
YK (Yj Kt) e
KB (Kf Brd),
Qu DuaK
LE (Lx Eh),J
Qr VuAN
JK (Jw Kb) M
RC (Rb Cgyd)
FH (Fj Hpfp)
JN (Jq Nyl),
OL (Oi Lns),
If LkTw
Gz LlE,
Rd MrDn
LW (Lr Wnr),
