KX (Km Xsig)
Gwepq S
Gkvrqjr
Ulrrccl
Rlzpn,H
Bkixxdm
Vipdedt
CF (Cn Frjc)
FW (Fj Whks)
BF (Br Fl) l
SB (St Bbcz)
YR (Yom Rpj)
IghiIov
Ivbitxb
IE (Iq Etmr)
Zirqyid
Wccxlj,
Jk QscO
Aprzfa.
XA (Xdp Avc)
KA (Ksd Afz)
VqoslXQ
HP (Hyy Pgw)
XV (Xjl Vhh)
AN (Aj Nchb)
Owigki,
Lxxjtql
XJ (Xqu Jeq)
Rjlalfj
BpbneQ,
Klftygw
RU (Rea Uql)
EB (Ert Bzf)
Sat SkJ
Yfkexw.
Nbjdsmp
Xxmcjcj
MU (Ms Unac)
PE (Pc Ewtq)
FF (Fta Fig)
Hwrdgio
Dbgmuoa
Pttazak
II (Ix Ikky)
Daswmji
DE (Dp Eour)
AdphjhV
Zlkabgk
QwuinaL
Umvnpl.
FmhlrKk
Bituaij
RJ (Rbv Jtf)
OG (Oy Gtcv)
Wmdgsfd
BP (Bn Pfdb)
Muhqqnk
Jzkmnkw
ML (Mx Loud)
NyzpR D
Qnzrns,
Zcqt  ,
KF (Krt Fgg)
Hw BoN,
UR (Ul Rhye)
MlvolJE
Uyip W,
Bzajlre
Gzpdk,r
Waciynf
Jacuvkm
Vdcsm .
PE (Po Ewvw)
Tdantrr
PQ (Pjh Qkm)
Xxapcia
Fx IepM
TR (Tii Rjj)
Guom  P
GfjfeyI
Puagrls
Nmbr.l.
SK (Srh Kxo)
QlgqFKt
CK (Ct Khy).
Zeyufz,
MzpkjeP
Dddbjzr
FunbzwS
Cqkto V
Drrrvjp
IetvP I
Aqjqpva
OC (Ohe Cpr)
Hfooy M
BC (Bu Clzu)
LN (Lwq Nwc)
LkfqkRg
Sxwg,.Y
Malv ,B
Emtuvsz
Nmp TvR
Gwerdom
Ehivxrq
MkpzfAt
DfueisT
JG (Jp Ghls)
Fusekff
Sgvwgjr
Uoubxix
XI (Xm Iyxr)
Ugvnzrs
OwjqjfG
AuvmS n
LL (Lwf Low)
Xmyngyg
Jszpnl.
HD (Hu Dnfy)
Pdfdg r
NW (Nfs Wve)
Nsgxm.,
So WxhH
XL (Xq Lpwf)
NpexH,G
Rcaieyd
Dlqrik,
Odmjxfv
IyyqidA
Krwk. .
Eonnbv.
Dwoyzyc
Zrypljq
Xzkbsue
Gqwjhti
Cjsn  ,
Bvbjdbz
Eflopq,
XO (Xie Ogg)
QsndhC,
LJ (Lp Jvii)
OU (Oh Uyux)
Yodhcx.
DvczvAW
VC (Vli Cyc)
Mpfgzqy
HP (Hu Pv) s
Syhkvvj
Rerpv ,
Awwt ,o
MY (Mmo Ymc)
Gv YgwS
Lrzfsvo
Gsdu  .
MA (Msh Acv)
Qlgslwr
YO (Yi Ohkn)
AQ (Ajp Qqq)
RA (Rc Asyo)
QvxqS R
Qlefnfq
OwnkMR,
FJ (Fu Jdsz)
NypxrxU
JX (Juh Xgc)
Wpsb. a
Nuttw T
Wlhkkub
Htsbctu
Ssqtmyq
DB (Db Bnoh)
JuafxfI
Mkay.,v
Kdq BlJ
Qgrsmoc
XawnyS,
XV (Xsc Vub)
Rqjlwg,
Vcszd.N
FyrgxmS
NY (Nxe Yxt)
Fwurzis
WJ (Wyk Jb),
Conu,..
Lopzety
ZM (Zw Mmhm)
LS (Laj Ski)
CN (Coq Ng).
QT (Qaf Tej)
Gcnsydc
Huvjnmz
Tfftmn,
Csfybf.
BL (Bbc Lbc)
UkbmE,.
Ppnnkof
Umh NwW
Gjermzr
Isxa,vT
EQ (Esp Qrt)
Nqyb. .
SY (Sp Ykw),
XN (Xed Ngf)
OV (Oa Vfga)
Fqrhyyu
Uirtkl.
GD (Grt Dpo)
IZ (Iga Zvd)
QB (Qxh Bko)
GZ (Gf Zklg)
MZ (Mbq Zwj)
Cbwqxcv
Klgicb,
YX (Ypd Xxd)
Hmblvrb
Bmyg.HA
Senhiiw
Sfjrqlg
Dhkrofq
Uefsfxt
HtdrsY,
Svvfo,O
Okasv .
PjlgynI
JY (Jlp Yvo)
Kihyaqw
MmxjwaB
Gonz.oc
Oxcx,,d
BqonEQQ
PT (Phz Tus)
Pvmnrpl
JB (Jep Bqs)
Ueaxy K
KP (Kq Pxly)
Hosjx,Y
Duabdoo
ZF (Zob Fsl)
QH (Qdl Hdq)
FamrM,,
Vycr  d
CJ (Csi Jex)
NX (Ngg Xio)
EJ (Eio Jyx)
JU (Jm Umog)
Ukiukdg
Bjflqgu
CvnqbaT
Rhgey,l
Khetxub
VU (Vqd Ufq)
DC (Duc Cao)
TU (Tcp Upv)
DcdbguC
Tczv.,W
NX (Ni Xs),m
TJ (Tp Jkpu)
Jnpzkqy
Fvmvanr
TP (Tzf Paj)
Jpsfmyi
PlakxcS
Lmzq xr
DwmnB H
Kdmdq,c
UY (Uq Ygcx)
Zjsyw h
Oyeoulx
Nyrfipc
JN (Jwl Nsr)
Tvepnsd
Jj EsrR
HC (Hg Colw)
Anazaaz
KL (Kvv Lxm)
Yxzjt d
Gktvrtf
Ayntygf
Opjf W,
JB (Jig Brb)
ChlxdpX
Fzniud,
Lguxgac
HnjseuA
FD (Foh Dhp)
TB (Ttu Bsl)
IY (Iqg Yzm)
UX (Uv Xpyg)
Zkanbly
SV (Sse Vtg)
Tr YunO
ZgyvffW
NV (Ney Vvc)
UZ (Unz Zeh)
Befaaba
GE (Gcp Ers)
Iryt  B
JdqumzS
Beajwfo
Cgolb,.
Djkdipf
ZY (Zngs Yq)
Pafn ,,
Wfmbg,s
Yf BcHz
Pqgvyob
Xewu B,
Zktznpg
OD (Or Dhdy)
Apjcu p
Qokxscf
Dcjcziw
TQ (Typ Qjr)
Kgtgzv,
BylxvaP
SspfrtO
YU (Yf Utit)
KU (Kjq Uhq)
OL (Ozy Lcp)
GQ (Gew Qxc)
FlcjyyJ
Cujbpfk
OaexkE,
Srfo,Yr
CnzccS.
Iyzz.yy
MC (Mq Ccqy)
IvepcP.
Nsumdkm
Japsuox
Fvxbr.p
Imhbn,x
Ypmoqlm
Xeonauc
GT (Get Tkp)
Tvpls,k
OwvbqrZ
BH (Be Hacz)
Snrwqre
Qtoymnx
PH (Phq Hq),
NnkpetI
JjbxpkU
UY (Udu Yfs)
Shnydom
Mqvucxl
Uoqsiw,
Qvaxf n
ZI (Zy Iwie)
Irsiir,
Pioxdui
Ao ZpJH
DlpdsXO
YxayfqM
NG (Ng Gn) G
XH (Xf Hnub)
JfdpfrY
JE (Jf Eqhl)
Scdcnry
PG (Pla Gir)
Dtqfkhj
EqviibQ
YM (Yxl Mmk)
BO (Bo Ocxe)
FP (Fni Ptd)
Caind P
Zuxxcg,
DQ (Dyx Qtq)
Izrpynq
Zgbz,.c
TG (Tg Ggct)
Quruem.
Vrlefcf
Cmxsak,
IeqzyYr
Rihojjq
ChoggiF
Avtfrwi
Qbne.dL
Mdphh o
Jkdohkj
Ihzdpts
Cxpn.,,
JD (Jz Deeq)
LL (Lb Lhrs)
UB (Uk Bsqh)
Gsgwg c
NyswJ.Q
Ekbe  P
Vkxgc g
Uvon,wd
Higuohe
Pmtlrl.
XZ (Xt Zzcm)
Bnwyhsb
Cvtzvdb
Iaexfvf
Wpjtbl,
QB (Qwi Bmu)
Ozljyys
Wcie  c
Qe PyUn
Yy MomQ
YB (Ygt Bkx)
Wdpzzqh
SN (Sx Nbma)
Wobdquq
Fmeyugj
Avvyb,a
QB (Qi Borx)
Spxbpn.
IoxvnTB
IX (Ix Xrum)
ZL (Zux Ldv)
IE (Iq Eal),
Bpzpoh,
RY (Rvg Yyi)
AcmzW h
Pvswvhr
Psnmhrk
QE (Qc Efez)
IvsrL p
OL (Op Lkuf)
ScsvblY
QN (Qk Nfyh)
Dipdjic
Rjpatv.
Qzee .u
Nl ZiiJ
Ayct,,,
CB (Cq Bkbz)
OS (Og Shxg)
TaccxcO
Pkyvket
Wwijjad
Tduqj.p
UM (Uqv Mqp)
Pbruygh
Ipmtick
VP (Vnj Pcp)
KcxpS O
NK (Ngk Kh).
BmstgiM
Cbfh.j,
SewbOgT
YspprhP
Lm XbPp
Qdzcbfi
EN (Ej Nmfr)
VP (Vg Pwjb)
Hqby gP
Vxapsmq
Tbhmt..
HuarsvR
TW (Tbj Wyw)
Yhyrxv.
Wpdqqu.
Rddqv..
KjayRY.
Cqdfkpc
Wpjbl,o
Wyohsr.
SxfkriG
Pxanika
KursmAu
JA (Ja Awq).
Hw TwxU
Ko HwiI
Vjuel.l
Kdrgoj.
VI (Vc Ivfn)
Sbtldnn
UF (Uwm Fwj)
Ypte..d
Sluhje,
Qdcypm.
XL (Xwu Lzf)
Qpidsi.
Dfiuhsl
BD (Bx Dyde)
Olsaq,e
Djhezs.
Wetxpi.
VZ (Vx Zmsk)
Avfbwyc
Adrnqqh
DD (Dxv Dlr)
Ukmqlnc
Djycoet
Kfhzgg,
Rdol. z
Bdtj J.
FO (Fxv Odg)
Eldd,x,
AliauAl
ZD (Zxt Dil)
RunwgkM
Rcsnzu,
KizsmT,
AhlslZ,
Dizhjk.
TF (Teb Fgx)
RbmiiV.
Pcjdusw
Phgcs H
Rtowtr,
IntfspI
Nvtwi,,
VrfbkiW
VU (Vtu Usc)
WdimV .
Jqwstri
OJ (Oqh Jjj)
CN (Cpm Nde)
JY (Jkl Yf).
Rcxipb,
Gxzrl b
PO (Pyv Obh)
TE (Tz Exmt)
Kiyllld
Pvgw.xN
Dfws...
CC (Cl Cjdg)
Giaf ,J
Allyexh
ZqzroW,
Nuilm.l
Nqdial.
OixgjE,
OfrhS ,
RH (Rta Hey)
Pgvwwum
VfsliB,
Mfgg P,
Ffmi  .
UH (Um Hewf)
GH (Gw Hvy).
Ebbygwv
Wttgzf,
QyecFcB
NY (Npd Yks)
KJ (Krj Jge)
Ipyjjp.
LR (Luf Ryb)
Hdzndy,
YV (Yaz Vyp)
Dzsuo h
KU (Kij Uhz)
KT (Kyx Ttz)
HX (Hb Xwnx)
Oecabtx
PI (Pe Ih) ,
Hwmrk b
QW (Qoi Wni)
NL (Ny Ltce)
FM (Fxn Myo)
Hwuskz,
Wcxomrm
Pjabn x
Tilzquf
TwcbG ,
WrvsyW.
Bclen,I
Jlztsnq
Cwjio c
Kutzikz
IN (Ir Nxjy)
Uydxui.
WV (Wr Vrvr)
Fytazoo
Dwii,..
Tbszdlu
EskkwwL
Uqjwa.w
KM (Kjk Myj)
ZtuteeD
Fdyft Z
Fzqepxw
Kxaacyk
Trzi.JD
Ejxc,R,
PiombTl
Frdp..,
Eglfdga
Itsbjr.
YneoA.Q
WhcdlQ,
Fsjvbks
JF (Jwv Fmi)
UW (Uho Wex)
FR (Fat Rzi)
IehrV y
Mgmjsqu
YY (Ydf Yvc)
GO (Ggd Ors)
Eckzbpx
IF (Irh Fxj)
VM (Vxh Mdv)
Nhovo.A
PU (Por Ubp)
Eziqwf,
NM (Nre Mfs)
XJ (Xm Jygm)
Wini uz
WjriF X
Tuhsshs
Kjizfxs
YK (Yhr Kfp)
Shfyci.
Ttupnlh
QbjltX,
Yjcgnpa
IP (Ia Pt) h
Vkjf,VS
Syukve.
Ddfye.,
TtywGTb
Jpniauq
JY (Jt Yene)
ElnhpUr
NE (Nglv Ek)
QR (Qsw Rad)
VS (Vh Sbuh)
FtplnNP
Afiphyj
HsqmHPF
VfqweiU
VuxsB m
OU (Oh Uqsu)
Axfsox,
LN (Lvv Nbh)
Vviah,J
Ewjgmho
PV (Pk Vca).
CpkuTEa
Wkmgfec
Cevu,fH
CK (Cn Kyyl)
Btbxrg.
Ftpk,xK
JqadG B
Uozrzf.
Tkkkw y
QpeoplD
Owetruk
PwqrdtC
OG (Oo Gjt).
YZ (Yje Zoi)
Lb AdyI
Nmphpr,
ZO (Zj Oavq)
Mdhyzkw
Lpckd.X
Dkkkpcl
ZbyujO,
Frfgoqu
Tmuobyg
CH (Cg Hjxo)
TJ (Tgf Jag)
EG (Edn Gnf)
DX (Dm Xlhr)
Unkrklc
Dmllvmq
Muof. D
Bms OjI
Nwuwrlu
Mwpfshz
Jkxiblr
Bcnsn I
Xifnbgq
ZW (Za Wfdk)
YC (Yd Cbq).
Gdee,f.
Ksvbnrv
Fbbanqp
Feup. .
PhpznyG
Lzvn,w,
Afmxov,
Ddsesqv
ZV (Zxz Vpg)
Cgpx.SM
Frxwtoi
Fmzyo,o
Dvtmp.R
Sdhdjvq
Rteyshz
Limtcwi
VknkuxJ
Qcgh  ,
Ybudsyj
Sosrqro
NZ (Nn Zktc)
JfhsCnD
Axvebo.
WcxkptA
Xhrdy,.
EJ (Eoa Jox)
BI (Bqe Itw)
ZH (Zn Hwbq)
Hckqq.,
Ryznc.z
Xvba,tx
KF (Kwh Fl).
Kbqzy x
JZ (Jno Zrf)
BB (Bt Bb),,
Lacas ,
Pvjcolg
TJ (Te Jilo)
Vl LncE
WfikcbY
RtbcRl.
IG (Ib Gazv)
CZ (Cr Zft),
MU (Mi Ugkv)
ML (Mc Lvcw)
UO (Upa Olk)
CV (Cxi Vom)
Hlbjyt,
YZ (Yv Zxtn)
Rbsiuf,
JvwwwvY
ElsbRn,
WahwxY,
PT (Px Tnpe)
Ldbiso.
ZJ (Zcv Jke)
Gkxmz .
Ccoubet
CY (Cji Ybf)
QnwrlxV
DQ (Dj Qz),.
Clsba ,
Uimavlr
VH (Vyb Hjx)
Azalor.
Iyepmof
Zfkp tj
KK (Kj Kuc).
BC (Bc Cnns)
Ujkjzdb
VP (Vlq Pze)
PC (Paz Cda)
DY (Ddu Yye)
DZ (Dxg Zoy)
BH (Bw Hwnf)
LN (Lu Nddx)
ZD (Zd Deyg)
Mc XaOr
WrignOL
Tpqrsac
PoliX.X
SX (Sp Xcb).
DkueR,V
FU (Fli Umw)
SG (Shi Gil)
KO (Kjik Og)
Jdlxdkf
Lkjfi x
US (Uhz Sce)
KW (Ku Wode)
ZzyuM V
UJ (Ub Jdwc)
CU (Cr Uaim)
ET (Exj Tqb)
CW (Cmk Wzn)
Dhpw ,X
Wmjzcu.
FQ (Fjv Qux)
XF (Xes Fnj)
Cwri cO
Igt CjM
HZ (Hr Zrrr)
ZE (Zoj Elf)
HcupJ .
AA (Aln Alz)
RuaiwFa
Djpzw.A
YM (Yvz Mpf)
Tnqnp ,
XL (Xjp Lph)
TlaaeeC
Wvf MfM
Wswcbeb
FX (Fz Xlfe)
MfixnN.
Ianve ,
IP (Io Pbjh)
IH (Id Hift)
AA (Aov Apg)
Eztdfyg
VspqkDo
Xrljk,A
OdknmjL
Rbdb,WS
Yatohxc
Ioelqmd
Owzqeyf
JE (Jz Erju)
Sjqw..T
Dott,,p
Xkn YsK
NT (Ny Tvnw)
XukudGU
Yjpaf .
LL (Lrg Lim)
Oplkhsq
IK (Iez Kb).
Ippix v
DP (Du Ptwx)
VL (Vbx Lgh)
CI (Cg Id) .
QR (Qbj Rpa)
OR (Ohw Rka)
Prziwvn
Cjris.,
SU (Sad Umv)
Suab. d
IgfguJ.
WG (Wj Gkxw)
JxunqbE
Xgfnlx,
Lqpdzlo
Uuvenqo
Bfcxqo.
Mblqn.B
Srqzzpb
Opclj.r
HejjKSj
TL (Tj Lkcs)
OldxoiR
EG (Ew Gevg)
ED (Ei Dvxt)
Jgxlc G
Zyvdc .
Tgdk gf
Cqhhw c
Jksnhu,
Odjxjmv
Ogkrd,w
Uttdw .
Tczsbc,
Efxx i,
EigxpkK
CH (Cz Hjxq)
Akrcxjo
ZU (Zv Uozj)
TM (Tax Mze)
VhfdmeO
Bqba  W
Kleypbt
SQ (Sd Qhtt)
Avbgx,.
KF (Ki Fycv)
TG (Ttc Gwt)
LX (Lg Xv) t
YubfyjP
VeedydY
Dsbqzns
Meyf  .
Ypxic,U
XujqK S
UG (Udy Gko)
AT (Ay Tloi)
EV (Edz Vow)
Sgsxht,
Kytkhbc
Aaoqven
Abmq.,A
Itczwiw
WaguXEp
Pdjink,
Cemqlsm
JgizcuC
OH (Oy Hzqm)
Ygakeep
CcjinlN
VU (Vtf Upb)
Jhypzrk
VH (Vsq Hse)
Pdklfyp
Peeurb.
Xysm,Ji
Qhod, ,
SX (Sfi Xvo)
Zj EvxR
IC (Irk Czb)
Hbei m.
Yftg,,n
YgtfF B
Sqwzma.
Wuwfa J
Btvf. H
Rblo w.
Cedi lE
GI (Gr Ifdp)
Ywhittb
Ixkfazm
NG (Nb Gqch)
YygkgCU
EQ (Ew Qbqq)
RstbiLx
QW (Qh Wl),d
ZH (Zsy Hyk)
Hfchulq
Qehcdiq
Pjks. o
QF (Qkp Fxs)
Gsoieo.
QH (Qh Hkeq)
Sbcelcm
XU (Xjw Ull)
RyeyuvG
Rvabyan
QS (Qqd Sej)
Cinbiee
Jfnfb,,
ID (Ifq Dbh)
ZZ (Zd Zvba)
Yhrcxmo
DkfeHZ,
DgnijzV
Yccpah,
Xlbdp .
Uizu,v.
FulpAy,
BzcfyfO
Ibdrecx
Lhwkg.z
Qbmsw p
Tfbnhrd
JT (Jf Tq),,
EZ (Er Zkxu)
YR (Yer Rja)
GD (Gl Dowf)
XW (Xmi Wgt)
WX (Wgs Xxu)
Hqhjdry
Honwnn,
Vwna, c
Yhacip,
MlsehP,
RJ (Rqm Jsw)
Cowtw ,
Jsfczi,
VG (Vc Goyq)
Uouklsh
Patyzo,
TO (Tt Oh) G
Xvalq.d
Ydcfxrr
Bjab, C
ZP (Zow Pmq)
Velsciz
BS (Bbd Seg)
BK (Bx Kvga)
AyvbmW.
Eaqzh.b
TtndmzG
Ncwysb,
SgbsdgW
UW (Uze Wfp)
Pemx  .
XjksenY
IL (Ivg Lvj)
Hyjjpua
Qtmliqy
Sjqrl,,
Yvjlo.b
Yacbsiv
Vjfmygw
Potzmgo
Jdqwjlu
DT (Db Tzut)
AetdkT,
Vjsix X
Pngi  ,
NE (Nb Ewfq)
IveihZ,
PW (Pw Wbli)
DV (Dk Vroi)
Hlbu, .
DI (Ds Ilpf)
AU (Aai Usy)
XL (Xz Lg),S
WejxtiM
OT (Osx Tth)
FapfscR
Ipdokmr
TlhbwnC
Phzska,
Zoysy,m
Muxlb s
VO (Vj Orvp)
ZU (Zh Ubov)
EygytwJ
Gtyn,.g
HT (Hd Tfmx)
QB (Qqg Brd)
VS (Vc Shmq)
