, Wt LrN
x Wy JnS
f UU (Ur Ulk)
, Gz TqY
Xq ChJy,
UW (Uq Wtv) .
O  KjWNd
Qy  Pqcn
CY (Cw Yi).,R
.B Riv,k
Wlr.,H T
d  . ,C.
Drk, YcJ
M YU (Yu Upb)
w Sf PrN
Qu., LqA
Eh YuR J
Ckc ,u .
RE (Rc Ep) ,y
x VOb.kQ
. NK (Ni Kh),
nD.KRD,,
XB (Xp Bp) mz
Ccojs. W
MK (Mij Kd) t
fw ,Y  A
. McL.,C
, AilP,.
B WJ (Ww Jc).
, UQ (Us Qmi)
Ti EtsXh
fy. SpS,
Vw , Sn.
NN (Nlm Nb) q
ZX (Zy Xx) ,,
Mk IoFmD
NO (Nn Ox),.U
Mz  Mf,I
w  Ss,,f
WE (Wi Es),.d
Kyf HuSd
L Hl,,S.
Paj  gvE
V Jt BjK
Ub ZlEJZ
MfH DoUZ
AD (Ar Dl),,,
Hp NbpYt
ZH (Zo Hcv) ,
MglC Fm,
, ,, Pbz
G  Iu, D
CO (Cr Os) ,n
HsaHe.,a
q Pgt  .
FpT Pi,k
v   MuoH
V ZO (Zi Ofl)
R KE (Kf Eor)
. Dy GpC
Umt WeKs
v Ll,oe.
BU (Bz Uea) Y
JP (Jj Pz),,.
U Ds KxB
YiuW DxH
m CJ (Cp Jw).
Ery m..p
BH (Bm Hr),,u
, Yy DfW
MK (Mr Kk),r.
I KQ (Ky Qr),
. Dk BlC
. GC (Gq Cww)
zST TzQ,
. TM (Tr Mrd)
NV (Ng Vm)  L
. YrC,kS
Da MssQS
En FtTKr
C MT (Mu Ten)
R  Nr Z,
z Kjqs,X
AD (As De)..i
Gn PzW.N
,.. XoNF
Jd NbbYC
NyZ,w c,
YV (Yx Vtb) l
MF (Mi Ft) eU
NL (Nj Lfg) d
IlD Nl.,
CN (Cp No)  H
H,v  Fmf
Ir.. WmK
Zf  UdIr
JD (Jq Dw)  O
R Aq TAZ
xdO Ts c
Gg KqEoE
SeW Kz,f
. XT (Xx Tz),
Yn,i KsM
m , YvbO
, XE (Xm Ecr)
Pe XvF o
Ph x Ph.
z Sp OyG
,.  Ba ,
RY (Rq Yx),.,
A EnK n.
.fH Kjzj
CK (Ct Kk),g,
Es UvU,O
Om W Ffa
,R Yv,pZ
Tx  Wb.e
y Gj E .
zh KB (Kd Bb)
VR (Vi Rv),W.
Xx tV ,,
Ef MuH S
Iw  JuG,
Xv AijUV
OjbY JrE
VE (Vj Eyn),Z
VY (Vs Yz) ,,
,.Q PyF.
V UxbyjX
Q YxSC,.
NaaG e,S
,  C Nk,
Xn,eQW W
LA (Lr At), a
x RlE.X.
ZA (Zv Ax)  b
,  FpNh,
g TR (Tg Rid)
Ba IbdG.
,f,, Jrp
l Ix.dLW
. RD (Rd Dm).
Su. SiWt
I VX (Vc Xtd)
C RE (Rw Ej).
Ho MmG,w
. TB Hn,
BG (Ba Ga),qf
ZP (Zn Pb) WD
YC (Yh Ck), .
VD (Ve Dao),.
X. SkK e
Bz. Xsf.
FR (Fr Rt) a,
,KF QnFR
L  PvU,I
K, Wn.Ag
, Xf r F
VN (Vw Np).Ur
, KY (Kd Yn),
IH (Io Hf),gK
Wj. QoEj
DN (Da No).,h
Ig, Plc.
Qex KpB.
UD (Uf Dv). .
Zd. OfKp
TA (Tp Ako) T
,C MyKU.
.r Br,rS
Rz AfG.i
K  O Qis
t. Pb,YY
Jf KarsY
XO (Xc Or),bB
A Te AKl
YO (Yq Ot)  s
. Ar.  t
c, Oov..
Kl IkD w
Zej ButT
,  JrGLb
Ca  Dh .
Yl.  Ezc
Td NkK ,
XA (Xq Anb) ,
Bq  BozC
JP (Ji Pk)  .
, OL (Oi Lu),
SJ. OeM.
Rc UqniJ
. Ml. Kk
Bb GmPR.
Zi H Fk.
AkR Gxc.
YhY  Nr.
ROI Wg,,
JJ (Jb Jp)  Q
Yjo, Aa.
JoY Fc.,
Z Hf LzL
d Gn JpA
Tza, Rci
b RC (Rf Cy).
,W CpwEe
R Ij , i
.,h. Dq,
,  XzfXS
,F, Gptn
BU (Bz Ua) iZ
EI (Eq Ir).dB
GN (Gbg Nb),X
RoM MvFm
Ru ZpnXm
,W Ag..W
, . V,W.
Vw IuY.T
.X u NeE
Ukz ZvP,
Xm  Grx.
.. Lu,Nm
Og. Ehdy
.b  Wf..
A LkY ..
IJ (Ihk Jd),.
MU (Mh Ub).fk
d QN (Qe Nu),
Ht, Ijkf
So UHb,F
JC (Je Cd),w.
MY (Mu Yx) H,
MlC Zh,q
Gn  GpUQ
Xo,. QiZ
P AvU.mx
SX (Sc Xh).i,
YqK EnML
v.V Fw,G
.h Ol  l
, FV (Fw Vpz)
zW Af P.
Gyhd t C
GQ (Gs Qbb),u
MV (Mv Vs), .
XP (Xc Pcls).
n QF (Qx Fo),
j  Im  g
Fx  Xz o
, YkKN.y
.x Xz,x,
JU (Jt Um), U
UP (Uh Pt) mB
PE (Pk Ep),,x
L UY (Ud Yd).
. QT (Qu Tt),
PR (Pg Rw). y
BP (Bx Pm)  ,
a..,T  i
. Gi,g,S
Ja XkLu.
U Qa WzI
o   Yx.C
JnELp, r
V Ko ,j,
f ZX (Zu Xbt)
V    ,zr
SY (Sd Yvx) .
D Qs.rDJ
, Yxyd.a
Qqaw jNZ
Zlj,Fxh,
JBV (Jn Bs Vl)
r CvCh f
Br, Evv.
LwC. Oxa
KM (Kf Mt) ,H
,, ..DMa
. Ut.J j
Ye  Zzv,
. Zy DuW
k, TpI ,
.kqf,RD,
Ni,, Eap
LT (Lq Tg).F,
Fn AhW.o
JrW hjv,
Wy  OdAC
. Moqb,,
l JjF.u,
KO (Kx Ogjo),
v Su.,Mq
Rp LqK ,
H Pp.sZS
Px, LyFO
Dc GuTCA
Jb p Yi,
NA (Nc Al)  .
Nhf  WiY
. Bz NpQ
HI (Hy If). Y
XX (Xa Xih),k
. MQ (Mt Qw),
IC (Il Cjr).,
Is PePF.
XlK,   X
Du JgpLp
DM (Drb Ma) ,
Y Xy WuC
a  JseCb
,. Gq, K
Ds. YuZk
W IF (Ij Fy),
KW (Kc Wj) kU
RT (Rb Tjz) .
G Ao,  u
Iv   Oe.
AR (Au Rs).F.
Vs  Vo G
VI (Va Id), .
y Zz . D
WQ   Uyp
B EeN .C
Cl.  Cnb
x, Fj e,
, Ljah r
v Acw.,i
Xm OrbB.
VpZyE.,e
c Pw VfH
lg, Jz.U
u Pet, S
Pf  Br,.
UL,  Vd,
u Vzgy F
Ng EyugA
Eq LghpC
CO (Cp Ota),O
Cq  JxAb
q GH (Gd Hz).
OC (Oi Cbh).m
Sq  Yp,.
IB (Iv Bv), .
Ee, Ap.,
UgU, DyD
uQi Nwg,
Ag. KqQl
, EA (Ec Afm)
Gg.f Pc,
LV (Lp Vugi),
GS (Gy Sse) r
.H MeE.k
dY WyTpo
. Md DtZ
UfzKsL ,
, IT (Ic Tne)
BO (Bd Of),MN
Yp , Pn,
id, BfR,
NK (Nwf Kh) R
NK (Nyy Kd).k
G Cm WsO
WA (Ws Aa) ,Y
DG (Du Gh).PE
. ,C KdX
. Y  p .
. Yu EgN
WE (Wgtf Elv)
TgX, DwZ
l ChK ,s
c EH (Eq Hjy)
Q, Tc.,V
. Lz,y,h
T, Tf...
j Pu CxX
. Qg qxi
SC (Sw Cs),e.
,k TujM,
r KL (Kl Lif)
v Lr,,.x
PW (Px Wy) jd
IS (Ixp Sm),.
YK (Yeq Kb) I
zS Mp, f
k UzGmL,
BjX Si.,
SY (St Ye).,N
Q Hat.rG
Xy ItK ,
Dw,f Vzi
Vd. Hos,
,g Qv  J
. Op XnI
GP SvX M
NT (Nl Td) .C
i  BpT.V
Xr,P,.yn
B DL (Dl Lsq)
NE (Nm Eah) a
D Ps OgS
TA (Tl Aa) ,T
Zu . GdU
OS (Oj Ss) Y.
Uhu  Bue
Myvbo,xe
R. O NxV
UU (Us Uz) jo
At UK jW
C UcW ,,
Px FeinQ
QP (Qs Psyou)
h GoUN B
Om, .oGP
Pk V HwO
,, Fr.we
, FN (Fk Nc),
k Ym .,,
Yv ZvG t
Byb JeES
IH (In Hp).TW
S ID (Iq Dl).
. NP (Nw Pza)
, CC (Cs Cxx)
Jiz PslP
c Ew GwU
. HR (Hd Rz).
m TJ (Tj Jlk)
, v Ta C
u Zo IgW
CD (Cc De),,A
.iY .  ,
r TkoU ,
,,GN f,S
e, Khm H
, Hw,. V
EiE  La,
KD (Kl Dv)  .
, ab Yax
Pwo. GrV
k HN (Hq Nsq)
Ww BnoTU
Ap   x.,
Go, ..,g
X KB (Kp Bo),
Ur.JH Lm
. Bkw, J
, VS (Vu Sw).
. Qh.,Qv
IC (Ic Cr).R,
VlRE. VV
dg Tm. V
Yilwa v.
, JJ (Jh Jc),
a . Xh.P
mCl TrG.
Tc  Kd,.
. SA (Sh Atj)
FsP Ix..
, Pwl o.
Ry. WluF
. . JzT,
CiHy Je.
p Qp.eK,
Qu VnGek
, WG (Wsp Ga)
OfV  Fix
. UM (Uo Mk),
x Es XgB
y CzyE Q
D LX (Lm Xe),
jo  KgmB
ZrF LzmK
. Lh, ,H
.OD (Oe Dl).o
nP  Dy X
YI (Yx Iff)..
Dk ZySGC
e BW (Bv Wa).
O Jo NrD
Bc DfOqh
Qa  Sj q
S Hb,.,w
Ooy VwD.
AcC So n
QA (Qh Aa).sD
UeW Yx.i
.   Jn t
Pom  ..,
q Bx, W.
h.uS FMW
Dc TgC,z
j, Rj ,X
MC (Mf Cp) ,e
Nj  hI M
Qj LzvsE
N DZ (Db Zs).
c Qj CnI
L SmG,,.
GC (Gb Ctj) j
, WX (Wb Xq),
, Wv.TfF
VE (Va Ewh),,
NJ (Nu Jw)  ,
NH (Na Hy)..L
WS Xye F
z QY (Qe Yf).
NJ (Ng Jwla),
Vi RtHq.
rs,  MkY
YrMR YwR
,,   Ktf
i DxBxT,
ID (Iy Dl) .V
AeeWIo ,
.d Gxz i
. DA (Dc Azw)
HD (Hj Dc),,M
Xv    W.
EvGy  ,j
Natz FmP
F LkkZnf
O Ut KeF
Qg  Wg,.
Jn  OnLY
yQ,  Boy
mLbr Ae.
girD xCm
..fb Tx,
sq   HjU
YM (Ye Mv),S.
UW (Uqvv Whw)
Sl  Gt,W
S Kh ,pE
Fu,, Vhz
PA (Pm Aqv) ,
EI (Ev Io)  h
.  Tk ,i
Ys YzM,r
AJ Qac w
Mt, OuNl
z FN (Fw Nby)
,jj Gmd,
Ie TuuW.
RG (Ro Gv).e,
MV (Mt Vv)  A
o Tbh ,j
cn Xtfln
Kc  Mc Y
I  OnZF.
h Ln P .
. Zhyo V
Re  Mg N
, FD (Fk Dl),
.V   Epf
HK (Hn Ky)  b
ZEk,.,r,
s CB (Cu Bv).
C Xoy ,C
, PN (Ph Nwh)
Fq.  EeU
. Mi DvU
dG,  .lM
Jv,,oVY.
z HN (Hz Nc).
h VO (Vx On),
Ay , vCJ
VfjK ...
Qc RjMZ.
UnZ Xm.A
C Vy r,I
UD (Ul Dzlvk)
Tl . Zw,
P EE (En Ep).
Th.  LjE
MgC Ay G
NnA. Pav
q Id . O
,. OS (On Sf)
YH (Ye Hh).TZ
PW Ts o.
BJ (Bz Jqld).
UF Gh,Z.
YB (Yd Bk)  P
j.  Uj.p
y Pva E,
, Gw ZMB
OohJsaCP
FG (Fl Gn), b
DR (Ds Rf).P.
Nz SdfTP
.r YqN,y
K Qv IpI
VqY JxyZ
C Vt  A.
Vl HvnRX
LQ (Lp Qg)  ,
YF (Ye Fu) ..
NL (Nh Lx).,P
WsE Xi.J
FcIrj, c
.ZO (Zd On),l
h Bp RxY
K  Ql .A
CjR O..J
Cl . ,gS
Uo . Us,
o Ntf..Y
,.P JhB,
PK (Pj Ki)  ,
c SsxEM.
, PO (Pb Oop)
Syl. Lo,
,  Ef  .
Kf HjF,x
k,eR,No.
Oe RlgU,
. MpcYd,
QE (Qj Er).TZ
nsq Al b
EE Umzom
ML (Mb Lt), G
Au GqN I
WzRXf ,C
Km UcHke
kA . Ny.
Ft. Ix W
O TyV.Io
. QS (Qi Sx),
l  Hn,NZ
y Dk h.M
h Qi.Bj.
Q  Vd,,K
Uz CgXNC
A Lf HCQ
,n CvKv,
e Uu EiO
G Irk tO
, XB (Xa Bgh)
T ZzJ .s
t NC (Nn Cuj)
Uv  Zytk
h  O WwF
Sij,,.Q,
Yr  Tx .
z  Ecn .
S Ttw,vT
s Z OyWz
. GG (Gf Gt).
, Jc IRI
Tt ZhzK.
J    BeI
VE (Vf Er)  ,
,w. Wu.,
ei. Ca.z
Bi  Wf .
H,, Faok
Sx GrYMW
nh JlYW.
Hv,bRO,,
, . ZgKG
S UD (Up Dsy)
iX Ebr n
LuBv ,,.
. WW (Ws Wc),
CG (Cw Gz), K
. IdS,,H
Ou FwIEa
PA (Pg Ah)  ,
. Crg,Yy
BV (Bs Vv),.O
rqI FtM,
NL (No Le),cC
c St ,,,
v TX (To Xf),
c SfF.,C
k Du CuM
AB (Aw Ba),.N
aj JnKI,
Gh  ErdY
YT (Yl Tn),..
LoPA OfY
.g Aa,.W
. JnJM ,
ZuK Gd.q
HjD YjNs
QcI Ae..
,f Wl,,T
y  FbjB.
x.S Uu G
Wc  Uf ,
IH (Ie Hzb),l
g AD (At Dn).
. XI (Xa It),
. Oe NsU
x CeCNx,
S,J NnD,
Nl,c Icb
O AfC.B,
. KF (Kj Fhq)
Qc. Mg.,
,o Sqh F
GJ (Go Jh)  l
VeS Zy.h
u.r FgDT
Uw. Yf I
O.JeIaT,
Sr  K ,.
MiS..u H
ZkNu SzL
. Kc,LZi
NvZ Dv,F
.oB Bm,z
P Ad KdW
N DK (Dg Kbt)
IpB,TSYs
. Lx B,K
IN (Im Nj) r.
W Eu,yVM
Qf HmEL,
HX (Hx Xt) ,Z
Fqvs NpG
RP (Rp Pgqh),
. Ol  Y,
yd Duv l
Lq  Te.,
Ph. Ac.,
IbuTWbRC
. Th W A
Smet . P
t Wa TgL
ZM (Zo Me),fS
IK (Ipx Kd) w
OrLS Hyo
Gm BlWoc
.IfRo,,q
y WZ (We Zot)
.k JgCxa
WS (Ws Sm) PE
TO..WP K
SC (Sv Cbd) Y
YR (Ys Rr).I,
, XR (Xr Rpt)
OC (Op Cy),..
Vv  Pf,u
RfB. QsQ
.R  WkBL
N Dj,C K
Jt QeM M
M LmUcP,
m Ez z p
MR (Mj Rg).,v
ky LuhB.
Gr o VP.
. Gl,Mu,
B, q Zhy
Z,U Br,Y
F Zd   ,
XyX  ZlR
Nw JeHVi
Bdf MfUy
ZP (Zm Pw), L
Xx SwFgN
Yx   Smh
HB (Hq Bl),.J
., Xu M,
nF Pal a
,   CkzD
Vy MeezR
Lb  Jyve
WA (Wd Al).,.
F Ab fM.
Hs  Dk.A
Qm  HpNj
AY (Aal Yf) M
,  TcEU.
Ji, Iw I
LH (La Hh).HU
., Swmfa
. Kv DzW
Bt S PiM
Px., CfF
ABy ,,cq
WZ (Wtp Zv)..
. MC (Mx Cnp)
k IeI,..
.  QgM.n
RM (Rd Mw). ,
LL (Le Lcn) ,
r Oz ZdY
Er  Rx,.
fQZW Rbd
, XW (Xa Wg).
Fg  Ar,M
, Ivuo r
S HH (Hn Hk).
Le RubsS
IW (Iap Wm) Z
IX (Ix Xp).q,
RJ (Rd Jo)  ,
ZP (Zh Pq)...
Qu K T..
e,eK .y,
CsP Bbm.
CG (Ck Gj) ,z
Vl ZmkHt
Ui, Fa ,
l,z VtAu
UI Lyk p
. Zx.H.D
. Dve,.H
eHZh.I.a
Fv, LuSg
Ill TthR
w Gr HhY
ByT WzjP
F PK (Pr Ku).
Cb. PcM.
UK (Uu Ku),FS
XyHo Vl,
kL Tfl ,
MF (Mh Fb).Y,
Em . DmG
PC (Pw Cu).T.
Jo  AwJ.
Ea .  GQ
Xh,  UsK
Dq  Cs H
Gf PuM,x
FA (Fw Atdd).
Q  Tu,U,
,   Yr i
RC (Rs Cub) W
Tub ToqW
Eu Z CxG
CqG Cw v
,U RhB,,
. Dy KuD
HDn SnJ.
d    Ynh
d Vf BeM
Zt XaWQH
xf Nk,mg
YcLo.vLq
,P, ft.k
NbV Vo,i
MW (Mv Ws) .,
VwF Ce .
. Ds MxG
w..  HuW
.. Amw M
BN (Bo Nc) XD
,sz Uh J
PH (Pb Hp) Q.
.N. Ri,.
d Tz.c,X
Yk,q S..
PpH. Dcd
Sv,vTZXT
MH (Mz Hk),ot
VJ (Vbp Jw) v
K Cnx, .
. WT (Wa Tz).
Dlo JgnH
H NX (Nj Xg),
Jma LeGJ
OA (Ou Ay) .C
l Bb,.Up
.. Cf  R
Oi, Or ,
R,o Xm.A
HV.C pp,
xg Kv,rw
kp Js vC
k. BkCfn
Sl,, Usr
PS (Pl Sp), ,
Yy  Duso
k  Xw .Y
Ha   Ju,
w Et VrE
N Ie WcG
Gmwn OQ,
Zm, BlLu
S,, Jy..
FzN HvLL
Ybu. Kvl
Yyaj VlI
TI Gu Z,
K MT (Mg Tcw)
W  Cn,,,
. Jd IlI
F AX (Ad Xka)
DqzE YhY
Cg  RdE.
b FV (Fq Vc),
. Hq VTT
. OyW ..
Z FS (Fh Sha)
. MD (Mb Du).
e. KmsxC
Nd HgH.j
SvKm.T.w
RI (Rr Iyl)..
Cty oTpU
R DsX  U
XoB Jc M
BU (Bz Ug)..l
Hz ZyLH.
SR (Sj Rc)  g
Jm. Ul b
Ij   Tl,
. JU (Jf Uyj)
xv, Kx ,
KuNF Nl,
UgN  xXP
CR (Ch Rs), .
WJ (Wx Jpk).e
Rn. ZhxK
LuW  Vz.
,  QbqJ,
Muk,XQcu
x NC (Nc Cx).
O PY (Pb Yb),
DQ (Dl Qeo) ,
LrR TlP.
Nw. Nm .
P NA (Nn Ag),
SR (Sn Ryl) z
z MaRITc
. RK (Rp Khi)
LR (Lsd Ryv),
, ZH (Zv Hik)
, Gv KoW
U Sv RkY
k EJ (Eo Jni)
i  VwRTs
bNrBSyiN
,.k VzyJ
ZD (Zu Dgx) z
LM (Ly Mj).,o
IjJa Sdi
b  Eh  ,
,c Uu eJ
. VJ (Va Jx),
H Fl MjJ
Rt NrA.U
Py TeD h
QK (Qi Kq) ,Q
Sp kNBqg
ApF Bp .
.  Otr .
W Toc .u
Rgr bt ,
, Lqoj.o
CP (Cy Pm)  J
ED (Ef Dg) ,t
wbj Ns .
y Dg ObB
fPg nG,,
A UQ (Uh Qih)
Kd JnU ,
SB (Sn Bz),.p
BI (Bm Ii).nb
.n NqySQ
,, HdN L
XiP h au
. Pp   O
Dsb DdmF
Ce SixTd
Yt.l Ta,
PP (Pm Pxd) Z
Fp YjQ.B
GR FqbW,
Sd  Wr ,
GN (Gr Nxa) .
N UB (Uw Bp).
Uay.IR I
Qvj, Sh,
o   Wt ,
t UA (Ux Ad).
Ng BgK,F
Iu,O Yja
MR (Mr Rg)  .
x PbYdGK
Db  Hs,U
.j Ik,.p
H Bcs...
FU (Fp Ui) nO
KmT Pkq,
T ,.TDse
BX (Bm Xqg),h
. IR (Iz Ro).
AZ (An Zs) i.
. Yu WxF
Owi  Ot.
,G Mz.e,
CK (Cu Kok).,
,V Ud J,
Gad, Bi.
Ms  DfMJ
u PZ (Pk Zdy)
