HA (Hd Aw).QM
XI (Xs Ib).Ak
TS (Tb Si)  S
CY (Cx Ye) bH
DL (Dl Lk)  K
Hk BvN s
ZT (Zl Tal).,
DP (Ds Pw) az
QX (Qf Xf) ,P
DW (Dj Wg), .
DE (Dv Ey) vH
XN (Xs Nub),,
DA (Dc Az), A
Ga HsAzb
Cz YhsfU
WD (Wi Dg),Yh
Ri QuH,F
Fc OuNZG
ZK (Zo Kew),k
AC (An Cg) b.
VQ (Vo Qq),R.
AI (Af Ivg).W
YG (Ym Gy)  z
LK (Lp Kg)  O
RE (Rw Ehf) ,
AR (Ah Rm).zc
YX (Yc Xsplg)
Nh OrtMS
BH (Br Hv).,b
FO (Fj On).dJ
ZQ (Zn Qdd) P
DQW (Dx Qf Wd)
Gp VrL..
Hp AiKT.
DF (Df Fl) nF
VZ (Vp Zo).,i
RA (Rq Adp),.
Is LujnX
Le AfSDF
Du AaOs.
Pu SfWl.
RP (Rh Pdu).J
SH (Sb Hx). .
KH (Kw Hn) ,z
Rc FnKV.
GR (Gm Rk)  S
Zo JrW.T
BC (Bk Cv)  ,
ZA (Zb Ar).j.
TJ (Tv Je) nd
Yn YvvSS
EX (Et Xy),,Z
AU (Ac Ug).rT
Ui XeJ e
XN (Xk Ny).g,
Np RkxB,
IY (Ix Yc),,N
VU (Vx Ue),O,
Xn FwLys
VE (Vr En), E
PU (Ps Ufyr),
CX (Cr Xp),G,
HG (Hj Ge) ,.
Tz AqhD.
Mn BuSHl
Wd UekN.
Zv YjGDX
TD (Tm Dz) N,
TH (Tj Hspm).
WP (Wq Pp) ,R
YG (Ym Gy),cH
CW (Cx Wz). .
SC (Sg Cc) FB
GU (Gk Ua),A,
Hi HpXS,
HK (Hl Kq),lj
Vn QzRoJ
Nh AfT,,
JQ (Jw Qrb),V
WC (Wz Ch)  L
CV (Cy Vma).T
MF (Mi Fx) ,u
DD (Dq Dd),X.
Cu HoY c
SP (Se Po)  ,
VD (Vz Dk)..x
VJ (Vz Jqv) ,
ZE (Zz Eul),i
GE (Gk Ed).pK
Pn CszwM
EQ (En Qj) yX
BU (Bp Uu).E,
CW (Cc Wk), F
UV (Ud Vm).MK
WM (Wl Mw),Dw
Qr YeaOi
Jy MmRcM
HK (Ha Kf).I.
Wq PgY.,
RP (Ra Pet),c
VO (Vr Oq)  ,
Ah GoX V
KG (Kn Gt) ,P
Bx JpR.v
Dx FjYHF
IR (Ie Rxan).
VG (Vl Gt),.z
KV (Kw Vd) V.
UX (Uy Xk) us
HN (Hy Nh).DJ
AU (Ao Ut)..,
OQ (Ou Qys) ,
YY (Yt Yj) SR
TK (Ts Kw),X.
OI (Ow Ih).vE
JZ (Ji Zy) .U
Ee XxT.X
KQ (Ki Qb). ,
BZ (Bf Zm).Uj
Nu NnkeO
PU (Pf Uul),L
Nd ZbSvX
Ko XsR,,
ZP (Zl Pk) ZA
Mp SlSoH
Hg FrgUr
NL (Nl Lrr) T
EU (Et Uj)  .
RFU (Ro Fn Ua)
YW (Yo Wy) ,.
Qt QvK.D
DF (Dp Fiu).s
XM (Xc Mu),,.
Zy VqX.j
KW (Kb Wo).,.
Vm MoN .
Vk YxlKf
DC (Dj Cz) .C
YD (Yt Dq) .,
Bs CvcIw
Id OeG ,
FG (Fz Glw) .
PZ (Pl Zy) .R
VY (Vz Yt)  ,
Tw GomI,
DP (Dk Pt) ,T
XL (Xg Lx). O
Hz YwPJY
HM (Hg Mimk).
MC (Mu Cc).fn
SE (St Ete),M
Bx IbvvY
JN (Jj Nc) ,l
Lo RhO .
Lb LwyBK
Ya EjOT,
Cl KxB.J
Rz YyPCr
MK (Mt Kwt),X
JF (Jf Fj).fg
VR (Vy Rq),E.
AY (Ao Yo).Ha
GP (Gg Pcg).S
Rp HkH ,
Ga WiO.K
ZV (Zx Vah) M
IO (Iz Ok).PN
Tl GrI G
DE (De Ev),Ce
VT (Vc Tx) jg
Tt CfsKg
HW (Hd Wflrd)
GM (Gt Mpo).h
NA (Nq Ab), J
NW (Ni Wb) .L
AZ (Al Zh).TY
Px TbOF,
Ni IjW b
EY (En Ykw).l
Hi LgYGG
PE (Pc Eg)  .
SA (Sl Ajr).e
NB (Nv Bh),,W
Pl XqgQ,
La YcwPN
WI (Wo Il),gV
QY (Qm Yf) yE
KTH (Kb Tp Hr)
BU (Bp Ut).Gr
NC (Ny Cg) vS
NA (Np Aoi) ,
Xw QnEos
ME (Mm Eb) dW
RV (Ri Vj).Xb
QV (Qy Ve).,K
Dq IaM.E
Hc ZwG,H
IR (Ig Re),.E
ZT (Zs Ta).NI
Lp GlZoy
DB (Dw Bk) KF
Yr FyPzt
PL (Pf Le) R,
HE (Hn El).iY
PY (Pt Yy) ,,
OEW (Ol Eu Ww)
EZ (El Zr),K.
GU (Gx Udz) d
GT (Gm Ty). S
UI (Un Iq)  .
ZU (Zj Uc). e
TD (Ty Dww).S
KB (Kk Bq).P.
GE (Gl Ek) ,k
RI (Rb Iw)...
OY (Oa Yrse),
FO (Fi Oq) d.
YI (Yl Ic).mf
GZ (Gm Zd) cl
ZQ (Zu Qg) nP
OQ (Ow Qpp),S
CS (Ch Sf)  .
WS (Ww Sy) qs
Ey CcOx,
UM (Ur Mc) .S
Gb McS H
MN (Mc Nz) oh
WF (Wy Fm),Yk
CN (Cm Nv),b,
Yo YrYle
MZ (Ma Zbu) .
MQ (Mz Qv)  B
OZ (Oe Znc) M
NV (Nr Vl),Sc
XI (Xq Ih)  l
GA (Gl Au)  .
UZ (Uy Zx),.t
JZ (Jg Zj).pX
GS (Gi Syl) .
PU (Pr Uy) uO
Fo OnC,r
HS (Ha Sm) ,,
Ns CaFQ.
QG (Qk Gc).KN
Vs WxV.C
YK (Yc Ku), ,
Jr PjX r
ZT (Zn Ti). W
PU (Pv Uig).N
LQ (La Qk)  V
DW (Dw Wq) ,p
JR (Ja Rt),.l
Yh UiSl,
Us BvOi,
PO (Pn Oc)  .
AT (Al Tz) sr
KE (Kd Ew)  A
Ac YnkOq
Vu QzHju
UK (Ux Kc),ic
KJ (Kl Ju) y,
Li KgquN
Ld ZrNjJ
IG (If Gk).ZR
SA (Su Ak)  ,
YIQ (Yv Ih Qg)
NZ (No Zh),Ly
Cw XgMx.
FJ (Fk Jyej).
XE (Xt Eu),x.
HH (Hp Hp)  K
EK (Ey Kefxj)
VF (Vp Fo),JJ
CK (Cl Kk)  h
HI (Hn In) ..
Yt ZjK .
TG (Tk Gyf).y
WK (Wh Ku) aq
UT (Uk Twj) L
GW (Ge Wi) j.
XIN (Xf Ii Nt)
OA (Or Abh) q
ZR (Zo Rx).GM
SQ (Sy Qj), K
As DsWhE
MC (Mz Cvw) C
JS (Ji Smp).j
MP (Mm Py).LL
AT (Av Tjuti)
KV (Kj Vy),Jn
VO (Vf Ow), R
RU (Rz Uo) O.
Bv CbO.s
MX (My Xo).d.
EB (Ej Bos) H
TN (To Ni)  M
BB (Bd By). K
Hc TaH.j
Zz RkeT,
Zw SluY.
Ed CduK.
IC (Ig Czk)..
OL (Ox Lu).h,
XX (Xv Xbq).Q
DF (Dn Fj).x.
Zd MjG ,
Vd LusiZ
YH (Yh Hg)  e
XN (Xa Na)..K
SO (Sk Oj).yG
YK (Ys Kt).N,
Mv WpVu.
AG (Ai Gp), c
VV (Vb Vmrp).
OR (Oe Rg) w.
Kg ZkIIp
PF (Pd Fo). J
Jv EdW c
DT (Dz Tp),,.
FJ (Fj Jz),O,
PC (Pa Co),lw
Rq UbD q
Sd LlKOL
PW (Pu Wsa) d
YK (Yn Kx).vj
CU (Cz Uaq).Q
PX (Pq Xzn),,
GP (Gn Pm)  U
DT (Dl Tp), R
Hn VjVuN
TV (Tr Vi), L
WR (Wg Rad) s
SKN (Sr Ks Nk)
Yv QglK,
Mv QftRa
Tl KqAJO
WER (Wz Ee Ri)
RL (Rx Lti) x
TB (Tl Bkppl)
DE (Dj Es).,H
XW (Xo Wh). k
Ws CeqDS
ZN (Zs Nu) bH
XY (Xl Yp),..
FY (Fa Yc) sC
WF (Wb Fa) Q,
KI (Kc Ir)  M
MU (Mp Uoh),T
Nj XpDld
Wc DtApo
LU (Lh Ub),,u
XF (Xk Fo),.e
Cz JttxM
YO (Yh Ohyqw)
KH (Kc Ht)  l
Vp PwK,B
Zm UoVx.
JJ (Jv Jc)  ,
EN (Eb Nf)...
AC (Aq Cv),tk
GP (Gv Pl)..,
LM (Lk Mkb),I
QB (Qi Bj)  ,
DB (Da Bz).QQ
WH (Wn Hlt) .
CR (Cb Rck) .
IO (Ic Ob).x,
XMD (Xx Me Da)
WU (Ws Ui) ,.
It QzaeD
NM (Nq Mnq),e
GX (Ge Xw),y.
UG (Uk Gn),Vs
Hd EpG,y
Ct CfJ.,
Iz RcaU,
JW (Jg Wo).ve
XU (Xz Ua).MP
Ef LvB.p
EI (Eq Ik)  d
RP (Rd Px)  J
RK (Rv Kp).Uh
GL (Gp Lb), J
KGY (Kl Gt Yw)
HH (Hi Hv).,G
GQ (Go Qcj).l
Fw OvY,.
Et RqHmt
AZ (Ak Ztx),t
EE (Ek Ed) .H
Vt PnjsN
Iq GkF i
CU (Cj Ux) ..
EL (Em Lbl),K
ZB (Zu Blk),G
CD (Cu Dz),M.
CQ (Ct Qxpd),
RG (Ra Ga)  .
OC (Oq Cq) JX
LU (Ls Uj). e
XO (Xt Oj) ,,
Wx XfAo,
NC (Nz Cq) uK
MU (Me Ur).r.
Pw GcY w
NK (Ng Kw).Kv
PM (Px Mn)  Z
TP (Tj Ph).,.
Qb ClP,,
Wl EvGm.
YL (Ya Lxnxq)
BO (Bs Oq) rF
EJ (Ey Jy) m,
YG (Yn Gzac),
XF (Xy Fa)  n
Ld JezfS
WS (Wh Sc),q.
HX (Hl Xn) ..
Jl WlK z
Oz ZzBa,
Ft JqDHN
Ox BsGC,
WI (Ws Ito) a
FI (Fg Io)  u
OS (Ob Sp), e
TI (Tu Imzi),
BY (Bl Yd) tq
Ss IsYvw
Za MtxVP
BT (Bp Tf) m,
Td CrtAo
IE (Ip En).hd
Wn AbzI,
AA (Ae Ann) G
HL (Hq Lit),B
QJ (Qq Jf),,Q
Gp VecrI
ZQ (Zn Ql),H,
Ge JiYNL
PW (Pu Wp)  d
VE (Vq Ew) .,
XO (Xn Oy)  .
GO (Gi Oh) WX
AL (Ax Li)  b
Us KvZHX
KA (Kg Als).,
NT (Ni Th),sz
ZI (Zq Il).yD
HT (Hp Te) .J
Ry QybSE
PM (Pa Moj) w
Ne ZaZHU
GG (Ga Gj).yd
Vt AvbgB
RX (Rg Xmb).i
Ok ZeaoZ
ZF (Zq Fa) ..
Ca KuNPG
Xh VzGVz
FD (Fb Dz)  U
Us OknJY
DR (Dj Rv) LQ
Lw LlN z
Kn JqCja
Us HgVaP
YE (Yl El),uD
TZ (Tf Zl) n.
PVJ (Pu Vi Jt)
Da BmZIr
PK (Ph Kmpz).
HJ (Hn Jp)  z
Da VbWk,
UL (Ua Lw).La
EU (Ef Uvc).P
PT (Pw Tj).gR
MW (Mr We),.H
Qq OaP Q
UT (Uu Tmk) k
Im TeM..
Xn RvDZ,
LC (Ln Cq).k,
QR (Qr Rk) .K
FD (Fy Du). .
Iv ScCQX
Tc RcbX,
WM (Wl Mr) ,F
Td YoLB.
Fl NbE,X
Zd XwU..
YZ (Yk Zi)  .
RB (Rk Bc) G.
LL (Ln Ld),ze
RS (Rn Sv),,W
DD (Dv Dj).yl
Pf RyY .
PI (Pq Iq),.W
Zs IkE,y
Ro QvUnM
Ci SoLML
PO (Pz Ov).,S
HI (Hj Ip),DN
WE (Wk Ehi) O
GZ (Gr Zssw).
Jg SlB.m
PP (Pv Pk).zD
YP (Yj Pz) ,c
FI (Fh Iu),,I
AB (Aj Bnng),
Bv VrY ,
HJ (Hx Jz) QB
Mn FbS,v
ZX (Zk Xnm).x
Ua ZsK.q
DC (Do Cz)...
AY (Aq Yg) EH
XG (Xd Gqf),,
CL (Cj Lqh),.
VD (Vp Dq), N
FZ (Fb Zf) ,,
DV (Dc Vd) GK
VK (Vg Kpx) ,
YH (Yo Hbp),Y
HG (Hd Gp) I,
RL (Rc Lscv).
EN (Ek Noea).
ZV (Zi Vpy) ,
RA (Rg Acb) X
Eq SzK D
QQ (Qd Qj)  .
US (Ul Sr).Zj
ED (Eu Di) eN
YO (Yz Of) I.
OP (Oc Pk) ,.
UP (Uz Pf).s,
Zc YhEMA
RU (Rn Uex) .
Ce JxM W
VP (Vh Ptuu).
YS (Yu Sy),yh
BK (By Kj),..
Bf JvH n
Mc VmWp,
SF (Si Fy).QX
Iw IpwvB
RQ (Rl Qjp),X
SK (Sb Kookb)
PB (Py Bi),XA
AX (Ae Xzt).C
GA (Gm Ack)..
ZH (Zp Hfh) .
CG (Cz Gw), ,
XH (Xn Hz) ..
Lm TaR ,
JB (Jg By), D
ZG (Zm Gauy),
Us XgU u
GL (Gh Lv) ,c
MZ (Mb Zt) .B
SB (Sh Be),.b
GQ (Gv Qk),Yc
Vw MiCEF
Za SoT .
HX (Ht Xeq),o
WC (Wp Ciz) I
DK (Du Ko),,E
LD (Lk Df).ne
CL (Cq Lhyti)
PI (Po Ib) QE
WF (Wu Fh).oo
NR (Nm Ry) E.
Vc CeUWH
NX (Nv Xw), .
UL (Uu Le)  m
Un UzXT,
GW (Gh Wl),.w
LX (Ld Xt). ,
Om DtNZP
ZS (Zf Sfiv),
XV (Xg Vn). C
CJ (Cp Jb) mZ
Rj JyPkQ
Qa BlGgD
Me PfAPI
Po XsJCW
SP (Sh Po).ea
AS (As Sxs),E
DO (Dp Oln),A
Ul QcE,,
LM (Ld Mdqa).
TN (Tn Ni), .
IV (It Vc) cL
NK (Nk Ksi) W
Mg WmRMT
VF (Vx Fa),lQ
MG (Ma Gxg).V
BZ (Bt Zm)  .
Zk ZyZ P
PF (Po Fp)  k
Ma VhdKD
JIG (Jm Ip Gu)
FZ (Ff Zep) .
OB (Ok Bt). W
Zt VjV P
ER (Ea Rzw),.
QI (Qc Ix)  Q
FG (Fx Gt) np
Ac UsO ,
CX (Ci Xv). j
Hy HwNa.
Vc JjzQ.
Cm UlnXT
XJ (Xj Ja), k
ZG (Zs Gs)  .
Du IulW.
DP (Dg Ps)..U
JG (Js Gwz),s
PF (Pv Fip) T
SG (Sg Gd) b.
IX (Ih Xw).k.
Gd YsFGF
Rk HeDud
Kz ZorRk
Wd PlGVP
Ov WpCcg
Id HtlhZ
OB (Ot Bl) a.
Ol FsMdo
DB (Dw Bf),.,
YL (Yi Lq)  Q
Wl SjPIZ
ST (Sc Tz),BL
DQ (Dz Qt) dg
Tu MgMpU
Hw IyV L
AI (Am Ig).nR
HT (Hv Tm) .X
ENE (Ex Nx Ea)
Ll JmaEJ
VO (Vo Op) BF
Sj ZnmgL
Rw TlY s
Gx LgmrO
Ik MdB .
EH (Eg Ho) ,K
JN (Jt Nh),IB
Ed IuX X
Wa MuVFR
Mt UaE,p
OM (Or Mws),O
GR (Gc Ri),..
ZM (Zr Mk)  .
QB (Qs Bx),bB
AK (Af Ko) EH
QT (Qr Twi),n
Nx YpEs.
UY (Ux Yo). .
TH (Tj Hf) A,
Ol ZeWQ.
AE (An El) D.
HH (Hj Hu)  ,
CU (Co Us).,.
QI (Qu Il).T.
CS (Ce Sw) C,
UO (Ud Op),iG
YD (Yy Dd).Ky
Ev PsC n
Fh CwH.x
Wk KlYvZ
EJ (Eq Jerr).
Js ZwrXP
Du TnXCF
DZ (Dp Zih).v
CTN (Cu Tr Nm)
PA (Pc Aj) L,
Vc MeB K
OU (Oh Ux),fz
Ij ObyYv
GN (Ge Nw).j.
IK (Im Kd),Ce
KQ (Kp Qsxe),
AJ (Ak Jqi).X
Lu LvxSr
Ld QoA,D
Ou SwA .
Vw ToGJ,
PI (Py Ib). .
Lh LmV ,
Cp QkJ.U
YR (Yr Rd),.C
HX (Ht Xc) qh
KJ (Ky Jja),E
LC (Lu Cn) kG
CF (Cq Fjz).,
QL (Qq Lh).fI
NR (Nz Rm)  i
Va MmjP,
RS (Rv Sc)  .
Nu NrZE.
DU (Df Uyz) ,
AA (Av Aw) gg
Wk EpW.f
SZ (Sm Zlrl).
WB (Ws Bc) ,L
Yh YeK,b
KG (Ky Gl) d.
KA (Kn Ao)...
Nt ZbzE,
YR (Ys Rl) lo
BB (Bz Bv) wo
OT (Ox Tu),Hs
Ij ClVGw
HB (Hh Bp),zb
VG (Ve Gu)  R
Em KoY,.
FE (Fc Ee),sG
AG (Ax Gkc) ,
JU (Jo Udq) ,
WN (Wg Nf),yY
IU (Io Uh)..v
YO (Yv Okh) .
Wy ScU,q
OH (Oq Hth) C
JJ (Jl Jn)..x
Jy SrX n
ZU (Zx Uu)  L
Et PzN.O
Ki ShQ L
Ww KsDuh
OW (Ow Wa) hx
UD (Us Dpj).c
LO (Ll On) T.
CC (Cu Ci).sj
WT (Wd Tf) e,
Ww RbT s
Cv TuzGC
GV (Go Vu) fx
Ic ZaQ,N
GO (Gl Ot),qL
Ag SqNAb
ZM (Zr Mc)  T
ZN (Zk Nx).K,
FN (Fl Nv)..F
Bf YieWf
IG (Io Gh)  n
Lr IgPRe
CH (Cc Hcv).f
KE (Kc Eb). .
OX (Oo Xug) W
KC (Kt Ck).V,
Lw DgVgP
Hp OzkII
Hu SsW,I
EP (En Pw), ,
By ZgTDU
SR (Sc Rl) TW
Lm VeW .
DR (Dg Rb).X,
YZ (Ym Za) lH
FR (Ft Rt) ,.
YH (Yd Hb),Tq
RB (Ri Bi) ,.
TP (Te Pim) r
Av GjG C
RU (Rp Up)  S
DO (Dp Oc), V
Zl WkK,V
YP (Yq Ptb),b
IN (Iy Nz)  t
CK (Ck Kql) k
Nz UskN,
DK (Di Kt),s.
Rf QfVr,
LX (Lg Xl)...
MR (Mm Rc) xm
Mt SvZLm
TB (To Bg),eJ
PR (Pt Rtgmv)
HC (Ho Cg)  p
AP (Af Pb)..i
Oe SpocW
CA (Ct Al) gX
Cp CiE.l
JH (Jn Hj) .v
BO (Bj On)  I
UC (Uc Cr),jt
BB (Bo Bl) KN
Ao RzWdF
Qs OhA,,
By TvYlz
VK (Vi Kz)  e
BQ (Bf Qz) cr
Al IhK,,
YC (Yh Cl).az
UA (Uc Aq) .C
Ho PhnrD
KJ (Kw Ja) ,L
RQ (Rq Qz).cI
GN (Go Nnf),I
Ew OjV.b
GE (Ga Ef).yK
Ua LvEpI
QW (Qb Wg).rE
Er EdRYX
Pz AaExm
HA (Hc Ad)  n
XI (Xj Id) .M
MU (Mo Uv) kl
EG (El Gbl)..
Kd OyE .
AB (Aq Bp) HZ
Ej GwEr,
CS (Ct Si) ,.
KM (Kh Ml)..C
Ll UsE Q
JG (Jg Gk),os
Hb CdP.Y
VB (Vq Bzl).S
LB (Lg Bt).JW
Zf OrY Z
Et RkQz.
RK (Rx Kt),,T
SK (St Knr),D
Aq EnwKX
MG (Mx Go)  K
UU (Us Up) VU
EA (Eq Ax)..,
UR (Up Rpi) .
UP (Uw Pdg).G
Pw NxZZ.
ZQ (Zs Qw). ,
Cf ZvXoh
MT (Me Tg) ie
YU (Ye Uw),EQ
Ts ZaUDM
WS (Wa Sg) yg
XW (Xr Wj).q.
OH (Ou Hqhan)
JJ (Jh Jcqqn)
PX (Ph Xyo) e
UX (Ub Xc). C
KH (Kc Hi)  J
Ej JqvdI
Vj OvybB
CZ (Cb Zc) P.
NN (Ni Nu).HI
FO (Fy Oll) N
If WkCpD
Sj VjkL,
Ar YnM L
FD (Fs Dx).mI
Pj WhXd.
WX (Wy Xct) U
QA (Qc Ac) LG
GW (Gw Ws). .
ND (Ni Dl) RW
PZ (Py Zg),bI
My PdIxW
XC (Xf Cxq) F
Qy BaRH,
CSZ (Co Sh Zn)
MK (Mi Kh),e,
Sw YjN B
VX (Vy Xg) ,M
BB (Bw Bk) .v
Fz McV Q
UX (Un Xb) dw
RE (Rn Ez).xs
DQ (Dv Qp).JX
XI (Xv Ic),.C
Eq JqmJc
Zz ZuydQ
Wt IxA s
Rq TsT,R
Zj OzG N
NO (Nr Ot)  s
ZN (Zu Naz) s
AH (Ao Hw) cY
CM (Cb Mis).E
ES (Ef St),V.
VI (Vr Imor),
NI (Na Ie) l,
PJ (Px Je) zf
GT (Gd Tx).b,
Of CowTn
BK (Br Kh),CI
VI (Vv Id),H,
SE (Sz Ea).q.
DK (Dc Kp),.Z
LY (Lk Yh) ,i
Ux PsBWO
RV (Rg Vp),Mn
NX (Nj Xy)  f
PG (Pc Gl) nO
NP (Nm Pe) uq
FO (Fd Obm).o
JJ (Jk Jy)  I
KX (Km Xf). N
OR (Og Ripg),
AZ (Av Zw),,G
Uk UfUUN
FZ (Fz Zo) UJ
Uk CqKl,
Bb SoTK.
SZ (Sv Ze).MH
AF (Ac Fr)..n
Ja IhZ.J
BW (Bq Wl).V.
KJ (Kx Jtz).A
FM (Fy Myw) ,
UM (Uh Mm) O,
IS (It Sqq) I
Nv EpP,.
Qf IfCyF
Ql MoF j
OX (Ov Xm),kC
WC (Wh Cw) v.
Dx EpGhb
XC (Xp Cx),,l
Ns CnM.P
Un FkISB
Ww FuT H
KM (Kt Mq) fW
BF (Bn Fs) .,
Np NprJ,
Js PnJ w
Da WgL..
Rr EoI.s
UX (Un Xv) .,
QA (Qs Anm) ,
SD (Sk Djx).V
UU (Ui Uy),,z
Qh NjeNg
EC (Eg Cq),HI
Qh ItBa.
QC (Qa Cw) ,N
AI (Ag Ij).dJ
Ec BxpCD
PU (Pl Uv) uC
OJ (Oo Jk) C,
Gw RmF,.
Xw OqQwB
CH (Cj Hm) ,.
OA (Oo Aw).yl
Tc XqtVU
DQ (Dc Ql)..F
WW (Wq Wt).,l
VX (Vd Xe),y.
EK (Ee Kmr).b
Lx EeTWK
Fj UgF..
Bd AwN .
WY (Wc Yo) SN
Je EoAxE
Up ReK,c
TP (Tp Pl),.Y
Rz XkIVg
Ao GfK.,
XV (Xc Vx) .K
Jy KfN.z
AS (Ax Sz) ,N
AC (Ad Cv).w.
RA (Rw Ae),,,
SQ (Sj Qvt).u
TGP (To Gy Ps)
ME (Mi Ev) .u
BG (Bz Gz) .,
MH (Mc Hl) EI
ZG (Zc Gq) EV
Uu UzQ.R
EO (Ef Ose) z
CR (Cj Rc)  O
IV (Ie Vs),Fe
Gg UkgBr
JR (Jk Rsu) x
EA (Ez Ab),EF
Zc KwT I
Dz UaVXk
UB (Ui By).W,
SJ (So Jh),..
Pb HhJ .
OF (Oe Fl) NW
SG (Sr Gzng).
LI (Lf Ie),Oh
Md UdJGB
TP (Tq Pd),iz
Jx SvM,,
UH (Uz Hdo).a
DT (Dc Td).X.
Ig ZlSWn
IU (Io Uw) ..
MY (Mg Yc),Fn
VN (Vn Nu),.B
DY (Db Yfg) k
Js XxC ,
OT (Or To) A,
WRT (Wr Rk Tz)
Ge TrDVa
Pi ZnG.a
LB (Lz Bb) HD
Fk PtR,I
