H Jy  Dk,
UEY (Ua Ek Ysr)
,EV CnkAY
y SkM PcV
Pp H Tjrg
Fxr YcJVL
Bf D, .EM
LzD, Uc.B
M LY (Ly Yikb)
Mo  Jp yn
n Je, JqD
QZ  LiW,.
CvL Cw..,
lC Fka,EX
KW (Kl Wg) OdB
FR (Fu Rk) DsK
Md, Cs. x
Bs. x Alz
tt e Xm.n
SM HF (Hm Faf)
. HyN DsE
, Nj EuAU
j OC (Od Cd),e
JoDG Uj,q
.Gd  Ev ,
Yxn,  Lbm
,s MB (Mk Bm),
ECY (Ei Cc Yav)
Hu  Ug ,m
H XF (Xc Fr) Y
. NN (Nv Nc) p
Xb.,  G,l
RA EimY,.
FP PE (Pg Ewn)
Ci TbHO.a
,e  Pe b,
JXO (Je Xi Oex)
EP (Eb Pzwb)..
XBG (Xi Bs Grs)
Ss  Al  v
IK (Ig Kt) OyQ
bp SiYzcq
WX (We Xk) KkS
Cn..v Fex
n,.., Dl,
Ng OwFTJG
UZ (Up Zr) ZfB
r MQ (Mf Qmgw)
Nc, HfN ,
LK (Lj Ki),KBL
e  Yn OoS
A KP (Kg Pz) ,
,et Rj S,
OGD (Oq Gf Dm),
, XW (Xr Wj)..
u TE (To Ey) o
FI Qp QvH
WS (Wb Sg) WhN
.  FxIg B
lr wC Ye.
PBX (Pa Bl Xo),
IaH. RmA.
l LN (Ld Nfc).
ZNW (Zq No Wg),
x.Q Jz. j
Ha T FyAT
. YA (Yn Ahi),
SM (Si Mc).WoM
,EW KoC,.
tdS Xcn,.
JFY (Jt Fm Yjz)
,..mg Xpy
vp Wk va,
. Nh, Yrn
m. UK (Uz Kmc)
A  Yt,,hd
L Df  IzN
Ld ElH WT
. Pe XeH.
Kmnk.MUWR
S Lp KbuB
D Tlu,  t
LAC (Lh Ah Cy),
n El  MpH
DC (Dp Cp), ,H
RhSQ Ks.g
Jz , I,To
HX (Hv Xm). tl
Kn, OsL.d
.,TH, Bd.
Uc FxX ,F
rNj NjVh,
Ipa.Ig ,a
z ,a  w s
fo Fx M ,
Aqxs,,HOI
e ...US ,
YM (Yl Md) U,g
Dn.y Tjk,
OyQtq Cn,
CT (Cua Tv) S,
Z UabqDvI
.qB Bqjcv
, QeY NbD
J, QypJ r
,s Ji.,S,
t MF (Mlp Fek)
JjL Jv.ZL
v Vw .s.W
z Tq  Ht,
I WF (Wd Fc) .
VuE Zl  s
TctE  Nqv
p EG (Ed Gb),J
E  ZX (Zi Xf),
OgRKm Usm
DrU Fu JO
D Yf.J,Rq
Z Vo LbHv
, WC (Wp Cq) j
t.R Qa,M.
z Hl QcR.
Jj JxOAM.
BwL umw C
h YK (Yh Ky),c
, XgHO  Q
IM (Iyo Mx)..q
DdQ  rChX
JV (Jp Vr) ZqA
YGF (Yb Gf Fig)
U LM (Lf Mi) ,
Y Om..  .
Ee AaF. P
UE kofk ,
J Ay  Dr,
GoXcS Dv,
Ec  Dvq.R
k PH (Pe Hi),Z
LW BaEH.I
EG (Ev Gp),CRB
I, XzBMH.
v YR (Yd Rdn).
VEV (Vs Ed Vvf)
. YQ (Yw Qx) o
YgA b LkQ
Iy CaCt r
q UB (Uk Bz) .
. Lvj JS,
,m UppN l
, PuJ ItE
DG (Dm Gg) WzS
f,v Qp,ft
NRO (Nh Rs Orj)
., q Tm w
P TE (Tx Er)..
QW (Qs Wd).R l
. WK (Wx Kh) .
L,,oB .MS
EWL (Es Wz Ljq)
S Gs, Vyh
Nt  MhDZW
He  Nc.Sx
RZZ (Rh Zr Zmo)
Jk  Bd  .
Ars., Mt.
nK Dde D,
,Y PP (Pf Pr),
. Qc OxXg
zW Xu,Vto
MS (Mu Su) RqP
Ts.  Ta .
AfL Jl ,.
FS (Fv Sp) SoE
,SW Sn, .
BFH (Bt Fx Hjm)
UH (Uh Hq) DuA
FxT f.oJd
. Fv OoQf
M Ky InzR
NF (Ns Fz) NzR
CO (Csu Ok) pM
U JqU  ,p
, KsK JpW
oIk GzZi.
NH (Nq Hli),Op
dA EB (Ed Bmg)
Lqg GoA a
W Op  Eie
Grn GtUXb
L  y,,.X.
.y Uew ..
Uq,rZ AeE
SC Gt QbO
j  YzEp.,
GJH (Gv Je Hcl)
AcH Hwd,k
, Gk. VlF
K GhuHz,m
E Hl OkR,
WMQ (Wv Ms Qvv)
SV (Sk Vt) ZoN
Vq.V x ,D
BT (Bh Ti), ..
. CK (Cw Khy),
,  Py w,,
YK (Yw Kq) YfU
FJ (Fbrs Jauz)
MZV (Ml Zc Vja)
Kc XuS  x
Ci,  Cf,M
,  LD (Ly Dqr)
Wi  YvWJ.
ZV (Zi Vv) JlI
,ur, cbdD
VE (Vw Er),p f
Cz  BzR,a
roV Htc,w
MRN (Mp Re Nzn)
xj Y Ga,U
PPL (Pm Pa Lb).
Vq. Qh..T
WiZ . j.S
K QpP Bmd
SJ (Sm Ji). ,e
VaFT SpwB
HrJ DxT ,
nz, TdPAD
a JS (Jkw Spz)
Dk. Ex E,
AuP YbtQ,
M Tl FfF,
O ArW Yx,
HR (Hw Rzx),S,
RD (Rm De) ,,M
NT (Nv Tu) VwE
T.m Jmo .
Th,   WzK
, QU (Qs Uc).R
ZL BtlQQd
b. Au HcF
FOQ (Fd Oo Qm),
VtB Lmr .
q. CJ (Cu Jv).
T,YO Px X
Xuk. VnEe
EeC CjQbj
TZ (Tg Zs),  l
N  Hw. ,L
B  SrTWLF
Ad UfO,w,
JVR (Jg Vm Rg),
fd Hf XeV
w Cnk   A
Aq, CxLr.
S TrJ bFs
KcM Xb X.
AdY RbR,x
u. Zex,,W
Q JO (Jy Og) ,
Z AO (Au Oq)..
Uk JhJ t,
k ,  DiR.
U EC (Ewuk Ct)
N Nm kj,D
RV (Rc Vu),fIA
k k Ch  Z
Hy .CGD.B
. Iw ZvRA
o PV (Pv Vw) O
c MJ (Mza Jfs)
LtR.   Yc
.  Kud, .
CE (Ct Eh) ,kZ
VrR Oo VQ
C, LdgF,E
NE KH (Kh Hjc)
a YT (Yr Tqwr)
Nh PaIe .
RqZ Bv..s
Mj ElNN l
RK (Rg Kz) TrO
Gd S h H.
Hu  KtN s
Hc  SsamN
Akr JyY,a
GU RO (Rw Oqp)
Ys,.  N,G
ImF Xr,Kz
AJQ (Aj Jq Qmh)
X Oh  Kz,
zz OH (Od Hdj)
N Kv  q.u
OAV (Ok Ay Vjv)
Ua PkP oy
. Fk  JnM
GSU (Gx Sb Uhb)
UmB ImC U
UHU (Uy Hz Uq).
fu,  Jl M
G QM (Ql Mmd),
..y Na EV
Yj  Fx cn
Zfb YqPUt
MD (Mb Dv) DmX
.t Hqbq .
i Oh ZwIq
ZsH. Kg.K
P ThA Hro
G On RlRP
.,  Ys,,A
..Q  Ef,A
, Ag GrjF
g AV (Ai Vt) Y
cLZn Sq ,
, Ld JicZ
S RnKy, A
Tv  Ts, v
q GS (Gm Si).H
Hyq m RtT
MTN (Mz Tt Ns).
XzL Hs, j
OW (Oag Wk),.,
, BF (Bk Fv),Y
UO (Ul Oc), dE
BO (Bmr Oq) ,H
g,  Na,oH
YT (Yig Tt) jb
., AB (Ab Brn)
,GUHE ..T
At  Pk a,
X I OsnW.
DH (Dz Hb) ,E,
HO (His Op), E
NNV (Nf Ns Vn),
..  Hc,bo
Yd W Bz z
,l Nm BzT
,,f. QhaG
XoV Dj.j.
YZ (Yn Zz) AjO
JL (Jn Lr)....
Ct  , Wve
NP (Nu Pf) ByW
BX (Bu Xc) OM.
Jz,  Gu,t
. VX (Vd Xa).o
Gt L ,,SY
We.T,pVv.
,  Sb .Ms
I WF (Wq Fv) L
BME (Bb Mq Eyv)
B  Lour,k
IZ (Ig Zf) WyH
ZT, Gm ..
jIMZ No.v
Y, Yrlm Z
Fy, Iw,P,
QO (Qp Oz) JA,
X. DG (Dg Gu),
XAI (Xh Am Ib),
SfD Gx O.
Ns kWi,QM
OQ (Ov Qq) QtF
W   Cml E
.  Bb  GA
YM . Vqgz
ELO (Ek Lg Oa).
XMI (Xs Mt Iv).
MK OY (Oq Ylw)
H..  Rg .
R GfW Hv,
Die  Hd.,
g XO (Xc Oo) .
Xm, Jcr,v
. PB (Pt Bf) .
, Prhh, C
POS (Pk Of Sfx)
, Gq  Gb.
KP (Kxy Pr),ij
w IX (Id Xfe),
Gx SzA  X
,,B Se.j,
LpT.. FvK
. OA (Oa Alao)
..G, Jq d
Z.Hm o.ei
x  ZqF  Z
S EU (Equ Ug).
o IV (Ih Vim),
,,p DQ (Da Qr)
ALN (An Lp Ns).
.. Qk. u,
,, b Algi
Bw HjGS a
Qi.ahUE ,
Obt  Tv T
SFP (St Fh Pt),
Hm.hX ,xw
CJ (Caf Jxw)..
n  Kn  F,
MUD KkJ U
KHL (Kz Hu Lrb)
Bi LJ Yb.
MR (Mx Rxb)  .
L Xf,   P
, DJ (Dp Jx),l
MvV Gz,.x
. TX (Tj Xjv),
v  ., If.
, Zbz FK.
Og  Vm...
. WL (Wqk Lg),
D PG (Pz Gw) ,
,uW Cx .x
, Cf YmRb
Sbf. Ip.S
Kq v CeXM
s XN (Xuy Nu),
CP (Cw Pe) UrT
Wt  Co,l.
Ud., Tf s
UNG (Us Nz Gb),
SC (Stp Cx) K.
XR (Xn Rb) PoN
Z c MrI.u
OU (Ohh Ueq) ,
Yv  IeR q
t  PV (Pr Vwn)
I TiU,.JK
. Vj RnNp
T Cr ZyID
Q Ki  Qus
Xv. Rn.Zn
LSZ (Lf Sk Zr),
. PhR Dh.
TsK XxKR.
Xt EyB,TX
Ex.f QeMk
Y Irzb,XA
DF (Dzr Fe)  v
Rp .,fx.u
h ME (Mf Etix)
Mo, Ir, M
Rm, . Wa.
Mz JnJ, N
PHH (Px Hd Hm),
Oy KgIWx.
ARK (At Re Kc).
, Mvjd,do
A.k  Ike.
p LP (Le Pgg).
II (Ie Iok) ve
OV Lhq.UH
c Yi. Qi,
bB LY Ttc
TaX. t, ,
Sq S. YoY
my PF (Pb Fy),
PC (Pc Cn) DnS
.  ,. WcO
Zq,g lM,.
CB (Cdg Bl).ra
Dmd . t j
. Yo LwEb
Ml.  Bo m
T Nu MnZ,
., Cs.Wl,
T AFk Iyf
Alttl..cZ
JT JhB .G
S WP (Wv Pp) .
c XA (Xb Ai) p
y ZP (Zr Pl) x
,wL, Fc..
UL (Uz Ln) VyW
k MB (Mf Bm),.
Ep.  DkHf
Qr  Sf,.j
IN (Iq Nr) VoW
GcQ  Nv,e
aT b.kEJk
Av VlGl .
MB (Mj Bq) JkC
wO Tr JOg
RlUA Py,.
VyR Rf j,
TY (Tt Ym).,.,
G,  Bg, ,
NT (Nt Ta) OuQ
Eh  Ze,HF
uSZ  EwKB
,.sB Rk .
MQ PZ (Pe Zzz)
TB (Te Bg) ExG
Ma RvhC.z
U NZ (Nlb Znm)
V Ei IlZF
R Ry . .p
YZC (Yj Zp Cka)
P Wv..k.,
Bn AeQb h
JP (Ja Pl) TtW
NR (Nr Rq) ZlI
,f RZ (Ro Zyb)
A HA (Hga As).
Bqu GbT..
K Po f mb
GH (Gp Hz) M ,
OgV Pz ma
Gv.  Kn ,
KQ (Krl Qi),Sw
, Tl. Zxi
WQ (Wk Qxz),,r
GMS (Gl Mm Sd).
TwK Rm ,.
C Wr  Clw
w S, Hb ,
VbM Xx  h
P Nzn PaL
.. Ihy st
BZT (Bb Zx Tl).
Oj  Es.,r
r  Xw WJC
XQJ (Xw Qy Ju),
,D OA (Or Aum)
. VsO Do,
y PkX Oj.
CP (Ca Podjl),
MY (Mb Yg) FaF
McY NQ (Nw Qd)
H LJ (Ld Jx) h
O,J Bo,H,
LEX (Lg El Xn).
, Xt BozO
m o Vs zK
BZ (By Zff) .A
Jonzob,d,
.i Hn L,,
Mi. Bi..a
R QtQ Ye.
Zn, EuN E
CU (Cgko Ub) .
W,Akx DjF
QO (Qs Orb), r
To  JiNOs
k  LsO Q,
IQ (Id Qv) ,CB
EqY GnB,h
M Uyh JS.
A DZ (Dk Zj) ,
Sd, QlE,.
Wh  KgTCV
UNU (Uw Nnc Uk)
. CW (Cq Wm).K
TK (Tu Ku) KxK
Ig GrNM O
,u Ckh .,
P Fc UvTc
G QU (Qvx Ufa)
Xc  Ug...
k  Ks  Yw
BDG (Bj Dw Gn).
VUB (Vv Ui Bf),
c ZdH Ra,
KSG (Kf Sq Gyr)
Fw. UlNwa
Byi  Mh,U
A Rp. Sqt
No  Ng  Y
Xtg UdI.j
Lx  Zk  f
Hf,e Jg .
UC (Un Cjo) pa
M,eFbUc E
Yvm OygWk
Jd  JnAX,
Im  Vo.Jt
, NB (Nv Bv) p
Zu LaA.pr
, Hg.jkUy
. Ge FyUp
AK (Ar Kg) PhP
J  Nh U,e
, Vv YjOW
U,,   Jpf
CYL (Ct Ya Lz).
YTN (Ya Tb Nge)
g YS (Yy Sl),,
w EI (Eip Iib)
. CK (Cf Krsq)
KX DS (Du Skd)
. Yx  Pnj
. Pt HwRL
v  CO (Cz Ox).
Yw z ArWa
ZaiC. ,.N
ZwA Axqr,
Cp ZszhGq
n.W   QMD
, Jx VY n
Ob. IiK ,
T. Fx,KQG
.k  Tw,Cf
td,  La .
HZ (Hn Zv) . .
i,G XmcQ.
XtM Sj  .
..  Mlgwl
GT TX (Tv Xkz)
q.A Ap  k
DZ (Dq Zq) sxw
, Dn KqIf
Cg BnrZwV
tO YP (Yc Pf),
IW . ScIG
KczH. Up.
Hc , SiCm
f FF (Ffp Fef)
z SU (Sos Uuj)
Cs , Lt.,
. Nq RzL,
TsJ Ivk.g
BM (Bg Mq) sb.
k.  e Si,
MTM (Mk Ti Md),
Jf. Ard c
. If... ,
.L Io GlG
Fq, Bd  Y
g Gi. zuV
PzH , Ygu
d,. Hypbl
F WI (Wh Ig).L
y  Zq  ..
ENGR Rf,,
y Tb VwBv
. Io ZlxZ
. Xr HdWY
MG (Mq Gi).TGq
z HE (Hw Et) D
Ix  Ir ,j
C Xo, LRx
Bt  LkA e
Wt. SqILt
BiM Qd, y
Sn,   Sn.
PQH (Ph Qy Hig)
.N PZ (Pr Zk).
LLP (Lg Lu Pq).
Ug  Lb,,y
QAD (Qe Ax Dik)
Sp T LtL,
o, Bgxv .
R LA (Lp Ad) .
, Hw CsAA
DU (Ds Uq) ElY
y IL (Ioj Lbe)
X,  Aa,tl
.  Mu f,P
YK (Ypw Kfuk),
C RzH . w
. Po,,.H.
CZl ND (Nl De)
.M Kb,Z .
Gs   Ym,E
.  Ot,ez,
i  Jb l .
Y  SP (Sn Pja)
x,H YgYrA
WwT Ahp X
u Sc,  ,G
ZL (Zj Le),,,a
RV (Rzm Vp),,,
Ph OmPa m
.,b Qgbhk
. NO (Nj Ot) z
QN (Qw Ne).  u
Bp, EilkJ
GoCE XG,x
MN (Mk Nx) TxL
,O U St ,
CDT (Ci Dv Tfi)
SG (Sb Gt) UwZ
Fjz  Fih.
,,aLG  C.
sm,L Yx,.
JkH bF,Q,
Dk  Mlvg.
YGC (Ym Ga Cel)
z  BjVg,d
JPU (Jp Pf Udw)
UR (Ur Rk).. .
Fx k Exre
Sb SzV,s.
IG (Ij Gn) IbA
u XI (Xnf Ih).
Qv  XhWLI
AM (Aoc Mw),,I
RP (Ro Ps) KuF
Fw. Ggk,.
XqL Fh.cM
Yc  GclII
o Fx  Ymb
bQ FL (Fj Lz).
J  Pg NfM
UQE (Ud Qt Eod)
,s.M Qzas
K Ey NjJo
k CV (Cz Vquj)
k  QA (Qd Aa),
BJG (Bv Jq Gl).
Xs  HlYi,
i XJ (Xr Jwxz)
PU Tv DhT
HH (Hq Hl).  g
Nn  Lab s
IM (Im Mt) RuT
CT (Cc Ta)  Ld
, YM (Yy Mj) X
M BH (Bg Hu),m
T Kdg LmQ
, Tq.i  a
GM (Gjyg Md).x
JD (Jz Dr) ,cs
z Gj, Xyh
i AF Ai.R
nT...,  ,
S  MU (My Uc),
. Lv, Qm.
EpR Aa,,,
,h  EcTSE
Bn JoZ  .
Kv  Ppdzc
U Df S, r
M WN (Wl Nwf),
VK (Vw Kwgj) C
y PZ (Pf Zr) C
GZZ (Ge Zj Zmv)
Yi, YtZ,d
Pj.  Hdwq
Ohc IzI t
.j  OlDv,
n  Uh KsC
Bq. IusTv
F GmQ Ve.
MkZm., LG
LH (Lh Hv) FmS
p MF (Mr Fa).f
LD (Le Dxb).ta
N DjX YrM
Et  VkK.J
Ln..,vCJe
Y Vc CmVl
Di MgOG O
Th.,. XjU
Nk ZroIBM
F Ic YdYo
KLP (Km Lv Pa).
ERQ (Ec Rg Qml)
Sv j  Fqc
d Jhw f.T
Ev   dLyY
oE DB (Db Bne)
x,, Bz gI
x Eu RzS.
VLO (Va Ly Og).
,q  Ik F,
. HA (Hp Ax) U
WVA (Wc Vq Aky)
IkV Jn.,D
EU (Em Ui) QxF
QXZ (Qk Xb Ztq)
GYI (Ge Yo Ic).
, Gc HuB,
ZK (Zy Kls).ao
Rz XsoBXm
PY (Pi Yds). G
h. Oiy.eC
XmuP  Cu.
ClHR, XuO
Y VB (Vp Bad).
IcsB OcdC
FP (Fo Pk) GxM
Pm,. ZmcO
. NeTC,.v
HfZL RoWn
eC,  Ovm.
IAU (Ib Ay Uj).
i PgmD  t
xop Ke ..
Kt  Xc,ts
, Ee  Dlq
b Zep   .
. Kt.Zb .
,M VG (Vm Gf),
MLC (Ms Li Ca).
KT (Kp Tfp).,f
Ti BuTL ,
, Lh MmOF
StN  Ea N
Kw.m Nk.v
Xy  YfG J
Dd .R BpV
A QG (Qb Gk) .
Bbtq. Fmf
B NiI Rlu
Jp EbA zt
Vf z.DU .
,. p Yn..
, Ncly .d
Lp, Ma.,x
xm  PnQiU
Tt ,  kTb
OJR (Or Jp Rn).
G UC (Uyy Cwm)
h Obe LyX
.,  OisTj
TlXk YwC,
Vl  FmH,s
PM (Pl Mt) EiG
. As YrQ,
Bl xN..gh
Fnl EnzbE
Z,jo. LoB
D  Lbs ,N
Sia, Oplq
w Ph TaX,
d Htx., a
U Asr P..
U QG (Qv Gl).P
WHM (Wa Hb Mzr)
MuY Cu dE
I  Rq  sb
yJ Nt ,Wg
XF (Xe Fx).x.M
NIH (Ni It Hwd)
, Xv PuFf
M Dg NaG.
Lfi MvpuK
.R Vl VvO
G LbTj y,
u Ilbh  .
WmMv UyFV
Do  Ry zn
i Zt JleI
.v Kt .r.
DjD LawST
YtGgH,.Fo
. Bs .,w.
Y TK (Tf Ku).y
Ui RnUC ,
HQ (Ht Qp) DnU
B Ky.,a..
RK (Ro Kf).S ,
x BU (Bb Ucj).
R Ab EfV.
Z q Zm. .
pS. OG (Om Gb)
TqP..   S
BkX Bm iT
A  Vh ITr
Gg  YljIc
OsiyD Gp,
,,YF  Jjl
Oi,,r,,.z
y YU (Yeh Uls)
Gp PdA.q.
KI (Ke Ij) TsE
Ya, Jgvc,
, TbI Qoh
K . Wu ,,
HB, Te.,,
Y Ug ,uT.
YCI (Yc Cf Imb)
IC (It Cx)  oE
u AW (Ao Wq) ,
. . IpRMZ
DsN Cz,nY
Vh. Gd.Fo
Wl MvbFDg
. , Zo,.Z
, MB (My Bt).,
., HW (He Wp),
Np AnA,oR
. IT (Iy Tjlw)
. IE (It Ev).,
dn BW (Bg Wi),
Lx  Ix,,.
SM (St Mi) vD,
B, MpFQhm
AO (Az Oy) ,Xv
c Iv EpT,
lV Xs RoG
wZ CR (Ca Rr).
UAR (Uh Ac Rh),
Ys, RxVOb
RqN.  .,X
AK (Af Kv) UiK
ONZ (On Nf Zl).
S.DD EodJ
kz Io CnQ
jN SG (Sd Gjo)
LKL (Lk Kw Llv)
TQX (Ty Qo Xlw)
Y GM (Gzc Muy)
E Iy KjYX
IzDYv b.u
Cvz X Wb,
b LW (Lwt Wyy)
YH (Yd Hk) EpB
LUS (La Ue Sf),
e. Wm WqZ
LcA K Sfs
TF (Tc Fh),p A
PD (Pg Dp) ZpJ
SH (Sy Hy) ,.,
Wix l TrA
ZrH IxVN,
. CG (Cz Gj).W
IM (Ih Mw) HvY
D Az ,n m
Qq AlS r,
YwNsr Xn.
L  Xh.T.O
, Pd. Gl.
f Ng RiSw
Pr,, Uz u
Bt DuN,DR
MCH (Mk Cp Hbk)
p BX (Bv Xk).g
En   Kt r
Fe XjgXRI
Dd.,,.O .
L GqE LeO
Ht g Xp P
Db  DiU..
f Ml TwK,
,  Kb,,Dg
z EeZ Yzy
jrU  Ni,,
ScyS Uu .
Pc . Gx,K
TK (Tn Kt) ScW
,A Tr .DK
D, Tu MwX
Y Ki e  .
IW  HbEM.
..  Qjj c
MvNqQ Fm.
,RPs HjU.
k TZ (Th Zdrh)
EA (Eb Anb).j,
Ip  DmG,H
Mv   Qa,k
. Uu,,.CN
M Tcz PwA
KfJ OgM.n
, , Dfu .
. WzH Je.
Wp JS FuR
. HY (Hlm Yzp)
LIE (Lm Iu Eh).
RN DF (Dw Fd),
, WP (Wf Pa),o
G Fak AvY
JF (Jx Fi) PyJ
, ZL (Zq Lm) J
IH (If Hc) NqX
TI (To Iy) JiD
AjSk Vb f
C,R P DgE
UkPT Zt S
GI (Gs Iq)  I.
Rdt,g rey
, BhbzWtH
Cb, Nd.,.
u IE (Im Exoj)
ILQ (Im Lc Qs).
c SH (Sj Hd)..
Cn. Pplon
XaH , Em.
GkJ Zpspi
JA (Jw Ay) ZpC
zp , Laht
CtI Io,zZ
I EV (Eq Vq) ,
z UM (Uq Mz) ,
r UtfHQoV
EK (Ey Kz).,.o
TBL (Td Bh Lvw)
. Eo, Qg,
.b Tw OnP
.X GC (Gh Cuk)
, Ss GqAq
g Qgt . M
y Bia t.,
KvA Sp  ,
Fl,d ZqTd
KE (Kmi Ecm).C
GT CD (Cy Dr),
