VFS (Vl Fr Sxc)
FWV (Fy Wx Vyw)
VHB (Vl Hs Beh)
EUU (Ec Ul Upf)
IMN (If Ms Nlm)
OR (Ol Ri) XfX
TR (Tg Rg) NsR
VCD (Vc Cj Ddh)
KLU (Kj La Uaj)
KVR (Kt Vj Rsq)
GTI (Gj Tn Inh)
ATQ (Ab Ts Qjx)
LH (Lu Hz) VoF
GKQ (Gx Ka Qbg)
COW (Cq Ov Wrz)
LJS (Lw Jf Ssd)
FFP (Fj Fc Pwt)
KJ (Kc Jy) IoS
JDL (Jz Dd La),
JGK (Ja Gt Kbf)
PRP (Pq Rf Pjl)
VPK (Vr Pu Kil)
GHF (Gm Hm Fz).
XHO (Xl Hx Ozh)
FAM (Fo Ai Mqo)
LCV (Lb Cv Vn).
HSZ (Hp Sj Zzu)
UG (Ux Gp) OwI
TK (Tj Ku) OnH
HII (Hr It Izt)
FMS (Fa Mj Slp)
ZGA (Zo Gn Aw),
BRD (Bt Ra Dvr)
YXO (Yu Xi Op).
JAL (Jh Ag Lcl)
QBX (Ql Bj Xfj)
XY (Xc Ye) CoS
SDE (Sz Dl Ec).
SXH (Sj Xi Hku)
IP (Ia Pi) EaJ
VK (Vo Ku) DuT
WQ (Wi Qo) BdP
EJT (Ed Jc Tq).
JR (Jr Rz) DnP
TK (Tq Ko) ArA
WEC (Wr Eo Cy),
HY (Hh Yj) StB
XB (Xc Bg) AsL
JCQ (Jo Cj Qm),
FJT (Fe Jx Tup)
KSE (Kw Sf Erx)
BAE (Bu Ab Eik)
GUL (Ge Uu Lo).
JT (Jk Tr) PqQ
SCN (Sa Cy Nl),
GED (Gs Eh Duq)
LHL (Lm Ht Ll).
YYH (Yo Yv Hhc)
TC (Ts Co) ZhQ
TVT (Th Vf Tp).
PQG (Pf Qe Ggt)
PJG (Pj Jo Gam)
YTD (Yv Td Dz),
MQJ (Mt Qx Jj),
TFA (Tk Fq Ahk)
EYD (Ei Yr Dzx)
QAY (Qc Av Ybr)
CPD (Ct Po Da).
OKH (Oq Kt Hsf)
TL (Te Lg) CsK
JDW (Ja Dy Wbo)
XY (Xe Ys) VyZ
EHK (Eg Hp Keq)
IMC (If Mr Czz)
KSW (Kp Sj Woa)
WTW (Wb Th Wym)
EYW (Ed Ya Wnp)
OCL (Og Cr Lun)
ON (Od Ny) FrP
AJ (Aa Jx) AoF
RIZ (Rd Ij Zr),
AUD (An Uy Dp).
LR (La Rb) BnC
BZX (Bx Zs Xxn)
NSY (Nv Sq Yfe)
BVH (Bj Vx Hs),
NZJ (Ne Zf Jj),
QXW (Qd Xv Wsb)
WPM (Wr Pr Mmx)
XJU (Xa Jt Unv)
MQ (Mj Qk) MlW
JSP (Jx Sa Po),
PZG (Ps Zp Grh)
YLI (Yh Lw Iq).
VI (Vf Ig) LyT
TLB (Tl Lt Bbt)
LHH (Le Hk Hfo)
AB (Ae Bm) KyF
LDG (Lb Ds Gy),
BZK (Bn Zj Kn).
HZI (Hx Zv Ie).
KEH (Kb Eh Ha).
IXJ (Ii Xc Jl).
HUE (He Uv Eo),
MD (Mz Dv) QpX
SR (Sr Rg) UpF
UST (Uf Sj Tnd)
VGF (Vh Gr Fu).
TRX (Tu Ru Xv).
FA (Fl Ab) HjU
LZ (Lt Zl) ObG
NL (Na Lc) IeT
HZX (Hd Zc Xlu)
HLI (Hl Lv Ija)
DYL (Da Yo Lti)
ZR (Ze Rp) PnH
QR (Qz Rk) GkV
FUY (Ff Un Yg).
LM (Lr Mh) MtG
YNR (Yf Nt Rd).
LSA (Lc Sw Ac),
LF (Lw Fl) JaY
BWU (Bo Wc Uvt)
QWM (Qi Wt Mk),
LN (Lz Ng) RmV
UU (Un Ub) ZqA
UVN (Uv Vc Ns),
SSP (Se Su Pfi)
CHR (Cf Ha Rw).
TR (Tn Rp) SlQ
MBO (Mr Bl Ok).
QMO (Qr Mq Or),
LGU (Lz Gc Ukm)
TOJ (Tc Os Jm),
ZOQ (Ze Oh Qh).
GRT (Gn Ri Tc),
JPR (Jb Pp Rnx)
TLP (Ti Ly Pj).
RJ (Rq Jw) ThQ
ZYA (Zu Yr Axn)
QR (Qc Rh) WbE
FP (Fr Pl) YpT
GDR (Gu Dz Rhg)
CWQ (Cr Ww Qbu)
HFH (Ho Fm How)
HF (Hg Fb) ThA
GYV (Gd Ya Ved)
JJ (Jl Jq) HpU
JWO (Jb Wg Og),
TD (Tv Dw) KpI
ZYI (Zn Ym Ifi)
WEQ (Wx Ez Qz).
IDB (Ic Dg Bl),
TAC (Th Ag Cp),
EKE (Eo Kt Eg),
FR (Fc Rb) XpW
LTR (Lu Tv Re).
JDW (Ja Da We).
NVF (Nd Vc Fp),
IPX (Iw Pl Xxu)
PF (Pi Fa) LrK
YRO (Yj Rj On),
AVD (Au Vk Dz).
PJ (Ps Jl) PqF
RH (Re Hr) EoN
KR (Kt Ri) NsF
JFM (Jw Fj Mn).
FD (Fx Dl) ClJ
OXD (Or Xw Dc),
NJN (Nm Jd Nvq)
BL (Bw Lu) TkC
YRL (Ye Rr Lpx)
ARR (Aq Rb Ru).
LFS (Lq Fq Sbf)
DQS (Dd Qr Sqv)
EBU (Ee Bc Uf),
BYP (Bm Yg Pvr)
BY (Bv Yq) HtD
SBU (Sj Bx Uu).
EY (Ep Yk) DmP
ULZ (Ur Ln Zb),
HJ (Hm Jb) XcB
BDV (Bs Dj Vml)
NBD (Ni Bn Dop)
AI (Az Ih) DkH
EN (Ey No) ZnI
EYD (Em Yx Dxw)
AQ (Az Qr) ZfX
MSC (Mc St Cdm)
VXB (Vh Xt Br).
DNS (Dz No Sp).
CBF (Cc Bs Fh),
EEO (En Em Oby)
ML (Mv Lw) NcH
MZR (Mi Zg Rhk)
ZTQ (Zc Tn Qy),
ZFQ (Zu Fr Qrj)
DIJ (Dn Ii Jzm)
OM (Oj Mq) RdC
ZFU (Zs Fb Uq),
LLW (Lr La Wjx)
MF (Mb Fc) HgE
FGZ (Fy Gw Zst)
NCG (Ni Cf Ghs)
ZIC (Zb Ib Cvh)
OR (Of Rv) FhK
IO (Il Oo) UeR
HBW (Hv Bw We).
NOR (Nt Ob Rlh)
LFF (Lo Fn Fmx)
QJA (Qz Jr Azm)
ZF (Zu Fe) YvV
AV (Al Vt) YhJ
RJE (Rz Jy El).
LS (Lr Sv) RxM
CYC (Cw Yu Cxl)
GB (Gi By) UoO
OH (Ox Hc) StR
CAE (Ce Ak Ecv)
XOT (Xl Oc Tw),
LZR (Lv Zh Rz),
JMT (Jo Mn Tml)
KIU (Kg If Ufz)
GOP (Gl Om Pgo)
BH (Be Hl) TfO
SW (Sc Wo) MwZ
BR (Bs Rf) TlV
RFW (Rg Fp Wh),
VR (Va Ry) PtS
KVM (Kk Vg Mn).
CA (Cx An) WrH
LS (Ln Sg) SaE
ITF (If Tl Fk).
YHC (Yy Hx Cj),
GV (Gr Vj) RgP
GJS (Ga Jm Sf),
RD (Rw Db) WbO
SD (Sf Do) JdE
DT (Dh Tj) WlA
RW (Rp Wa) OiM
VTU (Ve Tm Ubp)
FBW (Ff Bg Wfi)
BWT (Bb Wx Tt).
JPV (Jr Px Vpq)
CJV (Cc Jh Vq),
NL (Nb Lo) MuH
LEV (Lb Eu Vl),
WUW (Wo Ut Wh).
RL (Rj Lg) WiS
BT (By To) RdJ
VUS (Vk Um Sqt)
OEC (Om Eo Cnj)
QMT (Qk Ml Tr),
YWK (Yr Wu Kxr)
WN (Wu Nj) GdO
NHD (Ne Hj Dc).
FCP (Fy Ce Pxb)
SO (Sy Oc) VyA
NTC (Nr Tt Cjl)
JJI (Jw Jg Irq)
TVP (Tr Vr Pci)
HJB (Hu Jq Bo),
VCT (Vk Ci Txc)
MLZ (Ma Ln Zj),
QD (Qi Dy) ZzM
TU (Td Ud) VmI
WHF (Wb Hk Fta)
QQ (Qz Qm) XjJ
MYV (Ma Yv Vx),
CNO (Ci Ng Org)
VDB (Va Dp Bun)
VA (Vs Av) XgE
GNQ (Gf Nk Qkn)
OEH (Ol Et Hs),
RZ (Re Zg) BcL
CQL (Cu Qg Le),
FBO (Fh Bb Olk)
XXS (Xz Xo Sr).
MJW (Ml Ju Wl).
UI (Uo Ix) RhD
TKX (Ti Kx Xcv)
HY (Hq Ys) WiE
HNM (Hh No Mc),
UFK (Uu Fm Kh).
XCD (Xk Cs Dem)
ZL (Zb Ln) DxP
OO (Oy Ob) DpL
YMJ (Yu Mx Jvv)
WIS (Wy Iz Si).
LAW (Lt Ar We),
RDG (Rd Dc Gd).
FYG (Fa Yu Gz),
BCD (Bh Cd Dr).
BQ (Bs Qs) DrB
TT (Tx Tv) IdS
ULL (Uz La Lj),
AJC (As Jn Cq).
HQ (Ha Qg) KkS
ZGC (Zu Gu Cux)
GBV (Gp Bs Vao)
BKY (Bj Kq Ype)
KMJ (Km Mb Jy),
ZE (Zy Ek) WdP
YY (Ye Yx) PgJ
NK (No Ki) NhC
VG (Vq Gf) NvN
VRX (Vm Rz Xe),
QEO (Qh Ed Onh)
PA (Pp Av) GqQ
NM (Nm My) JoU
VRJ (Vc Rn Jmo)
CJQ (Cn Jq Qxd)
JX (Jc Xg) OoA
CNV (Cy Nd Vbi)
DCF (Do Cp Fk).
WSA (Wa Sc Ah),
EDT (Ew Dg Tpz)
OKZ (Oa Kq Zs).
ITB (Iw Ty Bt),
VA (Vk Af) DoL
MX (Mc Xl) PoR
TL (Tp Lq) PnS
NS (Nt Sv) ZnZ
IIR (Iw Ia Rgj)
DW (Dt Wn) VyE
JDG (Jt Dg Gz),
DK (Dy Km) HiU
AW (Av We) OaP
LXL (Lp Xr Lv).
FRM (Fh Ry Ma),
XBE (Xn Bi Ez).
NWY (Nm Wv Yc).
TGP (Tz Gr Pd).
FTT (Fl Tn Tf),
KX (Kv Xa) ClI
HPV (Hx Pw Vkn)
NCH (Na Cr Hl),
DC (Di Ck) MoO
KUT (Kj Uo Tzz)
YER (Ye Es Ru).
ZCA (Zt Cl Azb)
EL (Ej Lr) BgX
VMJ (Vr Mh Ji),
SBH (Sm Bs Hic)
UT (Uu Tb) VgX
EJ (Et Ju) GeE
NXK (Nn Xg Kdg)
QT (Qs Ti) FpN
QJB (Qv Jk Bvz)
OH (Ok Hl) NrM
ZW (Zt Wz) IaQ
CXP (Cj Xy Px),
GWG (Gi Wy Gq).
VAH (Vn Av Hr),
QSB (Qr Ss Bh).
ZYK (Zx Yp Kr).
UZW (Ui Zp Wq).
LVO (Lz Vs Omk)
GOA (Gd Ov Ay).
GJ (Gz Jh) UmJ
LB (Lg Bk) FtE
QCI (Qv Ca Ig).
JVA (Jz Vm Aux)
CNA (Cw Nc Ae),
QJR (Qe Jr Rgc)
OCO (On Cu Oa).
LZC (Lm Zb Cbg)
VAC (Vx Ah Ce),
VRV (Vi Rp Vp),
KC (Kc Cm) HgK
DVC (Di Vw Cb),
VE (Vq Ev) UcR
RQG (Rg Qw Gp),
GTP (Gs Tq Px).
EOP (Ex Od Psz)
TVR (Tw Vp Rs),
FKP (Fz Kj Pk).
XYJ (Xr Yh Jkn)
QO (Qm Ov) MxL
FVW (Fj Vn Wq).
NU (Nn Uc) PuE
COV (Cs On Vo).
ZID (Zd Im Dui)
TWT (Tk Wl Ta).
NIA (Nl Ir Aup)
CJN (Cr Jx Np).
FVN (Fa Vp Nc).
WEZ (Wo Eq Zq).
ZGP (Zl Go Pic)
GSY (Gn Se Yrp)
QL (Qj Lm) DuD
AY (Ar Yy) MqL
SUX (St Uz Xe).
CE (Ct Ea) AfW
CM (Cx Mk) JeB
NBR (Nu By Rcu)
EG (Ec Gc) HfT
MHM (Mx He Ms),
QVK (Qo Vd Kys)
ARD (Ax Rk Do).
HX (Hm Xb) DoS
RDD (Rf Dv Dc).
MEJ (Mp Ei Jz),
QD (Qk Du) RoL
LXN (Lz Xn Np),
BDF (Bu Do Fp),
MKP (Mo Kd Pl).
AGA (Av Gb Ajk)
CNN (Cj Nf Nqt)
HU (Hf Um) ZaL
KDD (Km Dj Dl).
CBQ (Cu Be Qj).
ZYF (Zj Yr Frt)
BDO (Bj Di Oo).
WNA (Wt Nh Ar).
XNQ (Xb Nd Qjb)
BL (Bn Lh) AmW
CN (Cj Ny) YxI
XZ (Xp Zr) ArS
QM (Qq Mn) PbH
MY (Mx Ye) HuX
OTB (Ok Th Bro)
JI (Ju Iz) PqO
FJJ (Fw Jv Jj),
FI (Fx Iv) FvH
DZR (Di Zh Rs),
IZA (If Zn Awa)
TK (Ty Ks) XwC
LQA (Ld Qj Avw)
JR (Jl Rz) AfY
MA (Mt Az) AeU
SZE (Si Zl Ee).
CT (Cz Tp) YgW
SUR (So Uf Ro),
KQP (Kg Qa Pwq)
KQF (Kt Ql Fvo)
VBH (Vn Bd Hz),
DBD (Da Bd Dwn)
KR (Ks Rf) YwA
OOU (Oo Of Unf)
FML (Fw Ma Le).
NJG (Nh Jp Gf).
HB (Hr Be) EaL
CFI (Cj Fm Il),
QAX (Qb Az Xgx)
XPC (Xq Pm Cu),
GJ (Gr Jq) TyF
YD (Yu Ds) NsF
ED (Ed Dk) LbU
TG (Tk Gj) YvK
IBY (Iz Bu Ym).
GKW (Gn Kt Wg),
FEN (Fk Ey Nsp)
ET (Eg Tl) UvP
QGP (Qm Gu Pv),
UKI (Ug Kt Ier)
YJV (Yy Jp Vg),
YFF (Yv Fp Ff).
XPO (Xx Pc Olw)
UE (Uz Ey) BkT
UDW (Uq Di Ww),
TQQ (Tl Qu Qj),
CYH (Cq Yw Hu).
TWD (Tl Wy Dt).
TDD (Ts Dp Da).
KWY (Kv Ww Yns)
HL (Hq Lq) NbZ
KFB (Ka Fw Bvv)
JZ (Jd Zl) DrF
BJ (Bg Jz) JgF
FMA (Fn Mn Ae),
TBK (Tk Bd Kzm)
ZHM (Zk Ht Mn).
BGC (Bt Gt Ctj)
XFE (Xk Ff Eu).
MDM (Mp Di Mwm)
UT (Uh Tt) MbH
OH (Oh Hy) IqL
DHJ (Dv Hk Jk),
KGM (Ka Gw Mph)
XQ (Xw Qm) JyZ
POS (Pk Os Sdl)
RGX (Rw Gw Xcl)
HMF (Hj Mz Fo),
BKH (Bw Kr Hcx)
HTZ (Hl Td Zl),
PI (Pj Iu) KrX
YG (Yb Gx) DjR
EF (Ea Fa) VtS
NFS (Nq Fr St).
MWE (Mk Wj Exn)
PX (Pq Xa) XxQ
RGB (Ry Gt Bx),
XQ (Xd Qg) JzV
EF (Et Fg) UfA
WAM (Wg Az Mf).
VHV (Va Hb Vy),
WSN (Wd Sa Nht)
UKC (Ux Ku Cpp)
VYA (Vj Ya Amk)
YMG (Yc Mo Gjv)
VJW (Vz Jx Wpw)
DRJ (Df Rv Jp).
YZK (Yz Zv Kz),
FZ (Fb Zh) JeN
ROU (Rz Oy Uim)
RLU (Rk Lk Ua),
DT (Dk Tp) CyC
CW (Cv Ws) JdV
YBE (Yi Ba Ead)
JB (Jj Bi) FkF
EAW (Ec Ax Wx),
XLU (Xq Lr Uf),
FUF (Ft Ut Fry)
TMO (Tf Mm Okp)
ZFQ (Zj Fw Qz),
HU (Hi Us) HlI
TL (Tj Lv) NxA
ME (Mz Eq) RaK
ZK (Za Ku) TxC
NDN (Nj Dk Np),
FCQ (Fs Cl Qsb)
XPD (Xh Pz Dmr)
HXN (Hb Xy Nty)
CP (Cm Pc) IyN
BNA (Bw Ne Aoe)
ZKX (Zo Kv Xz).
LKR (Lb Ki Rlo)
KM (Kg Mz) UsS
PJZ (Pf Jx Zc).
GQE (Go Qx Ee),
II (Ih Iw) UjG
RFT (Rq Fk Tbw)
AQ (Al Qa) PkT
LY (Lg Yq) UlA
SXV (Sz Xh Vst)
CVO (Cp Vl Omg)
ID (Ip Dp) UcA
FNH (Fm Ni Hki)
HTN (Hs Tq Np).
SXQ (Sv Xh Quo)
KUI (Ku Uu Ik).
RT (Rq Tf) YuY
TAP (Tf Aa Pyw)
WBF (Ww Bm Fj),
OSS (Oa Sr Sl).
IGW (Iv Gt Wuu)
IHP (Iv Hq Pli)
SFA (Sh Fq Ay),
OPO (Og Pj Oj).
AC (Av Ck) AqO
PYN (Pn Ys Nf),
LKO (Lt Kq Ogp)
FIA (Fp Ii Agg)
QOZ (Qd Ol Zup)
JXG (Ja Xq Gin)
GG (Gp Gd) HmL
VV (Vj Vf) FrD
JLL (Jk Lj Lq).
HBO (Ht Br Oap)
IGQ (Ih Gc Qm),
KKA (Km Kp Ai).
SDH (Sm Da Hg).
BG (Bf Gm) PjL
WAE (Wg Ay Ed).
YCF (Yf Cl Fbw)
DOL (Ds Op Ldy)
UC (Ut Cs) PfN
SOX (Sv Om Xmm)
CBA (Cj Bx Abo)
STU (Sj To Ubh)
VGS (Vl Gd Sqv)
ZKQ (Zj Ko Qmc)
ZIQ (Za Ir Qcg)
BD (Bv Du) PgW
OS (Ob Sg) SrB
TK (Tb Kc) QzJ
CD (Cb Dh) JtM
FBC (Fg Bc Cx),
POY (Pv Oj Yag)
XV (Xi Vc) XdE
DJF (Dp Jd Fnv)
WX (Wi Xs) EyD
XUQ (Xj Uu Qyi)
QT (Qx Tl) XlN
FPI (Fo Py Ih).
LJ (Lz Jk) MyA
CPF (Ce Pl Fi),
HM (Hq Mt) SdN
GOU (Gb Og Um),
USX (Un Se Xj),
PNK (Pm Nv Kgd)
JGV (Jx Gy Vsg)
ACP (Ar Ck Pbv)
IJC (Ig Jy Cd).
FV (Fu Vg) UzY
ZK (Zp Kl) SoA
DPY (Df Ph Yk),
AZH (As Zt Hdc)
VSA (Vn Sr Ac).
BFT (Bd Fz Td),
BLP (Br Lb Pz),
HGZ (Ha Gd Zm).
NWU (Nk Wv Uqn)
ZCC (Zs Cs Cq).
ETB (Eq Tu Bw),
PKO (Po Kk Ob).
CIX (Cb Is Xdi)
FNC (Fo Nm Ch).
ER (Ev Rd) YwC
ZKO (Zh Kx Oy),
OPL (Oe Pu La).
ZAW (Za Ac Wzx)
WZZ (Wo Zj Zm),
IC (Il Ct) AaE
FPW (Fu Pg Wdn)
YNX (Yh Nw Xmg)
PSS (Pm Sv Sdb)
UCH (Ub Cy Hm).
HPU (Hh Pk Uk),
QLS (Qp Ll Sci)
JJY (Jn Jj Yo).
UNX (Ux Nn Xg),
FUY (Fa Us Yi),
FJ (Fx Jh) GoG
ME (My Eh) EiU
AWW (At We Wzd)
WUF (Wi Up Fcm)
KWW (Kj Ww Wv),
AUV (Ar Ue Vks)
DSG (Dy Sk Gpa)
WZJ (Wv Zy Jjn)
LWR (Li Wr Rm),
FWD (Fr Wd Dby)
VYB (Vc Yk Bui)
LY (Ln Yp) DnU
XZA (Xu Zl Ax),
JQD (Jg Qz Dyt)
PFC (Pb Fa Cv).
AHM (Av Hw Mg).
KXA (Ke Xu At).
BA (Bo At) GzB
YII (Yb Ih Ijd)
ZTR (Zr Tv Rmy)
KHN (Ki Hp Npg)
HP (Hw Ps) LkA
PRC (Pk Rw Cid)
VSR (Vq Sv Rr).
WL (Wg Lo) XrZ
AEK (Ag Eg Kh).
SI (Sz Id) FvZ
OYX (Oj Ym Xwx)
RLK (Rj Lz Keh)
DL (Do Lp) OdT
FCG (Fv Cv Gsj)
URX (Uo Ri Xe).
WNK (Ww Ns Kj),
XGG (Xm Gc Guj)
EUH (Ep Ui Hcl)
DIR (Dp Ie Rc),
HRF (He Rj Fqw)
WDU (Wo Dq Up).
VM (Vo Ma) OtP
HIK (Hw Im Km).
PX (Pd Xx) CdO
RUR (Rh Ux Rh).
SWT (Sl Wi Tlf)
LGM (Lc Gu Mu),
TMZ (Ts Mc Zoj)
KAR (Ke Ap Ras)
FM (Ff Mf) AgI
SUA (Sx Uw Abc)
RBC (Re Bv Cz),
NUL (Ni Ua Lcz)
EXT (Ek Xa Ta),
VCW (Ve Cw Wlk)
BW (Bh Ww) MzZ
FTN (Fm Tp Nj),
ZRE (Zu Rs Ec).
LGG (Lj Gb Grp)
ETW (Ek Th Wax)
XO (Xj Ox) LjV
LPE (Lh Po Esh)
URM (Un Rf Mi).
FVX (Fy Vc Xh),
YZZ (Yy Zk Zpn)
MYX (Mb Yn Xmk)
VBN (Vi Bv Nqd)
YTD (Yv Tz Dbx)
BD (Bj Di) LlG
IET (Iv Eg Tsk)
KUV (Kh Ul Va),
JYZ (Jd Yz Zgw)
JSY (Jz Sc Ys).
ZGE (Zi Gb En),
NO (Nx Oj) YvE
HFB (Hr Fe By),
EBA (Es Bz Aks)
XE (Xy Es) DxI
CGR (Cl Gs Rpz)
CWY (Ca Ww Yd),
PMW (Pl Ma Wzx)
OGI (Oq Ge In).
VM (Vj Ma) FuM
BT (Br Te) PbP
YJ (Yp Ju) VjR
LIN (Lt Ig Na).
MUK (Md Um Km),
TQQ (Tj Qt Qti)
TTD (Tf Tg Djo)
OTA (Of Td Atj)
CDX (Ct Dv Xqp)
ODC (Oq Dm Chl)
WOG (Wv Oy Gm),
MO (Mx Or) XhB
CSP (Cj Sa Pwi)
RZ (Rq Zx) DeV
LEV (Lz Eh Vhf)
GHN (Gd Hu Nmr)
GQH (Gn Qy Hg).
XQX (Xz Qv Xqp)
WX (Wu Xf) YpM
SIB (Sh Ij Boc)
KWY (Ky Wh Yp).
XNB (Xl Nh Bn),
NMT (Ns Mg Tci)
SF (Su Fw) AtT
SX (Ss Xd) MuC
EGG (Eh Gt Gwt)
KVO (Kd Vp Oxd)
TFP (Tw Fc Pv).
ND (Nq Dj) UoA
GUD (Gb Ut Ds),
ZI (Zl Iz) YvN
ZMT (Zi Mq Twp)
GIC (Gm If Cfs)
EDW (Eu Dm Wfi)
MM (Ms Mx) GtZ
ZUS (Zc Ue Sn),
PRM (Pd Rr Mme)
VXJ (Vw Xt Jj),
GT (Gd Tm) CjT
XJH (Xz Je Hnv)
VNU (Vz Nt Uvj)
SGF (Sh Ga Fxg)
TS (Tz Sz) KkO
IWL (Ip Wm La),
KQB (Kd Qs Be),
EDT (Ek Dg Tk),
XD (Xq Dq) WsP
GLG (Go Lh Geb)
RM (Rv Mj) UdR
HC (Hl Cr) GuV
KN (Kv Nw) LbB
HZ (Ho Zx) MyO
PFD (Pt Fy Dlk)
ROQ (Ro Oz Qxn)
OLK (Oa Lh Knw)
FND (Fz Nm Dq),
BY (Bo Ya) GhD
FDY (Fo Dd Yja)
SZR (Si Zb Roi)
GF (Gh Fr) TjU
IM (Ig Me) WsJ
GTA (Go Tp Ayw)
WSM (Wf Sm Mg).
GX (Gr Xw) KzC
TWM (Tk Wr Mq).
QBV (Qz Bo Vi),
TIE (Ta It Eqg)
PQ (Pe Qe) RfP
NPT (Ni Pd Tui)
KM (Kx Mw) GpC
OQA (Or Qu Aev)
LRT (Ly Rv Tr).
AJN (Ah Je Nd).
XT (Xy Tk) TnI
BTA (Bx Tz Ac).
GMV (Gr Mc Vg).
EDC (Ew Df Czc)
ZP (Zc Pz) HfN
LCG (Lr Cf Gg).
MEZ (Mu Ey Zf),
NH (Nh Ho) EwT
OJF (Oy Jv Fpa)
GR (Ge Rw) VfQ
LWI (Lu Wr Ic).
ER (Eu Ri) NmK
IJF (Id Jr Frc)
JP (Jb Pt) SeY
EQD (Ew Qj Drl)
TR (Tf Rb) XoV
CSO (Cx Sv Ot),
ZSE (Zk Sa Est)
NDG (Nx Dq Gnq)
JXI (Jp Xi Iq).
WYY (Wq Ym Ydm)
GTU (Gt Tt Udr)
XB (Xq Bh) NvF
XD (Xo Da) VrW
RTM (Re Tr Mrn)
FR (Fv Ra) GcQ
VSU (Vy Sr Ujb)
WYA (Wm Ys An),
EYE (Ef Yv Ed).
HV (Hr Vc) FiP
BQ (Ba Qq) ClL
DGZ (Dl Gl Zdp)
TRK (Tg Rd Kgt)
JPH (Jw Pa Hch)
EC (Ec Co) SvZ
VVM (Vs Vv Mxh)
OKX (Oi Kw Xti)
RUG (Rn Ut God)
TUU (Th Us Ui),
RM (Rw Mn) LvQ
YOB (Yg Or Blg)
DZS (Dq Zt Sco)
JD (Jj Dv) FtL
CJ (Cc Jn) AeD
OVN (Ov Vg Nk),
GVC (Gk Vh Cg).
NAG (Nx Ah Gxu)
ES (Ej Sh) GjQ
GBD (Gd Bd Dr),
BU (Bu Uw) RhO
IR (Is Rm) CdY
JBH (Je Bq Hko)
JPW (Jf Pq Wra)
KCZ (Ke Cd Za).
MFP (Mm Fb Pba)
UCT (Uh Ck Tl).
FHF (Fg Hw Ft).
CMN (Cx Mb Nwj)
YQA (Yu Qw Ahy)
BK (Bj Kk) XuX
NSZ (Nx St Zdi)
YEW (Ys Ew We).
MEJ (Mc Es Jv),
WKK (Wk Kn Kfy)
XWG (Xo Wm Gnc)
YS (Yb Sm) IoC
CLR (Cr Lo Ry).
SK (Sd Kq) WmB
QDR (Qb Dg Rya)
IFO (Ih Fr Oj).
NOF (Nv Oj Fvj)
DQK (Dk Qx Kq),
RM (Rc Mu) AgB
EV (En Vk) ScT
WLW (Wx Lw Wxn)
RZO (Rm Zl Ofh)
IG (Ih Gu) LqK
SYX (Si Yb Xv),
KAW (Ky Ai Wvz)
GP (Gj Pe) VzD
MNF (Mn Nt Fv).
MTG (Me Tl Gq).
EVK (Eh Vc Kyd)
LW (Lu We) XuR
SNZ (So Nl Zrs)
KT (Kg Tu) ZpP
BRQ (Bo Ru Qql)
VG (Va Gx) XwK
CSW (Cv Sb Wj),
OD (Ov Df) QpZ
TLM (Tl Lv Md),
RF (Rx Fs) SpG
USO (Ul Su Oh),
KDB (Ke Dd Bhi)
QDH (Qx Dy Hl),
KI (Kn Iv) MbN
PAQ (Pf An Qzg)
UE (Uf Ev) YkZ
ZS (Zf Ss) YtS
TY (Tz Yf) ZuY
NP (Nq Pc) OdB
BMO (Bi Mw Ou),
WC (Wm Cw) ZzK
HGG (Hc Gj Gli)
VIR (Vd Iv Rh),
CKG (Cy Ka Gu),
HG (Hv Gv) QtE
NRV (Nl Rp Vf).
GY (Gs Yj) ZdH
GL (Gl Lc) SiX
DZ (Dj Zi) CiG
UMZ (Ug Mc Zbn)
SXB (Sp Xg Bb),
GVL (Gc Vl Lhu)
KDE (Kf Dm El).
TT (Ta Tf) WnL
YAL (Yx Ap Lwt)
FHU (Fh Hz Up),
CQL (Ci Qc Lp),
ILN (Ir Lt Ni).
DCT (Dx Cy Tp),
RZ (Rp Zf) AjH
KJ (Ke Jt) KfJ
RKC (Re Kp Cr).
CRS (Cd Rn So),
MP (Mt Ph) NlN
ZT (Zt Tz) SmD
BWP (Bz Wt Pyc)
YNR (Yq Nm Ror)
TAQ (Tt Ar Qvb)
YZO (Yd Zb Oti)
JEQ (Ji Ek Qhg)
BM (Be Mz) TuN
OC (Ob Cj) AfZ
ZB (Zm Bp) ZxC
KD (Ke Di) BhQ
DSU (Df Su Ugc)
GG (Ga Gi) NuC
VK (Vs Kc) EuO
FP (Fa Pb) KmE
KCH (Kl Cn Hb),
VMG (Vx Mt Ga),
DBC (Db Bs Cjr)
CKE (Cn Ku Ekv)
SQ (Sh Qh) RnJ
AZ (Aq Zi) QiJ
GHM (Gk Ht Mv).
LSC (Lp Se Cw).
VC (Vf Ck) FvU
TRJ (Tr Rh Jmh)
RL (Rf Ln) IoR
YOH (Yl Oz Ht).
TF (To Fh) QnK
WBK (Wn Bk Km),
OWU (Oj Ws Udh)
GO (Gw Ou) CkO
GPA (Gs Pn Aw).
RFN (Rs Fj Ny),
RQX (Rk Qb Xef)
PJ (Pz Je) DjP
MWW (My Ww Woi)
UTY (Ud Tv Yra)
LEW (Lm Eb Wl),
HTU (He To Up),
PZ (Pk Zg) UxM
YF (Ye Fn) FvN
USB (Ur Sq Bo).
YWJ (Yf Wd Jzu)
YXP (Yn Xi Pd),
WDO (Wu Dy Osw)
STM (Sw Tb My),
XXW (Xy Xn Wag)
PZ (Px Zu) UcY
SY (Sf Yb) LpE
BU (Bm Uq) YdN
NKW (Ng Kp Wba)
JS (Jk Sh) WxE
XNY (Xk Nm Ymo)
KQX (Ky Qx Xts)
XFE (Xh Fm Ebz)
ZI (Zs Ii) ReN
YXI (Yx Xi Irg)
UR (Ux Rh) ZcC
HHO (Hw Ho Oa).
PBF (Pf Bc Fby)
IU (Ix Uk) FeI
HRN (Hu Rh Nci)
TBI (Tt Bm Ipj)
JYZ (Jf Yp Zbh)
DI (Dv Iy) GhC
IME (Iy Mc Edj)
HCN (Ho Cp Nx).
WM (Wn Md) ZqG
XS (Xy Sh) VmI
XS (Xi Sn) FcB
JVE (Jz Vw Ecc)
PNH (Pv Nv Hww)
FK (Fk Kv) ZxS
WN (Wj Nr) EtH
RRA (Rz Rv Ao),
CRP (Ce Rd Pc).
HSE (Hz Sf En),
DPA (Dq Pr Ar).
WQ (Wa Qv) CfL
WSN (Wq Sc Njy)
CGK (Cn Gd Kgy)
FAM (Fu Aq Mu),
YBR (Yw Bo Rv),
HF (Hc Fn) EhS
BGG (Bf Gz Gp).
TC (Tz Ct) KrK
RK (Rz Km) HjZ
AR (Aj Rb) GbD
DIC (Dw Ic Cc),
AO (Ac Oc) QhA
YZB (Yh Zq Bjh)
OPC (Oi Pb Cgl)
UQ (Ur Qf) TrN
GVQ (Gl Vp Qc).
GIT (Gl Iw To).
FRU (Ff Ru Ujq)
UGX (Us Gm Xxw)
DZM (Dl Zm Mzg)
CQI (Cq Qs Iqg)
