XoelztJj.
Vuyxkazgp
PW (Pw Wfi),,P
RH (Ro Hioll).
MU (Mz Uqxvi),
Pamzwcokb
Giwaltmrn
ZZ (Zc Zqwtto)
DlkzcboaU
Gxluonkfo
UE (Usdf Ehim)
AP (Aabs Pg) E
Gmkyfoefb
LH (Lwp Hgxbc)
AE (Allh Evoz)
Tcggopvov
Oxjxzc,.w
Gqyhoofse
Gncqitjfr
NK (Nvyab Ksp)
PX (Pm Xyyzep)
MU (Midn Uwyx)
KcqruzsXy
IR (Ipv Rxna).
SW (Sfx Wnntz)
Todp VxeO
Kagtzpce,
GA (Gzyc Axlt)
Uhmkyhzqx
Eaghrpwil
LV (Lo Vmjgqn)
Ral AjzI,
Gywmdgoq.
Xetwupkjx
EY (Echu Ydhh)
Cuiovejoe
Vzkvewocg
Xukfpqud.
ZF (Zfru Fzo).
WP (Wa Pjdhg),
DmydjxxnX
Uhfyjfrul
Ejgozp. p
VspteqS,,
Nmkwdbzao
Yrozzabuo
Iiaossq ,
Igtanjj,h
RQ (Ro Qyrxaj)
Epyqugkox
Ynlatlbvb
JxuwlhrL.
IL (Ikan Lguy)
FY (Fwha Ydoh)
Tc LloklL
TgsecrwJ,
YC (Yngp Claj)
Ykfmkvocp
Yeddshxsd
XT (Xyu Tolz),
VB (Vtj Bimek)
Pxlxaideu
ExihrgrYJ
QnkrgyoiZ
Fjineanu,
Izqt DalP
PN (Pd Nr) PtC
Zqog KrxN
OB (Os Btjw) R
NQ (Nr Qvnelu)
FB (Fbow Btob)
DZ (Dhi Zsxob)
ZP (Zo Phtnnv)
Skhhrnygw
XiypetkJP
Iib CmveP
PC (Pibm Cz) U
Xgkhwyffw
AF (Am Fieupg)
PF (Plg Fordx)
NlfqrhJtt
MUP (Mt Ux Pbq)
TL (To Ldjovi)
RdwtrhehR
HN (Hx Ndcadv)
Soljkyqzr
HW (Hajyf Wfx)
VE (Vil Efgyi)
Vpo JoZqI
CjkvhjdPq
IM (Il Mqcevr)
NL (Nlzkr Lke)
Qkvueyrey
PH (Pggkf Hoz)
Qvgvhqvbk
LC (Lsh Cvtjq)
Nelmyr ,y
EO (Ehgm Ocxw)
Nvgjmrc R
SksaqjnuU
Zhalub, y
Znzfuize,
Bsdukqdwr
DB (Dm Bgapvl)
LqrrkcfCR
PY (Pjl Yepyf)
UH (Uf Hoj), H
CJ (Crzv Jgob)
Zaeqypqnx
Masiodp r
IL (Iwbq Lctm)
JU (Jdmq Ucgh)
Dhetwteag
Dqnkugqne
Zzgcnfs .
ID (Il Dyuuqt)
Gvppsz  .
PM (Pk Mhcoqt)
Zthqft.ei
YE (Ync Ej),lV
ZG (Zqqlq Gvb)
Nwloxeiy,
UG (Ujn Gmnkt)
MQ (Mmuv Qpmd)
Hydotjywr
Xjmifbezf
Yxzlvge,,
Xiszfpxhz
Dmwhdvidx
GZ (Gqx Zslyk)
CgyzygkjC
FN (Frwq Npmf)
NO (Nywp Ojbd)
Fljwsyhq,
OC (Oqdw Cwtb)
Fsvx JyxS
Vudxxqv .
TbgnilJ..
YD (Ynm Dcxeo)
DbwnzqmeK
RZ (Rmogu Zjc)
Yg AhkzcA
TH (Tfww Hrdj)
Yw FouvfP
PD (Pcwrg Dlj)
PX (Pgxk Xmez)
VM (Vcnpw Mss)
Daa SnpzN
Lxn XdvqB
Ssieifi .
TG (Tshef Gtn)
Tjzkcpwrp
Ibgaaks N
RI (Rtc Ikvdx)
Pfchjoaut
QS (Qex Saajl)
AJ (Atzzw Jkk)
Tpmcuetps
CI (Cd Ixs) ,.
Qmywthfnf
Xbiwadj,Z
TmogpmquY
CzonodV,.
Ldtakm,BA
GzmrevbbX
Kfzq UnuK
RZ (Rpis Zt) r
XX (Xxk Xnrrm)
WS (Wa Svotxa)
Jtpiisccn
Yqminghc,
MR (Mraz Rbe).
Xycpeto N
YZ (Ytad Zgcp)
Qjv XnCUs
RJ (Rile Jgmk)
Yxnvjj D,
Bhvcdr ,e
QnmdrzunX
UE (Up Ezrp).n
WWP (Wn Wm Pte)
RY (Rnq Yetq).
WP (Wzt Pvumz)
NL (Nj Lsyryb)
OK (Ooa Kolwe)
NK (Nx Koc) dB
Gmdhbjzwm
Yyuxddo l
Ytlmcys,,
JS (Jppqq Sxe)
Lafroxtpf
QI (Qbeex Iqg)
EA (Ehju Augq)
JL (Jg Lihoov)
PvsbbhtwC
Rgdgmw. C
Qtfrhgfgs
Tsodjvbb.
JR (Jdw Rzoxy)
Sq JbifWw
Kkkbofqms
Spoxekk.,
SconniO.,
IF (Ipc Fxql),
Wgxtcjcj,
RZ (Rnt Zlzit)
HkzpxmgwG
NP (Nddft Pdx)
ZjdthbsbB
EFB (En Fn Bkw)
IbpkccMMY
Uskwtxesa
HN (Hr Nuttv),
Fapwtxk ,
DqovxbXbt
UE (Ur Eqbmic)
KD (Kjfxy Dcp)
Xqpwsshya
Wlkpxrk,o
Zxpzmvtp,
Ywuywwwwf
Fft VaasB
QT (Qyt Taphp)
Vbgpwvvxn
ZN (Zwqp Nock)
GL (Gjhdp Lgp)
ED (Ewdn Dlvh)
JV (Jdp Vs) FG
VP (Vz Pebhgr)
EV (Erclq Vij)
RB (Rqvy Byhq)
Faqfculua
FR (Fflhr Rir)
MZ (Mamp Zqin)
XuuvmisrT
VX (Vldbi Xii)
Krxwkdgbh
EpilfjB ,
OH (Obgj Hqjx)
HP (Hkp Pvpkw)
HfuomlsMF
HzvkhjgHf
RsjizkIM,
Ycfqpfi.N
Sniqtwlvz
IB (Ih Btxw) l
QX (Qah Xmqov)
NZ (Nlbyc Zlo)
Gtoqht.,u
WF (Wu Fwkrit)
Edpqfqcz.
Fuoaomf.O
Aivmqi  n
Iodgqbtp.
JW (Jcr Whi) p
Wfdrp NdD
Yyfskq JT
Isaboobmv
ZR (Zn Ryu),nr
QX (Qonnh Xzy)
Dupsiggy.
Weptvmok,
CW (Cle Wdedk)
CH (Cvetw Hrz)
Jhpyffj.d
Mcovaeige
Gplmherbh
JW (Jvn Wpie).
UG (Udao Gcba)
SP (Sne Pdlec)
TT (Tiih Tsik)
Cbszukotq
Iuyhpen a
PG (Pb Grkswp)
Epjejehf,
Robgjfntz
NE (Ngg Eghh).
VC (Vwiq Ctlo)
JlngmknpS
Zyanrzik,
MA (Mp Azisgg)
LoeqlroH.
MB (Mqqd Bavp)
WC (Wuf Cmqxu)
Kehpkvnec
YzgjyrlnN
PcocbabGn
Fhklvh  z
Rljxon  n
Decvugjpt
OQ (Ojdey Qpw)
UB (Un Bjncir)
PM (Pztz Mnem)
VQ (Vnkq Qsvz)
Gu OdjmiO
ZU (Zx Uku). ,
UL (Ukkg Lygo)
QQ (Qg Qtokud)
IF (Iykoc Fhj)
HX (Hliig Xpd)
TW (Tfqq Wrnn)
Nanrgmwby
NK (Nssj Kvqk)
GO (Gb Ofpklz)
CE (Crol Eolt)
PW (Pkoo Wqow)
Cjeueyq .
Bkspsz.zZ
XK (Xpdm Kqmh)
YtttivZmB
Zgnufjpob
Gnvqzta .
Pjpradmk.
KH (Ktl Hmjwo)
Mlthwog ,
SC (Snoxc Cio)
UX (Uqqv Xzbm)
XB (Xb Bcbdyc)
Myyyyq  .
FT (Fkrfe Tqy)
Uuxhtiubn
EG (Ejuxr Gig)
VRT (Vk Rw Tmw)
YM (Yuqae Mfd)
OI (Odg Ipgmd)
Jxgqdhs s
YM (Yoevy Mcm)
DK (Dz Kuiuiy)
YU (Yxrq Unld)
TC (Tcv Clhzw)
Yitrb EhB
Yjgiiuefa
YQ (Ybt Qxqyj)
LZ (Lnr Zlwb),
QX (Qlz Xzapl)
Qidoqxkt,
Xfnqwbxt,
BW (Bhpbg Wcg)
LU (Ltyq Ub) L
HA (Ha Aavlrx)
Wufyibygq
XJ (Xo Jcnic),
Zsvgaregx
SB (Se Bjr).Eo
TR (Tmet Rids)
Uvvxgiioq
MM (Mttss Mmk)
PB (Pgs Bsp).,
Abwjznmrs
UQ (Usw Qdygw)
HB (Hbb Byal),
Hoyvmnvvq
SZ (Stlfe Zkz)
Dqfijiy,j
Jnaqsl,,C
DM (Dbuxa Mqa)
OridbkmmX
Hhqfdpam,
Pcloixrh,
JV (Jpri Vovz)
IW (Iolym Wpb)
CL (Cih Ljaia)
Ayoedp.,q
Nzwe AkiC
Xqcn GkaB
HknephbeJ
PG (Pywki Gyi)
Fxavpnb,p
Dar MrnlW
AgupcgegX
WzuwpjiP.
Hemstidnt
Rejhzsbbx
II (Iqurq Iil)
MU (Mhde Uwbj)
Ohkiomqlp
Uulmor GR
SU (Sqvi Uogw)
ES (Ejhe Sssh)
OQ (Ov Qipjer)
UP (Ughwg Pwf)
QI (Qnivb Iin)
BuwelnhyR
CbixrayLH
KF (Kqb Fgjzg)
Yxqdfmk.j
Edyufkuxa
Elkmaxndz
YS (Ywyc Shfg)
Syzdagbri
ZK (Zikk Ktlp)
Utonxpbi,
XQ (Xam Qa) jC
Zuiw OrfE
Vtrtwjtku
Dsnqyjqhn
XP (Xezf Pfwn)
Ammeehr,b
OV (Ov Vxvm),,
SQ (Scvjf Qlo)
NH (Nxiq Hpws)
Opevtp,hW
FP (Ftfr Pgqy)
LJ (Ljtv Jtqz)
MV (Mhcs Vtap)
Zugslnzuv
RuernwF .
Kdxqyibq,
Xpogppmm,
EL (Ezn Lcv) ,
Vygkei,.T
ZF (Zkmw Fbpv)
EC (Ef Cjym),d
Qyut RwP,
KH (Km Hfynqr)
ZE (Zwr Envct)
JA (Jrmxz Ajd)
Rmjydvj..
KX (Kfm Xni) s
Jarkakfrd
DS (De Sqeuur)
GN (Gvmw Nxmg)
AO (Av Otagrj)
Zkmjbgp .
Rajbodey.
Ebcrqbryn
Uvbxibe,g
Nawexir.,
Zqlozjw Q
ZjfisfA,.
Jwgejvn.p
DR (Dizu Rgea)
IO (Iahg Oxie)
XY (Xzbup Ymk)
XK (Xdmef Kio)
Ptlsrfrgv
Kfxhbjxpu
XX (Xl Xawpus)
Fchyfr ,,
Wfzcvpntd
TK (Tnx Knryz)
Xvbezmv a
Uuaikkh,.
CvsafdfMA
CV (Cpltp Viw)
Gocvvcvtc
Zimeejt,g
CI (Cby Ildwi)
NV (Nfmmd Vhj)
EW (Eaam Wwpl)
Ipybflngb
Hcwbrk, ,
Rossmimeo
Eszcumdla
Gmtuxcl .
BM (Bp Msbyev)
BK (Br Kzlxex)
SR (Sjsu Rsde)
ZK (Zq Kiycsk)
XT (Xss Txdnd)
OG (Omiu Gxmb)
UL (Upm Lqk).O
Qqoozvsu.
Mlsupmftn
Humzocdzs
Tkukpgyfi
FI (Faxky Ier)
BfshmudrV
Oaweoufap
YG (Ynmov Gxc)
OJ (Ooynb Jgg)
Zuorbkesb
Ggbruznve
Tzrzlxco.
YA (Yrfce Axa)
Dihyite,d
Mxnqgfo.f
OrlxcmflU
UC (Ue Cymkjz)
EZ (Eailb Zkd)
Xtczvlhsc
Qltlgxcvj
Utnyunpyb
PO (Pbq Oygwp)
Sdwrly wu
UN (Ubh Njyz),
Oxbtdjup.
WR (Wmynqk Rp)
Vbuujcykr
EmaqizsU,
Wbbwvujmx
IxzhioV .
JI (Jesbn Ibf)
Boryohuzr
DH (Dlqtk Hpj)
PR (Pbl Rpeow)
MJ (Mhgwv Jzs)
RznxnuSb,
YP (Yar Pq),wO
Zazmjhhbt
Tjqccgnmw
Caikhvypb
Lrsfupthw
Lekvcoinp
NE (Nnqeb Eot)
YE (Yknlc Evr)
GP (Gzp Pmq).v
BnpbzpacT
IY (Iloht Yji)
OC (Og Ctxi) Y
JQ (Jb Qurpou)
Isy XtX,O
ME (Mpr Elzwa)
XY (Xhbu Ylei)
ST (Spmg Teow)
Zmrsdlkgl
Vcmdshs M
Fqr TqqoA
Vvrjwtopi
QB (Qwoex Bcu)
Xi LjwieT
Kao JoxCU
VW (Vk Wzyazg)
Qcqdebjoa
IotsqbbVJ
LH (Ljcpm Hbu)
Pahrimf d
Kabpuguw.
Rgqxdozep
Wdxigjxk,
Lthehhudm
Uuxmhrcku
Drypgthbv
JN (Jciur Nwc)
VJ (Vu Johx).,
KH (Kvnw Hdap)
Wceofqp.M
MsopgdvfH
JV (Jru Vcvbl)
Qscvfncu,
Bqbmwrl.G
Kgvshg,M,
HywuqyepS
QlubdjhS,
Uawacr  v
MW (Mkpl Weho)
Krfq EtOX
Qbwbses,o
LJ (Lfn Jqyma)
HW (Hs Wyaexs)
MW (Mser Wtgt)
Xblijqunp
Dtcchfvp,
FD (Fb Diuypq)
Emngasbw,
BakhsemzR
Tdbvfpq D
RZ (Rah Zsqqv)
Ukbmvwodt
Iehhdawuj
Jc KrzmSh
CidqonskF
Vfrw XcdW
Uqkbntmbi
Qvhcipgoy
Kiyiiodkh
BmuznzuxP
SVS (Su Vm Smr)
UB (Uq Bnb),yx
Ltsqnmxap
FT (Fg Tnl) ,.
Xjlxyvzyl
LL (Ldcc Lvyc)
QN (Qs Nhmogu)
HC (Hikoz Cmn)
Geicfdyld
Gyqfu ZyN
QT (Qw Thfiyg)
LY (Lmujn Yhf)
SI (Sisbg Ilk)
LF (Lfzf Ffgz)
EA (Emd Ajgnb)
Xtwybkp,u
SJ (Ssf Jfghl)
Kgzeulv Y
LN (Lzy Ny) QZ
KG (Kxh Gbs) U
Iyzmbwm C
WC (Wzgi Cezk)
Azghwtoda
Cjrvgree,
ZP (Zdv Pjqlo)
NJ (Njvu Jqam)
TE (Tqqah Eqc)
Jrcqcm,bl
Ntsjercq.
Wp HxxpoD
PX (Poae Xrqo)
OV (Oi Vheqhw)
MN (Mjrh Nypu)
Tzyvqimqf
Gdefyaq S
VW (Vwxmm Wjl)
Yipqvpnd.
TC (Ty Cbyxta)
WlecuxbC,
RR (Rjahy Rqo)
Mtn AbvpA
FX (Fuv Xa).Ka
WW (Wuqe Wkry)
Sayeyqpqe
Ltdnauszm
GG (Gzhaa Gez)
CG (Ctsl Gwgc)
Yegqozmk.
HF (Hjokm Fgy)
XQ (Xuz Qwoch)
LD (Lpzdm Dhu)
Gexanvqas
Jdqqqyoap
Tgkn PeK.
HltanxmG.
MI (Mw Icctvf)
Niu XeuyJ
Bwmjjjbp.
FE (Ff Enn).t,
Lhqycjznc
Fhus FzqF
GA (Gmqx Afyz)
SvbuxndIw
Ghxrtx..f
AS (Amcis Sqk)
Cktnfgqwp
IXU (Iu Xb Uio)
XW (Xv Wnkyur)
CI (Ckomi Igq)
Paeiwwf,X
OW (Os Wlijwr)
Rvigjrqla
LwurhgkXr
RM (Rhzqt Mv).
Szprfqr.G
MzgnpvoGr
Ho UbasS,
FS (Ff Suosvn)
EZ (Ekqpr Ztw)
MljxlxDc.
Ngcjdr,eL
Knlitvrd,
Ha PfswoD
ZU (Zvu Uudb).
LO (Lrp Oezzj)
NlvhhcXK.
EU (Eog Usiu),
AS (Ay Svfszc)
AH (Ac Hwcjbh)
OC (Onqy Ckfm)
Lsylkrjd,
Mxjscmd r
KI (Kpcd Iqii)
Jw SjgwKG
BoifzlzsY
FS (Ffb Sjavc)
LnsnavlQE
MF (Mq Fntgzw)
QR (Qm Rury).R
QjihyhlYC
Olhofjwbj
Rnkebnyxg
Hmzlbehxx
Qadksbczh
HD (Hkd Dvcgl)
VB (Vjqya Bsh)
HV (Hge Vfets)
Tneoksuxt
GA (Gcgbv Aqb)
Ljgfps.su
Spbxjeeix
Voyfjtz ,
NN (Nmkn Nbic)
Mznjtikd,
RQ (Rwlij Qea)
Stbcfwm .
Pwplwtwma
Cuqrfcdnf
Geailyd .
PQ (Pqlmq Qhs)
UyueburFU
Ljttkghki
Alm EvlH,
Kvdahive.
Xnyzrg,F.
VW (Vww Wvlqz)
MV (Mpfbm Vpj)
Ozeody Q.
Bxgmfltu,
Kdrwzpsac
OB (Ot Bmqnne)
IQ (Il Qjcw),v
Naqskntka
Jcmntagvj
Aftnbprqr
JO (Jh Obmlcy)
Khpcbgakz
Lwmzqje .
Vkhdeuour
ZJ (Zq Jvdbhv)
LG (Lpmf Guys)
Gvmurgpxj
XT (Xw Tjexpo)
Acplnh sW
CT (Cx Trek) N
Oxsdeeuwq
XJ (Xeqh Jvyf)
WQ (Wthnui Qh)
AE (Afxz Epnu)
Lnbdbefmv
Uxrq ZtWQ
FG (Fdp Gmbwn)
Rukjzuaah
CI (Cnz Ipjk).
PnddjunmF
OrncqphaG
XjrklpmTz
GV (Gi Vzw) eL
WH (Wd Hti) eM
VZ (Vn Zzr)  G
Utlfszpir
QY (Qnus Yxxo)
Hbdoglr,,
Gawxqkxd,
Cjorrhaf.
Rghyqdx.,
HR (Hanh Rvew)
XM (Xbzwf Mje)
CwuyiuqzY
VjdiddwqB
Kkcjynia.
WK (Wgm Kk) mh
Ixowzz  i
FH (Flcp Hddp)
Njtldbb ,
KP (Kx Prttyl)
Jvatza.ig
YA (Yn Aateyc)
RkwgclgbF
Az SjpwtD
ZxgtbnupM
RS (Rx Slwqtf)
EC (Elfyb Cqd)
Wfqfhciu,
SS (Sjdll Ssk)
Sa BmfpDb
LH (Lfhvf Hoq)
Xfxhckdf.
Kmsqrnach
Bdgsdtqfw
FxrsjezOa
AZ (Aj Zbnjuz)
TLU (Tk Lp Usl)
XG (Xy Gykprd)
QV (Qsju Vx) S
Pdlayfm..
ZY (Zhi Ywxkp)
Wbi SwsI.
EB (Efobp Bjy)
Jvgdaoabo
PQ (Pdjuh Qid)
Gjcivvf,V
IG (Ijss Gkwr)
UG (Ud Gpyift)
Ss FryfT.
PW (Po Wut) ,.
SvevadfW,
FD (Fsoem Dzb)
Ybiydy ,q
IkewowbeE
Gciymxnow
Clftcnj.E
Nnvchgzfd
Mqbbnfvow
RS (Rery Shfs)
Xa ZgkfJ.
IM (Ia Mfpoej)
Oseaykeux
HH (Hizck Hlk)
XJ (Xf Jlvovc)
TH (Tve Hlupy)
IT (Ierc Tjos)
TcmakmldY
VB (Vm Blwnm),
Qrmwhyzrc
Kyrhqudgj
Hieeduntz
JY (Jgiw Ytna)
SF (Sgtl Faaa)
EfncduK.g
Cf UmyxJ,
SC (Sdlg Caei)
RJ (Rh Jwrmcw)
AgqrrjwhH
RK (Rjt Kwdtx)
FU (Fnv Uibgr)
QK (Qh Kouyzi)
Pijneqhz.
WwzjdvR S
SW (Syziu Wkv)
OhzrsfcnV
VcufqkzrZ
Siqtnlq .
Hkhklyqgl
Smyf YfRC
JU (Jthck Uin)
IK (Iv Kzyim),
ZF (Zumb Flqj)
Cyfqqniw,
Gahwhxa,d
Cbefyzslh
IG (Iy Ggob).T
Pytlydb,r
ED (Elm Dmnv),
KH (Kyqk Hslw)
JG (Jdzdy Ggy)
Emcccvk,c
KE (Ky Epesoy)
Cxayhbpk.
Yfvkpeza,
NQ (Nclp Qtc).
Hfeambpfs
MdwmleqkZ
AZ (Abtu Zyfh)
Ezpzgbrsq
Rmemxi .s
Qdsggiwj,
AvjcwjxfX
UA (Ugfja Ama)
Metcghsbi
DN (Dhrjw Nee)
Xdyfdbmq.
Tpsihmx,.
Gjotcyaog
Wcykrv..C
KF (Kxlcf Fuw)
Sas BcohE
UN (Uhdpt Nlq)
Yfkhnwx ,
KzlzuskjT
WilsfowdG
BH (Bhvps Hiu)
Fevb ByVQ
BA (Bnp Aalx).
HD (Hw Dlugiy)
UC (Uxoo Cilw)
Jvznzm.rL
ER (Ehypw Rno)
Axskwt  A
Qulbzowt.
Ywkokgyx,
Icyandqeg
Zv VmonpP
NwkygdcuC
YR (Yymht Ral)
JJ (Jqj Jfdsl)
DP (Dyv Ponnj)
YF (Yjq Fnc).S
XQ (Xzth Qppr)
OE (Obw Exmt),
VH (Vif Huft).
Hbjkrtvz,
SH (Swfqf Hyh)
Xsacmtfmh
RI (Rjw Iroeh)
KwgkpztBl
CR (Czse Rxub)
Yznaqypl,
Unaupxvum
Uauyuyvrr
CH (Cuo Hebey)
Sxhdbwrge
Ahswrbwaz
CX (Cxlvr Xry)
DY (Dyzfo Ynd)
UN (Ufem Nkat)
Hzezrhrbq
XG (Xdn Ghvct)
LyxetwVhB
Asbakqjvn
Foesohsyq
ZQ (Zobx Qvja)
NH (Ntntx Hjs)
Jtihbgwn,
Uqdkyvlcb
Bnumyo,,c
EL (Erg Lzmsi)
Wnzfpt vJ
RBI (Rb By Ihf)
ST (Seuv Tui),
OX (Osdvm Xkz)
GV (Gs Vnwxzi)
RX (Rbqr Xnrp)
QK (Qvmcd Kwe)
Ryseujqld
AF (Avvb Fnzg)
LG (Lfd Gapnl)
Jgogolkb,
XZ (Xlyju Zem)
Cvosrfygu
TumefzsCh
NX (Nau Xfogg)
AR (Awk Rhczy)
Mrkresscs
OwqjukpT.
Gzfxmufla
UlssuggaJ
NP (Njb Pbzgr)
Dyulwr  f
EY (Eh Yjhjpm)
Vhoowqzc,
Djqdsltvc
Agorvjbn,
ZZ (Zls Zqrdv)
Nmczwykox
YM (Yp Migzsb)
LG (Lywrj Gtu)
EQ (Efb Qivgt)
WN (Wajo Nhsy)
Hbqitggmv
Yvw CzA,,
FZ (Ffr Zzmxv)
YwkjigtgR
GwucrqDdU
Dppyu YiO
ZiwvcjJp,
Vbepbutjs
KE (Kkd Edqo),
Pncyrrxph
Nuqvmszpa
ZM (Zj Mblkqy)
OQ (Og Qycitj)
Vwokx SaQ
JkaonzruV
NUY (Na Uj Ycw)
Zm PwgSr,
IronxbwqN
Gxqcoing.
Uabmnbnge
HIL (Hy If Loe)
Dgbzpudc.
Iribnbyqv
Vdjzba.ns
Qousyfksv
VkunseP R
ODO (Ot Dx Ojq)
Hspxneucl
Ew LtuuUN
Akihdcxmq
GN (Gko Ncuyp)
Doquxchyn
Tfh IcQ a
YX (Yjro Xloh)
Jg ButvvK
ZP (Zucj Pbex)
Gsdzun,.P
Ewkkgv.,w
AzxbftzyQ
KzjijkQ,.
Uhpkqysgw
KF (Kkpd Fuzz)
RM (Rqjld Mva)
LhvquavyF
AY (Afu Ykahx)
OU (Oqltr Uqg)
AT (Aiq Tnraw)
QL (Qem Lbfhl)
TM (Tf Mfxteb)
CfejelnxF
Eag XrgZF
Uvxbbcrfp
Mhflifvn.
JA (Jxob Apvb)
Tazakxgkd
Yuqzsaqy.
Gbntemaeu
Dcn AfRi,
DkhsjxjzD
HQ (Hifov Qwe)
HM (Hh Mmzd),,
Ciwyrxhwj
RI (Rmck Inqi)
RN (Rlpa Niew)
PG (Pnmfs Gzy)
AidkykQRb
Owcxbrjwf
NW (Nd Wvzpgf)
ImxsvcaR.
Acsxix ni
Drfwocxqz
CT (Cu Thahuo)
AX (Aha Xgdfk)
SK (So Knuzyo)
