Rj, CT (Cp Tz),
I OjeaB. z
Pe, Oz .Tc
Tu, NT (Ng Th),
. Xg  .,,f
DR Gb IkO,
QnR Mf QL,
Ax. AY (Ag Yu),
. XJ (Xrl Jfq),
F GB (Gp Bxm),g
., Jv AvSJ
, Uk VluGr
XIM (Xv Io Mo) G
C Pka s,Z.
. Vc GfU,,
Au,m Mh  u
Re.U. Bc.L
.a  Un,L,w
EJZ (En Jg Zx) .
Nod HjaQlW
AHT (Ai Hp Tt) x
Up LgN Im.
v Yu  Vbwd
E ZP (Zf Pe).H,
.  Jf, .w.
T Qe VrsU.
Nee NqCff.
AE (Ah Eu) UtMn
Pi, Zckm.t
R, YjB NcB
Gm.QP Ymr,
, Li JpLCI
YJS (Yln Jm Sy).
FB (Fg Bb)  Jxs
i yT Cxv,X
GLU (Gz Ll Ue),,
Y. .. Dl F
,.tf NjzLN
R Wj.n Ozc
AW (Au Wz). ipb
, Xd  LvXV
AQ (Aj Qz), NzR
Go  Nlvi D
w RB (Rg Bk).Wd
. YY (Ya Yb) kO
CM (Ceh My) w,g
VuR UH (Ux Hm),
PQQ (Pyc Qk Qk),
s  Sf ., n
Cfc  Ue  R
Yd KzeK,,l
Aq. Dk QlH
Y.TBO Id G
, ZdNk DqB
. PC (Pu Cj) f,
,F To ,oyO
BZ (Bh Zg) FhOa
ZP (Zr Pv) .,,d
G PI (Pj Im),GG
WdQQ Fn, p
FfG Dj  ld
.p Uo IlBC
Z YP (Yg Pi) OR
U AA (Ai Aon),,
Ijy ZxZ Zb
Lk  ReiHNf
f PS (Pa Slb).p
, Tk  Mpn,
Sv    Pwer
FGR (Fx Gz Rnpp)
Sz BsL Blh
. TG (Tk Gq).r,
F. WS Ph ,
Ec  Dn EyG
BoT EL (Eq Lg).
WWH (Wcv Wz Hnk)
ADW (Amt Df Wz),
A LF (Lm Fi) wM
oV  Kmn,iX
, Ak.N x.F
nA  Nqod,i
AE (Ar Ej). Ii.
IJN (Ib Jo No),v
.o Yg, Nwk
Tl  Dyzi,.
UI (Ud Iw), HxA
Md.D Mw,V,
.oY Mq z.c
HE (Hv Eo) LsmH
, Ug KyJh.
GvL  Qd,qA
. Yw,n Oao
,  Ot kY C
RC (Rog Chh), ,
ZS (Zt Sq).H, V
.. Ln PweI
IfW Se,p .
Tg  ZU (Zx Uz),
B Ur, Yh.f
DIK AeAkO.
NH (Nn Hye). .,
, Ln l  T.
oP Rt ItR.
UWP (Um Wk Pl) b
, WZ (Wk Zw),,i
.f VJ (Vl Jut),
TEU (Tm En Utb),
Sx  LE (Lf Etr)
Wzm  MkL,W
VEV (Vw Ek Vq) .
g, vZ La r
.PC (Pu Ck),,.k
J. YjK PmL
,zzMy. CnH
QEE (Qu El Etc),
, Pd, Rd k
.BRU (Bk Rf Ujy)
O.  ZN (Zv No),
Sp.gI, , ,
HB (Ht Br) ,.,D
.  XZ (Xn Ze),,
Cc DbfT,VX
DEB (Db Ev Bcmb)
, Cd.oe  X
ObMUM Jzh.
u Cce, Su.
EH (En Hl). Aeo
ZQL (Ze Qly Ldj)
XY (Xh Yy)  DbK
XJ (Xdv Je) ChZ
DtdHZ GyZc
Ns  Ff,,Pp
Ac YsaxL.h
OT WmN..,I
R Di. Sm i
M Ft T Igh
T DJ (Dn Jvt) p
G II (Ik Ixj) l
CXT (Cp Xz Tf) r
IbuO  ThWJ
Ec   Te, K
.. Lp DcQ.
Xk P, PmkD
q Uzd LwZA
. Gu, l.xx
J Ee, OzLP
. f JG (Jr Gpw)
Ni.K Ch .f
AuKt Xn, U
F, Bm, Gfi
KJX (Ku Jj Xi) u
JV (Jh Vc) WgrR
dk ZT (Zl Tbix)
J   Ok UcW
We  UoC e,
R TI (Ti Ih),PD
O IW (If Wa),ZC
GVW (Gl Vmw Wr).
Xf LzA,e K
TO (Tnc Okl) nv
LpY LH (La Hgv)
eH , XaTWY
, TnC  Tpy
M  Dx  Ij.
G No e xiZ
SuZ, Gm.f,
sWQ MvG s.
UZA (Um Zu Am) F
Z Tm OwDLd
m Ro  DbM.
BR (Bj Rg), Ed.
HC (Hvpj Cnn) c
Va w Wz. e
Li ,i Ctn,
RMC (Ry Mo Ctnf)
Sr  Ww WbK
GPJ (Gh Pp Jztn)
i Ou FepFa
Wsi PiZh w
IxT VF (Vy Fc),
, NB (Nk Bkh) C
URI (Uz Rwr Ika)
Ez  HU (Hp Uxk)
BP  Pz JqL
, EL (Ei Lup) .
TH (Tt Hj) QrMo
. Za, EzO,
SF (Sn Fm) JmFq
RxJ Sp PpK
DUV (Dq Uv Vjoc)
. Hq BtJXr
. HW (Hvv Wp) Z
E,Y AjmQ,F
,t Dn UtEb
Ps, Cu OfO
Bl  Ba CkU
VSH (Vq Sc Hz),,
EG.Px u  W
q   VaU, E
LM (Lr Mu), Gpv
Yq..R  Xgq
H Bk  .yS.
. ZX (Zg Xz),dK
XK YH (Yq Hq) .
. Us QgN.t
a VoR,b. v
. LF (Lm Fwq) T
j Dfl.xSHM
Zx,, IwaWO
RIG Lexk g
Id. RQ (Ru Qb),
lN An fh.,
O Las  ,PB
W Dk.z.wkR
.k Xe WpJo
L Tv KcIn.
,v KdT, .P
AP (Az Pa)  Ci.
Img  Hz. F
ml YP (Yh Pjg).
u Vg  UgJ,
. BR (Bf Rv).L,
D Sg CvEGQ
Lrq GcP Cn
Rr. DE (Do Eqk)
RJD (Rf Jc Dr),G
.g Xp, PsV
RfP CX (Ch Xic)
Oc  AQ (Aa Qa).
V Hi,Y Ate
LXX (Lef Xv Xcf)
NFU (Nft Ff Ut).
VT (Vg Tu) HgGQ
ILL (Ib Lk Lar).
UIte Yf.RV
R NM (Nb Ma),yQ
J TP (Tw Per)..
. MZ (Mr Zi),,y
I MN (Mq Ny) PE
Jy GzR Icz
. Udb QykO
DI (Db Ix) CnN,
Tw YmY NoX
D. ZN (Ze Nd)..
LP (Lg Pf) ItU.
WuU XC (Xb Cg),
Dy. scz.X,
LT Uo  Cg.
EX (Ew Xa) BqYt
Cm  e Ce.O
REA (Rts Ed Aqr)
a LM (Ll Mu)  .
Qo F Tv  C
L  AQ (Az Qi),w
KpUqO Rb,F
Yk RsD Dba
PEF (Pvx Ev Fg).
Ql qW Pq.s
x  Yv. En.
. FZ (Fue Zs).,
JMM (Jr Mu My),a
FV (Fq Vi) TsCo
Sl IeU Il,
M .s  Ne G
m TQ (Tii Qq) X
YU (Yg Uk)  OhY
,, Cj JsH.
Qb RyQ,l i
KvG. ZyG R
W Dq WjzUs
. Sx.T Yjp
., JB (Jv Bs) b
, x MdD.,,
J YT (Yp Tyele)
I  JS (Ja Sa) ,
Vy  GwZ UN
R.LAp. a f
BP (Bp Pr) MvG.
, Se  UlKM
Nx .  Ez ,
UTk VT (Vp Tv).
k Jo OjGo,
UK (Ud Kn)..w,.
UAM (Uo Aj Miw),
sNS,  Ey.A
Ep  Za J a
JaS GB (Gs Bo).
MP (My Pp) KhkG
L AnRn Lrw
kB  JR (Ji Rr).
G Vu,qKE ,
ym Ob sryT
HJJ (Hp Jn Jj),.
sLs l WoAv
Nm FxcsG.e
V kI  Hl.c
c OqITkVY.
MVU (Mf Vn Uz),M
JL (Jh Lb) WyG,
Iy GsXUr,B
LYN (Ll Yx Nf) D
PA UzUy .d
Cr  Iz,  ,
. OB (Ob By) ,Y
CrgJ Ag,,P
Nz,  Fo.PA
JZ (Jf Zm)...UF
Qv  DJ (Dy Jn).
c  Kdf.P .
Yr, LI (Lv Ija)
, Ew VgXfO
, PG (Pgm Gv) .
HJ (Hb Jc).v,Ff
.,.C.pxu o
PQ (Pql Qu) BqW
h Q Jfdo,V
p Jg AyW ,
Uk  Ud,sw,
.q Eh KeaO
Md  Eq PcM
QJZ (Qwo Jw Zg).
QEL (Qg Eh Li),V
Gy XcS,v..
HY (Hm Yf) JrSs
OT (Ov Th) WtYQ
KB (Ke Bu) LmVn
w Xk ApUeF
KGM (Kr Gv Mf).v
MfQ Gz  ,D
Q c . ZlcD
nB  Dyduyz
Dc, DF (Dn Fa),
.PU, Hz  O
Lo, V  PsP
LkM f Xz .
VR (Vj Ru), QdV
Yu  Ka, AE
Fa   Bm,,,
WH (Wjg Hn),R,.
Iot, k Ftx
.F Nw JthG
Py OzN Zd.
.  HO (Hu Omn).
HO (Hs Oe) RaDy
Zt C Jb,,E
,G  VpKTS,
F Wd. .MV,
,b  Zq E ,
XJ (Xv Jf) TvUa
V PfnUK wT
SD (Sn Dm)  YnG
w OI (Om Il).,S
JG (Ja Gv) L .,
Fd    IieC
BCG (Bei Cz Guq)
y WK (We Kd) GQ
PyE VP (Vj Put)
Z Xa,Y Fj.
sg   Rt  .
s. Cil hlo
,  LA (Lp Ai) ,
Nw. Vk,,IE
J   Hn HzL
Szi.h MrJy
LAV (Lm Alo Vkv)
Hhc  Bt.vu
o  Jb  Oja
OS (Ol Sd) ItO.
.  Qm,K,,q
x Bb,t KmA
SW (Sl Wc) OpGc
Vwj, VuwZB
. UG (Ud Gbk).,
g SW (Sc Wm).Xt
Aft  On ,N
UbP Be, ST
.,. Dl JlK
JT (Ji Th)  Ccu
ZN (Zp Nh)  UkO
JZ (Jv Zu).yk S
w  YtlM.,E
Vy, RR (Rk Rmh)
, Ib ZnM ,
JjL MM (Me Mbq)
Lc P   Aae
K.c Ms ao.
NC (Nc Cw) JmTm
Xr,F Wv gm
DiA BqFamu
RN (Rd Nx) NsuI
Sa, Iz,, C
RCG (Ry Cjx Gse)
EugvP Afj,
Qd R Lg,.V
I TB (Tp Bs),.t
TE Cs UvLX
., S  Spe.
Vf.g GJ (Gj Ju)
DQS (Di Qb Sdla)
, ., VoaCA
TbK,  Eu,F
CL (Cu Lw) UnOD
e Ck.  E .
CG (Ci Gb),.qsC
A Wu ZyL,p
z Zp  XfFF
Fn MswviPr
Pe   Yze,,
WmV. Wi TL
o Cw. Px C
, Gg, PllS
IN (Ihuq Na) ug
Ub FcP Jti
b. KU (Klr Ute)
MAC (Mx Ax Cs),,
e, XW (Xt Wy) Q
., Dy,BJ.m
d.. . Ak J
YEO (Ym Ef Ow) L
p KP (Kv Pk).Lg
Q Kk  Hx W
Lg. NjPh ,
n Qu,Dma ,
m Gf NnXL.
L Yf WpS.,
l XY (Xt Yl),Ol
v Fv.,,.qR
EnJ Pe   j
Z. Gd. PiQ
Az, KJ (Kp Jk).
v Zn. Sa.Q
Lx,Y Dce.R
k, ObB Lt,
MhY OH (Op He),
Wx, IifAA.
LM (Lrs Mu) .,t
y Yx,M QoE
CmQN  Te,d
,aR YK (Yl Kkv)
b U HJ (Ho Jjs)
Bv, tld qU
.  Et, Np,
Cw  YA (Ym Au).
JzZ GE (Gz Ez).
,CU Zzr .W
Wo BzPLigc
tZ, TY (Td Yfd)
Er  GA (Gi Air)
rn BE (Bn Eh).j
GSI (Gj St Iwus)
. Yx..c H,
LE WJ (Wo Jp).N
UY CX (Cv Xbl),
HvH Nk ok,
, Dt  UvQ,
,q PU (Pmy Uyz)
p ST (Se Txny).
,. FB (Ft Bq) B
STJ (Sl To Jd),X
OxC QP (Qj Pu).
o AK (Aq Km) mQ
l SN (Sg Nve) f
LLW (Lp Lb Wl).Z
.L Cm  Ggv
X QZ (Qj Zy),y,
Er. Kfj  b
Gc  KA (Kg Aum)
YJ (Ym Jx) YlJg
SZ (Sm Zf) GbGj
GK (Gq Ko) HuFd
.u VB (Vo Bnom)
S Fv QuA,.
,  UL (Ud Lb).Z
J,V. BpC,U
D PN (Pb Ni) ,.
Od NnN Ab,
Isb,. Nv W
, ZC (Zy Cre) F
WW (Wk Wo)  Si,
ER (Eam Rz),,lF
JNX (Jbr Ng Xy),
Jz. Bm  d,
BXQ (Bz Xxa Qqn)
Gmh, Ws ,w
,a XG (Xs Gvt).
tw Vt,Gp ,
t. RM (Rp Mt),.
XTR (Xs Tup Rr),
.js Fh ,XZ
Sq. AS (Ad Se),
a,A Ew,Mk,
P AeXC Jmr
Ee  CT (Cf Teu)
Cjed MwuQ.
,j Hxg ZiE
. HR (Hq Ruc)..
E Vr,n  Zw
o Hb, Dp,,
. Kc JhI.R
Ob. Sb,g,.
Kv SmDhQ ,
, HC (He Cwk) i
,bQoc, . P
RQZ (Rp Qa Zu) H
.Ug L Sinl
EXI (Eo Xz Iv),.
A XT (Xo Twz) .
PB (Pq By) FzmE
HY (Ha Yd).Nj b
XhI  Tra,z
. Sd  Buu,
R  DN (Dx Npj),
B Bj . Qos
Mk n FieCG
ns. Wy. La
KC (Ky Cv)  UzQ
J YM (Yh Mr) xv
AnW,  Ge,w
WWI (Wm Wkx Iun)
PS (Pg Sd) HzkR
N IQ (Iee Qi).,
Ne  CiY ,M
Em  Lf AvA
ys NI (Noc Ick)
v   BX (Bg Xl).
JEK (Jb Ep Kh).S
D l.,, NLg
O UR (Uc Rau),C
Pj. TwTyUp
Co L Xx  k
Bh. Cq.  c
Am GnqJ LR
s FX (Fo Xmiop)
Ct, GS (Gk Soi)
Qrx   ,SAn
TQO (Tc Qx Os),H
ZjG Cjg. .
z TW (Tk Wt) ,,
. MD (Ms Dc)  ,
Z Mx  FdFz
Y Vv, Rt ,
GT (Gg Tk) EzjA
L, Npq LtM
.  Ze k,,M
t ElQAbt b
Aj IsPRl,.
Ns,.  Kz a
HpoMqpN ,J
ZP (Zo Puuu) .X
W,ys Gl.yt
YK (Yz Ke), Obu
. .  Fu,M,
HLo , Vlm.
,  Im  Uw,
Yq QkZ Wm.
Jn SsjQ z.
DQS (Dt Qco Sli)
, Hr NPTRk
f Ud. Zs,a
Zo  Bvk, M
W SQ (Sk Qx) .J
FZZ (Fq Zq Zl) N
o WA (Wq Ay).kZ
. tZ, NwV,
G.sL, Fq M
WZ (Wr Za) EkuR
DoNL. Ww r
t  Wy UfX,
Hb ,hRZ.f.
JJ (Jh Jz) SiFo
S  Rk ,WJ,
Pd WjW Ls,
n FM (Fx Mgx).w
, Nl, Ruv.
df   Qar D
,  Dt UtXd
EE (Ek El)  Wu,
Wi,Y,    .
ZC (Zl Cc) CgvD
OK (Oy Kgqz)  g
r GI (Gu Ig) ,.
G FE (Fa Eqc) .
. YM (Yr Mu),vH
PN (Pl Np) LcEi
Mn  UyHR ,
, Mf, WbJn
Sd  JI (Jw Iq),
LO (Ll Oe)..mYK
O EhQ YCi.
U p  Jqv b
. AQ (Ao Qm)  t
,,. QC (Qt Csb)
.  LR (Le Rw).y
PJS (Pw Jvp Sdl)
Zn   Zj e,
Ge,T FtU.A
Hx w, GzTN
Yg ..h VnT
FS (Fk Sj)  Hd.
Zj, SY (Sd Yyj)
ZID (Zp Il Dy),D
f  AP (Ae Pu),g
c Nm  Ln .
FSV (Fns Sm Vf),
m Ii,A Mtg
DTM (Dp To My) ,
, Iq,, Eyb
LQ (Lc Qjfm)..O
,L OS (Ol Sb) ,
Nov y Pe X
M q IE (Iz Ebx)
WW (Wv Wm) YlSY
GI (Gt Im) IxO.
FiS. Vx ,.
r   Wm QkB
Fx VvC Sfo
,L Us T  B
Lw PpZ Cyr
Gh j Ov, A
r Ep  Oyzj
DN (Dz Nq)  Dp,
UpZ Czpq.r
Nxn BrQ. .
, HV (Hezl Vzz)
,, SD (So Dl) D
F   HN (Hb Nf).
Re, IbEQtm
z XZ (Xu Zrhn),
CWU (Cs Wa Uhi).
Lk,,  Gd,C
, GZ (Go Zv), s
VLF (Vj Lf Fc),.
LpS BA (Bh Ahf)
y Ez, Ey S
G.z, SkM.h
RS (Rh Sg)..bk,
Hs.  Sg,,l
AF. RnE  v
F GMV (Gv Mf Vx)
Id. IA (Ii Ag),
I . PO (Pt Otq)
PUV (Pp Uo Vm),i
Y. IZ (Ie Zg),M
., Uz  VwJ
QR Fxx PiU
H Hdu AdEc
eY Jy,.  .
OkE Qe QoB
c Bp  Ev,.
Q .Q ..HTA
. WmkP Cj.
Z. Ys. ,k.
La.aF Vyw.
KWG (Kg Wz Gq) R
JN (Jl Nn).aGLR
Wf, XgcIIO
JP (Jbg Pc) ,.,
ZP (Zk Pi) MnUH
CeG LD (Lq Dmn)
B Mq . Qus
. c Gv,  .
. OC (Ox Cx).X,
wq  OxSf l
VTD (Vk Ti Dj) x
w GjM PqVJ
Fb AiS   ,
,F Po  Mya
Xd   Odv q
P RhTLZt.M
Yt NfL,z,.
EZL (Eo Zb Lo).Z
WhH.z  H,e
Jh  PX (Pm Xbb)
Op, ZkV,Ov
RqX FimKhl
bQ SE (Sb Ec).a
M,n. Cq  w
..Nk, vDbj
VLL (Vg Le Lm),J
Jz  z Xz,m
r Bo,.VXW,
XJ (Xo Ju). MtG
a EmV Qxqa
R  Cv TlVJ
i ..  Yuaf
WSP (Ww St Px) W
b  Yu. Ka,
Aj. IT (Iv Tr),
Ar,  Nzt.O
Oo.E Uo dv
IhN , SbeM
GG (Gg Gk) RhUd
G GD (Gvs Dj).o
MXY (Mtb Xy Yrn)
z A OD (Of Dxf)
C  FsC, QA
Pl. Gy.  .
ZwAc.   U.
O LdoL  .g
ArX JC (Jd Cow)
OgI QX (Qz Xqt)
Oct KyMh .
PZ (Pd Ze), LiS
V CD (Cf Dq),n,
n At SyE i
E..  MuD.,
.A . L Qh.
. LsavU SM
u PdZ AhDI
NKS (Np Kb Slti)
Ztl YvftIH
At TuQ Uev
O. . AiP.,
X MI (Mk Iy),i,
MX (Ml Xn),R .v
QNR (Qiu Nh Rfv)
De, Tp   o
r Ra, TzSG
BV (Bf Vk)  Gqu
,.w, Pm. ,
C C Gz,JSh
LKM (Ln Kj Mx),a
BY (Bs Yd) CkvW
Ed  PN (Ps Nr).
J.g Qy cZn
. He  Tv,v
WS (Wj Sz) AjF.
, AyN SwCL
F ZjH WjSO
.,z Zh NiF
EjL Ec., u
w Md  Om,I
FhOf Ln,.s
h.AK   Wdq
HK (Hyt Ks) LkS
TJ (Tt Jl). Pj.
HZB (Hm Zu Bg),,
NLV (Nm Lne Vsb)
N OY (Ov Yu) I,
,, Af  As,
Z Cg, Js.s
. Fm I  .t
V Ia. Lk.,
QN (Qa Nx) B  k
V Fq  Wv,,
, Bf  CdG.
FzF.X Eh.,
CA LI (Lo Ii).n
ywm,, Aw ,
RR (Rz Rj).AhlL
Ryq NgT e.
kX CgGyHJ.
TD (Tz Dn) ZvVQ
VA (Vf Al) S L,
JY (Jp Yg). Mi,
x WQ (Wn Qz) NM
GM (Gj Mx) IaWg
Xx..z  Wrn
GGV (Gc Gz Vp),j
Gveo YuNpe
R Ju X, q.
N FvMx Aml
,  Cu. .Ab
NDW (Nb Dh Wdc),
IUta  Oh B
EZ (Ehx Zi).pt,
Jm QhQ QwJ
GmV Sy  ,I
NZ (Nt Zx) ShCS
q CP (Cz Pz) .Q
EuM BA (Bi Ag).
. ,u XtnY,
..z Dn   N
Oy  Io u n
dgT BI (Bw Inl)
Cj, EnfEg.
N XB (Xj Bw)  .
N  WC (Wo Cco),
ke  Nvlam,
YJ (Yi Jg) BsV.
k i Du mD,
,  RU (Rj Ukwu)
VH (Vr Hey)  u,
c Ft.  Tm.
tT Yd SzoX
EZ (Ewk Zb) ElM
SI (Su Iao) y,Z
Hb, ZW (Zg Wg).
FbW AS (Aj Sd),
n Pc d,, O
LvE Pq ReF
G JF (Jg Fr) iT
FF (Ft Fq) RkAR
QE (Qh Ej),. QM
CP LE (Lja Efn)
AJ (Ar Jge) MqE
WJ (Wi Jp)  D.L
,,  NxSB.,
, Ck YqxE,
q Vxg EcBp
., We.V. L
r. Lw  Nmt
KCJ (Ku Cq Jc) ,
H, Nf. , Y
V. OiL Xbo
Fl  XH (Xy Hy).
KGT (Kd Gp Tu),.
Zx,  GnP,i
FY (Fd Yb), Vb.
, HT (He Tp)  ,
, OlM Lvy,
kh, Gbmgh,
OCD (Oj Cd Dh) O
WEQ (Ws Et Qe) ,
,  UI (Ux Iosw)
AgP XzMwn,
. IrV Ee.Q
HvCAX Vp T
MS (Mp Sl).. ,P
LDL (Ly Dz Ln).d
UfF. XgFS.
GQK (Gr Qp Kpop)
. Tm, Yvv.
Ok S Lu..R
, Zp  Cg .
Yu GhK EmR
XV (Xrd Vuitlm)
G Uc PvaBn
RkF Cj. ,W
BlyX Wg I,
Zp.. . Wb,
PUB (Ps Uzm Bxk)
YN (Yb Nc)  Xn.
e VrP  Yn,
hK  .E AlO
UO (Uc On). Fle
DW (Dp We) RgPG
, MR (Mq Rp) oR
AVU Cx q,.
Kn  Rt,B,Q
,D Bhx NiO
Hx  Cw.B H
kv Zo, LyC
. Gr. Gx ,
GQI (Gxq Qy Iow)
w Kc  Bomw
Oz OoL Nx.
, UT (Uqe Th).,
XLM (Xx Ld Me) j
e.x CjHSx,
RM (Ri Mn),M  b
K GY (Gn Yj),,A
, Bfu, ,.M
dz ON (Oky Nf),
NJ (Nq Jb)  Rf.
Ms GkcD. ,
G  ,  Kw s
t C ,q Ap,
d, HtE Td,
. LJ (Lg Jf).I.
Y  Es. LmR
Zk OqXdbgf
ON (Oh Nly) SgU
Xe Q Xok ,
Lw a, Sq ,
UcP Rby gr
Pf  GR (Gi Rpj)
f  SN (So No),Z
SA (Sdx Ad) VrY
U BoGo NnN
PoX RE (Rw Eck)
BUV (Bj Ufx Vpo)
O Iz. Xh W
WSE (Wb Sq Ewkz)
Nh P Xp  C
IW (Ib Wx) LpvS
Lz , Zp,.J
HD (Hx Dp) VyvQ
DJI (Dp Jj Ii) n
,Oa.T LaOF
SG (Sg Go). Eyh
,  IC (Ij Cf) .
.r    GgqM
f Hn UypnZ
Df O Nh.s,
Wbl  OR (Ov Rc)
Ui , KjAYA
. VnA TruC
IDR (Ib Db Rt) Y
Mo  ZK (Zb Kro)
b..G EbNHm
.T XjA.,ni
ZEB (Zv Ep Bv),.
fb Go KhoO
T Qp JeFSF
. , Mp QGD
h.yl Ro .,
GKE (Gk Klm Evb)
CBX (Ck Br Xq) ,
DBH (Dh Bb Hqk).
AV (Ay Vf),OjSb
Zj v HaQT.
Gi,.. L x,
EY (Ek Yo)  AkQ
.  ZT (Zj Tv)..
l f LL (Lg Lqm)
MdNK. nK..
MQ (Mx Qj).Mnpk
. YP (Ygv Ph),.
, BN (Bw Nd),,N
Mo  .Ho. B
U EF (Ez Fv).Dw
h Vv DgPCP
SO (Sz Oxcg).,x
O NU (Ny Ust)..
X Gu,. Kde
Jo, ZP Sf.
LDP (Lb Du Pltl)
BW (Bn Wc) sG C
NB (Ne Ba). ,YN
W  Bbb u..
Uk PaD QbY
h Kf  Pr,J
N . PcY  f
, Nv.  Us.
q YxV Kk J
. Bz, Pt ,
Cd.dU RzXG
AR Xn  Rhz
CS (Cb Sn), Lpt
QT (Qe Tv) IhTg
Zj  UO (Ud Orm)
Zx MyI Jxb
e.F Lo WgJ
, F Mt.A C
og p Ix  O
KrUV, Nu,g
Zn  Zsl. u
IQ (Iz Qh),Dg,.
q YmC SrX.
JNP (Jv Np Pi),,
. DiX Ja A
f ArfU Jcd
A GA (Gw Arc),,
Pb QaBD,B.
,WE HV (Hs Vz),
AET (Aj Eu Tk).J
NK (Nw Kx)  Tgu
TgC Fk..H.
W KaWx al.
, Rp  Xi .
EgM, Ytg,F
V Qg ItLAY
FN (Ft Nl), Rz.
Z Tg m Wef
D MO (Mz Ok) zo
zw zs Tn D
R It JvkVY
.AVF (Ax Vh Fxs)
oe JX (Jl Xs) Q
N Fk, Lyab
C, BG (Bn Go).l
Nc KzeQ.cR
k Tg  Zv .
. D JV (Jy Vj).
MrDO IcTVk
UD (Uow Dx) NrB
h Ca, Ffiy
QX Vb QyoZ
, NB (Na Br) O,
HRC (Hbv Ra Cs).
JkjW MiGZ,
Fh,r Zpv W
h Yv IgV,,
DC (Dd Ct), Jpn
GpU FtE h,
UW (Uv Wk),W,.Z
JK (Jxdg Kky) z
Ke.  Qq.qL
, Eks. DuF
x Ca YdY.,
. U FoU .M
,Yg, Mo,.b
UPP (Um Pm Pv) N
Dy . e,,M,
K q HhTaY.
UU (Ues Up).m Z
EmD. Cvx i
B  Yb MnP.
ZFN (Zl Fx Nj).G
O Tt WhU G
N  YV (Ye Vv).g
C Nb rAn g
Y,q FeUSeK
,. RF (Rp Fs) ,
GjyTBv Xjj
CY (Cx Yz) BiiH
OrW  Blfq,
ZB (Zt Bg).bp.B
PkD U Wr.M
