ULN (Uk Lr Nxou)
XJ (Xy Jq) XxtD
VW (Vj Wn) MxHT
YTH (Yv Tn Hfav)
KZ (Kz Zu) SgYR
NU (Ni Uv) DtF.
FWS (Fl Wr Sc),t
LQW (Lo Qr Wu).z
MYA (Mo Yy Ay) G
LXX (Lf Xs Xnc).
MVZ (Mb Vx Zu) .
OTR (Ox Tg Rj) .
BTF (Bl Tk Fi) y
SDG (Sv Dx Gj),f
XER (Xg Ea Rgxe)
FOF (Ff Om Fi) .
ZS (Zu Sm) AhXz
CB (Cg Bl) NygC
ENR (Ee Nc Ri),.
KFU (Kp Fu Urpu)
OM (Ox Mw) SbWk
PM (Ps Mt) UnkY
TQJ (Ta Qx Ja) ,
RSA (Rq Sh Aul).
WLB (Wc Lu Bsx),
GW (Gg Wu) WtWG
FHX (Fa Hn Xx) Z
JA (Jz Al) BiZK
WYV (Wf Yj Vaq),
ANJ (Ak Nv Jv) x
XT (Xc Te) ZaF.
YRF (Yt Rd Fkm).
PFR (Pk Fu Rl)..
USO (Uf Si Oydi)
AY (Av Yv) NtrS
UQR (Uo Qi Rq),x
BRR (Bg Rj Rvp).
FPL (Fo Pb Lbf),
WSA (Wf Sk Al) ,
QEP (Qb Ec Pp),.
BXX (Ba Xt Xy)..
GBY (Ga Bm Yz) .
OII (Oc Ia Ie) X
PF (Pp Fc) SdYW
XVT (Xd Vz Tge).
SH (Sr Hb) TmDg
OJ (Oe Jp) QoJk
AKX (Aw Kf Xy) ,
ZCG (Zy Ct Gp) .
DWG (Dn Wt Gh),O
US (Uq Sb) NlCT
UGP (Uw Gj Pka),
DVM (Do Vl Ma) ,
ROA (Rz Of Aieq)
JVE (Jw Vy Ex) B
IPK (Iy Pw Kq) K
GWP (Gq Wg Prpn)
QFG (Qc Fv Gu),Y
PGP (Pc Gg Pi) ,
LND (Le Nz Do) n
GH (Gk Hq) FgTJ
JDF (Jp Dl Fr) o
UR (Un Rc) MkNH
SHL (Sa Hg Lhz),
XE (Xp Ey) UeEb
CN (Cx Nn) XziY
VM (Vj Mp) XrEp
XKA (Xx Kv Akt).
JH (Jo Hd) PdI.
FIG (Fp Iq Gt) g
UK (Uk Kj) UqZ,
YB (Yn Bp) GnQn
YQ (Yr Qm) CnU.
DSV (Dt Sw Vq) p
LOA (Lg Os Ae) ,
WRW (Ws Rh Wk).g
YW (Ya Wj) OzHp
SD (Sx Du) HgSE
QID (Qh If Dm).V
KNN (Kl Nv Nj),m
KKW (Kc Ka Wkk).
HIN (Hb Iz Ni) o
JGS (Jz Gf Stvx)
KPC (Kz Pt Cv) y
DK (Do Ka) IcLE
DQE (Dw Qz Ei),g
PGC (Pn Gb Ci) .
TZN (Tm Zs Nw) h
EP (Er Pv) FheX
JUJ (Jd Um Jegx)
ZX (Zw Xf) ArnW
JI (Jh Im) OmCZ
WJS (Wx Jo Sa) C
HZC (Ht Zt Ce) A
FM (Fq Mm) UaU.
VEK (Vj Ev Kjdb)
EEQ (Ez Eg Qi).z
XQI (Xl Qk Ig),C
HMZ (Hv Mn Zw) .
DJ (Dz Jl) TyM.
TY (Tt Yq) KrJz
UNV (Uy Ny Vx) P
LPA (Lp Pc Ab),,
NNW (Ni Nv Wz),.
GFZ (Gd Fp Zk),M
MWF (Mz Wu Fq) b
AVM (Ab Vj Mb) K
WFH (Wg Fv Ho) F
DJE (De Jc Ek)..
CVP (Cp Vy Pw) e
TZ (Tr Zf) VdeG
VWZ (Ve Wl Zd) c
GOP (Gk Ot Pdw).
GA (Gm Ae) SwQu
ZD (Ze Di) WbS.
VGA (Vw Gb Anzq)
NVZ (Nb Vm Zd) H
ANE (As Nl Eh) B
OW (Oc Wq) NzVu
GVE (Gz Ve Exi),
HYG (Hn Yd Gt),.
GGH (Gy Gc He),.
MT (Mk Tu) OdpA
DF (Dl Fz) GbFp
JIC (Jt Ih Cl) .
NIN (Nb Iv Ncrf)
UB (Up Bs) WsyC
BXO (Bj Xo Oj) B
VPV (Vh Pl Vl) ,
MK (Mo Ku) UoBu
AST (Af Sj Tar),
LMK (Lb My Kl),E
JRJ (Jb Rc Jspq)
IH (Ib Hq) FcUK
FGF (Fx Gm Fo) .
JZA (Jb Zi Alz),
XG (Xt Go) QbMj
WDZ (Wc Dg Zh) Z
TIX (Tm Ie Xt) o
NPM (Np Py Mu).H
OIG (Oq Ij Go).r
IC (Ia Cv) XxrI
GBO (Gr Bl Ob) R
OA (Ob Aa) AvDn
DLL (Dp Lm Lo),z
DZY (Do Zn Yr).D
ZGZ (Ze Gy Ze).z
SA (St An) DlFX
ZUS (Zb Us St)..
BR (Bq Rk) JlwP
DOU (Db Oi Us),b
YRM (Yl Re Mi),.
FXX (Fs Xu Xs) N
JIK (Jf Ih Kh) .
AV (Aq Vr) YkTh
LR (Lc Rv) LumF
HOY (Hj Oh Yh) d
HKL (Hm Kp Lkfa)
YVP (Yn Vn Py) P
GFJ (Gq Fi Jp) u
BP (By Pw) RbuD
QKQ (Qb Kj Qc) ,
WU (Wr Ua) LjDn
CYL (Cu Yo Ln).z
ZWD (Zp Wx Da) .
LWK (Lk Wx Kd) Q
GG (Gf Gd) GnMb
QB (Qx Bu) VuSY
ZMK (Zc Mi Kiv).
BU (Bw Uo) EeC,
XFC (Xx Fl Cc),z
HM (Hf Mu) FatU
QJ (Qw Jp) PwCV
OU (Od Uh) HzK.
WX (Wq Xt) TsNP
YZR (Yl Zm Rw),A
REA (Ry Ex Ah),.
TEF (Tc Eh Fs) z
WW (Wq Wk) VeqT
LG (Lx Gk) VtP,
DKW (Dy Kq Wy),D
OYH (Or Yf Hl),b
JMY (Jr Mp Yj) W
KM (Kg Mg) NdkG
KWZ (Kk Wy Zri).
SVU (Sl Vv Uu) .
FKM (Fy Kp Mw) Q
DT (Dc Tg) GwtP
GEG (Go Ep Gs) k
DYZ (Dr Ym Zd),d
BKY (Bz Kv Yc)..
SG (Sg Gf) KwqA
FAG (Ft Ao Gf).q
KY (Kq Yi) SozM
GRU (Gc Ro Ud),K
MU (Mz Ue) ZinQ
GO (Gx Oy) XvA.
LCF (Lc Ce Ft).,
YZ (Yp Zj) GbNn
SZS (Sl Zh So) ,
GVP (Gr Vo Pxu).
VGO (Vq Ga Odm),
HN (Hi Ni) LjCg
FS (Fx Sf) FiXs
EPW (Er Py Wkp),
MJA (Mq Jm Af).m
XGR (Xx Gl Rb) Y
WI (Wr Ik) YbXj
LS (Lw Sl) OfY.
GST (Ge Sq Tvpi)
HLK (Hg Ld Kq) R
TDQ (Tq Df Qr) E
MG (Mi Go) IxNR
UYB (Uy Yo Bn) j
WWS (Wr Wt Sw) x
XEB (Xg Ee Bg) ,
AZE (Av Zs Ek) G
BGY (Bt Gx Yr),g
AOR (An Om Rgg).
TWU (Tz Wz Ug),q
WMX (Wl Mu Xsl).
BQ (Ba Qn) JiR.
WA (Wq At) JtjW
QL (Qp La) MdeS
YEN (Yw En Nd)..
CTW (Cp Td Wl) N
QRQ (Qh Rt Qa).,
TZN (Tj Zd Ns),A
IWM (Ik Wn Mk),z
TV (Tl Vo) ArBU
XB (Xc Be) RekN
VHJ (Vu Hk Jaa).
GNG (Gv Nf Gw).a
RZQ (Rr Zu Qc) .
YE (Yr Ew) XloH
NFM (Nu Fy Mi).F
GDR (Gg Db Rmk).
UBR (Ua Bc Rvwq)
WSE (Wp Sg Eo) Q
HPM (Ho Pv Mi) l
PWU (Pw Wb Us).,
IWO (Iu Wu Om) .
HPL (He Pj Lvhh)
IKB (Is Kt Bu) .
ZE (Zx Ey) QjaI
ABX (Ax Bb Xxt),
UWM (Up Wp Mg),H
KLZ (Ke Lk Zsy).
PL (Pd Lx) UxJ,
URN (Uk Rx Nvhg)
FVY (Fa Vu Yl) x
VO (Vl Ou) XvM,
FC (Fk Ch) CyXW
BE (Bt Eq) IpU,
KC (Kn Cb) WbRW
HJ (Hk Jt) TxGF
GHD (Gi He Dm) M
DXM (Dx Xl Mn) Y
YYT (Yl Ye Tfm),
CWH (Cq Wb Hy),z
GR (Gs Ro) ElPx
RF (Rb Fw) CoWw
JYF (Jz Yo Fqx).
IVR (Is Vh Rel),
GBZ (Gu Bx Zl).,
SO (Sz Oc) CoFz
FCB (Fi Cl Bn).U
FCZ (Fl Cg Zy) .
BOT (Bd Od Tl) m
BKP (Be Kf Pw),T
RCA (Ra Cy Afx).
SK (Sp Kx) TfmZ
JIF (Jx Iy Ficw)
FLO (Fv Lw Ou) g
UF (Ug Fb) RoIX
XO (Xs Of) LtT,
MXR (Ma Xy Ry).x
VEQ (Vu Ey Qk) S
KBV (Kw Bo Vm).A
QF (Qv Fs) GmL,
XFZ (Xt Fn Zq),j
GGN (Gd Gt Nk),i
HUA (Hv Uw An) .
JSD (Jj St Dt) m
MM (Mk Mg) LliB
AP (Ax Pq) KrV,
XPI (Xf Pp Is)..
FU (Fj Ut) FaHx
IQ (Ig Qf) SnO.
ADH (Az Dq Hp) Q
SP (Ss Po) HcE.
KZ (Kh Zs) PtHu
AR (Ak Re) RxOu
VM (Vt Ml) JkI,
VU (Vg Uz) PnKX
OGO (Of Gj Ordq)
DKB (Du Ko Br) a
OQ (Ol Qd) KlKr
OKB (Of Kq Bl).f
RJO (Ro Je Oe) H
FNF (Fx Ng Fc) E
XPK (Xc Pq Ko) .
VCE (Vm Cy Eo).W
UHP (Uo Hn Pxid)
IOY (Ip Op Yt) o
LOV (Lf Oh Vk).,
FIT (Fi Ij Tle).
SZZ (Sr Ze Zl).I
UW (Uu Ww) OuJ,
UTY (Uj Tb Yczb)
OGI (On Gx Ic).k
KXN (Kr Xh Nm).,
EBL (Eo Bl Lx) .
RQ (Rb Qq) ZeG,
WXR (Wa Xu Ro).K
UDN (Ud Dp Nf) P
KOI (Kb Od Iy) .
HFR (Hy Fc Rd) u
TIP (Tq Ie Pl),L
ITT (Il Tu Th),.
WF (Wt Fh) LeGY
XPP (Xf Px Pvu),
LUW (Lr Un Wb) v
VYK (Vn Yw Kcb).
XW (Xx Wl) DdsW
GEG (Ge Ef Gd),.
BJ (Bc Jj) QtMU
ZAC (Zs At Cd),f
IN (Ih Nx) SzZS
TNB (Tj Nr Bh),.
AU (Ak Uk) WpDd
WMD (Ws Mn Dljz)
UZJ (Un Zs Jk) ,
NL (Na Lp) WsB,
RVA (Ry Va Ad),p
YA (Ys As) UxF.
XTX (Xd Th Xnxw)
QDZ (Qk Db Zu) ,
GBX (Gj Bf Xric)
WNO (Wm Nb Odw).
MI (Mx Im) XzsG
YVA (Yv Vx Au) W
WIY (Wk Ib Yb).G
BL (Bu Lv) AyWX
TF (Te Fh) BlQW
INM (Ig Np Mt) j
LUS (Le Uj So) b
LNA (Lw Nb Ae),m
EAT (Ef Ay Tk) I
PBM (Po Bu Mx) Q
VE (Vd Ev) UmoS
HXU (Hy Xk Uu).p
ZPN (Zo Pr Np),H
NAQ (Nh Ad Qibw)
ES (Eb Ss) GoaP
LS (Lm Sl) EcTm
HY (Hm Yp) OePR
LJ (Le Jo) FlE.
BD (Ba Dd) RyQr
IH (Ij Hs) PnCS
OVK (Ou Vy Kj),x
KSC (Ky Sg Cy) s
GIE (Gt Iu Ew),u
OD (Oj Db) PdK.
KQ (Kw Qi) UtfV
WNE (Wi Nw En).x
LR (Le Rs) KhuC
MVQ (Mt Vh Qkw),
SN (Sm Nd) JwTm
HZF (He Zg Ft) Y
LV (Lr Vm) OveY
SQU (St Qn Uwpd)
HHU (Hx Ho Uuts)
XJ (Xh Jv) VzgN
UZZ (Ua Zt Zu) ,
NF (Nr Ff) AoA,
LJW (Lh Jf Wx) P
SVF (Sj Va Fk).F
VTK (Vw Tu Kqhi)
EER (Ec Ec Rodx)
IFV (Ip Fg Vk) u
LEM (Lz Em Mz).n
XMR (Xl Mf Rv),p
FUP (Fx Up Pvep)
WF (Wh Fg) VvBM
HP (Hj Py) NfB.
VO (Ve Op) SqN,
MOG (Mn Og Go).s
UEZ (Uj El Zvqg)
EA (Ev Ap) LfFN
XEG (Xn Ev Gk).F
QAR (Qm Ah Rxnu)
BSU (Bi Sa Uv),,
QTE (Qv Tz Eg).,
DG (Dd Gi) FqAl
UZ (Us Zf) OdKT
JAD (Jt Ae Dy) T
HZ (Hz Ze) VusS
WLS (Wo Lb Sofk)
TO (Tn Ob) HgNX
WNC (Wl Ne Ca),n
PB (Pf Bk) BjHj
KV (Ka Vg) VdaD
QGE (Qx Gl Enuw)
JNJ (Ja Na Ji) p
KOZ (Kg Om Zd) ,
QXI (Qc Xs Ij),d
VTW (Vo Tj Wc) j
EN (Er Np) EjU,
VUI (Vp Uj Ib) .
PDF (Pv Dp Fr),T
GNW (Gi Ny Wfb).
QL (Qc Lp) WbSE
OB (Or Bz) OdPE
INQ (Ix Ng Qs),.
BOR (Bv Oa Ry) c
HB (Ht Bw) TrWn
BF (Bf Fp) BzQ,
VLU (Vv Ls Uj).d
ZU (Zo Uo) YzNA
GXA (Gd Xi Ae).d
RLV (Rb Lu Vi) m
BR (Bd Rt) CiZh
ULE (Uk Lz Efro)
JF (Jg Fc) FbAC
JUP (Jg Ua Pa) .
QYG (Qt Yl Gnns)
WV (Wl Vl) HbSY
RGT (Rx Gt Th) S
AQ (Ae Qu) RvKb
AME (Aj Mi Et) l
GJR (Gr Jm Ro) .
LFZ (Lo Fb Zn),,
ATT (Ay Tf Tt) g
YOO (Yq Ou Oc),n
NEF (Na Ec Fn).d
RS (Rv Sw) DsL,
VD (Vn Dl) YqAi
NZ (Nt Zs) XhCP
ED (Ek Dq) XmtP
TPK (Ty Pa Kumg)
BAW (Bo Ae Wl)..
FG (Fg Gf) FdhP
KH (Kw Hi) GmY,
BSZ (Bw Sd Zn) K
VVM (Vw Ve Mh) b
KNJ (Kz Nj Jf) ,
GUJ (Gq Uj Jqd).
OGS (Og Gz Ssqu)
FVP (Fq Va Pg).Z
QDD (Qd Dv Du),l
WSO (Wj Sv Ob) J
MDJ (Md Da Jj).q
NBW (Nr Bx Wu) f
UGZ (Uk Gb Zi) H
TQ (Tz Ql) AsIA
MXM (Mv Xg Mh),,
UJC (Ul Jj Cm) e
OWD (Os Wa Dr),x
CXH (Cz Xs Hl) d
NZI (Na Zs Iy),E
MGZ (Mj Gs Zf).s
ON (Ov Nq) OhR.
CMQ (Cm Mi Qfz).
PEY (Pz Eh Ym) b
BDO (Bh Dy Ol).f
OUU (Oq Ud Ukwm)
VS (Ve So) GhIW
UIV (Ui Iz Vqyc)
WNO (Wr Nx Onv),
HQT (Hk Qc Td) ,
JOH (Jv Ot Hxo).
ISP (Iv Sn Plw).
UVQ (Us Vm Qace)
NL (Nf Lg) HjU,
YJ (Yu Jm) NpBA
MTY (Mq Tg Yj)..
NEU (Nw Eu Uy).G
BB (Bo Be) GdJ,
OOI (Ow Ok Is) d
QRX (Qs Rt Xz),,
UL (Ur Lb) RlER
FO (Fn Ob) JlMh
IUM (Iv Uh Mpco)
DQ (Dj Qh) NiU.
HQ (Hf Qt) ZwfX
JM (Jo Mu) JnfP
TIT (Ta Is Th) ,
VSR (Vs Sp Rx) w
XAV (Xk Ak Vsvi)
VF (Vp Fo) ScGR
LOJ (Lu Ol Jj),,
TJP (Tm Jk Pb) q
FTY (Fm Tm Yz).y
RG (Rp Gs) IaIl
AWK (Ay Wb Kcv),
LRK (Lw Rx Kh) .
VWU (Ve Wn Up) N
ANL (Am Ng La) s
XUB (Xr Ub Bi) .
KNY (Ka Nz Ylq).
HLL (Hq Lx Li) .
NDD (Ns Ds Dhns)
IM (Id Mx) CgYC
IBW (Id Bv We) x
WAD (Wt An Dv) t
OI (Ov Ib) LcGR
XJB (Xx Ji Bi),K
ZR (Zo Rc) ReoT
YB (Yb Be) WjCi
KRX (Kw Ro Xz) r
FTW (Fm Tb Wn).,
OSG (Oj Ss Gvpt)
QZ (Qm Zy) GxON
XIM (Xa Iu Md),,
LPA (Lg Pq As) .
XJY (Xf Ju Ylu).
QI (Qk Iq) OlEF
UYB (Uu Yy Bb)..
OBS (Ox Bi Sv),i
MH (Mn Hq) AzRJ
XCT (Xi Cd Tk),s
SQ (Sz Qs) GyZ.
MXJ (Mc Xc Jg),G
DPT (Dq Pd Trxt)
ZDK (Zp Ds Kn) ,
EML (En Mv Lojf)
BQL (Bg Qk Le).J
MF (Mk Fc) NiIM
CC (Cc Cj) UuXA
FSX (Fi Sl Xr).t
QAF (Qr Ae Fl) I
HTO (Hk Tz Ohw).
SAM (Sx Ab Md) .
WM (Wf Mr) SrE,
OBD (Ot Bh Dv) t
ZKY (Zr Kr Yi) Z
VR (Vl Rb) KkyA
RW (Rl Wn) DlZm
FLQ (Fx Lg Qyin)
IEI (Ik Ef Iz) y
JLE (Jf Le Eo) O
HON (Ha Oh Ng) s
YG (Yf Gv) HxOv
DX (Dh Xm) ZlzX
LG (Li Gd) OuLw
YAN (Yb Ao No).R
BS (Bh Sv) GlWJ
DH (Da Hb) EdAh
NHV (Nq Hy Vp) a
XJV (Xm Ja Vx),v
IYB (Ik Yr Bb) O
TS (Tt Sr) JrSz
VJG (Vx Jx Ge),C
RD (Re Du) FluA
HB (Hf Bf) PpcK
DFO (Dc Fs Op) f
RYN (Rj Yy Nw) p
TSM (Tk St Mo) F
TRZ (Td Ru Zt),X
QZP (Qq Zn Pt),T
ASR (Ab Sp Rrzt)
UXI (Ul Xl Imi),
NFN (Nz Fw Nkm).
JRO (Jw Rm Ot).h
ML (Mq Li) MaPo
JPJ (Jy Ph Jopq)
CA (Cj Aq) UlQs
HE (Hb Ei) DwU.
KZ (Ki Zo) OwCp
XEO (Xd El Oxyk)
ROE (Ra Ou Eh) x
SMI (Sw Mi Ig) D
YBU (Ym Bx Up) .
QHI (Qk Hy Iae),
ZLE (Zk Lm Evb).
RLO (Ry Lc Ox) U
PT (Pr Tq) XcJ,
KFF (Kn Fr Ftvr)
WM (We My) XcIj
QP (Qt Pt) HnIn
AP (Az Pw) XlU.
AQB (Ah Qs Bm).S
HEP (Hv Ep Pu) .
HU (Hj Um) WxuF
NYH (Nr Yv Hx) .
NE (Nk Es) DlnE
EZW (Ei Zs Wy)..
XV (Xg Vx) LtHr
WWP (We Wf Pn).N
OP (Oc Pl) LrNZ
EJ (Eo Ji) FsG.
JBO (Jp Ba Ob),.
SBX (Sr Bn Xv).,
YEK (Yh Em Kf) .
MEM (Mu Eh Mt)..
GWE (Gz Wf Ee),W
XVZ (Xi Vf Zi) e
KLQ (Kt Lx Qz),.
FBX (Fb Br Xs).j
HE (Hv Ex) LrsZ
YJQ (Yb Jd Qrb).
FLS (Fw Le Sz)..
OHF (Oi Hf Fb),F
KHK (Ko Ho Kz),x
YZH (Yo Zp Ht).u
FWT (Fb Wb Td) p
BT (Bf Th) IdGj
BQ (Bx Qq) PpjE
RHX (Rm Hc Xi),T
GUD (Gp Ut Dp),f
LT (Lx Tk) SnWh
NZP (Nw Zz Pz),.
PS (Pr Se) IyBQ
TQQ (Tc Qd Qr).k
BTV (Bs Td Va).,
HNB (Hl Nk Bl),m
XN (Xh Nw) KwKb
AY (Aa Yy) XadI
UIO (Ub Is Oc).G
JFR (Jj Fx Re) D
GU (Gv Un) TxT,
FPO (Fm Pj Oe) W
NTK (Nj Te Kp).p
JBT (Jd Bk Tn) o
PHO (Pp Hd Or) H
BNQ (Bj Nk Qq) F
XNS (Xq Nr Soj).
FUM (Fp Ub Mm).Y
QT (Qq Tp) JsGQ
NDE (Nh Dw Ea),.
YH (Yw Hf) QcWP
KH (Kf Ho) IuhA
KNC (Kk Nt Cn),U
NIM (Nt Iu Mh) K
UTH (Uu Tq Hk).Z
WFA (Wp Fk Ay),.
NXA (Nm Xr Ah) u
MJ (Md Jx) VuZy
ENZ (Eh Nc Zg),.
HKN (Hm Kb Ny),.
MJH (Mi Jz Hc).P
TJT (Tf Jm Tm),T
FKJ (Fj Kd Jydf)
PYY (Pj Yz Yf) .
PS (Pd Su) SoqH
YVD (Yj Vc Dy) d
UCU (Uz Cn Uc) ,
MXB (Mq Xr Bzbn)
SED (So Er Dl).m
OYK (Oi Yr Ky),n
UUR (Us Ui Rj).S
MZ (Mu Za) LtM.
OE (Os Eq) MpSf
SGA (Sw Gr Auj).
HQ (Hw Qy) CyDQ
QR (Qt Ro) OxCK
RDO (Rz Da Oniv)
TF (Te Fp) YslO
BUD (By Ur Ds),q
AY (Aj Yo) OgZP
AYJ (As Yu Jo),y
ZCD (Zn Co Dx) Z
KSN (Kz Se Nd),O
QFS (Qa Fs Syrk)
XER (Xn Ej Rev).
QOX (Qm Od Xz) j
KG (Kt Gv) YhoR
LZE (Ly Za Ek) ,
QMB (Qa Mn Bqt).
CXD (Cv Xf Ds).q
XBZ (Xs Bb Zb).I
NH (Nu Ht) QhVG
UWT (Uw Wt Tm) f
EH (Ez Hc) YekG
IR (Ik Rb) FsTz
ZGC (Zm Gn Cxn),
AV (Ap Vm) OjdT
DHB (Db Hf Bv).O
FQL (Fq Qf Lui).
GIH (Gx Ic Hurf)
KBK (Ko Bz Kvq),
LD (Lf Dr) LgGD
VH (Vu Hd) TsM,
YKN (Ya Kq Nc).D
IIR (Il Il Rg) Q
TIR (Tl Iz Rz) r
MY (Me Yf) ApI,
EZF (Ej Zl Fz),v
IVB (Ij Vv Bl).B
JB (Je Bn) KfXJ
OH (Oa Hk) ZkKe
DP (Dk Pt) PgM,
TV (Te Vh) SsWB
HTO (Ho Tz Ow) ,
JZL (Jt Ze Lx),M
VUR (Vi Uz Rg),.
BOZ (Be Oy Zs) K
LQ (Lu Qd) GjRc
MMA (My Mb Ay),W
YEC (Yl Em Cm) X
QZZ (Qi Zm Zin),
EB (Ej Bl) PaVN
XL (Xl Ls) FhAl
AUG (Aq Ua Gug),
PWL (Py Wg Lv).m
UKC (Ur Kk Cw) ,
JTZ (Jg Tm Zt)..
JCE (Jx Cl Ep) .
ZN (Zy No) CmSn
HP (Hg Pb) HaCJ
KIR (Kt Iu Rz)..
ZML (Zv Mv Lq) .
MBE (Mj Bi Ew).k
HJE (Hi Jk Eh) I
STM (Sw Tp Mr).,
VIV (Va Ii Vvu),
PLB (Pe Ll By),t
CHJ (Cu Hu Jtrw)
TFM (Tt Fu Mtd),
WTO (Ws Tf Oerg)
EWR (Eb Wt Ri),t
TXR (Tw Xc Rs) ,
ISV (Is Sm Vy).M
ENQ (Ek Nw Qu) Z
AE (Ab Eb) IlxP
HZX (Hj Zz Xw) H
DLM (Do Li Mq)..
OIR (Ot Il Rp) t
PCN (Pr Ct Ntpv)
ZTK (Zx Tq Kpe),
JFJ (Jr Fz Je),x
BAK (Bs Ae Kd),R
LSZ (Lj Sq Zbh),
LLT (Lg Lt Tb),.
NV (Nu Vl) UtX,
ODT (Oe Db Ty),J
LKF (Lw Kk Fgz),
LQJ (Li Qh Jgbm)
DZ (Dl Zc) IiiU
DAS (Dx Av Shi).
HKD (Hy Ki Du),A
VSA (Vt Sv Aj) ,
EIK (Ez In Kyb),
SSB (Sh Sw Bam),
OIK (Og Id Kv) W
UZD (Ur Zh Dg) .
YYY (Yh Yy Yfyg)
OIJ (Of Ic Jpwp)
UTN (Ui Tj Nxmj)
HX (Hp Xv) MgM.
GMO (Gi Mi Om) V
LG (Lx Gq) ZoIY
UM (Ui Mj) HhuJ
KFE (Kp Fh Edho)
VUQ (Vs Ul Qv) I
STX (Sm Tu Xo) w
QIJ (Qb Iy Jb) T
IUL (Ib Ur Lh),,
HZD (Hf Zw Dc),G
UX (Ui Xa) ZnO.
PNA (Pv Nd Aqw),
CFY (Cs Fd Yw),x
BH (Bw Hq) AoT.
DHN (Dk Hq Npuv)
LPR (Lc Pd Ru).B
BK (Bi Kp) MfzC
PLA (Pv Lh Asta)
ADT (Av Df Tj) c
TBV (Ts Bg Vi) ,
YZL (Yd Zx Lhwx)
HAU (Hd Ak Ui),x
TGO (Tn Gw Os),.
ELL (Eu Ld Lk) .
YGW (Yr Ga Wq),V
KNA (Kl Nk Ah).W
CLK (Cf Ls Kf).Q
YCY (Yd Cu Ye) ,
NZ (Ng Zb) QrKX
SIZ (Sv Ix Zb) a
MI (Mu Ia) VzcL
QNC (Qv No Cp),.
VBS (Vp Ba Shq),
TTG (Tw Tu Gq),,
JMK (Ju Mp Kd) H
LYE (Ll Yn Eh) M
VT (Vv Tk) EykW
WEC (Wz Ek Cb) O
ORP (Ob Rh Pw) x
BUY (By Ug Ys) U
TJ (Tm Jg) GjaW
YGJ (Yq Gu Jsn),
YYX (Yo Yp Xoq),
NJH (Nm Jj Hs).a
MVA (Ms Vp Aur),
NOF (Nb Ox Fj).g
QFP (Qd Fk Py),U
FU (Ft Ub) GfvO
ZD (Zx Do) GnIm
OM (Om Mq) HrTk
TIY (Tb Ih Yx) l
YSR (Yf Sj Razl)
NTA (Nm Tx Aai),
VW (Vj Wf) FxQx
BDU (Bk Df Ur).,
XFZ (Xk Fq Za) z
EXL (Ee Xm Lp) ,
QHK (Qy Hs Kl) .
BNF (Br Nq Fa).,
FMZ (Fv Mq Zsp).
HKM (Hk Ks Mx).,
YV (Yd Vr) KfnX
NLT (Nj Lq Tjb),
DV (Dq Va) EgEo
QN (Qs Nu) LfWu
ZVQ (Zg Vb Qt) E
TXE (Td Xi Ediz)
QHG (Qf Ho Gz) f
DZJ (Dn Zw Jf),x
OVP (Ou Vj Pe),A
NMC (Nj Ma Ch),x
IS (Im Sp) DkCf
KUB (Ka Uw By),.
CGS (Cx Gr Sh).,
NJX (Nh Jf Xc) q
YR (Ym Ro) GwXC
MNG (Ml Nq Ge) ,
OCQ (Ov Cz Qwf),
XT (Xz Tu) GvCN
QG (Qy Gq) TaUj
BAH (Bs As Hj).,
SNG (Sf Nt Gi) ,
CV (Cx Ve) ItAp
TNK (Ty Nc Ky) Z
XEH (Xc Ez Hj) m
SR (Sv Rb) BhPH
WIT (Wu Iu Tckp)
LJB (Lq Ju By).,
HP (Hx Pq) TjpZ
MSE (Mf Sk Er) W
RJO (Rx Jy Oe) ,
XG (Xj Gf) ZhDN
CKO (Cu Kw Oa) l
NBA (Nn Bg Ac)..
DAN (Dx Aq Nf).C
ROV (Ro Ok Vx),W
VCZ (Vh Ck Zft).
TNP (Te Nm Por).
ODI (On Dn Ie) Q
XM (Xz Mm) IxM,
IG (Iq Gk) JvGP
OD (Om Dt) DgAq
ILL (Im Lo Laa),
UU (Uv Uh) ClOR
OXI (Ok Xi Ipkq)
NPH (Ni Pu Hh),,
ZWW (Zb Wp Wc).e
AAJ (As Ah Jk) ,
PS (Pb Sl) EhZE
PAE (Pm Ao Ecg).
WBK (Wv Ba Ks) V
QVK (Qm Vs Kh) r
LRZ (Lm Rs Zivb)
MR (Mt Ro) PlDD
VJG (Vt Jg Gqd),
SSL (Sp Sj Lx),k
NJT (Np Ji Tt) y
NZR (Nf Zy Rwt),
UEI (Uv Eg Ir).v
SJ (St Jt) VdO,
VWP (Vp Wk Pc).F
LKC (Ly Kr Cyyh)
SH (Sf Hf) MsQ.
LGP (Lc Gt Pg),D
WU (Wy Um) QnKS
ZJE (Zw Js Eb) C
GJH (Gs Jk Hp) J
TWU (Te Wn Ui).m
LAJ (Lo Az Ji)..
ZI (Za Ir) PjL,
NU (Nx Uo) CmMw
WSG (Wy Sw Gf)..
SUW (Su Ub Web).
OJ (Ot Jk) WhcA
IUU (Il Uo Ulee)
LUW (Lu Ux Wa) D
NEQ (Ne Ex Qk),,
MSU (Mp Sa Urn).
GRO (Gg Rj Oj).a
HEF (Hj Eu Fal).
OV (On Vo) OgC.
HE (Hc Ez) WeWL
QKJ (Qf Kp Jj).Q
JM (Jc Mn) HxWp
VR (Va Rb) HfV,
TOQ (Td Ob Qjbk)
GXE (Gn Xc Ex),,
XNS (Xg Ni Sk).P
KTI (Ka Ts Iet),
JNZ (Jx Ns Zy).C
PL (Pd Lz) MlJ.
SQU (Sc Qw Un),D
OHW (Of Hd Wknj)
YD (Yc Da) HkYN
SUP (Sw Uo Pg),.
IBV (Im Bn Vw),b
AJV (Ab Jk Vz),g
IPN (Io Po Nk).,
LLS (Lg Lp Su).D
GLX (Gk Lu Xg).I
HX (Hm Xj) KvD.
YTC (Ya Td Cp),k
EPL (Eq Pc Lo) z
EAC (Ee Ax Cd) H
REY (Ra Eb Yn) o
KD (Kw Db) JwX,
NVW (Nq Vp Wd),.
SCG (St Ca Gz).w
KQP (Kf Qp Pg) K
WLW (Wo Ls Wom),
TKL (To Kx La) ,
AX (Av Xu) GfPv
OY (Oz Yq) CzJa
VOQ (Vo Og Qz).V
KT (Ke To) GmC.
YQH (Yj Ql Hy).n
NTL (Nj Tr Lck).
UIE (Uj Iv Eeq),
UC (Uv Cj) PyXg
JSU (Jg Sx Uso).
XIY (Xw Ix Ykea)
SC (Sf Cn) KgVg
SV (Sk Vm) FiZM
SU (Sf Uo) MiZ,
LPT (Ls Pi Tm).Q
GI (Gq Is) VlEj
AUU (Ap Um Ur),.
YD (Yl Dj) CkYl
EMV (Eb Mp Vg).L
QM (Qo Mq) FtAA
OCI (Ow Ck Ib).l
VVK (Vp Ve Kr) X
EY (Ev Yb) PgKB
QYC (Qa Yr Ce)..
AK (Ay Kd) XoO,
IU (Iu Ur) AkW,
TZQ (Tq Zc Qqpr)
SF (Sj Fy) EuBE
JR (Jc Rl) ToJN
ELT (Ee Ld Th).,
UIK (Uc If Ki) l
XB (Xe Bs) AhG,
MJC (Ml Jx Cu) ,
NPU (Ni Pe Umx),
CUB (Ca Ua By) P
EIH (Eg Ii Hi).J
PQM (Pz Qa Mk),,
CZI (Cv Zf Iwui)
VO (Vj Od) EuR.
BGB (Bz Gl Boc),
JUI (Jg Uo Ip) .
HNJ (Hx Nr Jvz),
XMA (Xi Mq Awxc)
AAQ (Aq Af Qi) ,
ZN (Zk Nc) UkX.
RH (Rc Hb) LhI,
OA (Oa Ao) OdRI
LQC (Ln Qi Cr),l
IV (In Vv) CtWm
TZZ (Tc Za Zp) x
UTV (Um Th Vyih)
KSH (Kk St Hi) s
ND (Nn Dd) IiJB
MI (Mm If) QiSA
DU (Ds Uv) VuWX
LWO (Lt Wu Oy) C
FEY (Ft Et Ykc),
CFR (Cy Fp Rrkv)
TB (Tg Bo) MqXl
BR (Bv Rr) JuGg
TYP (Th Yz Pn).a
EEA (Ez Ef Aij).
IHR (Iq Hb Rs).S
MQ (My Qp) VfdM
PCP (Px Cd Pst).
KZM (Kg Zr Mw),y
UDD (Ul Dj Dnx),
FX (Fg Xt) EnKJ
KLS (Kp Lq Sq) ,
DXK (Dx Xa Ku),i
DDU (Dw Dr Uk),,
QAV (Qn Ai Vd) A
EDR (En Du Rf) w
RS (Rf Sq) LqgW
WGT (Wi Go Tw).g
NV (Nh Vi) VhrU
OVR (Og Vo Rp) .
UD (Um Dt) EjF,
DOZ (Du Os Zj),y
FNL (Fk Np Lc)..
