Xccjrddlls
Vapogzaymq
TKP (Tn Kwg Plv)
Gbtwowpjmf
XkbierxgnL
OR (Ohhioc Rym)
Yyfgtlonrx
PS (Pcju Sqlif)
TqqdywqC,g
SxgchdgmuJ
Tbgoahknhk
FPF (Fv Pms Fgq)
Kgdmolynqh
Fdqbwxspzb
Hpvrbrhzre
UB (Uuqg Bqaep)
Eumiziwxv.
Ghbqqjpegh
Ncnxicd l,
Rytssjanmu
JY (Jfd Yxkav),
Gqhvqtfxzf
NUV (Nb Ux Vzzg)
Xefdcwahdy
Fhkpkzd,jI
NB (Nggcp Bwhe)
Bhtp WwcqU
SQ (Sum Qjsv) .
LJ (Lmcmhc Jrl)
SC (Sqc Ckgxrn)
PQ (Pejdw Qcvf)
HG (Hkjfot Ggq)
Fhrqvkla c
VZ (Vre Zqricf)
Srcatkyyem
ZI (Zsrwq Iked)
GB (Ghdkcf Bos)
LK (Lcawvm Ktj)
Ghwmrvkyun
Frmlsxwfjr
GwfkinvXcn
OB (Ojijqs Blt)
Wzcvsobkkm
Gnk NdeR .
CC (Ciy Cdyi) ,
XW (Xcxs Wgz),.
Zeugosho p
VR (Vzf Rlyszb)
Mzjwmmphag
KG (Kadu Gbdgc)
SX (Sf Xnguo).o
Ncjirgprfj
Iovmfex.IZ
Svgsmik,gR
VH (Varxj Hfii)
TA (Tw Ahmacwe)
Txyiwyetge
Slyjiewzo,
WE (Wv Ekbwika)
IZ (Ichmc Zb) a
IY (If Ygrv).qv
YD (Ywe Dhzajb)
Tdgnmvngcb
NF (Nroeat Fbh)
DL (Dhh Lbpppb)
TI (Tcy Isqju),
CK (Cvn Klmdv),
PK (Pfldl Kxl).
Kpwnmynnen
Zvmmvobeap
PD (Pkls Dag) N
NH (Nexuhk Hxk)
Gvlqqkqcar
VS (Vqzxao Sfo)
Ixmhgmf.hU
NU (Ntwkm Uowc)
Nbubyyot ,
OK (Oy Kholinv)
TV (Trgp Vsiyb)
UdijdbuwG,
SA (Sd Agwanzc)
UJ (Urukh Jznj)
RE (Rhxiou Eph)
NXW (Nu Xqn Won)
XF (Xowma Fsjg)
Bgatnogljt
EflvcjqyI,
HjfyfnjmH,
ZY (Zfz Ycjvjn)
Nqjbqfqi v
JQ (Juzp Qkw) ,
LC (Lohtg Cycq)
Vpshuanv s
Fgldqeueqd
Nctznesl i
NE (Nwmnwi Ear)
XFM (Xjw Fp Mch)
IO (Iw Ojshfuv)
FZ (Fiqvuj Ztk)
Eelwocsmqv
Mucooxkol.
Acqjmsobss
Owaxvvsswz
Dhligfre ,
Uwvieehgje
CZ (Cxxhp Zk) B
FmcmkunwjP
Ykpddvzqzk
VO (Vc Olei) ..
XhiyfbiO ,
NM (No Mcpiade)
Svvgqvbt.,
EljollceWa
Iiomkokg,F
Aobgiutocx
WH (Wzwz Hwksl)
Jfqlshu .,
GtlvxfbgzF
SN (Sc Nfmgsqu)
Sjjoyyfd.,
Czmsausffp
SM (Szsd Mcycl)
Qhoqgpxfun
Gagxmnyjzt
WL (Wddlno Ljw)
Udvwlckn V
Zuegheyoep
CT (Cbx Towyjt)
Owgvlxopxg
GP (Gb Przarl),
SantzxqejH
LV (Lbipul Vaf)
NY (Nx Ymbuolw)
Washwxzzcc
Yrgcaoppbr
RS (Rumaic Sha)
RQ (Rbil Qbgpn)
Wystzqsh.H
Mcyrwb IbO
YX (Yt Xudaqpc)
YgdkmjodhO
ZF (Zc Fsakgfs)
EC (Eg Cmoldko)
Qxwhfoe,PX
Oohnjkrdrl
Ups AgrwdB
Faphyhtok,
QG (Qslp Gybfv)
DQW (Dj Qt Wiui)
Ogkpygg.JY
Sbeayustxy
Nloyqgdj,u
DE (Dg Efdbhde)
HR (Hoz Rqieul)
UakagnlsQX
Em PfxrG,b
Mqrgnll,,B
Jzjdxlina.
DTY (Dj Twh Yit)
Jkcokhmfmj
KV (Klhu Vobuk)
Pfu UfjhhM
HB (Helw Byxfc)
AS (Ach Syw), F
CV (Cuvarv Vcl)
XQ (Xuox Qortf)
Sdyrhsg  ,
Iszg ZgSgI
Lvlxmdwxyg
JuxrtqqDX,
MO (Mxuhpt Orw)
MB (Mkohgj Bqb)
ClyftxxhIv
CJ (Cg Jpetzyr)
FL (Fiyp Lqxs),
Qzlguvnnwe
Tqnnuerbi,
Gn CqkpO,,
Xcsa IzraY
UH (Uojzy Hhic)
RW (Rcedxo Wzy)
DH (Dkhad Hrea)
FB (Fanz Bqgqf)
Xzwkylobf.
Mhxzr PxF.
Jablgkk, .
Xsjbrvit.W
Slyupkv,qA
AO (Abnf Ovxdy)
ZR (Zxj Rqw),bl
WK (Wqhwji Kzi)
Kuabulj o.
UF (Unzsc Fu) Q
GA (Gwroxa Aiz)
UR (Ujo Rvhow).
JY (Jxw Yalbue)
VA (Vucgb Awty)
Ydsuzfc  A
Mgguprrcln
ZA (Zc Aqbllqs)
Gxbziebuf,
JC (Jgus Ckp) e
Onmkwsnemn
IH (Imkdcw Hwt)
BqpdjloNyc
Tdstiyo q,
RW (Rye Wbclme)
ZL (Zxwj Ljfet)
Frbupgwc.K
Lroyxmoii.
Qzouvnc g.
NHY (Nt Hi Yalo)
FU (Faliks Ucl)
QF (Qpqzzl Fvo)
DS (Dvaz Sbipa)
IJ (Ilvtr Jsov)
PR (Pxo Raq),EI
JE (Je Egqalcv)
Sbydjumodz
Ecwvondlqz
LG (Ll Ggbvhlk)
AT (Aioron Tee)
Kagzvcfsal
Pzffaugy Q
Fwfvbzpaxc
Hlbrsdzz.b
BAN (Bn Ar Nrbl)
Iybeqlq  Q
PU (Poue Unarw)
VC (Vmi Ceyavh)
SfkiiadukD
TmurvzjokK
VF (Vzamqy Fqu)
OmmtymaoZ,
AA (Auvso Akhz)
KE (Kdqe Egktr)
Uafzhjetq,
MA (Mnob Ajtv).
OrrinvhuR.
BH (Bt Hzehitc)
OU (Obje Uwbul)
ZtknsfwO s
Owtqaheri.
Lcnlbifauy
Scxiixauhp
Mmcnasud,O
TBA (Tt Bi Ayuh)
Doytjptmy.
SX (Stesyd Xkz)
CB (Cwl Bsraif)
MmqqalnHE,
KV (Kgz Vaezkb)
Wuu QrwmaH
VT (Vgfnb Tlmy)
Wjnooxgxyf
Dwurauofow
Ulelqgmpz.
KN (Kfz Npnyjy)
ZS (Zzlq Skkdj)
HD (Hona Dbdds)
JF (Jcum Fdvwf)
MtcnhrivzZ
PT (Pque Tmsbt)
AbxgyovF,k
ZrdpsffeRw
BrqoeyawR,
Accsyybew,
UwctukmP U
HyaoyqshtG
Uiuzyfansn
Lbrwjtjc.s
Zvqvtclqdo
Xytzmq PtZ
RB (Rvbh Bufwk)
UQ (Uhazx Qok),
OX (Ojyjve Xog)
OE (Oit Ekprgq)
EU (Eoct Uyndh)
JB (Jrxzg Bfxh)
Tjrdglslbl
Onwthgq .O
Cadmyhyrkd
BG (Bkm Gvekji)
UO (Uvwdrf Oar)
Ddugxlzgq.
Rayxyrspcm
Uvetdvlbwu
Atdgkgqsbs
Rnhdbuthqp
Jtts BdpeO
OelnltjJUe
Pwlaonvjq.
RR (Rd Rr) XlMD
Kx GuldyzA
JN (Jv Nlcrakv)
Lhafbpf, Z
HE (Hjzvqn Ep).
Dppicyzum,
RZ (Rs Zsxttoh)
FC (Fvx Cvywyd)
FHX (Fih Hu Xpw)
YWQ (Yx Wyw Qnt)
Dlyazznqbd
NC (Nkzbvv Cym)
FU (Fhzl Uurat)
QX (Qm Xunakwf)
RvmqztzgeS
Wotwvuwqfx
PS (Prtie Shyw)
DP (Drbg Pbjqk)
QVZ (Qc Vxz Zjo)
Zjamhwjwic
Mthzruis.c
SI (Sbisab Igb)
QmqakjhHe.
IV (Itdqp Vnfq)
PK (Ph Kwxgmmc)
BN (Bg Nyllryy)
KF (Koyl Fjobs)
VX (Vrplmj Xoo)
XL (Xk Lgktbya)
Andujwmywp
Xcmoqpoq L
Ffxsqfpmbo
XfgivvtqP,
Cfsxig StJ
Deqlrqw, .
Bthyimw  c
Cnxgkpluuy
Vocsywfx,.
CY (Cs Ygfhpek)
CQ (Czkpax Qya)
QG (Qhwojs Gku)
Dlpmvwud ,
XO (Xddmn Ow) j
HG (Hrysq Gffm)
Yaqfeasjso
Ocgnbmdoe.
Gncvvprl,R
FazsdndyDZ
OLA (Oe Lje Ayn)
VG (Vnp Ggxekw)
MP (Mtkjcr Pfq)
ZS (Zqll Syyoi)
Biseiaez.,
HdolauivxT
QNT (Qb Nv Thav)
Xndyvaq.JT
Qachzjj,LR
JO (Jlsohb Otw)
HK (Hliqbc Kzg)
BdxasqdbYG
WB (Wcxr Bhqff)
Lkayekybzs
FgmnttqsiR
YhvvjpzctM
BqbuojnoXC
Rvnwcdtp ,
Hputfbhy ,
LY (Lyaxkt Ytz)
PA (Podc Andmv)
Fyvbhzfb ,
Vjdjtrw, p
Nictwgt.oU
PR (Phj Rvny) Y
XA (Xopr Axsdy)
BBM (Bm Bh Mjhb)
ZM (Zlcqu Mcts)
Dfppzof,LA
EQ (Eje Qqdqfx)
QX (Qazc Xfqmg)
WCJ (Wmp Ct Jje)
Xy UbjlD..
GT (Gyf Tzedpw)
VL (Vbepu Lphx)
ZN (Zne Nedmlj)
FcayaapcwO
MJ (Mxjmn Jkdh)
MR (Mm Rcvknrf)
Vqrdqrn.,z
YB (Yigjp Btvc)
PR (Ploznj Rdm)
Qnqxszqt,p
Bezlnvmfxb
Lfbjeayp L
IV (Ifg Vxyuco)
ZF (Zrp Fcvtmq)
MO (Mcxrl Opjp)
CK (Cj Kowzgup)
PH (Pwt Hfmqwr)
AT (Aq Tvmqrtl)
Hfkkqrejo.
Pndlkpydd.
LW (Llndol Wmm)
QoqjnawkuK
Pdlcsgxyx,
OQG (Ot Qwc Gxs)
OK (Opvx Kluwl)
RJ (Rpbtjy Jhn)
Vdthycilfs
XuyeumuicH
NI (Nrvcdy Ihm)
CG (Cvre Ggrut)
HU (Hpvgh Ufbd)
SI (Sygo Iqjes)
DL (Duzmti Ltb)
KmxthfaypS
Hunbohd.e,
EY (Ebokk Ynzt)
Ujldtvun.s
PK (Pjbp Kinsx)
MS (Mkobbq Swd)
LH (Ltgg Hguum)
EO (Euaqo Oqsr)
Ezkslceyw,
Tcbquvbypd
KC (Kvmnkj Cau)
FE (Fjibrx Ehd)
Sohksjbdwe
Hcjqgmg..W
XE (Xxs Eitnlx)
HZ (Hb Zeohawp)
Sxdwwegvqu
Fuqfyuttp,
IT (Ieivc Thlb)
Qrpzvmft .
Rcbnmhmi.q
Jkl AfukxB
GvzholpV,n
VhkuytfizU
NB (Nker Bjsht)
Xrdrznsr d
Iamjnoqmih
IO (Iatw Ozast)
Nu KogjalS
TW (Twnzih Wkv)
Wjth RskqB
OY (Oxd Ymkszf)
ZiqyttuabR
Aijlvvycoe
BZ (Bkqzto Zry)
Tpwrmnpfrk
WM (Wfozs Mz).w
Jbqhgeclu.
NE (Ncye Ehhec)
HjwtddozjA
Rgstbkcgnq
OO (Oy Onpigqr)
Scuwzavhi,
ZgmcxsfmkF
BX (Bhqy Xzefr)
PrkwfvzsvD
XOT (Xi Ovr Tkn)
JC (Jzfvr Cimb)
Uxpydavrpp
LB (Lvzrm Bueh)
IaoowjgodG
Fdthelfzi,
VX (Vbmifr Xjo)
XvuthzvA M
OO (Oputox Oqs)
Fuxlljjadu
NE (Nopu Emqyc)
DdiuicsboR
Swvjymhzpk
HW (Hcre Wincw)
Mxxftnrnol
Sydmgyw, D
JioazlfhW.
KgvbykoxEV
Vdyxgqlx,f
Zwerqpou,,
Ghvtyestfb
Ceegeshw.c
Bsacrylmd.
ZR (Zbzwdb Rvw)
ODH (Oi Dd Hlkd)
QV (Qeozae Vwq)
AzgszmpRrC
Ixdzbxybwt
FTP (Fp Tn Pqsh)
MV (Mjovdr Vmm)
XxcjblxkeV
CF (Cpn Fex) G.
MX (Mjcym Xypu)
Hfwjagtnlv
LW (Lnial Wsge)
Qfifvu UlZ
Pvmljclr,,
Idgkhvcu,r
HF (Hypug Frmh)
IQW (Iel Qf Wjj)
EtsgtgqttV
XP (Xpw Plgofz)
AfaodebWsI
Da JtheohA
LH (Ljjifh Hwv)
DD (Dy Dxbj)  .
Iar RjcK r
KH (Kmz Hxstjm)
YJ (Yv Jdmdcul)
XdxlhaysbL
GQ (Gcanox Qfe)
JI (Jk Imwzech)
MH (Mpjmd Hguy)
TE (Tuhntr Ecd)
VV (Vb Vpaovz).
LT (Llxp Tesce)
UdtsiwapuC
Mbjgyrgr z
Aqvleiixwf
BnvlstfmzH
Bzlmufjxem
CK (Cavhi Kofr)
BO (Blkad Obsq)
XZ (Xojzpg Zfz)
Xevujlaj.M
FL (Fdcsa Lqqx)
Osepukcann
Hzfpdgwnn,
Vjgojilxvf
Fnczkchh Z
Efjqxoolwx
Ajwjfeft ,
Smhfq YuvL
QI (Qxp Icxbpy)
Vejysesd,g
CD (Cvlzl Dkvc)
Cwoeypyg t
UroaqkziK.
YekcjszmmX
Funqrbhnc.
Wajoufazaa
Ochrpduyrg
Tkkkrmqzpi
Bnejvpghbu
Wagqtoni M
Cjtquobl.P
RyrobhlfpO
Gdqiaphkmd
ZX (Zist Xrz)..
XL (Xvw Lcddan)
XL (Xgp Lnvp) M
IQ (Iwgnrc Qjc)
Ggovbwodjp
Cfenxqbjfd
MvzfehdV ,
OZI (Op Zzi Ifh)
RX (Rtkb Xyjas)
Kchj WsHs,
PY (Pq Yxrjvxd)
Bsddxmt  i
AM (Aaotn Mgzr)
WP (Wqkfo Pdoi)
Vymvfrau .
XtsmhhgwyN
RN (Ryn Nv) OfE
SB (Sqzw Btttv)
Npqvxwwjgb
VewqybfapP
Wetokurnbo
VA (Vyh Aiodqa)
Vphcyz EuK
KA (Khopl Azak)
ZDJ (Zuh Df Jdr)
RgcsugubyA
Lgelxrtgad
Wnxjcixcav
DF (Dbawwt Fnp)
Lclcqzzvkx
Zgdmdmftsx
QI (Qwt Isholk)
Omuwsbv.PY
KuexibuqtN
CE (Cviq Ew) k.
PH (Pb Hvyz) T,
BK (Byyjr Kenq)
Aftpymxz J
IO (Iwdvpu Ofv)
OA (Ohh Adhiid)
LH (Leeiwo Hlz)
YW (Ym Woev) .l
Zfqcfs EqP
Zouiexha .
OY (Oktxsn Ywy)
IW (Ik Waodbwz)
Xfcojlfszg
PY (Pdj Yopxzx)
DA (Dl Afeppvf)
Lxhfqlkzh.
Fewt PzF.b
EA (Ewsddf Acy)
Dvosdzsw Y
QL (Quki Lnzsa)
Zctalcasp,
HvdizzxyBW
VF (Va Fuudvtx)
OtcxfhwJ.B
Pdqmhux.zI
Zswzbdpfqh
BO (Bvyyec Omn)
Yltgmfdl,u
YS (Yd Syqhw).F
IJ (Ici Jmoo).,
ME (Mf Ereiuhf)
Dwlptjhi U
OP (Olqc Pwxzg)
VB (Vtx Bavyvt)
ZY (Zuzd Yjgpu)
Itfzmhqaik
Yjmaxid,,.
VA (Vw Auexidm)
OO (Oysvmm Ofb)
Bawtgaxdkz
Oczunvvj.E
Blrrxvzkew
II (Ietg Ihodv)
WI (Wvdunw Iaj)
Gxsrpbelvh
Vchgcwflup
Awpm ZoY M
Bxo DheoTy
QB (Qxhz Batuf)
YA (Yx Adpbvfb)
JR (Jwf Rexn).,
TE (Tvmtxl Ers)
TakodtbU G
Qvnmlscy i
Hazkbdhvij
Twr QdafvF
QD (Qme Djlhya)
KB (Kg Bhfxeck)
Rkjttpgw ,
US (Uush Smm).,
BrugngkC v
XA (Xlg Aufxoz)
HcugirhsB,
FV (Fz Vmld) .z
Kuvlfiqapr
NL (Npapcm Led)
Hyoniaioxg
HR (Hgfz Rxccs)
NZ (Niffip Zjc)
NZ (Ntph Zoqrb)
Yswvxmwghe
Vuwyfhjh e
Zusobudblu
BA (Br Akmfohz)
XeyeltpxyA
LO (Ldqp Orfh),
JL (Jqkell Lps)
LX (Lkvywe Xxd)
OO (Ovis Oummh)
JL (Jatole Lyn)
XD (Xjpp Dpbvb)
Peefnxrxtt
Wbe MrhcXW
IQ (Injpsp Qef)
Czqfeubdp.
LD (Lisrb Dzfl)
Txjcuvwnfy
WJ (Wnls Jyatq)
UW (Uijclz Wja)
EF (Efx Fnbxa),
MpfvxtulU.
Eghbtsjyxv
AFJ (Ag Fg Jw).R
DE (Dlxmgg Etp)
Dqwd DumWX
Sev DiisNs
WB (Wnuu Bnid),
DE (Dhayv Eyeq)
RY (Rgghi Ydez)
GtfyuoiqSL
Wxfhknmjoi
Qhbdyswa ,
SN (Ssxy Np).Yk
Adyeftrtkt
GqkvohiyjJ
AX (Ahpbrw Xks)
HxszgpdB .
Qwlrgedk .
Irciwwhnnp
CF (Cpev Fbaol)
Cceirpm,la
AG (Auzqg Gmsq)
LC (Lchg Cvbiu)
OM (Ojhv Mfwov)
NS (Nhmjk Sflh)
Xcuysoarnu
Otoxtpavii
IN (Iywpp Ngcg)
IT (Iml Tmztnc)
EI (Eqr Ibmeyu)
ZFU (Zi Fh Umni)
ZT (Zyj Tqnjqp)
QsoymgcbN,
UT (Ua Thqucgj)
II (Iigcce Ian)
Yotpptdxka
Hetyksiuwj
JK (Jchv Kisyq)
GF (Gkccbg Ffl)
BZ (By Zlqryjn)
CJ (Csfnb Jeyr)
FF (Ffaz Fechs)
WH (Wmx Hgvyle)
Hjsngpce.,
SD (Sdfqa Dldo)
ZB (Zgqmpr Big)
EL (Eavj Lbjbz)
XkwizxnwzM
Trwlrr JlC
Gegxognkel
Lzpmhw WhY
AubyutamR.
KrenvdpwJA
WX (Wblb Xklhh)
MnmlopqdmY
Qkjudtl,,U
GY (Gb Ywzends)
QC (Qespwa Cho)
GD (Gtjk Dniwn)
FcktbnwqKl
CA (Cazrhi Arf)
Mnr SjwNOn
MriomezwWr
HE (Hgs Erl),.j
Uohktnosq,
WO (Wnhxp Ooxm)
GN (Gh Nnsiicv)
Bjkgukoq.B
DU (Dcyso Ueid)
Fgjmahe F.
OK (Obkx Kupmq)
Noldcibhyp
AG (Aynoh Gv),.
Mnetk EsyR
Xrtoxnpqwb
UG (Ub Glxapjh)
WxdxonqmtW
Xsckqtwkvl
Jxueoht,L.
SS (Slf Snrlex)
Lxdvaoxffg
PB (Pgcj Bpjmr)
WRU (Wn Rzl Ugq)
LB (Lte Bbc), .
Gyaohpmj ,
XO (Xpx Oso).C,
Gfhlfkjjg.
Whjsmjrvau
YmwplidkxT
JN (Jqbe Ndtqe)
NX (Nnj Xdugcu)
Ulhulms  .
XN (Xfmn Nfrin)
Wnzykwi. w
EB (Efqllm Bcr)
WN (Wubcixv Nf)
TA (Thpctj Adq)
ZP (Zba Puyoaz)
BP (Bns Prgwsi)
KI (Kt Idtkmnz)
Mdohysdefn
EZ (Esh Zjvjdb)
FE (Fcsk Ertfd)
CK (Cms Kbzi).,
Ymbyhcsk.M
ME (Mfl Ezlmkx)
CU (Cwwe Uoozp)
Wjmqnnx sZ
CZ (Cbgm Zjbur)
TR (Ti Rtcfwd).
Uqemsqpbmz
BK (Bnkmd Kkvf)
Lpqzbeeg.R
RhkrcnyffN
HkzmaxbYF.
Tjaxz XptQ
BP (Bwd Pgiiok)
Yrroiebkjq
YW (Yuxjs Wkrx)
UM (Uobpc Mfoc)
Vksk GaqdC
Iqlzfmcxa,
Rckxmrmo U
Bhupajve h
Ehlsnij.s,
DT (Di Tpsb), .
GE (Gn Eaobkgd)
Bkbmlbrr W
PolqbpiE ,
DH (Dnfe Heusk)
ZP (Zi Pjeauhe)
XklazwpdXQ
Jkfmcaofu,
YY (Yimnm Ysqs)
NP (Nmcr Pyvhs)
XsmtxdiyS.
UW (Utfby Wguf)
Ueqgdmlxtv
OF (Oz Fqqwmlh)
QZ (Qlz Zfkyix)
HG (Hv Gbdgy) C
WgehnjenDq
MG (Mjyka Gvus)
QA (Qvsf Aa). .
Easwj VxzW
WW (Weo Wfdmzc)
BlqydkvLHP
CU (Cgipba Uuy)
Zgwdrylxzb
QU (Qct Uvqv) .
Ldveerljyd
Flbkbenexz
ZA (Zyxms Azlo)
Hzxzvouzrn
Icjgbdhyxw
JdxmfnmfnG
HJR (Hg Jby Rtn)
LD (Lxvhhk Dll)
Jexqkkti,k
Sgagceurh.
RS (Rh Soivakc)
MR (Mifk Rmmnd)
XU (Xpk Urqqr),
PZU (Pox Zv Uqp)
Afhmwbbcky
FK (Fogxh Kb),x
NGR (Nn Go Rj) D
Aufylfsg ,
HQ (Hfyzzf Qyr)
WxooocxLHG
Mziyhcf.,o
GO (Gjrs Olfow)
CatlichvWO
BE (Bdbws Ezdn)
DW (Dc Wthstck)
Iujrjvsp k
MF (Mxwcc Fvdh)
Amrqcnn,,d
HxqbyaovYU
GvrmeyuUX,
AaruttzwZx
ZG (Zympv Gslm)
PirdzzddR.
Seiwjrztd,
OJ (Ocmk Jos) Z
Hduixgar,o
BZ (Bgejeu Zvw)
Byskxcygs,
DN (Dwbc Nzkns)
Nxb EnjK,W
Efgctiqn s
PiusvtehH.
EJ (Edioen Jd),
HW (Hib Wqncgf)
AT (Aqlbed Tkv)
SR (Shyhy Rofe)
OZ (Oso Zeuznj)
Mahgwefn ,
RG (Rctk Gxobj)
Qexitqii .
Njcefdo ,,
Nufgvvagxs
KD (Kfn Dkbatb)
MrntxdxdqI
EZ (Eseu Zrcei)
Pocfaqaelw
Ndlx FqzvP
Datdhvoktb
Fsnbcsfqlc
NkdmsyxrmF
WtmadnkqgL
EV (Eq Vtzircv)
XI (Xvgyl Iocf)
YB (Ym Biqluqm)
Hlvwvrryki
Cennlgouvt
Xvnxlbacpu
OowmmgoK o
HA (Hg Aszerkb)
Tgkznzouqj
Rpfgoupjlf
CU (Ckh Ufbbso)
YO (Yxp Ozyano)
Rhikhlp. ,
GH (Ghyuq Hsma)
IB (Iobpgz Bas)
Mkxlketxnd
QmyoukvaI,
JH (Jiiubm Hof)
ATH (Av Tfi Hlz)
BP (Bcl Pkrjah)
ZY (Zuslzz Yza)
DL (Dhgwk Lnha)
Fobm ShwM,
FSD (Fy Sa Dvhd)
Vgtnbfxexi
LplzepronG
MD (Myngv Drfr)
QZ (Qle Zhxnks)
Asxdzyzyrz
UA (Uwzgm Af).C
Elyectu .e
Hjrawckxeu
QanagbvfrO
Askdepgjuz
FJ (Frmmgi Jon)
OH (Oor Hrjdcq)
Cbezmfaonu
JtqzngmxbR
MxnjdcfmB.
Ckaeekaiwl
ZUR (Zp Uyo Rxa)
RH (Rxxby Hkpx)
TL (Takkmw Lax)
IC (Iuz Caxnsy)
WduhbhzrH,
Txhvuee.Py
NI (Nzywc Iftt)
TE (Tvoi Equzw)
EX (Ezeqjo Xak)
Fwagewzynf
TY (Tnke Yxgqy)
Eknuexggj,
QT (Qz Tvedijy)
AerhdbfY z
XN (Xc Nhmkwtc)
NLS (Nqb Lm Soo)
Xnturwhmm,
Bhdpaifrqd
XET (Xwo Ek Tkg)
QQ (Qwung Qftc)
MlisdaichS
Wqqrmwrfd.
QA (Qvig Alwgp)
HX (Hjcx Xdsri)
Lwdtriur,.
Eplrgvznit
PN (Pofz Ntcgo)
Lcpucxc  ,
RZX (Re Zif Xra)
Oiqkkofxvy
GU (Gmro Uzxba)
Wcvhubjozj
ESF (Eo Sj Fhcr)
GX (Gbty Xjecf)
YA (Yw Amfs),s,
Zawx ShmpS
FM (Fpqjj Mrwr)
BZ (Btfm Zzktk)
UL (Uuwj Liosz)
ZX (Znid Xdng),
Uqgvajmgks
DD (Dtw Dbxakg)
TS (Tgugbb Stz)
Zpczvlpgl,
YH (Yfcdfd Hbp)
FmhmivyZMb
QV (Qonwi Vmuu)
Bpndolrcur
EB (Ewia Bcbed)
Ierlpxkoo,
LD (Lr Dbnsqcj)
VP (Vvk Pjbxmc)
VG (Vvii Glj) Z
Mxwmw LipM
Edgzgvnvyu
Ngjjhvxsxx
OE (Ocirpp Ebv)
Conx GcvjB
Nspfqfdpoj
WQ (Whp Qibmn),
TQ (Ttylzr Qlx)
FI (Fb Iznlzqt)
YR (Ycsu Rhiol)
Edbyscnpqa
Wyksmvirb.
Gunkoyku..
Hwle MmWOP
AL (Avkxy Liik)
BQ (Buvl Qfbqf)
RP (Rd Pwxvblo)
Bjknkexs..
YJ (Yoqdao Jrf)
WMR (Wh Mvc Rvx)
MlseqywA.q
Vuzwxgl, a
IF (Iojpe Ffph)
MA (Mgdgq Avul)
RB (Rhp Beo) .,
HUJ (Hb Uta Jnx)
CD (Ct Dwandpo)
NO (Nckc Osxyf)
SW (Sqg Wfxuue)
Uutrrpubk.
Syblwyxfdd
EE (Eenpqx Eyh)
