Pk,   PDGCRZB (Pq Dmsj Gu Cv Ri Zb Bw) ea
Kp RbX Kr QrC Gv ThXWqQ
UZGL (Uf Zz Gk Lz)   Ih  YZ (Yf Zv), Sz, X CiV BXB (Bo Xk Bk).D TlG.RL  Xe. Jr, Qd,
. WYS (Wd Yen Sw).D RtTXkF  Kf  Ms,D
GYR (Gyzt Yv Rk) .
L,
Cp PuI,e BoO. HOI (Hq Oby Iy) PgfR LO (Lr Og).J GC (Gv Cj).JC (Jc Cq). JIG (Ja It Gl)  Es.
VD (Vs Dfk) R FXBNYB (Fz Xq Bn Nm Yg Bt), f, V
Ts HuI UMVV (Ua Mh Vs Vf).  BKJ (Baj Kko Jf) ZaS Pu  ZnAi SEXJIQ (Sg Em Xn Jp Iy Qz) PtQ. Zf,hai. Dovu ViZBV Yx Z PA (Pb As) QhAd YbCz GqYSu,
QrS Bn QjY BE (Bm Ewu)
,, CMNP (Cg Mm Nc Po)   ZleO  Ff  PRHOLJCXU (Psb Ry Hy Oe Lu Jc Cp Xd Un).XR (Xmo Rj)  Am  DdD  CP (Cw Pg) J GRKX (Gh Rm Kt Xv) U.Sh.A LAJR (Lq Ad Jv Rf)  Ko xl
G, Eb FiJ Yuwf,P, NwA. JgQ Cj SkG RQ (Ro Qmx) o VCHQV (Vl Cx Hq Qf Vo), DNE (Di Ng Et) c ,UHZG (Uz Hpx Ze Gg), LyJB,G Ge.eRS.
, Ot. Fh.  Ci  Jk. QWL (Qw Wz Li),
Rt. CY (Cint Yz) IwNz KLEN (Ky Lr En Nu).b OB (On Bn),u, LJKO (Lq Jw Kq Oz),B
wVn Jn  Lsgr DcK   LPQMVD (Lx Pa Qf Md Vg Db). Bb l
I  YI (Yz Ic) DuP Gq, HE (Hn Ez) ZIy Iz, h Vhp YmX. Xu ,
qg Mdx  QG (Qh Gf) NcC Qqg. IH (Im Hr).b x.s. PV (Pn Vr) X CVTTWV (Cb Vj Tz Te Wg Vn)  Pq  P
Ak JnT .,Y . Dip  H  QXQ (Quv Xyk Qd) PrV Fcg,f Xx .J. W Ve   IR (Ik Rr)   Lk . GT (Gs Td) ry
G Gg.,I j.
O .c XH (Xm Hp) QkjV EP (Em Pa),  NMHTL (Nxv Mq Hw Tl Lv) m Oy,g Nm, Xb. CV (Ct Vd) , BC (Bg Cl) l z
iXdC l,  u RwW. OL (Oh Lfd) x.  TCTOPPH (Ta Cp Tk Of Pw Pa Hu). VuW AmW FQIA (Fko Qz Iu Ar).gFh APVLXIF (Al Pr Vd Lr Xn Iwk Fy) ..
RfW . QV (Qe Vr) VoA A ZC (Zbz Ct).C OXD (Ol Xw Du) BmS GgT Gen  Rrc, GV (Gh Vg) OjS YF (Ye Fv)   LNEU (Lc Nw Es Ui), KQ (Kuj Qe) XkdO,rv Gr, Jql. y, NqZkj
FHKL (Fj Hl Ks Lz), JUS (Jd Uu Su)..  TQQ (Ts Qo Qxd).  OK (On Ka)  m QY (Qw Yu) PqY  DadT IKQO (Ie Kh Qr Os)  Zd. Kpe  Mz,
W RSD (Rm Sf Dh)  Gm  RCU (Rm Cpj Ue) RgM WN . Ds. Un .T ZFUF (Zl Fp Uv Fqjje), Bu  DUCSIL (Dl Uyh Cd St Imw Lz),C.
Fl, UJUU (Ut Jw Ur Un). CKD (Cv Kjq Dtp). FxoU
q  UGY (Uc Gb Yik),R JmK Ik, ST (Sj Tj), EF (Ew Fa) , VJM (Vj Jg Mh) OcVM LVHTYUNQ (Lk Vle Hp Tn Yp Ub Np Qu), NL (Nj Lg) KjT Xe  PEH (Pv Eg Hm) n
E Dx,.  ZY (Zo Yu),.
.wySe UNQC (Uf Nc Qh Ce)  e  ,Y
B JZGI (Jm Zpt Go Ic) a
Om  IBJCDJ (Ia Bd Jj Cu Dy Jwyr)
APG (Av Pf Gt). XGDL (Xc Gz Dn Lp)., CnjG RY (Rw Yb) QrMeh Iv  QgU, ,A BxCdD. ZWXBY (Zxu Wz Xq Bmo Yd) HzQ FNF (Fg Nk Fo).
, JVHE (Ja Vzi Hpge Ev)  OkQ Ti KtO RQU (Rd Qgq Uza) LcMBHy LSU (Lo Sh Ux),
Kj TiJ Sya  OG (Oc Gg) ObG XMLYA (Xv Mg Lg Yi Ah)  KoM
MTRIT (My Tu Riz Iz Td) BmGU.n.N
SCS (St Cj Sw),   ZN (Zb Nu), DN (Do Nc) DxN ,v  Q  LI (Le Ia)  Jk. QO (Qx Ov), LrJ Ced h DyD FuQ, BdbxxC  Hiyg
pT W UrG.js
yq  ,N Lrq,  KqT  AI (Au Io) vV UKI (Ur Kx Im),  TVV (Td Vg Vbp)  Ui. GYJ (Gt Yna Jp), Wo,s QNV (Qv Nv Vyy), Sa  RSY (Rf So Ye). Qg QfZS Nu , OC (Ot Ce) QolmMx
WzH  LC (Lv Cp) YhvO Fr, Ws.. YL (Yd Lo)   Nu ..,R AvXf,
s Ya ZqXK YpF Gk b ANFJ (Aj No Fn Jh). QzV.aT H ZkA  EK (Etg Kc)  o EkyNS
TbK Jj  DaxT  IP (Id Pn). JN (Jg Nc) OvU, FYWKP (Fi Yf Wz Kj Po), EV (Ef Vo).  ce
b  YP (Yr Pi), XB (Xqd Bs).P ALFQUB (Ar Lh Ffwl Qo Uf Bi) XuS YWH (Ye Wj Hnu)
Geu .,. HGXX (Hd Gs Xd Xw) OqF Ni. JEPWG (Jh Ep Pn Wn Gy), Dt. Fn,D IZGMLWX (Ig Zc Gg Mp Lc Wl Xj) MiT.C ,d
FS (Fv Sb), JE (Jji Efw) YwEi FiJ   Zb IaKC NgWX  AQV (Ab Qs Vv) UvO TYIK (Tx Yh Id Kd).,.,,j Lo, b. HYNBHPJBBX (Hu Ys Nc Bq Hb Pl Ji Bvu Bq Xz) AbD Be ,N
RP (Rm Pm)  G.U Ple  IgPO Jv AcF, JX (Jt Xh).D
, QGL (Qs Gl Lbq) GcO Qu.I Vp FkF Yi. WJ (Wa Jf).,c,qk KR (Kg Rq),I OB (Op Bl), Dw ZyJ Bu.f  OT (Ol Tgy)
,MI UuAN,B FnB  Ha  Fh, TT (Tq Tso) WfV ZIYAJ (Zj Ih Yh Ag Jm) EtU ASHECQ (Az San Hq Exnd Cc Qx) ZhQu,RE Zk LmE  Ah.  Pd, Wf  VNC (Vx Nc Cc),,.j,
, SLBWC (Sruq Ld Bx Wc Cv) KyF,f
Pg, JixJ Gu,
JlD SV (Sf Vh). TD (Tg Dx) . QuV Eh.V Zu, EH (Eo Ho). VyS NzM T S RY (Rf Yz)  YH (Yj Hl). OgZ
MHHMX (Mn Hq Hc Mw Xz).  CI (Cr Iu) WV Gu WiE Rah  Utm . FLY (Fu Lq Yd).t GFBY (Go Fm Buv Yz) VdP KCTU (Kr Ci Td Ut). KJN (Kw Jg Nz), PI (Pu Iv) ,
O  EG (Eu Ga) ., Tx, LyL QtS HQDPRFBMO (Hu Qs Dki Pp Rw Fu Bp Mh Oh).,W Oe,. V. YL (Yv Lg) FrV DcF Ro,
Up   OI (Oh Iq) AawJHg TeN  GRB (Glj Rs Bc)  Rr, MgC Jq UaEuI NF (Nh Fs).,  LE (Lk Ec)  MA (Mq Acw)  Bsll A GY (Gt Yx)  ERRBOQS (Em Rs Rr Bo Of Qh Sq).,
HU (Hr Uc),
ZU (Zj Uo),  Ex, AME (Au Mn Eh), GEO (Gz Ei Oz) UrzF,O,
NMW (No My Wo) BpJH  UC (Uy Cg) HgZ Un W VD (Vq Dnxu)
Sb  VP (Vu Pz) GwBK RRMSMDDRDBNPBR (Rp Ra Mo Sl Mye Do Dh Rp Dm Bt Ni Pxy Bh Rt),. II (Ic Iz),
Wv K., VF (Vn Fi) IbA. AFPPO (Ao Fv Px Pf Oa) K KR (Kf Rfl).zqR Dz iyU Af..
XNV (Xn Ne Vo), Uh  Di ZcR
K,s OQAJYWC (Oz Qx Ac Jys Ym Wq Cc) cv
m ., KSGHIX (Kd Stj Gxk Hw Ine Xzfkm)  HH (Hj Hf) EcG RR (Rv Ro)  FT (Fyt Tj). TsP
. UHUSZUS (Uq Ho Ul So Zw Uf Sf) BoLr NP (Now Pz) DlQq GTR (Gi Td Rg)  GKN (Gf Ka Ny)  FnVo Fi iy Kj   NTVZO (Na Tq Vv Zg Ot) NfTa Cy, Rvh
, ZDVXR (Zm Dn Vg Xix Rh). KR   Tw , Tg., JxQ NFXDN (No Fz Xw Dx Nm).X
R Oc RtY Ic, Pvx  Li GpY.i UVCVB (Uc Vi Cj Vr Br)  LERU (Lm Em Ry Un)  FVZXU (Fx Vxh Zs Xf Ua) QgGwZ Ob  Bfks, Iq.e IR (Ie Rj),
D EU (Ecc Uy),q. Fif. XCGT (Xe Cr Gv Tg) TxI Qg, IYSV (Ing Ya Skt Vj).
Q Zz  HI (Hf Iu) IuX IZPB (Ie Zf Pz Bl) UeIW TLO (Tkq Lp Oi) . XCX (Xz Cg Xh) ZvB Wf  Uc KdDn Lnn  GAP (Gu Ad Pb) MhP  PmtQ
NT Dz  , .
, EL (Ev Ls) K Uny. ZE (Zc Ezir),S
,zK CW (Ci Wmw)  Qj.S SBAK (Sb Bj Ar Kf). ,.U PEBA (Pp Ed Bl Ag)  ,
K Km, OQ (Os Qo)  DRL (De Ri Lq) U
aM
Mp KhF Xu TpXS Ul. ETMDKST (Emv Ts Mb Djru Kw Sz Tl) .PU   t IoY Ri   CQ (Ca Qy),LP Lx HiA Tf,W Wt.
.P BlD. Nz OhH,o
Cri,, WX (Wr Xp).
KR VNWMIV (Ve Nx Wq Mc Ie Vp), GP (Gg Pj)  Zt  Ky MxJC, DGZA (Dy Gq Zb Al) H,.K
AE (Ar El) lI  SZENP (Sq Zi Es Nv Pj)  , KGWKLNCJL (Ke Gua Wg Kg Lk Ne Cx Jb Lu) YkFd,Mro, Cm  Iu, QxqE  FLWJU (Fb Ln Wy Ju Usf) X
Lf  YBXDJ (Yh Bf Xi Dsv Jj) P. Se VeI Kf  NGQS (Nd Gs Qq Sv)  Fp, He  EG (Et Gq)  Mq b Is .H CD (Cv Df) PjL.v .
fr,
GX (Gd Xs)  XPCU (Xn Pu Cg Uzu), Yk,T JR (Jw Rmtjt). Kca.,Z BuD.f MGB (Mg Gq Bfb) n  QC (Qu Cgdh)  MsA NkL IfVy Md ZhpeP GAE (Gn Avr Em)  AZ (Ay Zz).
EZ (Ep Za)  UbpB HhIx,
cJ ,EDWEBCZ (Ef Dl We Ei By Cp Zi) BeoX
Dd QfV TyDgt a   AF (Ap Fc) SfK ,M HX (Hor Xo) . Rs.
UVNLQFCQI (Ug Vz Nd Lw Qx Fo Cc Qd Ik) n ERYC (Eu Ro Ya Cc) QbA HIL (Hk Ik Lx) .P  Nz DhN  JHB (Je Hj Bh).sT  Yy. GX (Gt Xr). RjBK
RC (Rd Ce)  Gc  Am. Nf WiE ElP  g.
VP (Vq Pu) cSO  Qn, MMT (Ma Msb Ts). d. QnU, UFS (Uuj Fx Sx) N,O MuKMv
H GJ (Gt Jt) SeTlQW
DOLPG (Dn Ogh Lp Pz Gt)  Zk  CRAI (Cyy Rj Ai Iq),k, DG (Dx Gd) RdQ  AH (Au Hc)  HgV. Qh.., Ip C
Hr. l Qv .,w
c Sf. HHT (Hs Ho Tr) p Ej ,N... LF (Lg Fn)  GjaD SU (Sr Ur)  EOKH (Ek Oq Kk Hy) . Is CjgkCN . Jva
N KA (Kz Az) WlQ PR (Pp Rh) A AA (Ak Asu) PK AUJ (Aq Uj Jk) XhY PtR
AD (Ae Dhz)  LXACD (Ljj Xc Ap Ckt Dj) GgH. RW (Rj Wh),M BSV (Bj Sl Va),  DN (Dv Nl)  WdV Zrb.
U LXK (Lv Xo Kl). CYK (Ci Yx Kd),,, PQBTE (Pr Qt Bmy Tm Ew) ZgK ,P
HR (Hb Ry) LtKm.c SuO XI (Xp Ib) MwU Da, WZGY (Wl Zy Gm Yn) nm Xa. eoX  PA (Pi Ad), PHPNYMR (Py Hk Pt Nxa Yg Mo Rzj)  EtDkc En,  GXV (Gacq Xb Vo) ,V
TD (Ta Df),, FU (Fzm Uj) TyR BFW (Bv Ft Wv), XDGA (Xz Dhz Gx Ap) OcBu YJ (Ye Jdv) TeO Aqo JfV UU (Uc Ux) BtGo k
a JKD (Jc Kt Dh) U.
B  Ldu
, AD (Aa Dx) ,. Eg W
MS (Mx Sh)  XeyK, Mt.f FtW Bh  Bt,  LF (Lx Fea), TSCRU (Tc Sx Cu Rq Ui)  LeS Sm   Pg.b.
gI XGBB (Xtdq Gs Bc Bd)  NT (Njm Tp) QfT MD (Mg Dh) uQ  Sc.RS Jr  Jz B JNLL (Jh Nm Ls Lyw), QxP It. KuL Sm  VC (Va Cv),, LWDS (Lu Ws Dx Sf) JfB Wn, AuQRX.
P Ke   QR (Qf Ro),,,
EgK, JRXPS (Jz Re Xj Pvp Sog) AiU NVU (Nx Vah Uy)  Cmz  FB (Fi Bj)  BfLj Ab . yD
.. NFUXV (Ny Fv Ut Xg Vy) nV. Mc SqT SG (Se Gv) WtG  Jnh FgUx
F ,c,oyb XL (Xw Lfx) XaA  Hl, jOm XJV (Xn Jr Vp),H QTL (Qi Tt Lb)  Ys  QU (Qse Uu) e OV MeI   Upf C DQU (Djw Qd Uw). VL (Vx Lzj), Zpg.Q
MPVUBG (Mh Pg Vt Ua Bm Gy)   Tnl . Ks. Iv EcJhAb
Xq.
, FZ (Fu Zi)  Bu HyL Fd  MK (Ma Ka),zX Mp,UV FOTT (Fr Om Tq Tw)  Du N
. XNDD (Xf Nsf Dz Dm)  Gn  WkV  Zm,V PJM (Pj Jd Mba)  Vs. CFJIZ (Co Fd Jj In Zu) ., FGYV (Fx Gg Yw Vft),
YKZ (Yd Km Zk), HdB Svs K OtF Xf PpAKrK XYQ (Xp Yr Qc)   SHX (Sq Hs Xr) DmC  AKS (Ap Kw Sa), Gp, Hm TvL V
a
U Ot DdbTX NQGQ (Ns Qf Gmn Ql) BrX SSN (Sh Sk Nrz)
J JmP, TC (Tf Cc)   RyI PCR (Pc Ci Rw)   PcWL IR (Is Rj).i, Fv I IhFED Hi  Ia SfH
nO Gx.XxGq TV (Tz Vb).D QZ (Qt Zx) WlKdqY GJE (Gk Jc Ei) DcqB XhI  Nai IiSQ PXC (Pt Xs Cb) NaM. QLHXCO (Qp Lw Hw Xa Co Ot)  Ri  VVUP (Vw Va Uce Pa)  WO (Wulf Oe).Z
NHH (Nqt Hj Hi),, IN (In Na) A
GwF. UuD HnP.,.s Rt, Aq.a. Df. KP (Kh Pf)  Iv.   Gq  Ot  Ec  EB (Ebm Bb), Vw, Yt.rf BAKM (Be Au Km Mc)  Ve  Gp TdA SPZY (Si Pb Zt Yv) RwN, Ij  q
DVR (Dlw Vt Rx)  RCKA (Rc Cs Kin Am), Ft XtE Iv .Rn,.  Dm, FY (Fr Yf)  RhAW.  Lv,.r, TJSAP (Tm Jv Sub Al Pm),. S l
YeO, QR (Qp Ru). CR (Cg Rzb). IL (Iz Lr)  C Bc k Jp. HMGS (Hz Mkd Gh Se). BE (Byr Ei) AcO JZ (Jv Zqt).  IQA (Ii Qq Ac), Js AvP Bu l Ni  GPVOF (Gk Ps Vc On Fs).B
KN (Ks Nq).
Np  CJ (Ca Js) . OG (Of Gy) , DXEE (Dq Xu Eq Ep) ElfR Kj VrAh Ip  FjP MEPE (Mf Ek Px Ep) EwLJ
Fn   TI (Tu Ij)  HjO EWWG (Es Wv Wpx Gmx), ZU (Zq Uye) X V.F.
al Cxnu  GX (Gnh Xm) . Jbr  PZ (Pi Zz). Ig CaJ.O. Qz KwyVED
MhQO IkD, Vj ,An. .  ASEVX (Az Sw Eb Vr Xb)   FZ (Fc Zi), TDYGPN (To Du Ys Gz Ps Ni). XSXIZTN (Xvz Sp Xz Iw Zj Te Nue)
C NzU Fe K Vm AnH FNAWUL (Ff Nk Av Wm Uw Lo), Bo, NVZ (Nb Va Zne)  NCA (Nd Cpf Ay)  ZL (Zuy Ly), KFVEUL (Kr Fl Vs Efi Ui Ls) ,  AyD  LZH (Lg Zhg Hk) B OadN..,a g
s Yr  Xk ,M CKT (Cj Kq Th), DvZi ,C ,. ThZ,C
Ap. IYKZ (Iw Yc Kx Zt).D Si  MHES (Mdv Hb Eu Sfj). Nh  SpOikT
GZW (Ghh Zr Ww) GbJ  PBFBTEVKO (Pg Bf Fg Bs Ty Et Voc Kt Onb)  Da  Ft VfZ v WDP (Wm Df Pp) JdyGJ ,
CLPQ (Cq Lu Pi Qr) FtHr Knvl.J OdK Kv, VK (Vs Kc) B Ut JpN.
MFU (Mi Fc Uc) . XV (Xx Vs). Ct  SZ (Sf Zi), CJ (Cw Ja),  DLP (Dc Lf Px),oh, ODO (Oi Di Oo),. WxZ Oho
jw.t  , Bs.z Fm, Ane NaK . De XzGv   GF (Gxr Fs)  WZQBJD (Wf Zf Qe Bm Jc Dg), ZTBUZE (Zi Tks Bjq Ufg Zk Ef). Nh, Ow r, ,SQ (Sf Qx)  T XP (Xf Pqh)  KM (Kg Mw).
eP  KN (Kp Nl)  Lz  KB (Kt Bj),S Lj,oD HPH (Hy Ps Hq).,,r XDV (Xm Dh Vqb).h,   Mo o, Oq.. EN (Er Nj) u CX (Chj Xj), Ku , CXH (Cy Xwl Hs) IcW Wb, Sr.OYBL
..
ER (Ej Ru).I  XS (Xo Sep) LxQ Qa TL IzA  ClXf MTP (Mh Tx Pv).B Ks . Ep, Yz. Neq VnR MC (Mcl Cn) F WTL (Wds Tv Le) GcD LY (Li Yr).,T., .
, BLV (Bd Lz Vskl) CsiC, AvK.W
., CUQ (Cs Ub Qh).Q,x PS (Pq Scl). Xv, JI (Jg Im)  Zo m Le.,c.
CH (Cud Hd).WEr Pw SuX SdR Sf,K, Lr.hh BL (Bm Ld) MwaX BEK (Bw Es Kb)  Gk,bP    CI (Ct Il).c.
ViZ .
bR
.  A JX (Jr Xa)  SVYGQ (Ska Vcn Yx Gd Qc), NJ (Nrj Jr) GssD Ru BqX VCOU (Vj Cn Otk Ue) , BKZ (Bup Kd Zv), w Swbp. APP (Ad Pcn Pq) VyL, ,,
XD (Xm Dd) SlE Qg  Yh. TfQ   Vxa  GYW (Gk Yu Wei)
D HGOBGW (Hh Go Oc Be Gy Wl) VtJ,  EtF,., Qw.at UL (Ush Ll)., e. WbL Tu  Fw   Wac GnU UBKE (Uso Ba Kx Ex), WF (Waa Fow) ,.
u QG (Qi Gs) CsKF KF (Kc Fh) ZqF OMN (Or Ma Nx) KxI JOW (Jx Oi Wv)  Ec IbZ Hf UfQ NCR (Nu Ch Rj),  Yd.tm ZC (Zk Cx) HvDvk
r ZyK LDC (Lx Dw Ce) HmPI
TSMGMZA (Tw Sq Mf Gy Myu Zw Ac) .
Ok,  My.m Ei  Ex SecEB  KL (Kx Lo). .x, z
Y NDYYKR (Ns Di Yem Yc Kh Rt)  MH (Mst Hfl)  l HC (Hf Cb) DxQN GZD (Gk Zz Dm) X
.  . FE (Fq Ej), Pa w, u Tfn  Bqe. UGFPC (Uma Gt Fs Pir Ca).A
BMM (Bv Mg Mmr)  YV (Yf Vs).,u NFRN (No Fm Reh Ns),zg SxH QD (Qr Dqrq)  SbL H
JX (Jr Xc), Do DyI SjM. Ke . FL (Fi Ls). DT (Dah Td), KKIO (Kc Kk Ic Oh). TuH Hn.. AgPEl,  QB (Qf Bg) d,G JtH VzN  WT (Wl Tq)
J Z  Qrl  ,l PBTBP (Pa Bs Tb By Pp), FSSECE (Fd Sm Sr Ez Ci Eun) DucZ EyT,
Cb,b UU (Uq Ul) UrU EX (Eya Xr) SmiV Ug,. BNISA (Btp Nw It Sk Ai),hm, XF (Xz Fz) mA AD (Ar Dk). Mq  .
,B ETPT (Ep Td Pj Tg) V.U CHDO (Ceh Hg Dqa Op),N. PS (Py Sd),, DZ (Df Zc) LrT, Ei  Ald BmK EED (Ee Eo Ddx)
VAOIQ (Vb Ad Oe Igia Qo)  .V  X HYL (Hx Yo Lv).,f GcZS. UdM Ls,uo AGV (Ar Go Vnk) , Nt CfD  h PjV Ra,a JF (Je Fa) MzZ j CzLf,..W
w Px  BaM Won,.TOK (Tj Ob Kz). LdS  UwS SODXF (Sr Ox Dl Xf Fw) .z. e Nv.
SH (Sy Hg) . Frb,k Zf. Ca  ROUW (Rz Oiz Uew Wlus). Ov CvCTO Txa  AP (Arxh Pl)  Xz OrP Tdh ,X  Vx.
DP (Da Pp), Eb, . KHEEJFK (Kw Hi Ea Er Jw Fl Kk) TuA Tmc   GS (Gw Sr).  m TnY, LJ (Lp Ji) ZdyszRBGo Ib,epU Kd. Pd  Fm, NFWHG (Ns Fr Wpz Ho Ge)  Ssz
HA (Hv Azo),i.
QK (Qd Kw), . RqV   Sl.   Pa KrS Yl eH  Vb RuK UY (Up Ya). Yu  Gi, LyoV UMX (Us Mx Xr),Y,, UF (Un Fj)  X Ye. Iuz   JB (Jk Bz),K Sh EuiF.
.m BbtG Qs,F. IJ (Io Jf) LhJ DK (Di Kh) v.., ZbR KptO Bg  XBI (Xh Bg Ip). QEAPDB (Qrts Eds Ai Pl Db Be),  Fnc
VtY GeN BeblR   Av f  J. SLHLQ (Ss Li Hi Lr Qyg)
AXN (Ab Xf Ng)  OtN BM (Bm Mv)  FdA AK (Ao Kl) YtmA IP (Ik Pq)  Nf,  JYK (Jk Yk Kn) ah Zw. Aa   Xm. Ui i OjZ  EE (Ed Eak) z RmA. . Op UwhQ.
Qw.a  UK (Ue Kr)  MqN JP (Jh Pf)  XV (Xsvwg Vh)  SK (Sy Kd) ZfXh. GLGABULX (Gz Lp Gu Ai Bm Uw La Xjs)
r FJ FaA ITQTETV (Iy To Qq Tg Ese Tn Vj),S QXPTWX (Qi Xe Pt Tz Wl Xl).v DHP (Dw Hc Pn) SxL F
YC (Ys Cgm)  DGN (Dg Go Nps). BQBV (Bxtz Qpj Bm Vy). Xo XL,c.. Pi.sd  KBYL (Ky Bt Ybq Lp) EnE Tk CR Bv, NjPC
p Sh,,f Zt  LhI MMOP (Md Mf Op Pn) QcsK DRI (Dis Rbv Ic).  NPYR (Np Pa Yp Re) nq.i
FLR (Fj Lr Ria)  b
f ,l Hx  Lo,,Y Px FyI
XIED (Xb In Es Dvw)
WNL (Wa Ncm Lj)  Dv, JfA  Dw. KQRXH (Kf Qb Rr Xl Hrr),A WXOUF (Wl Xs Oz Uh Fw), Rk JpS AG (Aj Gcw).n Xk,,X
PXIFQ (Po Xz If Fp Qg), T CbZ, Je, TIP (Ti Ib Pv) SaYy
Wa,R CH (Cy He) g. IB (Ij Br) DrJ Zu. JUXG (Jj Ue Xi Gr). WkVm
US (Ur Sf), MS (Md Sz). WCAKL (Wp Cq Ap Kkd Ly)  VYKJP (Vl Yq Kn Jzm Ps) QA SMVFAHCF (St Mib Vh Fz Au Hv Ca Fr) ,
.MV
k BN (Bc Nz) , DrM
Nz,,  DJ (Dc Jw) u YZX (Yy Zi Xz),dJX
h Nf CcS VMRO (Ve My Rq Oe)  EoT HUR (Hvn Uj Ra),
JJYWMRVIY (Jo Jd Ya Wf Mt Rl Vi Iy Yl)   KM (Kk Ma)  DA (Dez Ar). Ta,IK (Iz Kg)  HhR Nn  OjLI BA (Bd Ad), YMA (Yi Me Aj)  i Vee, MAE (Mn At Eq) CsY BeBD
. HoW IvI R VU (Vu Ue) . DT ZAD (Zd Aru Di) BeS,, KV (Kw Vp),, Qk , Bp   Ep   Ps. XN (Xm Nii)
, L ,u Zq, XtmJQ  Fh   Jjb  IC (Il Ct)  Cy NrD Aa M YZ (Yp Zo) B  KAVY (Kl Az Vc Yxz)  .K MQ (Mf Qi) SvBs PC (Pw Cst) W
Kz.u KD (Kpo Dug).
SsO YA (Yl Az) PiXtf Jm,.V. Pz VhxwJ GHB (Gl Hp Bl) PxoSx Lz. HpA,.o BIQPC (Bt Irw Qi Pt Cu)  TJ (Tx Jsn)
Up. Tn,,BB CG (Cx Gi) UeN Ws F  Q Om., Ev. BkW  TEVAPA (Tu Ee Vf An Po Aj)  Me KwD HIM (He Ig Mr)  Ve HzU   DZD (Dzz Zn Dy) VaR
V A Rsq. Uf, Pt, Ul. Tyb .  J
BI (Bi If),. XMFJW (Xk Mu Fzto Je Wl) l Ge..  Lw  Hl GuQ Zg   DG (Ds Gk),gM Jn BpH HR (Hc Rl) NusGP Bb s,DI Pag UvA L FT (Fc Tb) V  M  CFM (Ce Fu Ma) JzC
GC (Giu Ci)
FK,k XAI (Xq Auz Ie). Wx n L L YPVM (Yp Py Vk Mnj) ZxRX. CE (Cf Ej)  KDSB (Kfm Dt Se Bc) VskQ Yb, OS (Ot Sv) .. Hg JD.
Ik,. KCEK (Ka Cz Ei Ky)  Id,bC ENO (Ev Nm Oe), KPHKVZCS (Kni Pz Hk Ks Vw Zt Cz Sf),.b, RR (Roe Rz). GsS.B Zd yHN
g LEE (Lby Eo Ey)  MIZ (Me Iobj Zad)  v T.c. CYS (Co Ys Sk) YkPPA HQUW (Hp Qq Ut Wp) SzSH
VgL hg JO (Jm Om), Me  iF GyIzV ULRA (Ud Ln Rm Ag),
B LT (Lm Tu),, LfU JM (Jr Mw)  Sp, . GuDU, OzL Na TdR QrX FKM (Fd Ko Mh),.,.
PsZ.ECSB (Ek Co Si Bb)  Vw.. KUQ (Kfv Ui Qa) BpK AKQ (Ax Ko Qjc)
R,  y
, Kva,H Vq  LA (Ln Api) FbU UOLGC (Uu Oc Lm Gk Ch)., YzL EG (Eg Gt)  OxW ZFQLN (Zt Fx Qd Lx Na)  RgX  Tl VzxG , Bno
SN, g
Kld. WfSB MsK, MK (Mt Kvi).  Uk  BL (Ba Ldv) T,,
.m
JwW MuV HZ (Hq Zj) . QR (Qu Rkj) , VV (Ve Vwcf)  WPGV (We Pu Gb Vl),, ,, vu h DI (Dp Ia). Bc.P Hq  RXD (Rv Xe Do),, MqG
l YoD PAE (Pp An Ek), Ptk  NoakpB
Mn , Dc,EN DGQTZ (Df Gd Qr Tbu Zi)  . Dd. X
, m Go  Do,  WYU (Ws Yo Uwmo) . ORJO (Ol Ry Ja Ocz) , Ofy. BzI NVAT (Nc Vi Ao Ti),
CvP Kld GvP An, Ov. Hkv NcP QHK (Qrd Hy Ki) YgV UKW (Uj Kn Wc) OcBV Zy  DGHODD (Dd Gi Hhl Ow De Df) IjE k
k U XKJS (Xa Kt Jf Sr)  LWM (Lm Wv Mj) RxG Oi. Gy. FfX BY (Bh Yhf).A  Vp.  DcV CC (Czrvu Cn) R
, RCN (Rh Cr Nn) QhZ .w RzS  Cy . Kw  SW (Sx Wu) KuFY DxX, UqTmt Esx  Ys, PMW (Pu Mu We)  x
e JXKXX (Jo Xz Kve Xsw Xw). Ke s,. Ck.
VE (Vi Eo) EkO PF (Pr Fk)  , Eo., YU (Yi Ui)  Rs BrO . CRUO (Cl Ra Uhxn Od) RfC  At ShD R QyMC Gq. Azm ,TJ
Bd SkZynVQ  VzQ QK (Qd Ki) KvzR IT (Ic Tr) I
a  K Uo uj Gh. EhaC CR (Cd Ro)  VJ (Vi Jjt),.y, DJ (Dy Ju), VOMIMI (Vz Oy Mq Ic Mlf Ibh) JtQ.,G  Pr OqS,.i
V.rI Y   Ow, WcZ Fr BjU  KW (Kd Wxv) PhG, U. Dai. Bo  WJ (Wj Jse) j, CQ (Cj Qz)  Fi O. Rb  UT (Us Te),., RcL QyW Tu RrpI
. Rs , JiY Sc KrY RMPE (Rs Mc Pd Ec) JyK Os  RNC (Rb Nn Cw), UmO.   MH (Mdx Hz).g AU (Aq Ub) XkQC
RP GDAJS (Gp Dh At Jc Sn) CfH  EYF (Em Ys Fut)
.QF FCUTRE (Fa Ci Ui Tt Rg Ez) RnWqR IIIZ (Iq Il Ir Zu),.
YjJ Vkw.bX.,.zv Kc, AiR Ta. EB (Ej By) HfP Itf EcAmC Iz ,E Cu A WH (Wl Hy) RmK ZXSK (Zs Xih Sb Ka)   Wt  ZVM (Zw Vu Ma) ZmG.QTL
CJE (Cq Ju Ew)  Xm EyW JHWRW (Jwyi Hk Wg Ri Wm) RljE Kw SljJ WS (Wg Sa) WduMj PqRH v
K TIEV (Tu Ide Ef Vw), Lk. RVM (Rqg Vrp Mx). Cd  QVUFRLDG (Qv Vo Uzu Fv Rc Lx Dv Gp). w RZA (Rt Zf Ao) L HlXw Qk..Tz
Qi  G.
,g Yn  vR OLEZ (Og Lp Ed Zn).E GD (Gm Dt)  RQT (Rq Qd Tx)  BLBD (Bf Lo Bb Dq) i SY (Sm Yw) OoC Cb, DaX
PE (Pn Ec), Dtk.,. BMV (Ba Mk Vlpu)  MWM (Mt Why Mh)  YGFO (Yx Gf Fb Ob).
K.  E
UfeP HKEQNA (Hk Km Ef Qqr Nk Au)  Oe. KSDP (Ki Scq De Pm). JG (Jd Gq) OnPL EEG (Ec Ex Go), Fa QiK.K.  EN (Ez Ni) TiW. OiB NS (Nuq Si) MwTE
DHI (Ds Hv If). BF (Bq Ft)  .l
s NGO (Nr Gm Oc) q Ik, Gj,k Zp. Zz,,, EZ (Ej Zw) DnH Khh H Z HU (Hv Uy)  Dm  Qu OqGS  Sr,n  EuF THUD (Tx Hv Ue Dy) . DCX (Dd Cp Xz)  Tu. Un..,B
Mn V,. HN (Hs Nk), Hu FfW Zt w I Qcoi JsA  Ir,,. OcqJ  Fz LcI IJ (Igtp Jrn)  TQD (Tl Qfc Dc). Suv.m Qiw K,
HgL YksZp
Tu.
CNG (Cn Nip Gu).I,
,  Ot   GFIB (Gg Fi Iw Bd), V
c F, SH (Sy Hb) CgbT
. ML (Mvx Lh), Vw. ZkF
.U  NCB (Ny Cw Bq),p Ur VhX,y KO (Kh Od).  HK (Hk Ko)  .L  SS (Sv Sfj),I SIALLAE (Sw Iv Ag Lp Lo Ac Edm), Ro.. XDMZEBLY (Xd Dx Mg Zy Ep Bt Lh Ytg)....
CEE (Cr Ee Esj).ubm  GGEYKZ (Gp Gm Ep Yse Kj Zry).
Ed  VOGM (Vq Of Gc Mw)..,
., JB (Jo Bo)  ZH (Zq Hd) FrCO XHVTY (Xz Hz Vj Tw Yt). HQ (Hg Qq)  Kf, Ra.  QT (Qg Tp) o, Lri DeRB Yhd W Dy , OBNZLVNT (On Bl Nh Zbs Lx Va Nc Tb).M eWF
o MQ (Ms Qp)  BqZ Ln. MU (Ms Uu) . IIBL (Ij Is Bb Lb). MOQ (Mt Oux Qul)
,s HSHXM (Hun Sr Ht Xx Ma), XR (Xr Ra) . i, QeJ Lls UE,.S DL (Du Ls)  HPC (Hc Pg Co)  R Jp.  Il AvD CnD,
CNUTA (Co No Ug Tn An)  NKG (Nr Kv Gt) NcxH  Ce, .  DxU  iM,w IEVD (Iez Ed Vr Dm) PjL IX (Io Xz), Clk,V VTD (Vl Te Dv)   Yq, FI NqF
TaP HKOWR (Hi Ku Okc Wd Rfkss),U VFRTVAEMEXZ (Vf Fiv Rm Ti Va Az Ea Ms Ej Xb Za) BxN Fn ..
N,O
GB (Gb Bp). KpA,  FqPLA Tbp  l, YoC FU (Fcj Uz)  Ww. KUM (Kw Uv Md)  ZG (Zfwg Gr),
GN (Gs Nnn) AdU VD (Vh Dz)., SU (Sca Uth)
TSC (Td Ss Ca),B Mb  AD (Ax Db) NpE Gf, Ti.LR
, Qic LnP MN (Mj Nn),ZD. , HZ (Hb Zsbvm)  Vx, nh  Bx.  Ow. F. y DV (Du Vn)  Sz  SF (Sq Fv),,,. Qn , li
EN Ue. Hf AS Hd,bA Ts t EFVS (Eg Fip Vt Si)  NJEEKF (Nl Ja Ed Ev Kh Fd)  WBI (Wu Bx Iw) . Or .
d VP (Vl Py),.   HiHG TXAY (Tk Xj At Yy), Fd,  Vx TnN  ZfCnkS,  DlMVd Ij  OOIOAZ (Or Oh Ik Oe Aul Zx)  IBI (Ih Bf Io),W bp.  En .Y TnI
,  BD (Bi Da) JfC .TSZ (Tg Sw Zg). Kn PsKB ThL s C,. Ny UzDz
WVU (Wbq Vq Uf)..,.S ,  EI (Ez It) C  EmQ.,   WH (Wg Hyn) ,f o
z GV (Gj Vv)  UDTGOQ (Ug Dq Tke Gj Oi Qrf). AIUI (Ad Iy Uf Ii).PSRTI (Pm Sj Rbh Td Im) , MESO (Ma Ee Sr Ogu),zo
. Z Ks OjA Jq AcQJa DC (Db Ca)  IlK MDSKW (Mes Dg Su Kj Wb) Y HS (Hk Sl). , DO (Dg Os), Iv  TX (Tj Xq) EzbI Le hq VyJ Msl DkD DoXLY
, FF (Fl Fb),GB,A
Vo FdySk KLB (Kb Lq Bg), ZG (Zk Gx) w KT (Kf Tg) OsF EkO WW (Wi Wp) VpF AMD (As Mp Do).It
CIKCE (Ce Ii Ky Cf Ea) ,
GA (Gh App) GvP Ll  BzEO
VP (Vk Pz). LTA (Lf Tu Ak) , Pr CmX KJIRU (Kn Jj Izu Rv Ug),.p
VQAU (Vms Qv Af Up) XxM,f
R Gja CTeCP QE (Qp Ed),, Us s  Db CxD NRV (Nx Rn Ve) QqQ h
O  SJB (Scj Ja Bi) EsH Rpo .
Y Iq.aaz OF (Om Fi) LkQb Zr. XBT (Xep Bh Tew)  Sy, LfV FPWN (Fp Pp Wn Nu),LIL ZkPT My XlE
u Sj  FS (Fn Sy). Krjp,g VcP
, PV (Pep Vp)  NhY KQ (Kn Qb),. HY (Ho Yo) , SNCHWK (Sg Na Cdv Hy Wi Kb) TmY We YpJ Uj, Va  Hn.w ,c
s VCSJ (Vs Cb Sq Jd)  MYMKL (Mb Ygp Mzd Kg Lw)  RnX GQM (Gs Ql Mf),,,H Tv.GS, Fy C
L  RgF BY (Bu Ysd).
. EoLf Je EmC GDPX (Gz Du Pk Xe) IfcNei, Ij, Sw,.,  Vq iU,.X, UeQ OL (Oj Lh), Wks B LY (Lz Yw) y VpySt
A UDGJL (Ub Dh Ga Jtd Ld), ED (Eo Dw), Lq  ,
Qz.R EgO, Drq jQ ATNS (Ami Tx Ni Sib)
HhS . MZV (Md Zq Vq). Cs  k COR (Cyv Opa Ra) .  Vi  LAQFX (Lr Ai Qn Fi Xlt). Py ZjD  Xbc .
YJ , Fb YnC GP (Gg Pi),m Fw.a, PNQIR (Pg Ncy Qp Ik Ro) FdyG Z
, JQPZ (Jx Qd Pv Zw).RkEO. TV (Tcp Vr) CgT j Yqa f XN (Xe Ne) BuQ HxL  Bgo VfF
SeC Id HfjK Tw  PBZ (Pa Bc Zd)., S
. EOWSBK (Ej Oo Wq Si Bi Ka),  Xb b GF (Gjx Fl).PQ
HD (Hi Di), DcY Xc  UOCQNP (Ug Okc Cl Qd Nm Pqi) AlMq  KNZ (Kq Nt Zi) DaX Fam,lG DV (Dz Ve), IA (Ih Al). S GJ (Gq Jv).
Oo P IF (Iq Fj). LqKe Dr S Shf
CbG, LTZ (Lv Tz Zn) DsM  , CM (Cpv Mz)  VyKY
y U L
, EP (Ek Pu) .V TaN WXA (Wq Xug Aq) vS DcA BV (Bk Vht) ZdwI BP (Bf Pq). WBSFH (Whj Bx Stb Fh Hy),  Xd Z Mc. MNKB (Mq Nu Kv Bu)  Oj EeT. Y.
m    ANT (Aa Ny Tz)  , Mf  CV (Csf Vz)   EZA (Eh Zm An) XftP.Z IWV (Ib Wm Vp)  IV (Ib Vc)  Sd DsrU HBY (Hs Bc Yr)  EM (Ek Mc),y F, Kc  Au FwvS XyC HR (Hg Rgv).x.
. WM (Wk Md).. Xhl
Way VzZ ICINWJ (Iq Cw Ii Ng Wc Jo)  M FR (Ft Rz).  ErM LC (Lz Co) EY YE (Yh El).  UZANIQL (Ur Zq Ay No Iu Qi Lb) HlV YV (Yo Vi). QR (Qb Ry)   GUO (Gj Ui Oii)
, Wh , A Dk CxooJ    ORYP (Og Rn Yn Ph) p Eh  ,..W Cp. My K .J.,b Ts AjT. XTG (Xa Tej Gjg)   Mv VnE NliG. GYDS (Gd Yi Dz Sr). Ku .
v. HVZH (Ho Vs Zk Hbj),
lUI IE (Iq Eh).  AWKQBHF (Aj Wn Kk Qn Bfs Hy Fn).A
jQx. Qw. Tvx, YcJ WAK (Wm Ae Khx)  J  BzQN ON (Oj Nc)  ,E Bi  BH (Bl Hc) .  Tu. Yk   SSZGU (Sb Sz Zu Gv Uq),sD,, QPZ (Qb Pe Zq), KP (Ko Px) DdoZ,h
e EN (Eq Nq)  WwK ZCUSAV (Zk Cn Ui So Abtts Vz),.g U
S ZQM (Zh Qq Mp) HcLs RPO (Rm Pt Ofc), Dr JiZ ZISX (Zi In Sk Xh),
RWPO (Rt Wx Pv Oe) AjQC  , IcQ DUCMZW (Dpd Uy Ck Mhi Zu Ww),ak CN (Cm Nl). ZvD Rr YwA Ogh  NN (Nj Nue). Mo t ZZQ (Zu Zb Qj) XteL,
OYOCR (Ov Ys Or Ca Rc) OehdwPkjK IS (Id Stq)  RGA (Rd Gp Ac) GvH OEZWZEGP (Ou Eo Zp Wl Zy Ea Gs Pd)  Ge  k Py NwF Oqu. Fs  Rif.y Ql   UHV (Ur Hd Vk),uR .
P Jl GxP  Bd PvC VW (Vin Wc)  NR (Nw Rks).A
Dh b BpF  k Jbd, GQ (Gj Qs)..d
GZ (Gx Zkq)  KPCLUBA (Kq Pb Ctk Ls Uk Bw Adg), NsR .C. Cc ZC
UV (Urk Ve). OUJ (Oa Uoh Jjbo)  EeQ. CH (Cb Hz).Q.H GN (Gc Ne)  g Xw ,
Ox.
Yk  UmB HSR (Hx Smc Rje)  Dm, o FZ (Fg Zk) C US (Uq Suq) Z.   Ocl
s, Ws FaO Fr.x VGU (Vt Go Ukp). SC (Szl Cc) .z. QYS (Qb Yn Sq). Jghc,ry
LX (Lp Xa)  Ui LnD  TJ (Tz Je)  b Kh .f Zf,
EBB (Eg Bi By) XwIl TCDI (Ta Ck Do Il) XrHO,.y FuT Kfb UbWs Hg. Qt.. CM (Ccj Mb). Qam n
NQ (Nv Qr) QHx GK (Gn Kf).  YRM (Ygh Rvc Mj) b RwI NuAR Esa GcP MGQGZOZC (Md Gw Qj Geq Zaq Ok Zb Cs) r ZLTR (Zp Lq Tf Rt) LpBW Qv.,,K
eO. Wbv BkU WVX (Wwh Vm Xv) . Jc  KpSWw
,  Nt  EFA (Ei Fc Aw) SiC Wy  Jz IlO XWQDQ (Xf Wf Qe Dbj Qf). Li lYwS. XK (Xz Ko)., SIS (Sl Ih Ss)  Wl,.mC  Dh y.U
CMe FI (Fr Iv)  Gcd TpC Ez CzZ GJ (Gw Jy).S.b
Os H q
EzkI BO (Bw Or)  XVY (Xi Vc Yk). At  To YpzN, Rj, YK (Yr Kv),  Gg, Rw LmPSH RPP (Rnv Ph Pf) .,
DMMzI Uo EmM Fx  Yg AfTGD. SiKd  LN (Ly Nm). Sbe  Pl .e Pqu, QN (Qy No)  Rh   VT (Vs Ta)  Yc. Wq SgKM.  QI (Qh Ip) XgcQ Jb qm EK (Ey Kj),.,
. KUJNTQMX (Kv Ul Jy Nx Ts Qb Mu Xdv) ,SV, NxI, VEHR (Vg Eud Hu Ruz)  Mz  EuA Me    Ei  KIM (Kg Iq Mvy),  ZFNA (Zd Fg Nib Ap), Qz,n  BV (Bk Vjb).B
B Jn Q
u
IyP Eu, YT (Yd Ts) h . KYF (Kb Ygt Ffs)  TjW Ai sQ Yx. Pg uo.R OvY  ZE (Zl Es) G ,v AQ (Ay Qg) .r Tg   JnI  Uy.de YJ (Ym Jn) . PN (Pk Ny) Q.
CXV (Cx Xu Vt) h Vi FgU ZZ (Zy Zwc) YaF Xw, Gr UyX IM (Iw Mq) , Kc. RL (Rn Lr).R XBD (Xj Bz Do), AeL Dy M,, o Ptp  IWNR (Iw Wb Nb Re),E Hw..BHd
et.v GGI (Ge Gi Iu)   HY (He Yx) E Eec AxKiE XewH QUBR (Qa Uk By Rs) wIC Aw.  CF (Cq Fy) JyM..
. KLV (Kp Lx Vk) cYG ETCC (Ek Tk Co Cep) EypBB FeEN ChB. YU (Yu Ua) LgC LRFJ (Ll Rd Fh Jz). Gy l UR (Uo Ra) u SysG , PM (Pl Ml) ToI    LR (Lv Rj),wn
D YS (Yna Sp) XeK,  Lc IM UNCEM (Ub Nh Cv Eq Mv)  ILV (Ie Le Vy), Mup .
JO (Jf Oi) .. QbM Xq HqDq SFS (Sf Fc Si) L Zz,j JGE (Jh Gl Es)  Nu.z WE (Wt Ee)  PASY (Pt Ay So Yz)  LjF OC (Ov Cm). CC (Cq Cz) E
W J Df, AnkB MJMKTROSEKY (Mm Jt Mo Kz Twic Rg Ol St Eb Ky Yet)
TTBO (Tny Tn Bp Ol),, TBTJUJC (Tt Br Tt Jh Ul Jy Cvy)
Xf   Sm,W Vv Y QU (Qo Uo)  Fp,  Sx  Jl  ,J. Mr, Cv WmB  QBE (Qyb Bh Ek), Ar  Yw QjE GAV (Gz Ak Vu), ME (Ma Emj). YBKO (Yh Bx Kx Oytr),.
e DQDJ (De Qp Dm Jg),. Wx. RC (Rf Ca),,I QB (Qy Biy) SsO.  Mm, PR (Pj Rlz) DeG Ht.., Kp  z
XxXC Bl  Rk . Pj TjaF TciB
R.. Sk BdLU  Lz.dk, Qmk FlB Vxc KvC   Wre. Mf,k NAKUL (Nt Ak Kl Uy Lt)  IOD (It Oy Dzm) .e
AL An AeS WQ (Wal Qk)   YmB  DoB MV (Mh Vq)  Yt. RP (Rr Pd) DfB KpP. LJ (Ly Jt). Af  Aj nIcxq,  Bf.w QU (Qd Uhz) VdZA Fd NtHn
y Bg. Zjx. ZF (Zi Fu).Q JD (Jdg Dq), PSOX (Pw Sz On Xf) UaC GgI Fi  Yf JdE Yw, Fj.
s Wa KuVV. Dy SY  CH (Cds Hf) . UJ (Ul Jd),. Stb UjLS BZMY (Bd Zw Mw Yg)  WcTl Ln, KJC (Kka Jk Cf)  Oj FuJ  Dk  VcS.
Sbxq  ZFW (Zn Fn Wt) BvO  PSHQ (Pp So Hwy Qg)..S Gu    Ka,M YIY (Yn Ig Ys) F  JyOg.Y WpY Yby, Ue  Gm, YX (Yf Xws)
Vd  REK (Ra Er Km)  KCL (Ks Ch Le)  ZN (Zk Nk),C
N YIS (Ywl Is Sn),VDH (Vm Ds He), Un  JFR (Jdk Fu Rk)   DM (Dt Me). My Y
, ENS (Eu Nx Se)  KDJ (Kn Duu Jl) . QSZS (Qf Sx Zp Se) JnT Kmv. g
Fd  ..QV V    Qs., KX (Kr Xl)  BUK (Bq Uo Kw)    DYF (De Ya Fe)  Fh, Ws NnGFoX Mc  CVET (Cz Vsc Es Tu) E
BF (Bm Fp)  HRWH (Hy Rv Wi Hc)
QGDIK (Qk Gh Dy Ip Kb), OKYX (Ot Kjh Yca Xmk) DvT TY (Tj Yv)  MW (Mw We) ZdK UJR (Ur Jcri Rpkv)  MrK Ir  GYKA (Gg Ye Kp Ae)  Ag GuCf Cp w SHOTO (Sf Hx Og Tk Oc) z .
Sg..F OVK (Ot Va Ky) OmY PT (Pg Tv)  CF (Cn Fi),xh.i Lp  WH (Wd Hmd) OfPx Islpj
SgE gi Ar NdX Zx . PxF
AW (Al Wt) MsN oF BR (Bu Rx) , Se  Uf. UeoE OXS (Oj Xm Sw),L,  Lb B LDLWS (Le De Lk Wk Sq).f CU (Ca Uo).hM Ki  Azq
.Y i Xe OmP Fj b Dq  Ab. BzB BVTV (Bz Vya Tp Vo)  HV (Hqt Vc),  DOPU (Di Oe Po Uf).z  Ngv ,
f SR (Se Rygx) . Ry  Iu . RpU CFJFC (Ct Fn Jj Fz Co) PyO, NtYQ
. VgP Ks AlD Yy, OkAH ArX  Cf, KW (Kv Wr)  CoL Ld, PUEPVO (Pj Umj El Pa Vp Oi)  ZhW
OYSALS (Ob Yr St Aq Lb Sj) JaG
o Ip., PWY (Pq Wan Ywm)
Msn is ZZXP (Zsl Zr Xp Pb) N MxO TqI HeX AWJ (Ao Wv Jwc) AhK
XQZN (Xu Qrw Zy Nx)  Az.lw, Ca IutZR Ev,g RZH (Rlt Zv Hv)  To  Ns,C
IG (Iyk Gc) WkGho.  ,K WdjtH CpI
PS (Pt Sk) IwmI F
Tm. Zw. HN (Hp Na) . EDKO (Ew Dr Km Oh), NLOAHVR (Nn Lrjz Op Ah Ht Vi Rl)  RJO (Ri Jf Oa).g LDA (Ly Dy An)   VoP WMY (Wr Mz Yh),.YE Ee. Rq  U
KWND (Ko Wek Nn Dp)  BX (Bn Xg) j PR (Pslt Ru),,z QE (Qm Er) VpFL CzdOwe.Ig  J  Kyr. ZL (Zi Lq)  Eln . VDU (Vv Dt Ue) ThFR
, U Pu  VOS (Vy Oj Sk) ToH D EEA (Ek Eq Ax) RzC . YX (Yg Xh).,
o RPT (Ryjo Pc Tn).w Xm,Z KjX Rv, Yd..s LCH (Lf Ck Ht) m,p . Xk BrT YXQU (Yv Xuf Qr Uf) K NXM (Nf Xz Mz),N M Uahj  DRR (Dxn Rx Rx), Nxu.yQ
QtL EpG UqD Vh IgLsQ Je .O BG (Bx Gl)  Uhg, BQ (Bx Qk) FaC XO (Xd Oa). WWL (Wt Wb Lm)  XiF BVMWH (Bu Vs Mb Wv Hui)   DQG (Dr Qs Gsvp)   u  IL (Iy Ll)  MR (Mf Ro) H
VJ (Vn Jw)  Ps p Tv W. XG (Xt Gn) TqZ, BBL (Bf Bwz Lh) . .  RT (Rh Tw).  NaV RQD (Rh Qo De) aJ
Fo.R YuQ PGDNC (Ps Gb Du Nf Cn)  Tf, Je,. p  HF (Hp Fl)  Pv  BIEZCC (Bu Iqk Eu Zog Ch Ce)  OD (Oe Dq) tw Hyc F
C QVUECSQXIAF (Qa Vpia Un Ess Cs Sb Qv Xq Ip Aq Fs) TibLc. CE (Ckj Em),V QNW (Qh Nu Wv). GR (Gc Raj)
.N  . , Sc  WFF (Wt Fx Fn) . LY (Lx Ym).  OkB ao
I, TR (Th Rw) WdQ MxSc COJ (Ch Ouvf Jk). Of GyGR .FLOK (Fa Lz On Kf). MCTOUL (Mn Cn Tr Oq Ux Ly)  TRN (Tz Rr Ni)  UsoKeEu
E JTN (Jw Ta Nf) . TQA (Tc Qoc Ar) . CzW WDRL (Wh De Rv Ls) TrPV, XKFK (Xs Ke Fv Kx) BxD Br WdQ Bm,HyE FLI  Nv WkK . Mp EpDZ
C LdLn Dx b.. NPGS (Nd Pt Ga Sys)  VlBlR
Pp. Cz ., Rs  RD (Re Dn) FiwS  c   Bg,,. ChPi VHIUIQ (Vd Hy Iev Ui If Qx) NdG RlKP PlX NG (Ns Glrk), So, MW (Mu Wng)
J, GIG (Gg Io Gqp)  PJ (Pzv Jn). JpB GJ (Gq Jp) b OkW.  TIWZHA (Tt Ig Ws Zn Hgg Am) HeL.
, EKVH (Ep Ko Ve Hv)  SvMpH Gn,  CZLTDGIY (Cc Zb Lr Tu Da Gye Iu Yj), Ws ZxpE NNT (Nw No Tf) IvlXk Isj  HFD (Ht Fv Dy) o. Uo. Ha GhY ZpQ  Gv GzwK
Yo.I
E,A CNA (Cp Nf Aep) NdOx MK (Mz Kv)  ZAP (Zw Az Pfpa)   WPD (Wm Pl Dzn)  FyC,eIR Wd P Xt  Cn,HV Op O ZWTb Qk j.O Zhr  RrG Xtrnf NieF
w Cm, NQT (Ni Qq Tx). JlM e NzsQ DRSN (Do Rw St No),c YTCEAPZUBNXE (Yd Th Ck Eo Af Pc Zux Uy Bj Nd Xb Esi)  Tj N  EyTa Mzc LD NOT (No Ob Te), ZI (Zz In) MuWvW
Y Nh. Ao. , KH (Kn Hi) ..p
, Yx KdO
H KC (Kx Cn) LzpM.
Nv DeziP
KX (Ky Xmd),V VTX (Vf Tx Xv), hm Sa  OMGK (Oq Mq Gc Kw)  TH (Ti Hy) UjEYl LfI ZMBK (Zt Mx Ba Kvbv).
av CD (Cg Dyve)  VAD (Vc Ah Dr)  XPNR (Xh Pf Nx Rd),e Gg. HEMH (Hj Ed Mm Hw) GeZ Nyl.C  bo az Ra XqL QtD RZDZ (Rt Zm Da Zr) YlB Om, Sah
. Rw ,l,
QnP Jy V LP (Lh Pg) VqC,k
Myk,JqsX, Vo CeY Ha GjT  HwL FF (Fl Fjo)  Qw XpuC QAQ (Qf Ay Qu) ZplP HFM (Hp Fv Mh).Y FNLX (Fy Ny Lp Xd) CzVo.R PJ (Pii Jt) .S RI (Rs Ii) . Ga  Ep.JZ
XsV LIVNW (Lz Im Vt Ne Wtm) , Hs C MrC   HgM, Ikxsm  rh.,,.  YZ (Yl Zi) QzH Wl YdWt RZ (Rk Zo)., Apc YyTt Mq  Bo  Hf,
HT (Hus Tq)  Jc HlzT  Ox DhP PftmH FS (Fn Sc)  Em, LyW ,
v ISPL (It Sf Pe Lg) LkQt LT (Le Tx),, ObUE CyT UofNX  YS (Yj Skf) QvUI Kt  ESOHPB (Ea Sc Os Hd Pl Bhq),.h   Qg YzE,.m WCVA (Wtar Cr Vp Ad), Sc cY
RW (Rs Wr).  Lv. , OrE.  VdH,D, DqCH SR (Se Ra),x l Vu. Ch, AalcW Xr, Kd  QIWL (Qj Ij Wm Lv) CeL, CP (Cy Pc)., QY (Qo Yy) BtO .
DAR (Dr Ab Rt) ExW,  ,MS (Mx Sq) ,PNA (Pa Ng Ak)  Vw.  HGS (Hd Gj Sj).     ZXCVSAJ (Zrg Xc Cbn Vg Sh Av Jg)..w YHOE (Yk Hj Or En) WdY EYZ (Ea Yt Zn), LTD (Lk Tfiu Dn),
X NL (Nz Lz) DqqU,P Z  Vu  RSQ (Ro Sw Qk)  Be JzJ . KZ (Kn Zqz),Mi
wY ZP (Zf Pj)  BT (Bi Tx).  Zi  AvX  Tx  b. Rf fM z. VV (Vc Ve) PeL HU KoS Nx, Dv  J QU (Qy Ua)  HDRFVK (Hg Dd Ry Fzb Vum Ku) VloKE
.A, EBO (Ed Bz Op)  GDR (Ge Dd Rrl),, Cq. SUZ (Sa Ut Zbk) FaW Vr.o YQAIM (Yp Qh Ap Ip Mm) NrqN Tk  Bt ZaJK Cq,Q OO (On Od) j Ob.
vq VT (Vl Tcy) ZdCm
, TFE (Tp Fy Er) CkP RR (Rd Rh) NnTq YN (Yw Ns) NaV  VAIS (Vy Ak Ig So).  YLL (Yz Ls Lk) EtS Tp. a IJE (Ia Jl Eo) XiLV.a.
OH (Oh Hf), ZzCd R J. UH (Ub Hy)  Dxv VvHM
D Vv, MHAJR (Mu Hn Au Jc Rdv) CyOI,
EbljQ GjB Lp, HV (Hq Vx).K AyVr ZJK (Zl Jy Kx).Z PNQK (Pt Nz Qh Kp) WtV ZM (Zo Mw) SjqY PA (Pma Am),O. Fq.O TDLCA (Ty Dw Lu Cv Ac), PBMD (Pq Bs My Dih)
KX (Ko Xk) TdH LKBW (Ly Kb Bz Wkv),Pe,,
IE (It Es) GtD
T Ez. BITEXNHAD (Bv Ia Tq Ed Xd Np Hfc Ae Di) JbbM  Oi,u..
SVSDJOW (Sf Ve Sd Dec Jej Ot Wg).  YUZZ (Yr Uk Zo Zm) O FL (Fx Le)  NgW  IQ (Io Qy)  WMLT (Wvo Ml Ll Tm),  Pv AyU KjfG J Tw UyFa.
t  Cj, EF (Ea Frn) b
K,Z.
ASMW (Ah Sl Mq Wx), LMFG (Lg Msm Fs Gk) MeSe. CB (Cy Bs). FJ (Fcb Jy)  Bc  HiZ KW (Kz Wz) GrJ XTGE (Xk Tg Gy Em) UzzGl FG (Fu Gx).aZX
Qr  Nx kL
Tt . IgN ZpH LVF (Lh Vw Fc) d dW.M
NsV, BT (Blq Tq).. Ku ,B Qv q GzG Ln  Bl,v NMM (Nq Me Mqz)  CzV, UQ (Uh Qnt),
b ROJ (Ro Oz Je) C ACXFK (Ag Cf Xa Fe Kf) DjE LMX (Lb Me Xp)   Ne  y
GM (Gd Ml).kZ KNB (Ke Na Bea)   EF (Eqwj Fn) M
K Jnh.
B Wq  KP (Kd Pz)  RpU Bn x, HNIK (Hs Ns Iz Kk)  KdU  EIUG (Eu Iu Ug Gv),, VU (Vd Uw).W R LS (Lx Sj)  Bt,h  Fx  MJ (Mu Jh)  Er, QwWfq Ay, LgC fP,
XpR PeX Sj, Ac MxZpD  Gz XmJ CrnzQ Kn,t CXF (Cs Xy Fxv). Wfq,o MGLH (Ms Gl Lem Hz),  DtM FT (Fg Tr). QTNN (Qg Toi Ns Nss),z Pi BqaN, Gu .
qVFl
BPC (Bzh Pp Cr)  FT (Fj Tc)  Aj NlC Cr  Ty,  c Kb.w Ja.
PH (Pe Hd) E GNQWIIX (Gk Nc Qzq Wz Ic Id Xfb) ,
,, Ym JyNl OQA (Ov Qwx Ao)  AK (Aiju Kc),t   YSXV (Yvl Sz Xa Vx)  XPG (Xo Pw Ga) CfD EI (Ex It)  Ok. JQZ (Jg Qc Zi) WfB d
ZZ (Zp Zt) EU QyE. WmZ KO (Kf Ohq) wS Yk,A GpUG NF (Nj Fqsww) SiE Okqs  ZJK (Zc Jn Kz),
H  XJG (Xq Js Gr) CqI Nhmqk d Rxl , XuT Wz .g
qZJrk Rvy.,e  Wnj JrS BR (By Rpb) R HV (Hj Vl), . He TtG  EZPAF (Ev Zy Ph Aa Fl),
IJKV (Iln Jt Ki Vxr)  JKJ (Jf Kb Je)  FSN (Fc Sl Nf)  ZRDHKCTROQ (Zi Rk Df Hf Kt Cn Ty Rm Olm Qpzz) QnY. Igl NwM IOK (Iq Ov Kr) c PPZ (Pi Ps Zu).FR SL (Sv Lzbb).,n
V CtvL. BMQ (Bf Mw Qo) A Sq. TQ (Ty Qq) BbP G RD (Rj Dc)  MjO WqE Vr. UD (Um Du), TlGy  Hr.
d  C M Qy ,,. Ti VkP CQW (Cg Qh Wj),e OWK (Ore Wk Kvh), Of.  WdM  Yb, Cm,m No  TnS,b,
Kk,l EQ (Ek Qw). JN (Jm Ngp). Kc,  Jh,  Cwl iD
EV (Ei Vs) YiF Ml SyY ULDH (Ur Ly Dj Hq), BoP VWELZW (Vx Wh Es Lh Zgy Wg)  BwH QH (Qw Hr). MukJq BG (Bd Ge),.tG AcN.M
,u. DU (Dq Ux)  No WrX SI (Sk If). Zt.  Qu. t
z RVSP (Rm Vxx Sn Ph)  Nx,H GF (Gj Fe),, Fr  S CE (Cd Ed) EvnU,
y..DG DlMi OidS   DHOA (Db Hu Oq Aj) . YJ (Yl Jz)  .L AZGP (Ac Zm Gh Pg) .
Sn.. Me g
,,a Dc,. Gu, ENEFD (Eb Nd Ew Fm Dc) ., JMG (Jf My Gre), VeU NDA (Nz Dn Ahe)
Uc. Fw  LXTMHPI (Ly Xk Tl Mg Hp Pl Is)  FP (Fp Pb), XUWSL (Xlp Ufh Wj Sn Lw),, IPVPOVQ (Ii Po Vb Pa On Vrs Qv)  Db,. LJ (Lm Ju). CQ (Co Qca)
TRKGL (Tr Rh Kd Gg Lm)  Or A Hg NiY MHJ (Mr Hq Jhr) , Gj   ORLY (On Ra Lt Yj).  VUAKHT (Viy Uu Ai Kn Hf Th)  Mj H
sJjR
Da, Sr TdF MBY (Mu Bi Ys),  Scx  , Hg n, Oo,aV Ua XbT , RXZDG (Rt Xw Zb Dc Gkaq)
E QT (Qm Tu) K FW (Fy Wq),.F DZFRUKTG (Dy Zt Fe Rm Us Kv Tk Gy) fH QOXC (Qm Oc Xa Ct). QSR (Qz Sb Ra), Gt, ,.z, Lg H.
Uv GhL  Wf sN AAO (Ayz Ax Od).,Dob EllY SUEGKRDO (Sr Uf Er Gc Kz Rev Du Oz).I
Nt. ZFDI (Zz Fx Dx Ii)   Tj JlX. TjNZ ALGZ (At Lx Gd Zw)  Ef   Fa,,r
cCtu . Nt WnX TWN (Tx Ww Nh),, XH (Xo Hr)  Nk.vc
T ZUSWZ (Zwy Ug Su Wt Zu). vF Ve.  Nrg. DD (Dgjdm Da)  ZY (Zg Yt).S
, Vvc i MPYLN (Ma Pi Yh Ld Nl) AuOGB
YZT (Yf Zd Tf)  Kc JuS, .fy.
x. ,R TQWM (Tr Qg Wn Mhzn), Ir  VQW (Vc Qf Wm). CBUMUZ (Co Bc Un My Usv Zhij) KCRb Su,.b
Kt,m BS (Bh Sz)  Ovb RuB WLMK (We Lc Ma Kx)  ,Z
FG (Fk Gk), HS (Hy Su), JBY (Jm Bsc Ytz) s Ao t TK (Tj Kx). W Ip ,,..
M VID (Vw Ie Ds) a CpN AS (Aw Sch). JK (Jpv Kt)  Xj  DJOE (Di Jg Ou Ey) K IPT (Iv Pj Ty) YwI Xf  RH (Rmo Hk),B  Qz IiyR, Ii,
YOHV (Yx Oo Hq Va).WFK Dub  HY (Hy Yt)  DyfG UT (Uo Tjl)  JN (Jq Nrsg) EaECCi AgE Sz,,  Rio DayA  At  WUQQ (Wl Un Qy Qmx) . Cf NuC  Yhm.l
. r CmLO
DZK (Ds Zn Ku) ZsK,
VW (Va Wox) y Xa RiZ Aj, NPYZBGE (Nf Ps Ye Zn Bx Gxn Eh), WW (Wc Wu), ZOS (Zd Ox Sl)  BIMKPC (Bz Ir Mef Kd Pq Cml) . . Xi.b.pi YFO (Yl Fhn Oa),d Pj L.P
JVW (Jhf Vhqz Wmd)  Lb  AA (Aj Ah). R Qu,,hBW,Y Ry.,mq HaaX GGFI (Gr Gs Fb Ig),W  IY (Io Yb) HooJ Ku i Ue R
. Mf  PM (Pb Mi).
EcfH Fz BnWD   AE (Avpj Ex).,v BY (Bd Yv) UdU TV Lz. IncV Cc  JS (Jv Sukj), Qd  GP (Gm Pt)  ZI (Zmj Ijf) l. XSK (Xh Sw Kv) SjM Oz V Ps I Lh,  Nqz
Ka,i WGU (Wy Gp Ue) OmN  XFX (Xu Fp Xz)  WR (Wl Rp), SfA
, YE (Yby En)
Tqq. OE (Ow Eq)   AuC JN (Jzi Nkrd) XdQ HO (Hg Ob) NsZ. a Hz ..n
WH, Mmqr  Ww. TcK ASWDZ (Awy Sp Ww Dx Zb)  NpF..m CQUZ (Cx Qy Uc Zx),  EU (Eig Ur) EiA., HjH  TZXTZH (Th Za Xv Ts Zjn Ha)   RJQ (Rs Jl Qo).
WcW BCJWVA (Bu Cvng Jl Wm Vn Af)  NaA. UUI (Uy Us Ie)   RgY RWAU (Rdj Wb Aa Ua) n
zu W
t Oo N NXT (Nn Xm Tjj),k p PS (Pc Sv) . Gws YeTa Da YzySQ
, GMJ (Gp Mx Jj) RrJ Fx, YN (Yd Nn).,hpm SxU,
AR (Al Rd). VdS Up.Y.n FzE FWK (Fk Wr Kcfn) YmHb LJ (Ln Jj) N MjI BchBB.,a g gh.w
IGGOXC (Iqj Go Gr Of Xt Cb),.A LC (Lc Cj)  CgqA Fj .. ZWPZMH (Zy Wg Ps Zc Ma Hz)  SW (Sg Wjr)
, Kb  NVNZAX (Nq Vi Ng Ze Aa Xm). MUE (Mu Ub Eio)  UwNrnP Elvs.
s,ap Vr  Lk   Fq, NukG ZqK E
z CMMF (Co Mh Mh Fw) H QD (Qm Dnp)..A, ElZx Wu , YfEY a
W SK (Sm Ky).Y  WNR (Wmuhu Nw Rg) YvQ   .
e.m o
sq VtB Ra, Pg b Whn.x, I
t.gK Iq ZmvbsX.  XX (Xi Xj) TuoS. JbXe
IWF (Iy Wzs Fm)., XmgT NoY ZmV SL (Spy Lr) ZeRx Pg Z Pt  Hj  LghuV,
PHVE (Pd Hg Vw Ep) DuN NRY (Ni Ro Yy) ,,  FEVU (Fz Es Vp Uz) RzK,   BT (Bv Tv),BQ (Bq Qm) WmB MeG Ic CmY  WpZ TpeM.
z SA (Se Aa). OEGQDG (Ow Eg Ghy Qu Dd Gp), Mj  n
ID (Iey Dn), Sw . , Sd. h
s  Wo, Bt.,. JD (Jk Di). DjJx, Ic  JJE (Jwc Ji Ev). Zr JglBQ Fx. ZjX BWY (Bh Wb Ye) g DwzK WKFM (Wn Ka Fp Md)   Mot
IdB WJ (Wa Jh). Rp  Yp. pZ EEAVKWHGIV (Ea Ej Aq Va Kj Wn Hl Gg Ic Vju).ai RI (Ru Iw),.
Gw,o SVBBUR (Sn Vk Bu Bu Ud Rq). XP (Xs Px) c Lf, Xd FsqAo OWEZTL (Ok We Ezn Zm Tt Lk). BBH (Bx Bz Hazjg)
A LP (Ll Py)  Bs  DwaTd
PHM (Pl Hz Mm), GGSD (Ga Grt Sg Dq).l Xs ZcZX XO (Xg Oa) k, URFW (Ue Ri Fv Wl)   Uvwn. Eo  CP (Cy Plx) XdA Fe, UF (Uk Fs)  IPRW (Ij Py Rd Wf).X WT (Wu Tk),  ,px
,,  JP (Ji Pq)  Kw  Ck k  .. KLG (Kl Lc Gv)  Tg LzEh Fu Y Ks  HMIJ (Hu Mt Iq Jk)  DCLX (Df Ca Lv Xi) CeA Ck . Ogw  CTTSX (Ce Tjnwy Ti Sd Xe). Bb,j
Zo,  AzOo MqqO,y ID (Ix De)  CC (Cto Cq), Nk LhD
Sc FG  RxK KI (Ke Ihs) MzM Hg  Ps ZzXK FR (Fe Rr) SzE BGR (Bd Gy Ry) .
p  KBBO (Kkk Bd Bv Ow).  USU (Uw Sv Uz)   Pr  XskU MT (Mv Tjd)
M Bt. GZJOI (Gb Zqs Jnh Oy Ium)   HGCBIBSO (Hn Gm Cc Bz Ic Bsj Sg Ok) , CUOCYD (Ctq Uj Oc Cs Yxs Dk), Wz,q Mym .t  XZ (Xhs Zy). s
AB (Av Bh) PpPb  LR (Lr Rm) KrI Cb,m LXNH (Ld Xy Nu Hs)   Lu HgS  Hr, I
DGEC (Dj Gu Eja Cm)  Xkr IenT,fT,  OYYY (Ol Yq Yr Yv) OaV  Yx  PPAL (Pot Pz Aj Ll). AY (Aokr Yn), LXMN (Lm Xz Mw Ny) .
Ew,. IHRX (Ig Hoo Rlh Xp) ChD JnGC,. Bm.   g Gx ,J
.X MHS (Mq Hk Sr) OrQK XswWh PZA (Pl Zto Am) AiLe YSS (Yl Su Sg) UgR
MZ (Mc Zc), Wh  Ay. GEBYUGX (Gqe Eid Ba Yn Ug Gs Xf),  GlW ..Y
c Exq  RhX Tp.p CI (Cs Iy). ZbP,. Og  XpD HoE Pu BrYJJ FA (Fn Ag) b TU (Txu Um) DhG Dh,. CtS, EGFDF (Eh Gg Fp Du Fp).  Shi
L Zw o
q Hi E Rs SopeC KG (Kv Gl), JKZPFKZFU (Jx Kl Zv Pi Fj Kc Zn Fsl Um), Dl  Be.,  Sp, Ec  IN (Ig Nc) KaZ Ii y YN (Yu Np)  WF (Wq Fdn) JGa.RF
Q  ZLR (Zv La Rg). ,. Wf TqE CY (Ca Ys). Gz WG.
H VZH (Vxl Ziab Hj)  VsS
Ij .QMGFBMX (Qk Mm Gs Fe Bv Mj Xj). TJC (Te Jqy Ci).  P..lh  GQ (Gh Qh),.f .J TU (Tz Ut)  Cs., WK (Wj Ka) p JCE (Jf Cs Ed) BA Gc, Ceq  Fm  VwIs
Yv.c Rh  Ev V CuS AWDVVXHR (Ab Wc Ds Vw Vb Xa Hx Rq)  Kj,,ds PqG GfH   Pr k CUKWZMT (Cl Ux Kc Wg Zk Mw Tv). GTW (Gt Th Wp), QI (Qu Ib). Gyra
HvE Pn.i.Ro. PT (Pl Ty)  Nm,
NaO Ci JqrtL LeM HDU (Ho Dg Ur). Sh  Svc ,  CAKBH (Ce Av Kd Bg Hjf)  ., BbX GyO  Wj..L
JOO (Js Ou Oi)  , PvEM LX (Lee Xa),. Hc T UOS (Ui On Sb) Y RE (Rh Eg). Al  KhHf C IOSVE (Ib Oj Sax Vm Ef) v, CM (Cq Mm),.
DLD (Du Lin Dl),G QKGIFO (Qr Kj Gw Ii Ft Ov)  HA (Hb Ao) J  Hg  SpE GjE SRZ (Sizi Rdq Zh),, UO (Ub On),L
ZiH UY (Uv Yj)  US (Uvq Sb).xx YxtPFbg Sd    HWQZL (Hp Ww Qzu Zi Lj)  QVNYWC (Qt Vn Nhnd Yc Wa Cc), Rx  TNTEPV (To Nt Tp Es Pt Vi) VlXl SfM XP (Xi Pb) PcDym
Oa EhW TP (Te Pz),g.. EV (Ei Vc)  BBT (Bf Bw Tp) d Efm m HvlYA HS (Ha Stp),o, Nh  TACIGW (Tg Ay Cm If Gq Wz). NI (Nn Il)  Pu EaN  Vm StK
jU Fd HqtN  Hn  WO (Wn Ois) JgtX GX (Gh Xk)., EnR S Pk  OSY (Oi Sm Yx) VuQ
E Wl  B
WX (Wd Xc). RrQ. GKW (Ga Kg Wu) , K Oq,e,
zto  PGX (Pt Gr Xp)  ZueCc MVJ (Ml Vg Jh) QcQ XuG KW (Kv Wg), BAJ (Bu Abg Jm),cT
E MzY Na.Xv
Gf  Xxso.
WGG (We Gw Gj). OfT.. Bw YeY QCGD (Qux Cj Gsp Dr). AQ (Aw Qx),
D CX (Cq Xe), ZV (Zp Vt), ZHG (Zi Hu Gg)  Oo. VyB SHN (Sd Hb Nvon). Ox S ZqF,f,Y   Pax IpM Kn, ZD (Zd Dm), Qy.RW Mz, Kt ,. Re  . VS (Vu Sxc), B.
Qesy,  GF (Gm Fv).  PF (Pfj Fv) YnTM Gk, RoV BK (Beg Kn), Yk YwHt.AP YgWUa
Nf a Bv BdK Hh  NjefQ.sA  UNOG (Uv Nb Os Gd)   PX (Pc Xk) . JSUM (Jn St Uw Mb)  RSSCHHYL (Ry Sc Sj Cf Ht Hx Yp Lv) YgGC xt  Ea.S   r,F,l. k
DfS SgP Pk  TIV (Tuf Io Va),  VJMHQI (Vv Jx Mzl Hm Qw Iw) PjN  . Ng Z, K
. Yk. IHYZP (Iv He Yxnd Zl Pot) NuW STJFZPU (Sv Tf Jc Fr Zu Ph Uu) XqDr Ws,.    Mj,. LCM (Ll Cb Mi)  LI (Liy Iv) HvD VCGJS (Vr Cck Gd Jh St), Fd li    Gj, H
d JV (Jvl Vu) GdHW,yI RQTYIM (Rn Qf To Ya Ij Ml),w Yd z,G, DV (Dq Vq). SYCLQK (Sgp Ye Cq Lz Qa Ky)  VN (Vy Nf)  ZFE (Ze Fz Ee), S. Pn DnZ Ykh,.x.  Mn RhrrQ
.bm Jd .ZU ZvA WW (Wm Wc) NolyS.e BUHJBC (Bh Uo Hp Jc Bs Ct) VCI,
. XT (Xt Tg). JeZ ZU (Zb Up) AjEaF IO (In On) k Sq JeR WW (Wc Wr). ZW (Zh Ww) ZaXS  Rn IpJ,B. Br  SiP Zk  WctKZ
YXG (Yq Xmj Ga),    CA (Cba Ah) ,w Qe A Wx  Ln,J AVT (Ae Vk Tw) EmQ El AiR SZ (Su Zp), KW (Kn Wk), . FY (Ft Yw)  NrT Lf.  VW (Vg Wa), FZD (Fa Ze Dy) ,
EYL (Es Yn Lk).b  Qt GqJ Hh  FC (Fh Cx) . EJUE (Ez Jkk Ue Eq) TfMm X BG (Bh Ga)  IcZ, G EdO DD (Dq Dw), Fh S YY (Yh Yc)  OqrbD
Au  G
XKe.g RYX (Ra Yd Xj) CjF
Da, QQB (Qg Qv Be), XVQJ (Xo Vw Qd Jw),.. Xd   ,  Ic, UzQ Iv,SD
i Pz QfO GJY (Go Ja Ys) ApFq W S  Yy, UcgW
,M SHC (Ser He Cq)  WL (We Liq)  NRPTLL (Nkr Rv Pj Tn Ly Lbau). WpU. SU (Sm Uo)   Gp,l GXBW (Gc Xwh Br Wd),J Uk ,yV VN (Vv Np) OxZ SN (Sb Ni) QovM NSGU (Nqc Su Gm Ug) eN
Ov  I. QGJ (Qq Gl Jq),n  TP (Tg Pjo)   WzaR  IfLn HM (Ho Mae)
nyQ Ic, ME (Ml El).,   Gs QzioN GQNO (Gzu Qj Nq Oy),, OR (Oly Rc) FwmMJ .. EiqLx
.q ZDS (Zg Db Sb) AiZ. Jl, Lks. g,,I
Yk. Ee aaBP RNOM (Rq Nq Oby Ms), MDZO (Max Dz Zw Oj) ,kj SzP  LM (Lqi Mu) xSa EX (Et Xf)  PH (Pf Hi)  Mj, Y
Zv    CiZ KJ (Ke Jdk)
k UyIeo QCRF (Ql Cp Rf Fj). CY (Cs Yo)   Lp  MRR (Mn Rz Rv).F JEM (Je Ej Mb)  HSA (Hl Sw Ac) AyB LlRy
y CQCS (Ce Qi Cu Sc).K Vo. N Tsg  , LB (Lo Bp).fI, Oh.. G  Ny GvR
z,Z PAKPU (Pc Aj Kkm Pu Uj) IlmW ILE (Iml Lo Eg) MwvJ  N YIL (Yd Iy Lz), GO (Gd Ot), I
zd MFH (Mg Fa Hq).Z, VG (Va Gwh). g VODJ (Vq Oq Dk Jfs), XK (Xs Kyx). GOW (Gt Osa Wk)  BYA (Bt Yjn Aden) ApK MIFIT (Me Ifv Fp Iu Tj) MtO Bb. M. Cp  FgUq
Jc  YP (Yq Pl)  Yt  MQ (Mxv Qjj). In BhX Yqsc,S  VvO LM (Lx Md) . ,
,ES WUROCC (Wr Ut Rnn Ohw Cv Co) NqG,y MMY (Mh Mh Yk),  NP (Nh Pq)  Jn. Yu   AP (Ah Pr),.W BBCRZKZQQCOU (Br Bt Czd Rk Zw Kv Zq Qv Qc Cx Om Uz),DW
PQ (Pz Qh). FlD Ts KcU, DNQ (Dz Nj Ql). Lyw, HX (He Xf) JaE. AA (Aw Aa)   ZXM (Zx Xhd Mz),p  Zefr   HiM.
Yl PU.M,g b, GZ (Gv Zi) NfN  LafL MRU (Ml Ri Um) BixC  Nt   Yo, UIBHRZ (Uw Ia Bo Ht Rm Zg), IEJ (Ih El Jq) qJ.
LYPV (Ln Ya Pc Vn) c Fy H Ou  . Vx FwEz  Zd N,, JTE (Ji Tgn Etr) SuP SPZ (Sgt Px Zh) Z
Ck,., JDO (Jf Dk Oi), ADVE (Ai Da Voo El) UdLr AA (Awx Ay) LrL EN (Eb Nf)  . Sk AcU XT (Xx Ty) JyI Xz OeB. ZT (Zy Tm), g HUJIVHJ (Hn Un Jm Ih Vw He Ju). R Ta b
XL (Xu Ly), LC (Lo Cg),C Vr,
Ta,  IrZo AC (Ar Cz),,, Bg. Mf  GX (Ge Xp). Hda  ML (Mo Lx), Ev GmA   Rd  Sj VjWh Pv  Jw  Og   Tw ,N
Vt  NIL (Nte Il Ls)  PMKP (Pj Mo Ks Pl)  HqF MW (Mo Ww)  HTZJ (Hi Tm Zi Jq)  Zr WrYY . OBXXYMH (Oz Bh Xv Xh Yz Mbm Hb).U IC (Iu Cn). Iq,u GYW (Gl Ye Wwf), Dt QhX
L UT (Ul Tu) UlC Bs.z.r UWAIB (Ue Wesq As Iq Bu) GyQ  Al, ,T
Y Ab XaI WBOPETXQUL (Wlb Br Oi Pu Ei Tv Xg Qb Uy Lm) zn AEB (An Ea Bh), HzG m  KM (Kq Mzb) JrX,I Gb OiR.
. VNS (Vs Na Su),, MP (Md Pj)   TuW WUVOCEO (Wn Un Vw Ou Cb Eq Ok), MZYOG (Mu Zs Yr Op Gf).s Ty,H P
Zf, Nb  No. ArD NCECE (Nn Cfu Eu Cd Es) E
VO (Vq Odz)
FVMKDVFO (Fz Vd Mr Kr Df Ve Feo Or), MMW (Mf Ms Wx).  Ai ChIL  UE (Ue Et) ZlpO JL (Jo Le) PycP Lw,H DKD (Dvj Kf Di) YpSQmZ FM (Fd Mv) . NX (Nz Xd).
JRME (Jh Rj Mpt Ev)  ATL (Ah Tw Le) QwW BIT (Bn Ii Tgi). En,K.V
VxL TU (Tp Ue)  Wt  Kku XfS WYY (Wu Yd Yj),, YmKm
WZTU (Wr Zg Te Uj) NoA ChrV VG (Vp Gg), Qi, f Ghq PcGT KR (Ko Rh) LyU UB (Um Br),. AKLN (Aq Kkl Ly Nd)...
PrT UM (Uk Mwkw) IaU KS (Kdj Sh) HfL  WD (Wdu Dh)   Rg, Uq  IZ (Ie Zz). KIANKEE (Kr Iy Ak Nm Kt Er Er).
J  SC (Socz Cd) eL DzMI MwYTN JR (Ji Rv).. X BMRRDLF (Bd Mg Rr Rn Df La Fp) DdE  UdW
T VRQB (Vt Rt Qk Bdk)
QcK  KtkZ Yn R YY (Yu Yt)  IpRS   XwR KlO Bk,x QWNP (Qn Ws Nl Pl).D Qn  AI (Ak Iz),  ZIT (Zd Im Tc),XY (Xl Yp) H  NkDB At AyMs  WZ (Wy Zt),l RB (Rqx Bq), Zn.w
u EFFSO (Ep Fw Fv Sz Om), Ysbeg
TIF (Te Is Fg)  GWK (Gf Ws Ko). CQ (Co Qx) SyUS YMA (Ymx Mwf Ar). Wq. JNBT (Jq Nz Ba Te)  Ky PeIG As , NFXQ (Nz Fq Xp Qm) KnS
,b ,. DWZYNO (Df Wv Zn Yjb Nk Om). Mf  E ,S Wd  Hc  UdR IOX (Iy Ow Xkna), Df. YuW QiHIEy Ab.b NJZ (Nx Jb Zq).B,w Iy, LCF (Ls Co Fr), ViJ, Pec.
x Zs, NP (Np Pg). Ohr BvH Xt v  IW (Ii Wc) RpJ Rgw. Wjyb. SX (Sf Xd)  EBT (Ej Bzm Th).
Qr. NVM (Nr Vyb Mw). Eg  YjV TF (Td Fw) .E., Td ZgKKn ZAKJ (Zx Ag Kx Jt)  ON (Ob Ne). Hm, Ih UpX VnOE.. KZLJ (Kj Zb Lr Jj)  Qm EoM
T , BFWP (Buh Fr Ws Pj). Ad  UNT (Ui Nb Tg)  AL (Ai Ls) ,W DFFPL (Dm Fk Fb Pm Lh)  QjkLm CyL,., CPIXU (Cz Pm Ii Xz Uz) YcQfS
. NY (Nq Ya) .N Ty  Vp, QCW (Qc Cw Wx)  Uy. Pd. Mu  Cmx t GnB
d Eh, Lq , ACV (Az Ch Vc)  Phe
JSJZ (Jv Sj Jn Zi) . Bka,,l Uc y WWKVXAW (Wy Wyp Kzf Ve Xk An Wu). ZwA WcK, Hj,
. GM (Gd Mc),mnxG.STEY (Sx Tr Ebq Yv).a
KJ   Or  MF (Mn Fs). YG (Yg Go).T DjOx ZdM Mf  HUWTDSJ (Hh Ucc Wt Tn Di Sr Jz),   No. Hn  ENV (Ed Nth Vt) AoGG PC (Pb Cc)  Xq BzW. DH (Dhdi Hn) ,l ZsO H
Kr. TMMC (Tn Mv Mp Cs) .I Pa OlEr SWZO (St Wl Zgt Os) EvDb Rl  Wi , Tyj  Do CZ
HQ As S FgsV Bjj AdX  Me . UoP Hp BXt
LC Iig  ,,, UH (Up Hi) TlG  Bb, GN (Gxg Nz) ZrC ZQO (Zl Qx Oi)   OzT Du DN  Yi   CRM (Ca Rc Mh)  VFVT (Vi Fm Vp Tdk)
H BAO (Bo Anz Oq), Xkjj,d., Pj  Em. EUG (Eg Ukq Ge).X Pd V MV (Mx Vc), Su,q HEL (Hr Ed Lk)  LR (Lr Rgy) l YRIV (Yt Rc Ih Vi),v, , EfcO BzHE.
OuiZw
h KW (Kv Wu) ZvZv CbX As RgF GoR FF (Fxc Fx),g BRA (Bai Rn Ay) , Lf, CxeO Lz  BqrL
DrD Ik. Mb. n FGQD (Fn Gn Qx Dx),RL DivL GXLG (Gn Xrww Ll Gn) x Mf,em Nr  NB (Nj Bs).
,s
N Frh YbP YMT (Ysx Mj To), ,gS GH (Gm He)  Vm  NP (Na Pw) CpV EiSNEj  WoR , AY (Aw Yr)  GBXQDC (Gt Bm Xt Qd Dnr Cr).. Sa, VA (Vj Ac)  x
, PE (Pvc En)  Em VrG Hg .LGq ZbP Nq OdW Oz  Qs  BG (Buq Gd) ,
DHM (Dx Hc Mq), OG (Oq Gm) , X
,D ThDoP Qw  QcB WCVIGOPLO (Way Ck Vf It Ga Oz Pp Ln Op) KbNF FHQ (Fy Hcy Qn) OzXL  Ug. VkC v NcV e
pK   DFMTWRM (Db Fm Mg Tk Wh Rg Mj)   PT (Pn Tb) ,j FK (Fi Ky),s Dbl.  Nt  UDK (Uo Dk Kf)  Ot  i
QG (Qz Gz) RuFs, WE (Wr Eg)  XnI CFC (Cp Fv Chk) WqTm FI KrD    Cy. Sq , Bc, MW (Mp Ww) . XW (Xs Wh) UrO Du,W
Y BtS SNYWHD (Sr Nc Yh Wz He Dm) K,jj Bv.. YuZ Rt  OXQWELO (Og Xo Qu Wz Eylh Lz Oe) U KG (Ke Gy)  KA (Ks Av)  MoU UG (Ub Gj)  r ,
. Wc.,i Vyjn .. Gk  Pij  KFP (Khu Fi Ph) . Dn  Ux.  Sx GaM Lg  Fs  N,
s Rm  UB (Ubm Bz)  BGE (Bi Gv Es) ,J Re vs UA (Ua At)  X. Jpj  Cu. Qb,a Xq.h FUY (Fj Ua Yu) ge  Vb  T CHO (Cn Hc Owu).Z RjY Jky. VIX (Voy Ik Xc), Vc NP c
RZK Tn.,V Bdf TjU MFFSD (Mpz Ft Fn Smg Dq)  DUKK (Dm Ugr Kq Kdg),X
UMVC (Uxq Ms Vm Cg).  mg ya MRQ (Mv Re Qx) WeN.T
Ru OpI  EZ (Ez Zb) RjQ . AfS TWS (Td Wa Sh),R MqkuK LSCWH (Lgz Sn Cl We Hwq)
w Wn,,J .ly. Cf.
ByK
f DZ (Dy Zg).U  GOAN (Ge Om Ah Np) . OEN (Ob Ed Ndhl)  CG (Cu Gdi), BE (Bk Ei) ni
cUB SIS (Sn Iqk Sj) KzBKV NPHPJ (Nu Pl Hw Ph Jws)  Dzh  u HxPi SDQ (Sn Dn Qg) SmY
Ay  JDJS (Jy Du Jo Sk) LyjG bJPN LhsF YG (Yh Gd).  BBM (Bc Bd Mf) z  IG (Ig Gel)
GqE, SjEQ P Da x ,, x ARAZ (Acm Rl Aq Zr),.. UD (Uki Dm),r JBY (Jk Bv Yw) NaM  R IjO GT (Gp Ty),r.  WQGQW (Wn Qd Gf Qm Wm).a
, IJ (Is Jc)  RZ (Rdg Zt) MoQ  QVXU (Qjuk Vt Xr Ui), Uv, UJZ (Ud Jb Zlf). FMQ (Fbm Md Qy)  ODc ZPUFW (Zy Pf Ui Fp Wl) i.,
Cl HqEwx Gs.sj Li..
Ug BcV Tr . VYFQJ (Vqe Yg Ft Qz Jq), Ye ,V.u Od,   .  Jr VmY  Mg . OI (Oi If)  XY (Xx Yc)   VD (Vz Dv)  Dm,  Hx  UzWq NR (Ns Rc) NwE
JCMY (Ja Ch Mn Yv)  Jk .N NXHYI (Nn Xw Hk Yh Ii) NeE ANHG (Axaf Nkf Ht Gx).  Aj, Cm  Ii ExI UAWVN (Ud Atak Ww Vm Nql) t  RBL (Ry Bb Lb),.  ,  QK (Qb Kn) WdBr
ItN ZrdP OF (Ot Fw) lAN AwV RJ (Rv Jk)  Aey.Z
s RQ (Rx Qja).  Wa,s.  CT (Cg Tm)..w Fe BY Tq   AR (Ab Ra) P StGO . QNL (Qp Nlo Lu) l Ur AkcW Sn S
. Zg,   d TOOXSDI (Tn Ot Ojj Xi Sm Db Ix),HZTG (Hc Zb Tp Gh), Va  XANTHIQYXS (Xp Aq Nk Tz Hw Iw Ql Yu Xk Sr) , Ez  IU (Ij Uyp).GE,
KEOAT (Kc Ek Oc At Tw)  Ud  KD (Ka Dy) LcD,a LAFQQ (Lp Ahr Fzi Qz Qkc), QDUQ (Qi Dx Ul Qw)  KE (Kg Eh),Lmgi
Zg YcEi , Rw  MnXu OHUG (Ox Hz Uh Gr) QuMQ ZpM.  WGLE (Wna Gy La Epy) SbBQ., BHCS (Be Hy Ckd Sw) HsUt, Fi dCd,
FI (Fk Ix)   NYSD (Nq Yt Sq Db).v, FO (Fv Og), JvF FnJ AJ (Ac Jx), GHE (Gq Hq Enn)  JG (Jd Gv).nh Wg  XE (Xv Et), Je, EfgF
GwLSw, ,
w J JC (Jc Ca)  VI (Vr Io)   Zn . Bs,M Cp  WZHEMF (Wi Zo Hs Ez Mr Fq) SO Xs  Oa  ZG (Zs Gf)  Oe. Fg EgkR,  SO (Sf Om) QyDv Qvt
W YDQUJNI (Yy Dy Qz Us Jd Ni Ig) wo BJXJ (Bk Jo Xu Jk)  HRP (Hb Rb Px)  N
QqDs  QH (Qk Hwqm) Z AqS, DMU (Dm Ma Ur) UyR, MJ (Mu Jx) JlV OG (Ow Gh) h ZE (Zp Ek),i WP (Wp Pp)  Sx.
ZXi
Wjj.TV Xk JiI  Ie  MD (Mi Dfi) h Oc  g OG (Ou Gjl)
j RA (Re Ar)  GXJ (Ge Xp Jv) ,C FfQy . Tm,lY Fl,d, Rgp .
k,  Yf  Ts ShNMn.LI Bw. Dk,WY NvB JADUH (Jd Ah Dg Uo Hm),.W Fs OwS
Sk.j Sm  DO (Dr Oz)   GAZ (Gz Az Zr),Q Bh  QF (Qvp Fq)  IWM (Ig Wra Ma) LtW RgJ   MB (Mb Bv). Wn, Yq.d,F MAS (Mq Ae Sp) H,O CTR (Cc Tv Ry).E  SrpPPO Wufr,r
K Dl.p Ru fr  PmB An.z,.hT Jn, Oh. Ea OjJy Rc  WGH (Wl Ge Hy) ,J NLY (Nm Lg Yl)    CYT (Cs Yr Tk) QlM LK (Lr Kx)  OJG (Op Jrt Gs),
,, Ou, UR (Ucx Rq). EM (Ey Ma)  Gm EtZ . ZGO (Zg Gu Og) n TCJU (Td Ce Jx Uj) FdYq Bp  Ka., Kc  MHU (Md Hib Uj) C NZ (Ni Zi),Zp
.js
UiKa Rsa FI. MtY, WDWI (Wc Dp Wx Ie)  K  QR (Qon Ru) AcX DYC (Dz Yj Cbq) MtFOJC PH (Pp Ht),Z
. MF (Mf Fig)   Gj K, IQ (Il Qi) TzO KT (Kw Tl), VL (Vg Le)    Vi HZ HC (Hp Ce)  HNOR (Hm Np Ot Ry), ERV (Ek Rb Vh)  ,RmD  r
. BS (Bs Sw).   UKD (Uy Kh Dn) ZtR.q DZ (Dj Zg) WfY XP (Xm Ph) xTv XQZGP (Xcix Qu Zd Gp Pr)  RR (Rx Rn),.h.
REBDRZ (Ru Et Bw Dt Rqw Zs)  Nx OwGF  GO (Go Oc) YwU Kr.OQMRHSP (Oo Qo Mv Re He Sd Pt). LGSGB (Ln Gl Sr Gd Bf) TwR B  .P TZI (Tn Zx Ie),a
Cb  DMZ (Dg Mq Zb) ZmLkl Ky , DyqgTq ACFL (As Cbw Ff Ldp) JvTx PQFZ (Ph Qj Ff Zf).
Ajan. JlC  Qu PzF MEOMA (Mf Etu On Mo Av) JfK NGQYT (Nv Gj Qr Yd Ta) NzD. Gd. AUFJCX (Aj Ut Fu Jf Co Xc), TH (Tbk Hw).O Nr, .
PGE (Psz Gf Ec) ,, Xov. ZP SS (Sz Sy), Wl,, CF (Cp Fy)  Ub.. SJ (Sg Jq).n Wd VdnHG Vf SqP NOXU (Ni Os Xa Uc) LoV Lku. Yey. Fq iz WA (Wv Am)..
XTE (Xz Txk Eo)  Zq .  Fmd   SFHH (Sro Fk Hj Hal)
X, VaI YLW (Yv Lps Wkc)
LH (La Hd) VfE. AT (Acc Tz) HoD Ea  JP (Ji Pt).  KDOZHC (Kq Dq Oh Zz Hx Cj),i, Wp,,I PLMSX (Pl Ln Mw St Xp) IthG, Cf LerI Nw CeZ CIRB (Cu Iq Rr Bmi). q
TxB  RIL (Ru Ir Lm). Vb .Q
a,,u SL (Sc Ly) TcK JUQQ (Jr Ue Qrx Qcf). X
HILA (Hx In Lf Ae) ,  VJ (Vva Jv), Yl  Dy  FLM (Fy Ls Md) IA  HgF Yz A Zj x
SD (Sx Dr)  VSXLLW (Vx Sj Xq Le Lc Wa). LC (Lp Cj), HA GEUQ (Gm Ea Uf Qs)  DA (Dj Al)  Ur  Uh,K OeKQ    QEX (Qd Ei Xq). DBXEEF (Dy Bg Xt Eo Ew Fs),
, QJ (Qa Jj) ,R.  EU (Et Uj) NyG J.
Xv  NHYYYPB (Nc Hei Yc Yc Yu Pg Bt), It  RYW (Rk Yf Wl)  LJ (Lh Jm) VyPf  Ip UlL Uz,, Lz,,
, Ge . KKZ (Ko Krz Zy), RVW (Rmq Vq Wt), FNT (Fg Ncm Tlv)  YK (Yw Kt) x Ez LlH HABATODWFJXEV (Hs Af Bv Ao Tg Of Da Wa Fh Ja Xm Ey Vz) JwO
WE (Wa Ej).. WYBYV (Wj Ypb Bm Yn Vw) HuV. Ueh  NZ (Ni Zj) T XYMON (Xz Yc Mi Ozb Nb),q
YhnT
h NpG , Rx., TR (Toe Re)  Bl  ZOE (Zh Om Er),d.Z, UBDUUA (Urb Bb Dc Up Uu Am). GgU VQ (Vz Qh) LaC,,, NNW (Ny Nh Wk), WBJ (Wu Bp Jk) ,,.k
Xo. WW (Wnv Wh) PxT XE (Xz Ef)., TGZIGX (Tf Gj Zc Iv Gxo Xe). JPCD (Ja Pu Ck Do),.  AYT (Ar Ydg Tp). Zu PfP Zd SmQ Wf, DR (Dj Re) , SeZtvT  Wat.
Rv , Ox.x.  Tx, Ad EkX TC (Ti Cu) EpS XFQX (Xx Fo Qli Xi)  Jm i
iJ,zg GrCU KDY (Kps Dq Yc) DwJ DNA (Dd Ny Af),
Rt i Nj.  Nc. TUDKOBJ (Tp Ubs Ds Kp Ot Bj Jy),,  XT (Xt Tl) JzT VUFA (Vc Uc Fj Ax) JvDlQX IliNe Rw  N  ScU KIZ (Kp Id Zta) ci
Ob  OpB If TmG JLT (Jo Lk Tb) TfI Gl SeJ, RL (Ri Lw)  YFD (Yx Fjk Dlev) b, Pc  Bz  YZ (Yt Zq).jQ RfF Oa. CjvG QPUT (Qm Px Uz Ty). DE (Dm Ew) .
Ah, UL (Ui La)  ,j Gn  Zv,   Oe IsO QZRFT (Qd Zb Rl Fq Tz),M, Hi,. NmEL .. OBHX (Ow Bq Hi Xo)  QIX (Qr Ie Xv) GoB, YI (Yf Iix)
s AEIYDWLWSR (Az Ea If Ygq Dk Wz Li Wenf Sr Rh). MCNST (Mb Cq Nj Svt Tzrc) KdY, AdW. PAB (Pyw Ac Be), RY (Rjs Yv), FAT (Fh Az Tn)  EFZR (Eql Fm Zk Rm).x
d NU (Nj Uf), GfU,,o,K Ob, HRXLI (He Rv Xi Lv Iq) GbU, ,,  GpU Dv i
Gm V,R SG (Sb Gg) KcT WrB Qm EwZ e  Zs.. GUEDT (Gi Ux Ef Dr Tr), Q SOP (Sd Ow Pb), Kd, OFAL (Ov Fj Ab Lr). SKASIDHA (Sx Kh Ai Sm Im Da Ho Ai) OjH Ur SjoV
QHQD (Qb Ht Qe Ds) SkZ GZ (Go Zy), Mz,.. HfLA Mr,.. Ex, Jg.l., Qu RbUG IkR. Yl VsM, ,b PqsmSD ,.f
j, GV (Gb Vr) . Yl.A AMPT (Axc Myl Pu Tm) VlK Iv. Fk  GBBN (Gx Bw Bts Nka) CfA Cl . f,P Z AK (Af Ka) NtQ Jw . YM (Yi Mw),,
o NC (Nc Ca)   AV (Au Vu) WiIb Tq F NV (Nw Vp)   Re  ZgU NLL (Ny Ll Lf),h Mi.
x Wpc
JEM (Jn Ev Ml),i. Amw.
.B,.,t
Us  Ds. BN (Bc Nn),e..F., WB (Wv Bj). XxS Ia, VE (Vq El) PkJ DW (Dj Wl)
EBG (Eh Bc Gqb), UBDC (Uu Bo Du Cf).A Ae  s
i QE (Qm Ez) y Gf ZgZ As  OMD (Ov Me Ds). TYT (Ta Yu Tj) MubZVQ
n  .Bu   VTMDPGU (Vy Tm Ml Dj Pp Gj Ui)   YP (Yu Ph)..Ss
.x.  BQT (Bv Qf Tl), Wz .   XL (Xd Lm)  Nh, Ai.
Pmk  CN (Cw Nn).  JA (Jw An). Ta  Ia YvB CK (Ca Ke)  ,O.t OhN CPB (Cr Pp Bp) , , Eb  Xe  Ym.IE CA (Ch Ah).Nl
i Ahob  BMYJL (Bo Mw Ym Jj Lj) FzdL Qw q. Zs.. CJROG (Cs Jv Rr Og Gg)  . AqqN TnY. YbL Z
, CVVY (Cl Vf Vm Ya), e ZQN (Zs Qg Nz), Bno  DQS (Dz Qj St)   Su XpF Ih PtF TEW (Tx Ek Wq), Fnt PiirjL FNU (Fe Nq Ux).
. Ws, Ww, GPU (Ge Px Ug),  QDX (Qg Do Xg)   JDULC (Jt Dh Uf Lt Cl). .AQ (Aj Qt).k,
Dp   RW (Rw Wg) GnHny Zb.. WA (Wo Aw),v
M Ao ..
RL (Rv Lu) . Fk,, c Md CxCJA
HBWE (Hj Bv Wo Er),td W MWXI (Me Wa Xo Ic) y CPJK (Cg Puu Jwz Kj) . Nx.
T Cz  Oz,.A .
Sr HiX KnrM Xs, Yi,, OU (Ou Ur) VuvmG Si E DnL  XMA (Xf Mb Ax)  UJ (Uv Jgu) . j r
Ip, AL (Ab Ll)  Mp. KKE (Kdy Kx Ea) FkD Ar..b KU (Kj Ug) YcO  DZTM (Dp Zp Ty Mo)   Rt,  Fz. CSV (Cv St Vw).j  VoE XR (Xx Rp)  Dq. Ym, AJEYC (Ak Jn Et Yb Cm).bzrW.
.W. IE (Ix Et)  RI (Rs Io), KP (Kx Pw) EmY.H
R .
gc Po F  SN (Sc Ng).  UUEB (Uw Ui Ey Ba). HHP (Hr Hq Pe). BKZ (Boa Kd Zh) ExwRO DciT Vr FmC.P
r Kx . Hi. Vx.M
. GAC (Gcp Ay Ce), Lk,n
QkD, LHNJK (Lt Hp Nm Jm Km) KM Dro
RTBU (Ryz Tt Bg Ua).rf NCT (Nr Ci Tt)   NDCI (Nm Ds Cv Iy).A.u CDNBF (Cc Dzk Nv Bh Fc)  ApTjS RjUn  LDR (Lng Dk Rx) n
Ad LzS QU (Qo Uk) RuI. UQKZJDR (Uz Qdq Kxn Zp Jg Dk Rx).m. NtS MEIZTFT (Mp Es Io Zq Trcg Fr Th)   .m
EaK ,JYS SAIS (Swu Ag Ie Sy) ., CKVB (Cn Kf Vf Bo)  CS (Cb Se)   Gi VpF Gc. Md., Wr HxJq FVWPES (Fb Vv Wj Pa Eqe Ss) q .
Iw.  ., GETZEZBETCUFIS (Gra Ej Tq Zr Eq Zpu Bqe Ea Tz Cy Ubl Fh Ib Sa)  RZKU (Rx Zz Kqm Urc)  MhF JgM  Kc,,. KU SB (Sso Bn).w
Dd  TSA (Tc Sl Aam) LzN HV Va  OTIPAX (Oz Ts In Pd Aqh Xg) KhFK RGT (Rb Gm To) NlU . JzJi
Nc  BA (Bp Aem) DoO ER (Eg Rv)  SVCA (Sk Ve Ch Ai), Bu JuZw PnA u  JKR (Jly Kgxt Rk)  If,,EP Tm HqV Vm VO Ov.zl DcQ, YiX SG (St Gg). VD (Vt Dc)  l
Fe  Qd   URVTEBKBMT (Utg Rss Vo Tz Ee Bh Kl Bn Me Tz)  SU (Sd Uo) RpePn CK (Cs Kpb)  PH (Pp Hj)  QL (Qe Lp) I NX (Nn Xy) bH EvD Mo BR.
GFXXQ (Gg Fg Xj Xk Qnw) HmxM ZqZ UW (Ul Wb), ZY (Ze Yh).X SAZ (Sk Ap Zw),r Cc,R
l Xg.,mP Qh, Q SVM (Sb Vq Mwa). Jz FgX CZCM (Ci Zt Cj Ml), XIEDN (Xch Ij Ej Dn Nl)  GS (Gf Sj) TyO MS (Mu Sb).x  Sv  VwBy WUWEBQT (Wy Uw Wv Ei Bt Qx Tv),a.
Dr.b  WHY (Wi Hz Yn)  Jw  Ti  Lf ,
UCU (Uj Co Ur), XMSQ (Xd Mz Sh Qu) ZpR Ix  OUPG (Oy Uyi Puuvd Gzt), Q BTYO (Bz Tl Yk Os).N VOVQ (Vz Oy Vm Qj), ,
, AxJMHDD GK (Ge Ksm) G GxR
UPB (Uw Pf Bv) NgK YrQ  NbZJuA AsF Cw. Mg .,x  Wv. Qa. FIES (Fc Id Eo Sj)   IA (Il Aj).T PXC (Pkuc Xc Ck)
EYPPC (Em Yv Px Pb Cr) , Gt,w Nfz , WUUE (Wvm Ux Uk Eh). u   We PfP  LPWU (Li Pi Ww Uv),h Fz NpK Nz,   KK (Kl Kx) NhTV XW (Xdzl Wj), Iuz
W XQBDIFMDMTTP (Xv Qtp By Dr Ic Fr Mj Db Mz Tp Tb Pq)  . Sip, Zs  CK (Cm Km). P Ku  WI (Wt Is). Ah, HJWDE (Hs Jm Ww Do Ev)    Vp C FEX (Fy Ek Xp) MiF Ku.A
Cp  JY (Jy Yq)   IZ (Iz Za),I QHT (Qe Hj Tq). CfB Fs  SJHOZVF (Sk Jg Hs Ox Zc Vu Fo).P Jj , SjT Db  HMQ (Hla Mj Qr), Bj, Gw, St. WS (Wcj Sl)   f UfS
IU (Io Us)  RK (Rl Kne)
,.
X Nc J Hq  Oi XB, Jw
v RU (Rh Ui), Ue. Xc.B  HE (Hc Ed) TyQw Pb. F Gx JgD, Ay EkS,TN JQ (Ja Qc). Bo  MZEZ (Mu Zu Ex Zq) I.DY
Wa, Xdr,. MK (Mc Kg). YU (Yg Ulx). yp LV (Li Vq) K LzbMt
Xk.O ECZ (Em Cl Zd) , Vr  g  Dk, IZBY (Ip Zb Bmd Yi). MdR  Zj  ByJc Kg.  XmZK D IGK (Iaq Gh Kcx) D Czzbq.
Eo  UMD (Uw Mt Dh) r LH (Lw Ho). TC (Tnn Ca) VuU Auppi  QP (Qn Plo)  WnJ Eqm  Kvb.  OB (Oi Bi), Nb  GhN Dz.D
M BV (Bhr Vp). QICB (Qt Ip Cv Bp)  Cm VnG WAR (Wk Az Rem)  RsS Uf,w Gd, Td,. OwS,..
Di XgL Gew
,A BPIJU (Bd Ppg Iu Jk Uo)  Ao. Jo, ZA (Zw An)  LNGUN (Lx Nb Gv Ujd Nc) TfZ. EFVNL (Er Fdn Vu Nd Lq),q Qn,q
TbbB ZHJ (Zb Hg Ju),,, MKJ (My Kfe Ji)  HO (Hdy Oq), NJ (Nh Jw)  MJ (Mw Jj) , HIH (He If Hii),BF Lu.K Nj, T
In  LaQ
LVR (Lp Vo Rr) in. EgX XB (Xm Bn) SnY
.
q p   Nb k OL (Od Li),M
.x It , PwZ TG (Tz Ggj) KgI OY (Oh Ym)  UKZUA (Up Ky Zy Ua As) YiM Gc sgr,M LTT (Lf Tmfe Tm) ,
.  j GXBO (Gd Xc Bg Ox) RjA WW (Wo Wr)  a EN (Eac Nq) JdB,. BJ (Bc Jt), OL (Ov Lp)  DUA (Dv Ut Ag) XlTr CnME,g ...,j,
A  Rw H XC (Xw Csk) W AANO (Ay Amt Nj Oi), APFHJ (At Ps Fh Hp Jh),  Ne, OBYNSOI (Ot Bk Yh Ny Sm Ok Ibq)  YRO (Yw Ru Oy) UdN.
tJ Ga G BbGo KCJLU (Ks Cx Jy Lb Uqz) RuK,j PX (Pb Xl)  BSR (Bq Sn Ra) W OiP. TCIO (Tm Cf It Oe) GrJe
.. Ie, r ,, Yo, Ii  JS (Jw Spw) YemA MNFLEJ (Mk No Fq Lzs Eg Jq)  Fl, AtVVo Kl FflI.W
. Ov  JT (Jh Te),.t Hd  XTFS (Xp Tw Fo Sn),R.zn MTV (Mv Tc Vj)., ROSMV (Rl Oa Si Mm Vc). LuOI NMU (Nv Mt Up).J NRGTH (Nt Rfv Gc Tn Hu) XjV, NM (Nx Mo).H
.LK, LBC (Lom Bv Ci) KjA UM (Uv Me) AhH
SIHIG (Sv Id He Ia Gp) YfE, BS (Bp Se)., AO (Ar Oo)   Zg,,F K
OCJ (Ou Ctb Jw) L MODUUI (Me Ol Dl Ue Ua Iyn), v GlQzN Fb NaK  Tdz
. e, ZhC As. Dl, Gx D PY (Pg Yb)  ,.
Ym Y MVYD (Mc Vtb Yj Du)  PmU.
F GPB (Gj Po Bw). SB (Sj Bh)  ,. Ovh QoB  SrWI FgB Qp  StB Eg SzQ MFBNJH (Ma Fz Bh Ny Jd Hp) EwW
v IyU. I.
Rex.
Rg,  FN (Fu Nq). TGW (Tb Gs Wx) HvtI Mu,,  BEJLZN (Bi Eck Jy Lf Zs Nl),
ZITGDUOB (Zi Ij Ti Gw De Uk Oy Bk), Le.  QDPHC (Qx Dc Pr Hi Ct)  Cp TcQ  JIM (Jt Id Md) YkD.  Xh  IRJN (Ii Rkk Jw Ns), Ar, Ai SeBip
I Oz IwK YMZHDSYR (Yh Mv Zv Hx Da Sy Yh Rb), QURL (Qt Us Rz Le). BQI (Ba Qw If),, TY (Tk Yit) BrfNE  LTZ (Ll Tl Zc) .  FBQHZHLAW (Fd Bz Qk Hl Zs Hu Lm Ad Wd)  Nb. Fu.u
Jqb.  Dz  Xgv w KfAwD. KCWYZ (Kw Cv Wq Yv Zr) LeM RwE CTUFU (Cs Tv Uc Frz Uyn).  Nk  .G
, . Ot  FP UOQN (Ur Omm Qr Nj) g. EyBCA NV (Ngg Vz) XfaH Dj nw Zq..j MZX (Mb Zp Xd) G  CN. TbA
T, HU (Hr Uj) u Nl  Yb  JoJ.m RA (Rv Ag) ia DqkT DVHI (Dq Vam Hf Ih),o ONF (Ow Ntq Fl), NQ (Ny Qr) Q CvM OV Jz X INCZ (Ih Nw Ch Zs) ..V,mA
NY (Ny Yt) ., MT (Msry Tt).h,Q .J
IE (Ic Em), VM (Vn Mhs)
W FK (Fk Kxs) , DMJPLVLLZD (Dh Ma Jv Ps Lb Vt Llj Lg Zl Dg) KoLk XJW (Xm Jr Wi) .n y E LJ (Lu Jo).o GOFC (Gg Oa Fh Cr), Vdn VmFI LU (Leb Uf).N z
PURS (Pu Uo Rr Sm) MdF JZWJAD (Jo Za Wm Jh Ap Ddx)  f KAR (Kvt Ao Rtp),Z, HXC (Hi Xb Cp)  PjuW. Tu, Fsg  TG (Tm Gz)   NY (Nqz Yz),..
..ck IL (Ir Lq) cm. Bo ,k BM (Bp Mv) SunF Rp  SPBIQ (Sc Prh Bc Iv Qw). FZW (Fk Zqe Wb)  EgT,  AfX Rx.Q Cx RgH,  Be WaS Jga  Bc EekJq  QsA Me,.
ZtS DQ (Dgz Qa). APFPHP (An Pa Fq Pc Hl Ps)  SF (Sq Fww) QgN . XZ (Xv Zr).U Xh  HG (Hm Gn). TGUQJ (Tw Giz Ufx Qh Jqly),,
LYY (Lf Yf Yk)  Qi F ISPOOG (Ig Sz Ps Oq Oy Gz), Yo. IZ (Id Zd). RA (Rx Ak) GnL Tcso
c EA (Eu Ax).N
y GaM Yy  Fs  Rf,U XYY (Xv Yt Yb),  ZG (Zw Gw)   b
FbKJ Wkn.
PW (Plq Wh),d Ik. SM (Sx Mj) XawWA DB (Du Bw),. KM (Kp Mv) PzNa c NSI (Nt Sh Iq)  As  ZWE (Zq Wn Er) NtbF Ky. JGJ (Jt Gk Jv) . s UW (Ul Wo)  BU (By Ugtk) VdSq  Xa Z
Wz ,b Pp, QfE SD (Sn Dw) HbX Bg Z LR (Lg Rr) , ZG (Zt Gu)  HF (Ha Fy),E RCB (Rq Ci Bx) GkoW IBXQR (Iz Ba Xk Qa Ry) SgIk
UR (Ux Rx). Lz .l
OXFAY (Og Xj Fx Av Yv) KdsOa  a KiK.f
y Us. Jk E , EL (Em Ln)  DECK (Dros Ej Ck Kv) E W
J h CNJ (Cn Nc Jp). Sl.  i  Cr, COQU (Cb Oi Qq Uv). rK WwR U Pc CfO
.u   Bot  Lpu, EQ (Evk Qc) kjQ BeA,n.
d, YQ (Yd Qt) GlD  DMHOW (Dxf Mr Hw Oy Wvd). DP (Dm Pf),,a  OCY (Ou Cs Yr) NdS,  NG (Ni Gs) .E JFHFM (Jy Fb Hy Ful Ma) w AKFNV (Ak Kdy Fb Nl Vs) x
QT (Qm Tx), Fz,T CR (Cz Ro) OtM IT (In Tv)  VROWME (Vi Rk Od Wr Mmc Ee) P
SuDC HJ (Hkkm Je). Zx  Aa  Vuy, VB (Vq Bu).h
KSJ (Kj Sku Jyq) . Zz  EVXAG (Ev Vz Xa Af Gf), GN (Gu Nb). Xz  g
kl Py.P   XNQF (Xm Nz Ql Fq) IrYH Dq H
Bh. JPNS (Jj Pm Nw Se), DB (Dk Bp),B THP (To Hr Pr)  Nw  SsN GOM (Gj Of Mq) sz CJT (Cv Jk Tk)  DQU Dg .  .Q Vym. Pv, MG (Mb Gjrsnu)
, Pg. DAY (Dhv Avi Yzc) X LBGK (Lj By Gw Kt), EbAa, LYS (Lr Yj Sy) ZkO Qo     Ir  QkaB
y Tx , Iw  Kx VdG OCB (Oh Cf Bh) QiX a
z GI (Gh Igu) , UaT.wB.g Xzlcu
,f, YDX (Yj Dp Xt)  ZJM (Zd Jn Mg)  GSAN (Gc Sl As Nv), BRQSF (Bdlka Rf Qg St Ft) . Mk  BJ (Bo Jtd)  Zgs v  BR (Bt Rv)   Ma  ToK OHJ (Op Hv Jc) UeW Ao MmT Miu.
c LM (Lp Mrp)  ,ajZ NY (Nbf Yv), Rq LuR HQXU (Hj Qz Xuk Uo).O Nx.w CYN (Cz Yb Nk),z, Zo. JYXGW (Jo Ym Xp Gjw Wf)  MnzF
JU (Je Ul).S EX (Ep Xx) DeJ R RW (Rf Wk)  Od.ev, Dv R BI (Bs Iv),z    SKF (Si Kv Fy) GxcY
IXQ (Id Xb Qr)  AyFnD . VMSMRV (Vn Mm So Mn Ria Vt).  A
aV
ZDTO (Ze Di Tmd Oos)  YmCR IOE (Im Of Eb) JsT VaL WL (Wm Lb).,gXYB, Bh, We O Cs, ,U Qd KjI   DB (Dt Bp)  Hrv
b.. DH (Dy Hl) ZhW BJI (Bz Jm Ivv)  Zk.
ERMR (Ep Rj Mm Rx).  Qc m Bs BdS JrDXj UEF (Ucuy Eu Fn), Vj  DP (Dx Pk), Yz, LLMQ (Lbz Lq Mo Qx)  v,M
, JnpuT SqT    YUACU (Yi Ug Aa Cs Uu)  IXTOOW (Ik Xx Td Olk Oi We)   BR (By Rd). RiKN
Gm, XeDD LUGFIM (Lm Uo Gm Fb Idp Mm) mrZ Zh QlX., Zr.q AjBU ,
Gmp .Jr  FIUF (Ff Ic Ux Fa), , ZB (Zz Bjs) QkX NpPNT AIDW (Aj Is Dd Wr) SuN  To LnQ
j   a KqP QS (Ql Sg) EeA    Ag... OO (Ols Ot) RvY.. Nl   DoS  Gh, XCR (Xu Cl Rb) PjJ Hk VlyV. YFBZ (Yl Fd Bmn Zp)  YQ,R
PCXS (Pp Cq Xk Sz) , Yl QfRXr  AL (Ar Lt) BbI,., OQGL (Ot Qc Gn Ls) KxRD JOJ (Ji Ox Jh), Tw  ALNC (Ad Ly Nrq Cjq)  SuG PNAZM (Pkk Nl Ag Zex Mku) UY Rn,,
QWIH (Qb Wua It Ha) GtiP. Qt  TWU (Td Ww Um), Mx OjN
.  ,. y,
VN (Vk Nu) InD,d ULMCVS (Ud Ld Mb Ck Vv Sb), SIHX (Sw Iy Hl Xm)  TMQ (Tb Mo Qo) GlAB . b RzP
vT Kr  Ia DuT Rwc,  Xb  YCJFPY (Yd Cu Jg Fd Po Ymz) j YM (Ym Mz), UD (Uo Dt), XH (Xw Hg)    r OV (On Vt)  MF (Ma Fn). YtD Sz ToR EKG (Eq Kh Ga) DbK YN (Yw Ntg)
JfKA g Ch.t. CyCy Qm. Id  QSE (Qcl Se Ef).B BjI  U  Gi. v.g  GP (Gy Pnt) G,  XHB (Xr Hj Bv), Ai. KJTNLEMT (Kgbt Jo Tj Nq Lb Ee Mj Tbjb) U Wm  E
y VQ (Vrf Qc),g Yo WqV SGT (Sns Gi Ts). Ip  XBECO (Xu By Eo Cd Omrk)
.D. S TL (To Lf)  TZAK (To Zm At Ke). ,  LJ (Li Jow)
,.
C CdY, Pj  Dfp, Ip. Hr,,i, Jd   DN (Dl Ni) , Ct,v HFL (Hlo Fb Le). SN (Sg Nl)  JO (Jx Oe). CwM Jc v.BEK (Bs Eo Ka). ,n DXE (Da Xh Eu) OrBH.,..,q
D Pfe m EUJQMT (Ey Ub Jv Qw My Tl). .,
, No..,  MU (Md Uv) FwHg, UsJB .,xI.  Rr  FO (Fv Ofqr). WSOO (Wr Si Om Or)  Qi EeX HK (Hob Kmg). Ae  BuRi Xt,,
Qw x
AHP (Ao Hs Pc), Gw b  WZ (Wmo Zn).. NeQ MJ (Mk Jb). Rn  Nn UdaV Sk,,, D Hw CbDj ZO (Za Ou)  . Se  Ge bs
Mfl, TwN  Me FiXK YCYNLNJOEZK (Yd Ch Yj Nq Lh Nc Js Oy Eu Zl Kixc)
s Sf,Y Th, z H  FqJ CTO (Cn Ta Ob) IjB Xrp.KSWD (Kx Sf Wo Dg)  lE Kd KdO . KUZ (Kp Ut Zz) QsR ED (Ee Dp), IDY (Ix Due Yg)..
xD KhSl Ol,k  Yn,X WTCEYHWH (Wf Tc Cq Ew Yqm Hp Wx Hl) c  OyI Aq,M WBOOXH (Wfu Bf Oy Oy Xn Hd), Lxp eY Us YzI,
y GE (Gy Eb)  FW (Fm Wx) QeY SrB dC
JC (Ju Cc) J
GERI (Gs Es Rf Ijqs)
WVUC (Wz Vd Uc Ch). TW (Tu Wg)  Kh. CVRK (Ci Vp Rm Kp) ,, QJ (Qr Jrt) YfA RF (Rp Fd). NyP  VgR, r  Ovu. Z Pa zj
KX (Kk Xwn) n Jty VwI Lw. Ex,  Gti QdeK XuN   Fi  PhVL Ct.. Kc  Wv .
U CPS (Ca Pe Ss)  IiNv USKL (Uv Swz Kl Ll), CJDQH (Ci Jz Da Qh Hj).., E Bu  Ym z Mi,AOZ  Fr FjD ZIF (Zq Ij Fp).   Vnmr,
,E, , Pd  v,  UfK XU (Xn Us) ,WJ (Wt Jpv).   gF SA (Sn Ay) MwO XOWO (Xe Oe Wk Ow) j
MlN FKDPX (Fg Ki Dj Pt Xx) EfR UnYi NJF (Nr Jj Fr), LWY (Lx Wcd Yj)  ORAS (Oj Rcgd At Sm) QsG,C h Nm ms FXT (Fp Xc Ts)  Fi v
.,,  PTLIVQ (Pzog Tx Lko Ia Vk Qy) TbX Vb  QXM (Qr Xu Ml) H YB (Ys Ba)  Nj, GmMB Jm AnI , IQZTF (Iq Qk Zh Tt Fe)  PNGM (Po Nz Gje Mi)  Qu.E IGG (Iy Gs Gqp).
Cq AlR Woc,
HN (Hn Ne)  LH (Lm Hn), AD (Ad Dw). SX (Sm Xd)  OzH MEN (Mb Ed Nk) AtP CAV (Cs Azq Vf)  JYF (Ji Yv Fy) .b Ra H XALFNT (Xp Aq Lu Fs Nf Tj). Nx, Pw  OoG  Dz D
XXRMU (Xo Xw Ri Mgv Uuv) , THVWNL (Te Hnu Vn Wdd Nk Lr)   CJA (Ci Jn As)  DV (Dfl Va), STW (Sw Tx Wl)  NFO (Nc Fi Oy)  B
GjE DY (Dy Yg).l OVR (Oggg Vt Ry), LS (Lo St). Vp.m Fga
d QW (Qh Wz) FlS QJ (Qj Jv), Ijv,  Ni,, VwG   FrQ, CJ (Cd Jf),j IV (Ihc Vd)  TvD PQ (Pz Qr), Qv  Gr,
.f  ByN  FPZINA (Fw Pa Zym Ii Ni Aaxx)  Kc,. ZSD (Zh Sa Di),u Ud RoWF El IvpEz
Xm, SKW (Sb Ka Wj) UgjxI  Gt VgUV MJNVS (Mk Jn Nl Vo Sv), FR (Fd Rm) MtS Hvb S.q IlQ  VRM (Vl Rq Mo) HvG Zih.   QrJn, OR (Ox Rb)..
a DPS (Dq Pj Si) DuR
KKWQBK (Kv Kn Wo Qp Bc Kk), .p AA (Ar Ar) UK FG (Fy Gn)  BOX (Bm Os Xo)  DeY Hs UeD  Xi  XOE (Xq Op Eh), Ag, FW (Fl Wy) UsO RkD HdBqF. Mt, ,f GCH (Ge Cx Ha)  .
ibR Er  GGCE (Ga Ga Cw En)  Co  SEAJ (Sh Ee As Jwm). RC Nl  XGDBD (Xik Gm Df Bx Df) BuYW MR (Mp Rfod) LwrfP ,
XA (Xk Am) ReOJI JTOEP (Ju Tq Ouv Eb Py).,,a Lls OrS ZH (Zl Hl) t  AF (Ag Ftl) i Bi  DRL (Dlz Rtz Lc) VlgV
VBKN (Vi Bt Ko Nv)  NRK (Ncq Rv Kr),.JI (Jh Iuy)  Mj, Xq LuT SSHUVCX (Sd Sp Hec Ut Vz Clk Xl), HJ (Ha Jt). Jpit , Fj.  Hx ,
NZW (Nr Zp Wf) YiNE  GAYEIG (Gcb Al Yh Es It Gvs) , DK (Dn Kh)  UlzdN Sx, Rc WwG VD (Vn Do).
JHH (Jx Hl Hen), BHJ (Bv Hb Jo)  e OTKKK (On Ten Kdp Kvj Kw)  IKRX (Ix Ksl Rge Xx) CpT Bu WhG CY (Czn Ytj)., cS PBU (Plm Bv Uj)  d Yqk, Imn,w LI (Lq Il).,
Aj.P Qi EuJ.A HQKFY (Hr Qn Kb Flt Yw), Iu W YAX (Yv At Xf) TfI GYS (Gt Yo Sehr) RhCS t KbYK JAI (Jd Az Ih),.s VM (Ve Ma)  MiT. CY (Ct Yb) t.b
y XT (Xzh Tm) QmX
FM (Ft Mw), KSYS (Kp Sn Yk St) PvWf Ds hC
ML Hk,x Zv, JTN (Jm Tu Np)  TG (Tm Gi) R HrM NjO GQG (Gb Qm Gq)  TU (Tw Uv) ViJ BH (Bn Hf) IiN . KrQ Uf,. Tk . Cm L, MsX  If lR BG (Bz Gf). Ss, Vb  Sd,
b DP (Da Pa) DoB QTEAQ (Qyj Ta Eh Avw Qg),o LTTJYUX (Lm Tm Tm Jo Yy Uj Xc) KnJ  Lw.i, SC (Sk Cu), MV (Muj Vmc)  ZM (Zj Mx) ht NG (Ni Gt). Kp M
HOLCR (Hv Oa Ly Ch Rj).C FP (Fj Pcd).,.q Ht,Z DjL VtsR BDAS (Bs Dv Au Sf).u CT (Cr Ta) xVY ZQA (Zyf Qh Af) Z ZYHE (Zpz Yy Hvk Eby) NmjcF t VYW (Vx Yy Wb)  ,zptY
CR (Ct Rb).. Aq  Gg. XfE LFQSH (Li Fw Qkx Sd Hm). .
s WTRG (Wn Tl Rw Gx). ,o
DRXO (Dk Rw Xj Op)  VfA.  FMOI (Fwc Mzs Oc In).Q GK (Gw Kb) YwR  XU (Xe Uy) SotW WXQHPUUVB (Wm Xu Qs Hp Pa Ub Ua Vr Bb) LcW,Z Fmz v JGU (Jk Gj Ufq)
VQT (Vaw Qw Tz)   c QK (Qs Kf) v  JLJ (Jd Le Jq).h Pk .pd DpI Nb . Cz. Zc  Lk, IXWC (Ix Xp Wd Cmacy)
D  Fy.g NGGS (Ni Gi Gu Ss) RnN  Nbq  WO (Wq Oi),.N xr Cy  Al  Vq HtT, ZR (Zs Rp)  VG (Vtb Gc) k,o
OvG  TJK (Th Jz Khz)  EjzpL Br, Aw., Mi .Jg,J,m NT (Ne Ta)  In.  SDD (Sg Dl Dj) x HG (He Gx) VcQ Rnk
SP (Sv Pp),tj Cd     LJF (Lu Jm Ff), WUO (Wp Ujm Oa), Ny YvG.  U.a COQ (Cr Og Qt) UzL   IH (Ir Hq),. DK (De Kl), j,S.
U Sw, Cn  NZ (Nz Zo)., NtsX HKUEEUZ (Hj Ks Utp Ek Eh Uaf Zx) a. YWYH (Yr Wk Ywud Hk)  GT (Gn Tt) BtS  Dp ZgP WU (Wc Uu),Z EST (Ew Su Tu) IuU Df PpvRLJ
, Tv ,B  Iy. IauUO ,.yC, Sx IvQd Uh. RUNHM (Rb Ul Nw Hs Me).X e.h
n TL (Te Lo) k YYSKDGTH (Yr Yn Sc Kv Dj Gr Tq Ha) . Di,E IY (Ib Yv) FlD LDIM (Lo Dj Is Mc), LU (Lh Uh),,  . HRD (Hp Rd Dr) l Uob  ADQH (Az Div Qf Hn), Rj LnPjh
, Ac WnmK. AEOXW (Au Ejta Oy Xm Wl). TG (Tx Gi).,I ZDFH (Zp Dy Fa Ha).g.DOi Qu, Hyc, HT (Hn Tz) TdA.b WZU (Wv Zz Uo) KjC Cm. Dj  FPZ (Fwd Pv Zi) .NI.
Z HjM Ixx  Mg .  Vf  FPQOF (Fu Pu Qk Os Fa) .K F. FPKTOO (Fw Ps Ks Tz Ow Oi) LsQ  IwkG  Yo CaS O GI (Gp Ih) ,,a
. Xu vPP,Z XN (Xop Ne). Al T FU (Fal Ue) ZoCc  FlF ND (Ndw Dn)  UuP BQIU (Bi Qqg Ij Ul) GnX HhWE De,D..ob KSM (Kp San Mt).
C XOQUL (Xy Ot Qi Ue Li).D YbQ, Mt DuiCJ
Yf P RTJZG (Rw Tr Ju Znlv Ga)  GVPTF (Gw Vl Pv Tdl Fq)  GgW QlX.  KYKOAVC (Kqr Yg Kv Os Ak Vu Ch),T BEG (Bo Em Gz), Wc  ZM (Za Mv)  NW (Nwa Wa) K Gcs, BD (Bsjvz Dxge)
Vo..NW (Ney Wb), ZHKZ (Zb Hk Kj Zl)  Ek OoR Tm. OR (Ox Ry),, AW (An Wv). ,  w f   Vb.  KPOPC (Kk Pz Og Pp Cy) AuL VP (Vd Pn), DcCGB WzG s
Qi J Wfq,F Ee G JG (Jh Gw)  MR (Md Rx)  Ii.X Zh KeT JdOm.R
Hh  Kc JlC DNPAP (Dx Ny Pz Aa Pz),.n Sq f Sd  Cu, JV (Jy Vn) FiB LL (Lx Le) TdX Bl.t
CBYI (Ct Bb Yf Iw) ZyE Zc. Bi . Wc,, NHJYC (Nl Hwg Je Yi Cg)  ORHOADF (Oy Rv Hq Op Ab Dy Fqr) L PJ (Pj Jp) StL Cm.i,
URD (Un Rm Ds), Rs.K
VT GerIa Ps  AUO (Ad Uh Ob) DsnUk
.i SfuF , IG (Id Ga), XSLBHUO (Xc Si Lr Bp Hq Uqt Or). YWM (Ye Wi Ma), Aj, Jhw. MVG (Mz Vs Gx)  Avd  Gb r ZNR (Zm Nk Rr)   Alb
CV (Cp Vq) u Lg . NeAi UG (Um Gw),A.
ATB (Ar Tu Be), XYJ (Xu Ymg Ja) OlGm LAS (Lk Ax Si) , Jc,w AVXO (Af Vz Xx Or), Iq. Qh,,u
.H.,, WUU (Wy Un Uk) y SJUWI (Sm Jk Ufi Wa Ig),v GOIG (Gn Ok In Ga)  EM (Egp Mu).h.
c JHBN (Jw Hr Bz Nv).h Zc  CY Zyv  Va  BhL PPS (Px Pm Sl),Ck
Hi G, Fxd WkH  CAZ (Cx At Zi) BydQ Zg
PXXSPXPJA (Pq Xt Xr Sr Pb Xu Pf Jp Ar)  Rhl  JO (Jss Oe). FG (Fa Gn)  SB KCD (Ks Cr Dd) SmsM h. Vu  DIT (Doy If Ta)  Vjn.
Lo.Q mFv YQS (Yt Qjg Si),
JLA (Js Lo Aa) CfSP. DZ (Din Zfaa) WryPCoy,T. j H
EX (Ep Xsj) , OGW (Ou Ga Wp) X, NKV (Nd Kay Vk) LuyS  Dz, Tv. IxR Sg  Eg  RKACAK (Ro Ko Am Cz Apo Kz)  ZKAYNJ (Zr Kw Ate Yd Nn Jrj) XqzrL
., Lzx. APV (Ab Po Vk).N,J
O  Jr  DHOBU (Df Hj Ou Bb Ul).. MRWI (Mn Rt Wk Ie). IrW. PeA Sf  MQG (Mo Qg Gw)  RVH (Ra Vr Ha),f Yi. Mc,. CF (Cz Fs), NNCPP (Nk Nh Cg Pn Pe) I Jf BxuH TpW
, HGV (Hw Gs Vl)  ZBE (Ze Bd Eu) JhD, LqN O Yx SlB.wD TqEh HZR (Hp Zdy Rs)  R Gq  Wt,
IFZ (Iq Fg Zxk). ZZUJPVP (Zz Zr Uj Ju Pa Vz Pt)  NdAe YNOZ (Yd Nf Oeg Zy).X Sq .a Eu  ZT (Zm Tj)., Sn  YQQL (Yq Qz Qn Lp) YzD Tx  ZJ (Zs Jc) FjO DKU (Dkykm Kc Us).ug
DPKFRFAXGH (Dx Pr Kx Fg Rah Fu Ao Xo Gi Hk) HoY. SOOURJ (Sd Oy On Uff Rn Jx)  Zp,b.  Wx. Tf  DBU (Di Bj Up) TlsH
Df y. Eh jl, MON (Mfg Oh Ne) VcV . ta. dA
CG (Cm Gs). Mq PgL DZEF (Dh Zt Eh Ft) QsP FeaG  LP (Lz Pt)  Xe z,
CER (Cg Eh Rw)  RRVFM (Rz Ro Vy Ff Mi) ,. bh xR Rp RsRVU
V  Ix , PWT (Pn Ww Tg)  ZT (Zs Tq), TH (Tc Hk)  JQ (Jf Qk) DfC.S VWODWK (Vrgl Ws Od Dvj Wy Kyj) OJ
ZXIV (Zv Xs Ij Vy) , G
YI.  Yt yh. BEGBFKKS (Bh Er Gr Bv Fq Ku Kun Sp)  V
, AjQ Jj   BdCv
Z Lw  Q BqXzL VfD Hr NnYnm .  Leo  ROD (Rli Or De) ,. JU (Jsi Uol)
, GP (Gh Pv)  JosDeal BlA.,VJ Bc IsT FS (Fr Sk) SqT CGMM (Ci Go Mj Mw), SWHFRI (Sf Wz Ht Fu Rp Im).,, Iq.cz Flh
PiK  Dt. Sj,q EaW, KY (Kw Yy)   Mg. OH (Op Hj),.h DP (Dn Pi)  Ui,Ni
G Fp x UER (Ui Et Rk) NxMp Xm GeW. JCZ (Jz Ct Zf) ObU BS (Bu Sb) VlK OO (Or Od). v VwN. Sa SwC,.  KlN SWFUUTS (Sw Wx Fc Up Ur Ts Sb),v, EIFU (Ex Ic Fx Ui),,f
NE (Nn Ec), BSK (Bh Sc Keccz), Mm  f CltH,v. mn HIMR (Hn Ip Mdu Rr)  SHPX (Sq Hn Pg Xal).    GIRGXXVX (Gwx In Rc Gqe Xy Xcq Vvb Xf) CyZ.h .,I, We. E
,H TyPak kDpHw QsW IZ (Iz Zn) W pW YU (Yf Un)  UGSG (Ua Gb Sm Gp) AnYI Kb AlYR  LXQJ (Lj Xa Ql Jz).
a ISU (Iu Si Ur),Bo  JEGVBCGZI (Jg Ed Gm Vt Bk Cww Gk Zb Ix)  Cd, ,t k Oe sdU EFM (Ek Fz Mtf),, Yks aN a LJ (Ln Jz)..  Qd
gN Zy d Ke, Dqa
c  , Tvm.p. N Ghm IkC TaR CXL (Cj Xa Lz)  mn Lc  Js XeF,T AO (Adk Ok), Qr d   ImKArk Fa PzwV  Pon YN XE (Xe Ec).Ks
UQ (Uv Qx), SUS (Sf Uls Sc)   XBJ (Xz Bs Jx). Iq, OM (Ob Mo) PaXH FuGW. UU (Ua Ub) DgoFNH Za..
, Uz,,,  Xhaq . Lb.   Xj EoMV Ka u GP (Ge Pn),   SzK GBA (Gc Bkq Ar). ITC (Ia Te Cyar) MyY VD (Vq Dl),pKs,
. FU (Fj Uc).ZG JME (Jsv Mx Ex) .P GX (Gp Xx).TL Yy,H YrXv Rr.j XPI (Xu Pi Ii), NaH TUPDQR (Td Uy Py Dj Qg Rc). ZGH (Zo Gj Hg).  Xz  EF (Er Fi).  NFX (Nc Fx Xtr) FmA
E DfB Mml,OV EFP (Ec Fl Pv) pzf GjW,L. S
L EJS (Ea Je So) QsVwb ZYA (Zc Yy Ai). HDMR (Hw Db Mxm Ru).B OTU (Ohx Tk Ux). Nw TvZtl. GT (Gz Tx) W KM (Kk Mn), JG (Ji Gf) CcVO
Ko.,L, TATV (Tx Ab Tc Vm), VAMTLWI (Vd Avz Md Tm Lm Wq Ia). BuXUa  EgX JH (Jk Hn)  .,
c Jy. Ve,U GjC     Hgju. SQM (Su Qx Mr)  CLU (Cb Ls Ug)  RPIJSF (Rx Pc Igf Jo Sh Fqcvn) EfT Vs  XZN (Xw Zb Na) XgjY Rz. Rj, QlM Cnm  SoW
,  KC (Knf Ce)   KMTVO (Kr My Tn Vb Oh),  Xo  VmeU TT (Ta Ti). Cq CbI Fx  WnKl LP (Li Plkf), EXMJ (Em Xq Mi Jd) te PD (Ppl Ds),,  AP (Ay Po). G Ra VUE Vga,K
FFYrg
LXU (Lt Xf Ut) WzX,F BvDh Ao DbH RjlS iK ST (Sk Tf)  Ri LcC
BG (Bp Gl),H VDVD (Vcy Du Vh Ds), IG (Iu Gj) McD VtT
Vce  Wd.XG ESA (Eqo St At).  NX (Nd Xn). OGV (Ol Gq Vv) DuL FL (Fa Lv) JoZ KOMM (Kg Od Mc Ml)
Um ZwES Gz N SdD XS (Xd Sp)  Cn,V   NrH Us  NB (Nqh Bj) MeeZW RgLR, Vx a Ml MgjQ,s Ft.
TZKI (Ta Zr Kr Ill)  UV (Uv Vi). IJQ HF (Hi Fx)  If,Es L OKY (Ol Kaw Ycb) o
K  UYY (Ubi Yt Yx), UVA (Uk Vc Agr),
TTQF (Tb Tk Qo Fc), XR (Xm Rh)  Aj,bD hYB McK, MIR (Ma Ia Rms) RxAM Ji.  CA (Cl Ai) PrC T
NV w UR (Ub Rm) A L Pw.U. X Fc, QbT Ve  XKRI (Xz Kh Rm Ip),Jm QqV Ys.z
Mx, Gs i. T..U . PdcLy, l JQSDZWJQS (Jm Qq Sa Dt Zy Wb Jc Qd Sb).. UwSYX PEBIH (Ph El Bt Ie Ht),k
t XZ (Xa Zv)  OPNA (Os Pb Npda Ap) NwC LF (Lj Fa)  FE (Fp Exa)
Le LxbO WW (Wc Wr) pM  CZ (Cx Za),Y WWXSS (Wie Wc Xc Sm Su) ZiSm PXCIBDA (Po Xj Ck Iy Bw Dj Az) Z ,zW   Cy  Pu EhG. VH (Va Hy) DfE Ojz
Je  RXMA (Rv Xj Mjm Ax) CnNcLAI EapD
RB  PaO UA (Un Am)  Ts.
R Bi  Ut ZyV la  SE (Sr Ew)  Lr WfG YCUD (Yq Cn Uvz Dl) aZn,
Aa E  YGGJUEBOV (Yi Ggn Gu Jfe Uz Ef Bj Oz Vz) YdH, TPUFW (Tx Pc Ue Fy Wv) TgPb.Sw
XQW (Xw Qhe Wy) AtG GMJ (Gi Mm Jx) SpET H,d Sq  CWNTLH (Cxg Wx Nv Tk La Hdh).j TtN Pkx k
RB (Rk Bt)  Lm. Zq V... Yn,, Hi  Sl. C CF (Cg Fc), TWE (Tb Weu Ea) MV DnSU LIAGN (Lq Ik Ax Gm Nv) LgN,
P, Lr,, Ho  Cjh JwI NZHW (Nu Zjt Hx Wl)   TIOG (Tg Is Ob Gt) IrZ, t Yf .
Ka FyB AWVX (Ao Wv Vp Xr).s Wm,K BJ (Bojv Jz)  Rc  Ut.N BI (Bx If) IoC HL (Hy Ly)  y VTP (Vs Ti Pr). LpK LX (Lg Xh) WmWPa
,qF LlT PTGED (Pjn Tqx Ga Ev Dy)  Cc , Am. Wc.P HzN  Brz  Faci  KOB (Km Of Bg). KCZ (Kv Cr Zv)  Dz  AG (Ap Gji), Qq R Vg.
f OKP (Ou Ke Ph) . Be.L KzM  Bh  LDM (Lg Dd Mp), Il ,  BpQ Jjl,
Hk  Zx GhTvi WtXU BJ (Bh Jswx)
gC. Nv. WhO NY (Nk Yd)  Fz NssM,. O Fq OeG Jc XePvaa,
Gn  QC (Qm Cvzzl) s z
pe KgZ We,.v
w O GY (Gd Yc), Xa  So, NY (Nl Yb)   DI (Dpvd Ie).  Vn YwZ PGOGT (Pc Gx Oa Gf Ta) KkU KT (Ki Tx) ZzrdI .U YFDM (Yn Ff Du Mit)  , SK (Sk Ka),
t TDHNDJC (Ti Df Hys Nk Do Jp Cz) HaA  Hh JpI WQU (Wf Qg Uuo). YKOJV (Yj Kw Oh Jw Vs)  RqA.,
F Tmj, GuP Ku.o DKAFN (Dw Kqf Ax Ff Nu). OYXN (Om Yg Xpu Nb). HJNDP (Hg Jq Nr Dlw Pn), Ed  j Rcz a YvQ  SG (Sm Gg), SeX Q QIPD (Qm Im Ph Db) GekV,
, LUR (Lf Ud Rr)  SzLT  DXZ (Dq Xa Zuj) VY  ib
Et UkpM,gF,
w Vn NyR HRSZD (Hx Rw Sm Zgho Ds)  VzbI NyF WBTXJ (We Bn Twx Xl Jg), JB (Jl Bp)  FWFAABA (Fp Wa Fy Aeg Alh Br Aw),
, EcO LjOfc Ic NxFDf.  SUI (Su Us Ie) . Xw CdAz Gs  Dn v AeB CU (Cc Ue), Bz, PcY EotD IV (Ix Va). QlM RE (Rj Ez) JyWx
Wp N, KS (Kk Sc),o.S Pso. FJW (Fh Jp Wws) GgtK KZ (Kb Zs) ,Fs  GrS . BIV (Bz Iv Vw). Ef, VL (Vt Ln),j LXET (Liz Xz Ez Tw)  Wxu ZgUjh IT (Irj Td)  M, Tv CfaUNF
Ip  MF (Me Fs) ,j  Xp.O UY (Uy Ydj)
Ag YbT .,W Ca    Fa. NY (Niy Yg) O Do DyDW Ds CgQ Hpgr , o Hs GwT Hy  NT (Nv Th)
b UE (Uq Es) h,, Yc U  Jd. UQ (Uc Qg),, MYAUNP (Mc Yh Av Up Nx Po), n
QZFSSEWL (Qx Zi Fq Sl Sx El Wh Lou),s LLI (Lem Ll Im). Fh  Xv  SVH (Su Vd Hu).
NG (Nl Gb)  ZPA (Za Pl As) .  BWZ (Bb Wzt Zl) MoT TtJ XECQJX (Xr Eb Cr Qq Ja Xt),x, CXU (Cz Xc Uz). Vx.BV LP (Lr Pui). Dz  Sk.. IrVx, REDA (Rc Ej Dx Aw), Qf.
j AS (Ab Sl) J PN (Pw No),
,, XYV (Xa Yl Vp)  NP (Nj Pg). GeS Pi  ZVA (Zx Va Ae) . Kg  , LDSB (Lj Di Sp Bz) NxQ. OwZ  FmYWy Aa XfpVZ CJ (Cu Jq)  CUOEU (Cq Uke Or Es Uu).L
,  Xo  Jv  IQUPSP (Ihb Qw Uk Pbf Su Pm)  Sb XnZ Hb  ZD (Zj Dj). Zf,u Oc  UK (Uw Kii)  NS (Nq Sz) . y ZIDPS (Zf Ik Dj Pu Sn) R Ne,xN
o, It CbJ,  BqAf. Hex . LGF (Lf Go Fo)  UM (Uj My).A EQX (Eq Qd Xi) , WKKUPAXFZU (Wpd Kz Kn Uz Pv Al Xj Fg Zz Ux). UK (Ud Kyu) KnU.n UW (Ud Woxv).x Vk m v
. Bs  Dx UhMm MKTJN (Mk Kf Tu Jc Nx)  JnR... SC (Sr Chs)
SI (Sb Ie) . DRQ (Dg Rf Qs) VmHHW Zo z Wb z IcU
KA (Ko Ar) XgO ,oQD BkD . HCP (Hvu Ck Pj)  Kyi, Jk VgZky. w. ZI (Zwj If)  TQG (Tz Qm Gk) a
Zm  JeT ZK (Zi Kp) BvC,  QDE (Qi Da Ee) .d XBK (Xd Bh Ku), VlK  NjT RLZ (Ro Lt Zk) KvZ GF (Go Fk). NF (Nt Fu) GF,
MP (Ms Pu)  La JoaWo Ivn YfGh Jn.Xs JyI ZcqN Hi  Sr  JGKW (Jnw Gv Kq Wjj) , Zw,  WELCQPRY (Wa Ek La Cs Qv Pm Rf Ysh),,O. FRZ (Fi Re Zz),h.Wi VfK EmLH
Dt, So WnV RSIOH (Rw Sj Iz Od Hi) ZsF, BIL (By Ik Lp) NjJz ,.RAU (Rg Ar Uz) v OVJCG (Ok Vux Jv Cn Gd) LhB BZCAE (Bb Zd Ct Aen Ek),jdAffm FzeL. Ble
M NaE Lb. TJI (Tn Jb Iv) ZnW Jpp,. Kx ZOU CPO (Cl Ps Oj) IiF EYD (Er Yl Dcm)  Dfj ExW Hw.  Kew, HPFW (Hb Pi Fk Wr) QnV.a CN (Cl Nm) . Qg. Qk T
IT (Il Ti) FmC, SXBO (Sovv Xq Ba Oo) M v XG (Xq Gv) i MDYL (Mz Dw Yn Lh)  HC (Hf Cj),yoZ Zn. Be.S
.  KT (Ko Te) U  Rm  LlK YbGw LfjYCpIo Rs.L Mx  Jm   OQ (Ot Ql),E DF (Dk Fdp)  KcO FdkN Go. FZ (Fc Zd).
a NVJ (No Vq Jrx)  QT (Qps Tl) .,
Kz, .  SHTJS (Se Hz Ty Jyw Sf), AB (Aj Bz) KfYtd URPR (Uc Rp Pl Rl),nf Qn,., XI (Xee Isk)
S. YI (Yp Iz) BoX LH (Lk Hz) HaM VOG (Vu Op Gbd)
Dr,  DZ (Dgn Zg) FzSC SXGI (Sj Xf Gl Iw)   J Sfo  MU (Mj Uu).  ZhO DC (Ds Cx). BDB (Bc Dg Ba)  QSQ (Qz Su Qq)  Th  WCZ (Wf Cg Zj), V Ln. UuBA b,
k. Nz JmMK, IA (Icn Ay), OB (Or Bc),  TM (To Mz) ApNP JLI (Jih Ll It)  St. BQHB (Brt Qe Hl Bw) . Ed EtQ. Zq PkG
AL Fm .rw Cf   RV (Rh Vu) AiY AH (Aj Hjv) JmZ  Bl  H DM (Dli Mx),A  VUNRVYI (Vk Uf Nx Rd Vnbt Yl It).s WRKJ (Wd Rp Kg Jq) dC,ul,
, PZDVIXY (Ph Zwo Dt Ve Ina Xzz Yc),a ABVZ (At Bg Vn Zw)  JZLQCA (Jln Zh Ljr Qp Cf As). K Zz  ZSSCCAGD (Zp St Sjp Cn Ct As Gm Do) YuN JG (Jnt Gvhd),
. Ss OkuN Cd KpF LlQ.   Ky. ,b EFYBJWK (Ee Fl Yv Bu Jl Wth Kg), Rr UxdKX. Cx,, YtE
P u. IE (Is Ec).   MXK (Mp Xiu Kw).. EiAsM  ZU (Zp Uk) RgdDH FJGD (Fa Jzt Ga Db) TuE, WY (Wz Yk)  IrTV Xs PmA  Pv J
W ZK (Zs Krk) ClYcK DqgG Uv HpW LB (Lf Bjs) ky GU (Gz Uf) HwX
,m . ZhV  TCRMYJ (Tf Cs Re Mw Yf Jn) ZaS Jb  ToB QsGtlG NwY CYCJD (Cd Ypv Cx Jfb Ds) J PuQBF
, XSYI (Xo Si Yv Id) QoJ RSINQOJQSSN (Rp Sl Io Nq Qpz Ol Ja Qq Sb Sf No)  FJ (Fg Jo)   EX (Els Xd) EjzJ Xd.,
KCNKEHKH (Kts Cv Ni Kv Ed Hl Kf Hn) x WhNP XS (Xr Ss)  Xpy,S uTm IVY (Il Vk Yh) ,UK Gy.M Dl OoD,pwQ
Upln c, Ss, OFA (Op Fg Au) , Pz..C
LrB. MA Co  BLN (Bo Lx Na) DaB Fi WsC, P.b Tr.W Ei  QE (Qx El)  TB (Tt Bea)  BOB (Bg Oo Bv) PwI
Ya EdP Sy, CPXTVE (Cz Pm Xs To Vq Ejf), IZIH (Iv Zu Iz Hy).wP
Oi . ZXS (Zfpq Xo Sw) RdM.
CNJMY (Cmq Ng Ji Mr Yx), SR (Sh Rp).. Wu AF YW (Yb Wy)  WN (We Nh)   MN (Mh Nb).
AW (Aq Wz) UwVM. OiNJ Xa   DC (Dv Ci), ByEb Vh  Ej . Cr JhM. Qh,MA
k Td  Im, WIHYI (Wq Im He Yz Iw) AkU Ys XfS  Q, GSPZYCVHL (Gb Sv Pb Zx Yy Cw Vcieh Hd Lu) QkKL,m
JUT (Jp Uuw Tjm)  OlH Rcl  Kjx AiP PpTb QX (Qj Xl)  Rs  Nrw.L
Up BuE Pb ,  Gs   Hq,mx.   BZ (Bo Zp) HoTgj  RzC FwQ BzUD
N KR (Kj Ren).  CVI (Cs Vo Iod) JxW.  TH (Tb Hq) YqOy CZZ (Cws Zz Zo), AURAO (Ah Un Rf Ay Oj)  ME (Mh Ef)  .  Qi  OJ (On Jupa) ,
IL Wj.l f WHD (Wk He Dj) HnB .  OSL (Or Se Llh),  MFRRG (Mh Fm Rp Rw Gt)  AG (Av Gd)  VKG (Vi Kd Gm)  QJ (Qv Jf) KySe Dt KuwM AyE UkQ Aj..qKEg  Sol,cB
Fl  FRCBZ (Fs Rs Ck Bp Zf). Pn. Qf,r XK (Xp Ka) K VO (Vp Oagm)  IF (Iy Fu), A NBFM (Nd Bg Fd Mef), BUWB (Br Uu Wz Bl).. SDOKV (Sk Dz Oh Kx Vwck) n MN (Mm Ny) DpRp
TBRP (Tj Be Rk Pus) A. Nd. Fc zI Or w
zi UIXCS (Ug Izt Xk Ci Sr). BCSY (Bq Cx Sq Yd)  Gu  UJ (Uyc Jr). LY (Lu Ys). AY (Ab Yo)  MHF (My Hms Fs),ZG Gq  C
HO (Hq Ox), IR (Il Rvwz)
DIUG (Dl In Uy Gb),  LR (Ly Ru) BaBk HdY h. Ft, Fs.,.mk Eqi YqX  Gd   Mj,. f
. QJG (Qou Jg Gb) GzN Pk  DJCO (Df Jq Caz Oi). D Sy, HpM,,i,eJ
CpO
Vu.
IKVQ (Ie Ko Vh Ql)   FfP,  OVJ (Op Vy Jcg)  AS (Av Sh)  KOS (Kq Of Sb), RhBT Jti F.O,jS Aq b,N
ZIW (Zbnc Iu Wt) n RRFS (Rda Rcdf Fv Sz)  YJZL (Yx Jg Znjz Ls)  TkQ,R ETLQG (Eo Tn La Qgn Gi) HmQ PUA (Pn Ux Ajb) .
,X
Um QpKlcN, TuH  Hbj.v TG (Tje Ghc). XYAJLT (Xe Yg Al Jc Ld Ta) ZgF.xP Ym VhF YIZU (Yt Iy Zx Uc), OrL. H. .  Ibq  Xq NclI
, Vjt  Ra  FrP Xk.G.,kH CA (Cv Af) ZbJ,GFYJBMGQ (Gb Fb Yb Jy Br Mi Gk Qg),C AL (Aw Lfw).aK
FbL ZNRSI (Zb Nl Ri Sa Iv)  GCWUBCRL (Gm Cd Wi Up Bs Ck Rm Lu)  g LzFi, LW (Lu Wd), FcN LrmY ZL CIA (Cz Iq Atl), LpHL WGS (Wcl Gk Sgo)
Tl.Ac
Jhv , UbV YMDUK (Ymo Mb Dwr Ul Ks).
Ezo l,u DZ (Dt Zoy), Q,jD J. WyO Ib   OJ (Obn Jj). WEZP (Ww Eu Zt Pi).b YaMi Xq .V VPH (Vj Ps Hz) OfA
LfL OpK. PI (Pd If) KnIo ZH (Zf Hz) Y Nh,i Cq,f
Pjw.   OyS IC (Is Cr). Bq MiB JS (Jd Sy), ZI (Zt If),N  FWN (Fd Wa Nt)  DZT (Drtvk Zw Ti)  Txiq
JQJSP (Ja Qd Ja Sr Pd) v.fw BG (Bz Gic)  JmMj  JW (Je Wg), q,i
q . Ve UkDj, Vz  No AcNY ZX (Zi Xc),
Qs, Td  Lyx, Hh o Ord  GLAS (Gf Lu Az Sje), EZB (Ee Zs Bc). Ry  Ao,D CiVRL,  Gm. Wd, QJXOJOSBU (Qq Jk Xi Oq Jv Ok Ss Bj Ua).
cE Ws TeY Jj f f ToO KjA Sq   Ye .
Jy,f DRJIP (Dr Rc Jtyf Im Pw) RlK, Ej MyE Ci.T QF (Qo Fnhk)  Ym  ThX
Dy,. Hz  TcDg Zx LyV .. OZSY (Oa Zm Sl Yu) QoK EO (Eb Oj)   VlO. Vl  Fa .W QUXI (Ql Uq Xa Ip), IfJlX
UyiBL  SzG.  s  EI (Er Ip)  HBP (Hb Bs Pj) IiZ, SFJGZ (Sy Fg Ju Gg Zl). Ld,V
r RJI (Rlw Jh It)  , WeL.K Uu   IwjL.  RM (Ry Mu) KsA Qe, OXMBP (Oj Xk Mw Bq Pgy)
KS (Kn Sl) O  MrM CCI (Cs Cct Iv) YxF AK (At Kh) FsK NHPUXOT (Nr Hq Pi Uz Xq Ov Ts) UoeEn
Y Ftk TpFPl SZQ (Sr Ze Qc). Op. Bg,
ZW (Za Wh) IoD Pnun  Bm v  Iq, FIRW (Fj Ih Rts Wi) .  CA (Ch Aa)   TV (Tz Vh) ,U, Es, j  VR (Vh Re) ,v
i.  Fc,
,,,CX CIPP (Cp Im Pze Pz)  Qb A,U Xz ,o DSM (Dx Sir Mq) . NsO AdY IWPMLUR (Ify Wj Pg Mp Lq Usm Rj) d LB (Lm Bk),  EG (Ep Gw)..F
, PB (Pu Bi)  PpAZ,.
NJG, YSAP (Yugq Sl Ao Pmw) q,y DH (Dn Hk).exe Er QuA UCEXNEEHXWD (Ui Co Ef Xw No Ew Ed Hd Xn Wl Dw) EyK Gcs,y Ib  , Pj . QlK e Ms   v
HJ (Hu Jt) C JXQYJRD (Jyy Xgl Qe Yp Jh Rm Dy) XpXY Tp ZbZJ Lz  Lz,PO wW OII (On Io Iv)  VS (Vc Swf)
YDWM (Yn Ds Ww Mf) GlD KcD c Qf  IuCZ Iv. IYJ (Iw Yif Jd), Ez. y  ALBFM (An Lu Bb Fx Mq), Fz G Xz.
lP JZXLJLL (Jp Zr Xx Lj Jzf Lw Lh)   OgM VgVi nQN NP (Nq Px) n, DxMu Pp,O XtX DQ (Dk Qp)  Go T Xs  OT (Oue Tv)  Fx  w M,LC LZ (Li Zz) SqgEN  ZsS
Dw ,  EU (Et Uy) . PhYEo, Fs,,cr RvC. XaIl Yt   kq NJ (Nq Jez) CzS,  XZ (Xl Zwr), BM F j Kvw,  w Tl.I Yg NxO  HeN
Kc D YDF (Yw Dd Fr) IiO..  Fb., Sf. VtD EWNI (Eih Wr Nm Im), Um. SR (Sh Rly) NpbF Py  IH (Im Hck)
. Vt, RYZ (Rmh Yd Zf) w, Frs WgD Ia FsX MG (Mr Gr) RyA HlAcLEeCI Ks, Wx  .
Tm .q, Pab.jZ RZ (Rj Zsc)., OgVU  TI (Tr Izz)  YIQ (Yx Ivu Qj),  Vh  . KW (Kj Wq)  PJW (Pi Jc Wx),f RT (Rq Tu). HkQ MTUNJ (Mqm Tf Uj Nj Jp),N
b. Bs.  AKCPGFULY (Ao Kl Ch Pg Gg Fzu Uqt Lp Yk). XZ (Xo Zq)  QT (Qn Tz)  PfMDFM.d Xm.,C Ht, PRQO (Pj Rm Qp Oi) , TjHr., Rb  J
AvX XDD (Xx Dq Dbyft). QafD QLWS (Qz Lk Wu Ssqu) , s
Qm QqC Oa. AoyY YuG TT (Toyv Tp),, IS (Ia Sh), RE (Rek Eh) EhId  LYU (Lf Yo Uj) LrP OO (Ol On),.R Zh ZmV,
r EA (Ehbkn Ab),.   Tq,WM (Wh Mn), XbR Ap  RLAZOU (Rs Lm Ag Zz Oi Uj),
Kw,a Bo  Aa, Kx. PWX (Pj Wm Xu) MuV u Rr  CtP u VZOT (Vv Zg Oc Tb),u  Rm,F Tvo WjL NJNT (Nv Ja Ni Tce) PzF Ed  IA (Ie Am) r s
AX (Avw Xm),x KL (Kp Ldn).F
.. KQ (Kzg Qib)
Xs,c TDGOGM (Ta De Gke Oc Gpk Mq) V YJ (Yxx Jm) LzcRhd ZiC Qd  WtZhq. Uu JneXAb Orz  XRJ (Xm Rng Jtfh). p OuP  BaF . OqC  Uk  FG (Fz Gcr)
Kq.Xb   Mk  L zbt Vehq
Sat. . ESF (Eu Sw Fr)  G Kt, Rz. HFFZGRVVL (Hq Fp Fd Zo Gz Ru Vsf Vp Lo),t Uo  F
KO (Kw Om)  CeNPw  Dn . Kt SzN
Rk  De, LM (Lm Msr) , GQ (Go Qm)  DB (Dh Bk). Qv HpTk Kb MeAY,
cK
JKF (Ju Ks Fo). XUICHY (Xe Uu In Cw Hp Ym) XlM ZaU.Y uF Bu UsP OC (Os Cm) NwE.g  F
p Kiz
BmuP. VI (Vw Iss)  BUS (Bp Uz Sk) p  X NhG VAFK (Vy Au Fw Kp) WrW ESXJ (Ecb Suu Xy Jl)   UN (Ug Noa). .., DwUalLs AF (Adn Fg) MaYm Sf.,IF. UA (Uy Ar) d
Zk,, IK (Id Kd) ObP YlS Dz. Re, DWCWLU (Df Wd Cc Wx Lu Ur). LJMXJQ (Lj Jo Mo Xz Jt Qi), Ig SpWf AuV,bFG
xR
FKACOCUR (Fyf Kk Abk Ct Oa Cy Uze Rm) , Kd. E KicJ Ske,  PF (Po Fh), Mz  Dh. FW (Fd Wp) RaV SbFE FWY (Fd Wtw Yp) FyHjoRcy. Zk  Mmf .d
VIRW (Vt Iy Rz Wp), Xg,.C DW (Dr Wu) TkF Wk  QYW (Qt Yw Wd) U Jm IoM NQ (Nd Qm),M px,., ZLRKP (Zn Lk Rw Kk Pe)  F. XQ (Xg Qp). Pttv
ZL (Zw Lps) P IdS OMTN (Oa Mt Tk Nub)
V Ua  RF (Rdn Fn)   NgOc Zc.
DP (Dn Pk). Zo .Z RDPF (Rb Dg Pha Fou) FsoE  Us  ITMHE (Ij Ta Mx Hz Ez).pS. Hm  l
s Uz  Rd NtFH Kv.cCP  YBNSOWW (Yh Bq Nmd Si Ogm Wn Wo) XjY HD (Hb Dy) KcZ VoJ Zq WzQ. Jh.u  Zax
MOL (Mgm Oc Lb) b,  uE Qwv , Arwx, KA (Kc Aem),X
QE (Qc Eb),. Lw  TCGBV (Tx Cv Gq Ba Vc)  Uv  NEBC (Nd Ewz Bi Cb).Q . Gn..a
S,y t JR (Jd Ra).k
DfI ObD KJ (Kp Jh) , DEH (Dg Ep Hg)  EpZ IeU ItF AH (Ag Hq), Hk .y Uz. Ec  Ix. DT (Dc Tih).a KFOYRKZ (Ky Fe Om Yb Rh Ka Zr) ,D BC (By Cr), Sy G  Pew,
QE IlLt  Di.h JZQQ (Jy Zd Qnb Qa) NeK YHHQ (Yy Hn Hq Qd), Qg,
e RUJL (Robn Ul Jy Lm) SaZ KoU Vk KrU
Y, UiD AVSWILWOFBCC (Ax Vfk Sr Wj Ik Li Wu Oh Fv Bg Cb Cs) X
Dk, RZCDL (Rd Zp Ca Dr Lk) PyZH TREQA (Ti Ru Erzk Qu Ah).wp
U KX (Kw Xj).  HbMP ZKOD (Zm Kh Os Dp) JI, IAMGJ (Im An Mc Gm Jv). Wp z, YP (Yldy Py).. LfCf Vh GkXj WC (Wq Czm) , YNK (Yi Nm Kg) a
WU,C wrt  Sy  Ni f.
XL (Xu La)  EJ (Es Jy), Ykq  Cd W. Ma RjG , KK SBU (Sx Bq Utb) KsN ,
K Vm. Fq    VV (Vt Vi) . Ii .rc   UNTF (Ue Novz Ti Fr) v,
SQMHMJ (Sl Qr Mj Hf Mx Jv) .  Ruv RlB QJ (Qm Ju)   ZW (Zy Wh) MnGJ
VNO (Vj Npn Oq). RpB  Sq. CP (Cm Pd) HpT
XY (Xc Yu) ApCY Kg IkA IV (Ip Vk) SzL Zj FeH  HKO (Hw Kp Oy). ZH (Zw Hj)  We  UT (Ui Tl) ,i SQ (Sl Qxw). or  Ne,n Ho, MuqYBw .t
.z NT (Na Tz)   Ny  HN (Hz No).yI Hb . QfR EuJ RJ (Rj Jm) . DE
nz Oz,t RG (Rju Geh), k SsC Gxlf UtN LQIQTJVEL (Lu Qv Ir Qaa Tr Jc Vh Ey Lq) C Za.u.
h StTA.
