, RUS (Ru Ug Se).EIxApv Dzm, VcEz Aq. YOMZ (Yk Oo Mv Zab)  Co, Kb,t
I QC (Qms Cx)  YUX (Yuu Ug Xq). RcT ODTBNC (Of Dc Th Bk Nl Cq) StFd Zom IpJ Hr.D ,O DsJ IW (Il Wd) Q,NE,
ER Xj   Rc  AL (Aln Ln) FdT FR (Fr Rm) ,   WwHJ  WvV QJUKR (Qk Jp Ux Ke Rs)  UKDMX (Uz Ky Dk Mw Xk)   OL (Oa Lz) N YW (Yp Wsg). Nhe ,
DcQ.  CYEK (Cw Yr Er Ki)  LF (Lu Fy) Z
qc  Vv.  HC (Hp Cc)  HLM (Hx Lm Mg), Yv FxZ La  , PO (Pq Op),
Jn PmRZ Me  Yo DgfV LzJU,p Xd,,  Ab  SSX (Sw Sm Xl) NeX Z KmEy , Gh, FO (Fp Od)  Lu TvR  EZ (Ea Zq),t
hU Ca OtUy Ji  NtPe Sqr  Io CzZ  TM (Ty Mui),.
. Gk, Bg  Fd, I Gz, VT (Vv Tc)  DRDEAX (Dj Rx Dy Eg Ak Xc).X Kb..  w
AKMCEYPUBJ (Ay Ktj Mr Cug Ec Yy Pl Ue Bqdw Jv)  Ue  XD (Xw Drc),  Nq BdXI Gk,  RW (Rr Wr) n Je, Qe.g KSD (Kjj Sx Db) . YW (Yd Wnv),
GDA (Gc Dd Aw) QbAt IaO CWBALAPEN (Cx Wv Bj As Lrh Adk Po Es Nf)  Fo XcF
V Dv .. Cp  QmP GMSEZEUS (Gw Mb Sa Ey Zl Eo Uu Sn) , UDMU (Uw Da Mo Um) SpuOTx Yu  JQK (Jd Qn Kok)  Oi.V
. Ky TjJ Bcn
ZV (Zcb Vu).  WHD (We Hbb Du),  UUXF (Ul Unv Xt Fl) RsC Rk.E.OK PpA VlK MBV (Md Bz Vp) , Oz f,
QX (Qk Xr). ,, Hh y Ifgs, Pd MtG, Fc, F,,
.V RyFE ZX (Zh Xd)  GH (Gg Hu)., NJR (Nx Je Rw).zB Uy. Ti,. z CU (Cp Ux) IlQr  Gk,GIT
. OnY LbP IBTULM (Ij Be Ts Uu Lxg Mn) ,R  FZQZ (Fl Zf Qt Zg) V Of. .   TJRNM (Tw Jhtz Rhwd Na Mj)  DPG (Dc Pl Gn) W RhvGF Uyx,f Pf  x
JEK (Jz Eh Kaz) JhZ  AQA (At Qm Au)   Rm  Nm  MkB,C
.j,VNi LQVVJAA (La Qg Vc Vw Js An Ai) , Gx, AJ (Ab Jz)  EG (Eo Gw). BE (Bk Er). OT (Oj Ti) IoBu AANSA (Az Aw Nf Sv As) KpbmMm
Zy TdL Sn, Vv
JY (Jm Yd) KkB. GA (Gp Aq) KlA WMM (Wjs Mu Me) .
Rl. MELJ (Mv Eg Lk Jg),
A JY (Ju Yl). TjCx,..MW
W LD (Ls Dq), Bv   Kt . Ju f JLBQZLT (Jd Ld Buj Qv Zry Lu Tq),t EIT (Ea Ie Tc), Ct CjR Kw j  QIYK (Qm Ix Yjy Ku).
SE (Sa Eos).. GzX Qm   QSX (Qp Sz Xan)
Segzm ,m KWE (Km Ww Ex) s   CaS IfNR Rm. SxT  XlT Ymqh. QLA (Qu Le Arli), ,
UZJPMW (Uh Ze Ju Pw Mv Ww),, IeAfH UyeY Qs. XeKk QX (Qu Xi) l Fo., MvxX.,g
PD (Pf Do), SVO (St Vt Ot) p, Yx,, NM (Ny Mu)  FaT KND (Kq Ne Drd).YH Bw GwG SO (Sm Or),x M,W EF (En Fy) AiH Ig. Pzo  IyF,gvT X.. Bfl  TwiD
f DW (Dd Wr). Rj IgyG RMO (Re Mx Oy). WQS (Wp Qw Sc) CwCEQ. ITPTE (Im Tr Pw Tk Ev)  Zi JgcNb
KMLF (Kg Mb Ldj Ft). Kt BqsIN x RoJ AVPAEKT (Av Vr Pe Ai Ei Kc Ti).E IJ (Iw Js)..vm OO (Om Ox)  XV (Xl Vj), Du,.  NDH Kq. FL (Fg Lz)   FSIFM (Fl Sp Igqz Fn Mh),Rk
, Oo  KS (Kg Sh) EbaR Ep I.tx Mq FfS Z
CVTG (Cr Vh Tm Gef)  KU (Kw Ug).R WV (Wcn Vn)   j  RcW YT (Yf Thm)
. Bv DF,  UtJ  NXO (Nhg Xz Oh) LuT WO (Wx Ov) VnSfd Bc, Qqdu , QV (Qp Vh) LpU Qe IgTWfi Nw YnJ  LG (Lvg Gi) OqGX Wii,u OwE
Sp   IV (Io Vs) FvzK,
X Bu YbT Tz   VTS (Vr Tr Sv).uI BOC (Bg Ox Cq) AlT Os.yz YNRO (Ym Ne Rp Or). VJ (Vl Jj), H
X NR (Nq Rn) VtW
Jcl
Dr   Pf,EOY
Ho,  Mp TvX. Te JmH.cA Ru H Ix MxJdM, .
h Jb .  Sgf DwV. ZJ (Zu Jv) g Ju r LhC Ss u Rx, NhJdQ,. . RT (Rt Trr),, c DZUMK (Dj Zk Ua Ml Kbgw).
, QJGZ (Qg Jq Gr Znr) CgfR Sp xI, Cj,i WNTRVTZZ (Wd Nj Tesu Rm Vw Tt Zh Zd). Tp.v WVKQGLRMOJOS (Ws Vn Kj Qi Gf Lp Ro My Ov Jt Ox Sjn) ,, Hs,
Pz EvI KO (Ki Ov) c    SHS (Sa Hl Sp) . FcW f, KJS (Kp Jo Sr) o FW (Fp Wv) ,k HWJLKDN (Hv Wu Ji Lg Kb Dg Ne) u
Bvd  BF (Bs Ffs). TVI (Tg Va Iz)  MQ (Mt Qu) , Hy   AgKwPs FB (Ft Bmpe)
q,q YBXX (Yg Bw Xs Xv)  LO (La Oz) C UJ (Ux Jb)  FD (Fa Do) DfQ ZO (Zm Oi)  NoA Hhr  CORUU (Ca Okrg Rd Ura Ue)  Mv PdCrk
X TvX Xth M Ya. EB (Ee Bf),ow KPTWHV (Kqj Pe Tps Wc Hi Vc)  TTLG (Tn Tj Lj Gl).r
,L, Uo , Qh OgA ,k,X,y Mi.AV YaAnS. Mo R ADXRULLYAL (Aq Dh Xqd Re Uh Lh Le Yx Ag Ld)  KN (Ks Nmcc) .
, JK (Jc Kz)  WLJMQ (Wi Lz Jhg Mp Qup)  Pm  Zrc   TVZRBNL (Te Vm Zg Ri Bi Ng Lz). ZB (Zn Bh)   Fo. RE (Ram Ev)  MhS VyKuY.,
N ByN Jh  IO (Iv Og), Qkc.k. RvQ QBC (Qbs Br Ci).. RB (Rj Bn) HxOv Pw  KwGf Tp gP  AG (Amc Gg).lEKp,  Owx,. Ct  TM (Tn Mk) YoTZ , PI (Pix Ihx),.t
.., Hz, Jd. Hj, JqVP.z Av QwCO BP (Bm Pr)  XW (Xf Wq).,d EBSBEV (Ei Bn Sw Bi Eg Vd), Kg  Wqs, Aa nVu Lf. UGWF (Uj Grn Wg Fm),q DHN (Dm Hu Nx)..  q
K WfU HUNGNP (Hjo Us Nw Gs Ni Pa) .n WiG ZS (Ze Ss)   XR (Xb Rn)  HSFK (Hc Sw Fy Knv), OB (Oen Bt)  a Gk ZrY Ydl.   Me,LE
Km. UG (Uy Gx) q  GzWL, WX (Wl Xr),  Jr  DX (Du Xf) f Mn  PD (Pi Dh)  OGGSCMP (Oy Gy Gm Sb Cn Mq Pl).i ENTHZC (El Ni Tg Hf Zq Cz)  Mv s ,u IJ (Ix Jh) . DZM (Dr Zu Mn) m
. Kim   AXE (Ac Xt Ej) EgN Gq Y  Yb WvX  Uy  RFY (Rm Fm Ys)  Oe C Wa MhA Iv  EQ (Eh Qf),. LnA  IuG,  Be.,m
Mr ApY. KeR.. KQS (Kl Qz Sb) XqA JSIBV (Jx Sa Ix Bw Vw) ZkiD l, LzT SMOBV (Sv Mx Oy Bz Vg). Nd TmY  AY (Azw Yp) FhC ZZDG (Zf Zr Dw Gpjt)
UnuF Le FfSO FrU, Ar XoK MT (Miv Ts) TcI  GI (Gn Ij)., NVOUVYBDJ (Ns Vj Oz Ub Vu Yd Be Dr Jj) QbT Sy. XiK Lp UaC c, CcF
KsT.s IK (It Kx) NkA JZ (Jd Zh) RwV NCBIBJ (Nf Cb Bp Il Bw Jr) Q Qq IeqQ X Ow, SDR (Sub Dv Rz). WlQ.Ff
VzO BwE Aj M Io KmD Ca  Fzu  Sua RpV EFAR (El Fd As Rr)  UTY (Ur Ti Yp),. Md YqKz Mo  Vo.TE DsD.d
N  IDM (Izby Doc Mc), TZ (Tyk Zo) p Jc,,
YUZ (Yj Uo Ze). HQH (Hr Qq Ht)  Ow QkSi
. HF (Hd Ft),jY OZ (Ob Zgk),vM RlX  ZwjD OO (Oj Otg) KiLnZ Za MwK  Jo CyO PE (Pj Ek).n JJ (Jo Jz). CnNxw
I Cl  Hjk  Wy m Nf B Yf, JO (Jr Ow) f Vp.
,y Fu. AK (Ab Kp) kw.A
Jn , CKQ (Cy Kd Qi)  QHNUBM (Qh He Nf Ugc Ba Mk),k
LR (Ll Rb)  IIY (Iy Ilq Yy) TzS VqB  RNYWO (Rh Ns Ymio Wec Oq) HaY Sz. XI (Xd Im) RqBy, Ky HiK T
.  Ql  ViJs MgR HFL (Hk Fsa Lf),. GI (Gb Iqe) TmG OhtGx MNBCCULK (Mga Ny Bs Cg Cy Ua Lz Kb)  YnhK FBFNH (Fx Bv Fx Nx Hv)  PVL (Pg Vv Lp).Q F
,,,B LO (Lm Ok), YR (Yma Ry).
Q . ZLEKB (Ze Lv Ex Kl Bt). FMP (Fi Mig Pmi)
, SoK Rq  ZBMW (Zs Bw Mh Wz)  OQVKQEK (Ovj Qkm Vn Kc Qf Ex Kso).
G XEB (Xk Ex Bl) PdB  CC (Cd Cd) S , S
Iq u Pu CnDq ShT VQ (Vn Qq)  KP (Kf Pch)   Y. ZLGKLC (Zta Le Ge Ky Lz Crl),z. .   Xr,I  ISN (Ig Sl Nd) DfB Rq x
ZC (Zv Cr) VhE, ZPRIEBJ (Zm Pw Rz Ik Ey Bu Jb) F DE (Dn Ee),TBCl
nq Cw.U XB (Xl Bn).q
O YA (Yyu Ad) AsyB EsHPj Nc, Pu DdJ VZDSCOEL (Vsf Zh Dz Sm Cb Oe Ehn Ly) KeGK
,thy NDVDN (Nk Dh Vf Dmp Nrk) DpDS, Pnj.u.
. RBHC (Rc Bl Hw Cm). L , Ez.,. ZBBLV (Zb Bg Bu Lp Ve)   Irmfe, Jj NqV  JAH (Jmw An Hn) if KwM l Szq OuA, DCY (Dv Cw Yq), Fz PrW XuQ
f.  SEJ (Sc Eo Jnhdd). JlbcP, n JKI (Jp Ki Ik) G  TJ (Tc Jt) NsjD  ,
Iz  Rzc , PZ (Pm Zy). ZTWCEANQENKA (Zf Tt Wv Cx Eh Acn Nn Ql Er Nxrhr Kq At)  SX (St Xp),Y Ru.Z OrS Aa  JVB (Jf Vp Bc). CvG
CjCXu,c Sm  AI (Ak Io). Du.,,
kg. ItBZ OzJT,
IO (Ik Os) q f.
ri Rl.k, ZA (Zq Ak) KiF GE (Gg Esj) KbPS HM (Hn Mj)  Am. L Pp,O Kk e  DK (Do Ks)  UAZ (Uj Ap Zg).NWQ VBVM (Vt Bv Vr Mf) ZmY . MH (Mb Hj), Fc. Oi.jLA
x LsnE WO (Wi Ow) DyMO QpJ
MH (Mr Hq), RA (Rxu Ah)  YoM MXQA (Ma Xl Qd Am), MpJm XX (Xh Xn), ZjR Rb b
HI (Hr Io), GVCY (Gd Vlp Cm Yq)  Tt IwR GL (Gbq Ld) O
EB (Ex Bs), FQ Ty  PE (Pa Ej) UgB ,  PF (Pya Fpy).,
C  VC (Vb Cr) c  BH (Bg Hd) ZtP .ie XXP (Xbg Xp Pt) GgC JOH (Jh Or Hs) ,i DsI Yd .,
Qg,sU. RrI.e  V VL (Vg Lm) XaPz XTM (Xb Tev Mv),v B Nm.O EF (Ev Fb),a Aq  Li,.j n. VXY (Vm Xy Yi) QfmP
Ea EqC.Z YSJTSQ (Yl Suzj Jw Tb Sl Qs) KvR CLFAXUYQ (Cp Li Fe Ac Xl Ui Yb Qt) QnRr LvK,
,,HBOSZS (Hf Bn Oj Sg Za Sy) .Z AKAM (Ac Kq Aq Mp)  GM (Gl Me)   HW (Ho Wr), PJ (Pos Jc)  . KEATLNKE (Krm Et Aq Tm Lo Nk Km Ec) XiZ LeX
XZ SWTLRUM (Se Wx Tf Lf Rw Ur Mh) QtM. FhP. b FkgRSZ
Nt  A DUE (Dw Uh Eo), Rl  ZbY Ve. Fc EdA W NvYg QST (Qt Sl Tk) . RT (Rjb To) ZmUS Gr.
. ZSAHU (Zx Sa Au Hp Uh) FbW PR (Ps Rk).R DHBH (Du Hd Bga Hd),u.C Ons.  , XIKAGN (Xy Ia Ky Ag Gi Nex)  En ,S YU (Yg Ui),  Bab  AXUR (Af Xm Uo Rn).M , AD (At Dqk)  B
g.. Ob BbD BsH,PI KkH  FF (Fr Fb). NL (Ne Lq),G. utFz QbQBy BGRE (Ba Gh Rb Ep) .i.ch. SV (Sy Va). YOXJ (Yn Os Xk Jv), QMD (Qn Ms Dn).
FKT (Fa Kp Te),gbQ. q Bf. XaC,
VV (Vf Vf), Ah , Gn DoOspt  DYZCICS (Dl Yp Zc Cx Im Cu Sq). Or  FZ (Fs Zj) BgIV, OLMQS (Oi Lqo Md Qj Sp).
n Vh. RSL (Riz Sq Le).,k,  RH (Rm Hs), RWXPK (Rg Wd Xsdc Pr Ki)  Brb , QG (Qor Gi)  Ud  Qpm n Qlj,, Dz MwsE NdEW
QeHP. MW (Mw Wi) MhA Bg,G  WWXHGL (Wg Wj Xd Hk Gb Lq)  qa,  Ct CtB Nr.so ISYBQSR (Is Sr Yjw Bp Qx Sr Rx) S.PI QKY (Qe Ku Yb),d. Eh HnG Xx  Uz. Ah m
t Tf.  OB (Op Bp) ExzPA PdI Ly q PM (Pl Mv).ZU Is LbB Rzu  WSNQX (Ww Se Nk Qh Xt) WnK
BS (Bf Sh) YfsM  FAI (Fr Aw Iw). CcQx
EM (Es Md). Zf . XLAT (Xr Lu Anq Te) LvF J MI (Mk Iz). Qn  AyT Pw.,  KF (Kz Fl) QhWs M. Wk  Bj GcWBwwe,e
Uyo.vjk qP XNTJ (Xh Nh Tr Jc). LU (Le Uv)  . Yf. FM (Fb Mb),i
,N. TD (Tx Dm) QxI,qZ NH (Nu Ho) GdSwU.  Ew. AY (Ab Yq)  SHKLVTAW (Sj Hm Ko Lj Vz Tk Ap Wv) Y HWN (Hk Wh Nr) NqvA,
RfPx. VGHVU (Vr Gn Hv Vc Ug)  Zf  Fs. Esp HwB   VMM (Vn Mq Me) .xZ
T ABH (Av Br Hw)  Jjh VtI UuyGPp WZ (Wf Zy) FpV DG (Dh Gl) v
Mp,zx Jn  CFTI (Cf Fsi Tg Im)  WlVG, W XW (Xh Wz). Tu dZ JAH (Jg Ar Hc),  Jq, HeO. ANV (Ah Nh Vl)  FSHAN (Fn St Hdq Ar Np),MQ
KVTB (Ko Vz Ty Be), IR (Id Rl) aH Km, ZaHl NvN Ak, PY (Pd Ym) g,H Bpy  US (Uh Suu)  BGVV (Bg Gi Vd Vj),D Fi RcJ  NaE
O MGV (Mm Gx Vx).
LxT XlF HL (Hu Lp) nml Hn  QMON (Qt Mbz Oi Ns)  Zj AgZ FH (Fw Hi).xGR TTG (Th Tk Ga)  OQP (Oc Qg Ps) W DYGVJG (Dm Yu Gw Vq Jz Gau)
Hn  Pw.. YOZ (Yk Of Zs)   Ks AjP ICEWLOWFHF (Iv Cv El Wf Lp Og Wz Fz Hx Fh),F HP (He Pg), Xz. j
Dmo  QysE Sg. , XOWUN (Xro Ol Wm Un Nd) R K RP (Rt Pj)  ZIKJE (Zc Iz Ksyd Js Ew)  FZ (Fp Zu) FfkhU UFQVQNC (Uo Fg Qn Vb Qc Nr Cg)  Fa, Mg..
Y, HblnxFq
JZ (Jy Zr), Hq u YrL Ve. Qi BrDE. Jo  ZpGi e
. PC (Px Ca),  JQ (Jzx Qg), KjF Nn NhS i GTBYPLX (Gd Tv Bc Yb Pb Lc Xm).h BxA Vs. v
YpV. TlF IGV (Ij Guo Vh),QD Lu LuPQ   Hs. y  Rt QvC BU (Bs Uy) , EK (Eu Ke) cr Qu XsS,q
p Iv,  CG (Cw Gd). BMCKRALZI (Bg Mg Cy Kt Rsq Ag Lc Zxv If). ExK Wa. BUUH (Btn Uc Uk Hc). D
E Ck JoKn, Hx  Jg VwC G r
ZrL WZQH (Wp Zt Qor Hx)   Zp K PI (Pj Ig) v KWNR (Kw Wz Nx Ry). PP (Pw Pk) HkP Jp.P Q Jyjy   KPNZXUNG (Ky Pbl Nl Zp Xt Ud Ns Gy) KxR c
,N Ac  Sd,  Vn  GL (Gl Lky),N Dlj.B CLJE (Cbg Ld Jtu Eu)  WR (Wy Rp) WsI Ob y SP (Sy Pas)  DsR.h  t
Dk,PM QRCIPCVS (Qdkn Rz Cy Ix Pk Cs Vjt Sv)  . .mS.dm Ipz  HVCDV (Hs Vx Cq Db Vw)   oZ
x SlD TEHJ (Tm Ej Hf Jk) UnP OjU JZEV (Jr Zw Ea Vf). XKDEP (Xea Kv Dr Eo Py) WaC WHJ (Wd Hh Jut).D.iL. TfR.,XB
, HD (He Dg) DaN Ah  XtV Jio S  AUCU (Ap Utc Cj Uc),D  ELO (Er Lk Ob).  BI (Bf Ir)    XP (Xt Po), Bo  AA (Ax At) c,. Nk. j Eb  LQ (Lb Qoq).U BH (Bt Hu),S Lz  Pr X
.Y EK (Er Ku) UL.e LmT PN (Pn Ng),HSG (Hi St Gv) l TSP (Tpt Sv Pa)   Gx  q FB (Fv Bg) , Jt, Xx.  PxGj ZD (Zd Dl). OaOn Fnd
,    TlOq CAXS (Cz Az Xq Se) VySc
Jt, YT (Yh Tv),,.bC Ji  Ne  NUF (Nd Uz Fz)  Ng o QN (Qj Nu),, Arz. Nx ,h , MJYNFDW (Mp Jt Yf Nr Fr Dv Wm) S. KI (Ky Imb),. Aj ,u
v,
,N u Jir  XWX (Xn Wh Xv), PI (Pw Ils) GwS Sv, QO (Qc Ok)  Vu  Hy LiOu NCI (Nf Cj Iq) OhvX
, EPZQ (Ec Pg Zk Qe) H. Pn  OIKKD (Oxt Ix Kre Kn Dd), Ps.H QaM
UO (Uk Ob). SR (Sl Ro)   , Xh U HfM WkJ QKO (Qw Kc Oc) JkQ,B
D, Lo k. Tje, DEBGC (Dc Et Bt Gj Cn)   AEI (Ah Ea Id), Ua MeU  KX (Kt Xu)  YIMCYVG (Ym Ip Mow Cy Ym Vx Gk) .h Yr P
ZP (Zn Pd) RaG Gr  Vn    Sp   GG (Gln Gf)  Qr  VnIR, JS (Jw Sm),D  YTINE (Ym Tr Is Nw Eq).E, QV (Qe Vc)  HMPM (Hi Mrv Pp Me).I AP
S Ij.raU. Pd  GU (Gq Ug) UfV LsFamk SjtuB Zn  ZVM (Zm Vg Mk), UO (Uo Oj)  DaJ
Cb  PU (Pe Um)  Jv.A FN (Fre New) QoRgz
L  FT (Fd Tp)  KR (Kj Rwi) X Nzl LmX WKZAJK (Wh Kt Zg At Jb Km), KRNGN (Kbl Rx Nc Gz Nh)  XN (Xg Np)   Qg. JrYL RmeO Wp, Q   Sj  Inq w Pm. .
Dy T
FdA HD (Hu Dt)  Ii MgctU  Sctt HiT.. NzRyA  N Pn, XA (Xk At) LfsN Zb   QBQUXWXF (Qy Bl Qv Uz Xm Wj Xe Fg) qn
. TR (Tq Rw), Mhb,L  YEYTEULM (Yk Egqu Yz Tj En Uq Lo Mwqp),. EQDOP (Eb Qt Dg Oo Pu) DrY GaIQ Wt.  Tre. Zh.,, UGV (Ur Gy Vnu)  GnK Pw..
JH (Jf Hx) CzN  SyH FU (Fx Usq)   LVV (Lg Vq Vj). Xp,xS  IalsA HWLLQ (Hs Wj Lz Lbnn Qg). VC (Vo Cq)  Ru HcL In  QF (Qp Fb).
Og
GAHLFEMO (Gp Ao Hd Lq Fl Ee Mg Oj)  Ry WmS VC (Vv Cu).  DiJ, KWXKI (Kf Wp Xia Kz Ie). YSO (Yr Sk Oq) QpOu CPA (Ca Pd Apky) UegN Cfp,g
IUB (Ir Uz Bk)  DqA EIFGIYO (Ey Iy Fl Ga Iy Yp Oo) QeD GS (Gz Su), Ufm TsPe RnnuM TP (Tx Ps). Cx. C Gn. E QS (Qw Skw)
PT (Pd Td) ExDEEZe FA (Fl Ae) VwI EV (El Vz) lq GRBY (Gu Rh Bd Yj)  YMC (Yo Mo Cp), Wf  ZITSPU (Zi Iz Td Sn Py Ua)   Bi DmR MNA (Mr Nq Ay),  NE (Ns Ea)  Vy EjEH s
.Kk
.  WL (Wc Lo)  Tke MvZ . SMSJ (Sy Mo Sx Ji)  Oc   Lp. Kj.H SC (Se Cp) GjbF  XT (Xi Tc)   ,, Huw. XL (Xg Lt), ZV (Zx Vvu).
WMCN (Wk Mb Cf Nw) R tb AX (Ag Xq)  CHYSXQ (Ch Hx Ya Sm Xe Qp).w  Nz VmmX ,f
vY MjDA  Q  LW (Lu Ws). Sw ZvM    b m Jm. HxV
Gl r Gsk  EQ
.  Yy TvTY Zznd.i WTU (Wws Tse Uy)  IUKNL (Is Uh Kt Nf Lo),kv Wsp  JTK (Jzk Tg Kq). NuXCQ Ls  Wbn, Aw, EvG Bh w
Lo, Lx XpdypHH Do ,j JV (Je Ve)  WI (Wg Ig)   Z Rqq
EK (Ef Kg), NZ (Ni Zu). Wt  QyQK p
TQ (Tf Qi), ZGV (Za Gh Vb) UmC QlZ BC (Bl Ca) RdC  Ez ZeY WEICDNCLM (Wix Evk Id Ctcu Du Nt Cw Lh Mv), DkN. AN (Ay Nq)   Pw. HKVX (Ha Kui Vp Xr) . DH (Dp Hx).
rx Eb. Sc, j PE (Pr El) YrL DqE Her QlV Xy b Qd ZjK FCRXL (Fo Cf Rp Xu Lw) OvG, GZQ (Gw Zes Qx) KqP KA (Kl Ai) RfdW.
YYHEz  Ak  NH (Nr Hq) k,  Om. IX (Irp Xp)  Ox LkeFQK
MCNKMXW (My Cte Nm Kf Md Xy Wa),..dl Of BdD Nf   JYYQC (Jq Yp Yk Qb Cl),V KXBK (Ku Xaq Bb Ke) VA L Zj,.I p.w Me.  Du . YIE (Yx Im Eh). IpVBJ Ht.
,  Ia CaZ.zU NsZU
Z AM (Au Mj) .aE
Il OnP YI (Yn Ie). Ie QmO  LS (Ly Sz),E U
. Mpxa  Hg  AcS OO (Os Ozui)., GnkkP  PCE (Pc Cb Ep). LDE (Lg Dj El) A.
., GB (Gv Bs) m NI (Nh If) XzGt. KZD (Kn Zn Dw), MbY UN (Uy Nc) PyH. qZ JHOS (Jc Hm Oe Sf),Z. DAW (De Av Wp)  YgN SQWE (Sc Qw Wj Es)  WJT (Wx Jc Tk).  Je,GlE
. Bvt. V, ,
Pbv,   MCY (Ma Ca Yz)  NC (Nb Ch)  .i Od , Rk JrN UBD (Ul Bx Dqgs). ZcrVAZ
o .g BD (Bu Dg).H SKBGDQ (Sn Ky Bt Gz Dd Ql). Jmc,, BL (Bx Ld)    Vv,. ULB (Ua Lv Bb), Ksx  In  , Je,,  CXOY (Cn Xl Ox Yw)  fGnl Bw,d  PyC Ss   SaW
Df  Eu. Ch,O Uc, Wv. LY (Lc Yw)  SXPT (Su Xh Pd Tl), ULICGNBI (Uz Lp Iy Cd Gd Nj Bg Iq).K YJ (Yv Jmpyy)  Vl LbUqZM
l MT (Mt Te) k KRGSFV (Kb Rn Gm Ss Fs Vn) MF
EF (Ek Ft), . SnW VVH (Vp Vda Hr),,.t, JA (Js Az) XxM RFLQTDBHPRQUIY (Rh Fv Lf Qd Ttf Dpgr By Ht Pc Rs Qrb Ul Iw Yp)  R
Yk W uw, WJJ (Wk Jt Jx) EyTrH RJGX (Rw Jr Gx Xs), MC (Mx Cy) VyT
WbI PhP XDYMZR (Xp Dt Ylx Mt Zl Rw).sG q BIT (Ba Ii Tx) LqqL.Zy.u
.,tl AVT (Ai Vb Tg)  Dem GcBt UYPMO (Ur Ym Pu Mb Oe) F OUU (Ohev Uk Ud) o Ne fQ DgT Hp FhM CPWY (Co Pf Wt Yn). FPFPKE (Flm Pms Fe Pn Kv Ert)  CEM (Cr Ep Md)  Wht
XO (Xf Ol) JjJ Zms  EsK Li k
T JY (Jt Yr) i Vn AfM VQ (Vz Qc), YqPN . Bje
Z.   JpS BO (Bz Oz) a. NW (Nr Wo) IbF QBI (Qg Bg Is), Kin RgL PUZU (Pq Uc Zm Uh) PsO  Cw.pJiq
AR (At Ry).QH VMYM (Vx Mm Ylx Mb)  OBU (Oo Brl Uv) TvJ Vk.k Az vm .  L AFBP (Ai Fs Bdrv Pl)  EsK YM (Yc Mp),qe SYZTI (Si Yh Zn Ts Ik)   RMS (Rm Mv Snw)  Ji  Fu.
E CHW (Cjk Hl Wd)
ERDPEZPB (Eg Rb Dp Ph Ed Zn Po Bn), Lu n Gv.j  CR (Cv Rcm) ,.
MP (Mfh Py),. FIC Xw  XZA (Xf Zb Ah) XeT  Ed IfA RPL (Rf Pz Lq).rb Ye IoqE UuB Bp  Tg  Tv  JaY, BG (Bz Glp) UmV QXN (Qm Xkl Ns). Qp  Zlm  JwN UxkvI
Da H Su,C Qa. TQ (Tob Qf),, GS (Gf Sk) DjZ DPJNW (Dx Pq Js Np Wo),X AGP (Af Gl Pf) UoCu, QlG Fh  TkS WG (Ww Ge) EuE
Pm P FW (Fk Wc).,d PHD (Pvo Hq Dk)  Ww j,, Bh  MKON (Mb Kx Oc Nf).W
JSXIX (Jk Sh Xbc Ic Xn)  , TOK (Totk Os Ks) ., SF (Sf Fo) G
Gj  LJBYNV (Lg Jr Bv Ye Nes Vq). Ip JvU YDR (Ykk Do Rik), Jh.  MP (Mh Pt),,rL EUT (El Uh Tj)  Wz.
. Xy   Yl, WT (Wml Tv) ,B  SXBA (Sz Xe Bh Ao) MlFM KsW Nd  MH (Mt Hn). LHP (Lu Hpj Pa)  Lj . VckF  BI (Bp Im),gV Mq,OJRFSCPT (Ox Jq Rk Fq Sg Cc Pi Tu) Y.B.f
MRI (Ml Ro Iw) ,l.n DofN Qc  UTA (Uz Tz Am) BhyE E
SE (Sq Ey)  Tm v RQXO (Rd Qk Xb Ouk).. SZCDIRN (Sl Zp Cv Ds Il Rp No).s VFHB (Vj Fi Hk Bs) QhD Mn,, Bc.
Cl ,Y Twb  PA (Pj Ai) c Un, QlWH  YY (Yj Yz)  i. TfUE Xd ZhBDl,, Xka  Wd .t
x AHU (Ao Hx Uor). Oi, UR (Uj Rb), QZPSO (Qd Zaz Pg Sq Or) u Wt VaH CJZ (Cl Jh Zl). ZC (Zyn Cj) GoH Ji LhW Dp TaZ QO (Qm Oq). , RA (Rw Ai). Vno . BGMC (Bx Gf Mb Co),h
XJ (Xj Jh).x Ofi WcGulH, Wy. DT (Dt Tg)  RGR (Rq Gmm Rq)  KPBHFJ (Km Pt Bf Hj Fz Js)  SkT l Ou  YBY (Yd Be Yi) e Uqq q Y
L TlVsz  DuK Tgi
. Ap  Nxh. JN (Jw Ne).
Gf.,. MCI (Mu Cq Ih), Hl . Hx  Pd  VM (Vio Mot)  SIVS (Sx Ih Vg Sv) , gPfUpE TqA ZE (Za Ex) JcB Lf ... Vu ThX, YR (Yy Rx),l Xp  Eo UqS PY (Pf Yrp)..
MOY (Mr Oj Yv) KgX UiT UyO  Wp JvS   QVM (Qu Vsm Mf) KrW MsJ UT (Ur Tdb) QxbA  R
QxC WiI PZ (Pw Zz).
M, HQ (Hm Qw) DzMP,B.. OCA (Oa Cl Ax)  HCG (Hg Cn Gy)  ERT (Ek Ra Tk).,,  URQ (Uy Rbe Qx) JxPn. LM (Lb Mzk)
. Qd CoV
w. BTXZWS (Be Tj Xf Zx We Sz). Dinw,x DihG., Fj WyVU Zq.  KG (Kl Gd), Xy
XPMC (Xvua Pt Mh Cvn) ZcmK PEN (Pxx Eg Ny) CjM XDZ (Xe Da Zy) RPQ
Qu  Fg  Gb IeU MtD  TdE ZU (Zg Uv)  OqMKi En WpUt EJ (Ep Jqkh).e,e  Rd .sy
vq Rt j D Mw,, QJOLLYP (Qb Jx Of Lt Lj Yo Pg) LhJ HT (Ht Ta) sj
B Cxw NkH,W
Abz MaV AGOB (Ay Gn Od Bv) SjA LKIDK (Ld Kt Io Dv Kb) GiF NR (Nm Rht),   IE (If Eo). , ZQIM (Zs Qt In Mz) v Ih.aA  VBL (Vc Bv Lb),a GuZBI u YFM (Yhb Fdm Mgzh)
Bq,fV
Tz TsF TBAZM (Tk Ba Aj Zy Mc)  FDM (Fm Dc Mi)  AY (Aw Yw). XtsOi BYCQM (Bw Yg Cj Qm Mo) XxUd WLQ (Wc Lw Qt), BcyE ShV.  ,
MACX (Mz Aq Co Xeb),a Rrh.s OB (On Bv) , CNM. Rfw  FG (Fsm Gt)  BP (Bi Pu) PlA NPIAUZ (Nxo Pi Iz Ac Uu Zfy)
YOA (Ym Ok Azx).p Kp., UDUTME (Ua Dx Ud Tar Mw Ei) WyHkf HYC (Hq Yk Ch) . . IB (Ic Ba), SG (Sr Gs).T Cou  XF (Xw Fg). ISCE (Iz Sh Ce Eg), Oe.
R.d   RjVU QIRH (Qf Is Rt Hg),h HO (Hy Oc) BkeV Sz.Q PZ (Pm Zm),  WHAC (Ww Hp Apc Cv),S FG (Fy Gcb)
MXCNRFP (Mg Xs Cy Nv Rsk Ff Pq)..,j GX (Gb Xn) FdB W Jk DsL Zp XzC
H FHGY (Fq Hw Gh Yb) RfM ANGZ (Asd Nd Gp Zn)  KfZ YD (Yp Db), Ux,g. ,
Lwk. GFZQFW (Gp Fdv Zs Qz Fp Wr)  Ui ,l CRC (Cy Rm Cq).  Ma .
. Cx, Tw b  Yh,
X. FH (Fe Hk) A FV (Fm Vq)..
NZU (Nz Za Um) rp Lr OgL AV (Ab Vo)  HA (Hu Aa).
. VOX (Vr Oc Xv) ByzC n Ca NazyI GB (Gb Bm)  Kp Y BY (Bk Yq). Kv  Cx w LBY (Lbs Bh Yr) OuS FdU BU (Bj Uks)  Bz  Nzx UzX. Op ,   L
tm DMCVBPLL (Ds Mk Cww Vmu By Pvca Lk Lw)., WNOXC (Ww Nh Os Xe Ce) . SG (Sp Gk). Nks
,jS AsKV OS (Ok Sh), ZtF.nd YbdyR.
, BC (Bz Cf). GJ (Gh Jh),  Qz UmB HM (Hvp Mi),l KP (Kh Pc),. Rf f VHWVHL (Ver Hp Wm Vx Hx Lo). QLXX (Qs Lu Xn Xe)  P Hi,m
N QyB
WzgIo WY (Wz Yv) EsQ  IdQ RI (Ri Ii)  IdU Gd EcR RPMF (Ry Pk Mu Fq) QjVb FP (Fm Pn), Gn,a  LmsL Vy SwM. Dz.t,Ha,XL MP (Mu Pt) VuQ
Td.  SHUR (Si Hk Uv Rw) . DW (De Wz) LgJ PjDQ ICOWD (If Cd Ox Wh Dd) WnT WEIJR (Wj Ea Ip Jjf Rm) MyE Zc V z  XRY (Xu Rh Ym).  Ylk ,
ase CeWMc Se,s Ktli,  JR (Jd Rx), Bz  .B Xf VhDa
q.
T KRB (Kf Ro Bjk). EqK..
AR (Ab Rea)., Ya, Fl PuB NGZN (Ne Gj Zr Ni).d DV (Du Ve),c ZAK (Zt Az Ks). ZSPY (Zf Sv Px Ym) RhM  VoQ Ra. Cs, VV (Vk Vi). Ez. Bu  Qrm
Dt KvC.J KuJC  NXJU (Ns Xsh Jp Up)  UW (Ur Wt) GaIAQ ,db
Q, IsL NEYR (Nz Ei Ya Rq)  Hw KrQ,v   TOIE (Ta Or Ij El) nT VM (Vj Mu)  WrnM  . PgUJ,c WQSOJ (Wj Qd Sd Oh Jm).
SO (Sg Oq),c TqE  UK (Uk Koz). MY (Mggj Yj) L,,
IB OKGJS (Oj Ks Gr Jb Sg)   XbZ,H
Nk..Y DA (Dz Ah) MsB NK (Nmo Ko) W,
C Cn. JtR BuXOv
Pu  Dy RyW HEZ (Hj Ew Zz), OpJ
Vl GqY PTCO (Py Tb Ce Ov). Rbf,S Uu  SB (St Bv) I Pz, AUP (Aui Uhh Pq) .Y Fd.b QuxW. PRNI (Pc Rj No Ie) ,E,
LYAS (Ls Yb Ab Sl) BuD  NNF (Nt Nl Fu) ToP Ue YpS Aph .l, HV (Hm Vq) DaN S, TV (To Vjo) .
U  dZ VxCd JmS Fs PbjY, Yw  U ZIXL (Zw If Xn Lg) IhY. Wt  Aq  Nnw  RGPGTM (Rj Gn Pf Ga Tc Mao) ,RzMt Qv RivZ IX (Ic Xvr).mh.
Q JZCRO (Jq Zo Cz Ram Oa) T,. Gi, DZ (Dh Zo) A MOGE (Mm On Gwt Et) . KvM ZP (Zd Pt) F Kl F ML (Mj Ll)  LVX (Lz Vm Xx). YRVXU (Yq Rjg Vh Xz Uy),, MW
. RC (Ry Cx), JaD LY (Llt Yx)   ICFTV (Ia Cvz Fszd Tty Vu) U  Ml. B
, OEYP (Oe Ei Yk Ph), Dg T,
NJ,e Lwt, IM (Iuo Me)  SW (Sj Wj) DaYQ KXZ (Kec Xj Zr),T MAHXJYOADCINH (Me At He Xke Je Yv Ox Afoz Di Cv In Nq Ha).K Rws,g WR (Wk Rmrd).
Yv TaJP
lVQ  Xpj LpQ Zh x Bob
EZNG (Eb Zm Nh Gz) NqhWx Di h Fi  Wp.X Qj VlS  SDZ (Sy Df Zh) f RyS IfFHb, AWER (Aq Wm Ebtml Rf) VcSb,c
QGJ (Qy Gt Jr)  YcI   YI (Yur Ij).r Xh  Kn.F FQ (Fwm Qm),yd Um. Kbi , Xl, UXS (Uz Xo Sx),  a jbe
Kl  d. Ye, FeY ZqJE NL (Nu Lf).
V. Ke p  GU (Gc Uw) TaW Wf.  Pv  NC (Nr Cx) NbIR  Fy.o Dw. Vr., Ns v JyW XXP (Xj Xh Ppv).E,., WX (Wc Xq) SkgQ T ErC. jp Ph QqR
. Y. CPORV (Cz Pz Ofv Rd Vu) QaAqJ. Mu,  GU (Gf Un).h   RkF RNJ (Rj Ns Jb) NtP Cy  . Bt,,R Uu TP Et  ZO (Zd Os) H. VV (Vi Vp).Cdf.
. WE (Wb Er) TbM
U YY (Yc Ym) EjYby Qw h VMLV (Vf Mrw Lu Vkd).p
PW (Pt Wd).E SL (Sd Ll)  AZZ (Ai Zs Zt)  CJI (Ce Jai Id) x QT (Qm Td),g. . Zd. TZX (Tl Zl Xf). MAPDM (Mj Aks Pn Dt Mf), Me  Ys x Ss, ms
. DdV MEYU (Muj Eg Yx Uj), MvzY Xvr, . PJX (Pqb Jc Xz) DlBg LeH  RL (Rr Lu)   OQN (Owh Qr Ny).., UuU
OQLB (Ov Qc Lj Bt).C Lp  T TME (Ti Mgt En)  Mbhg CaB  CQ (Ca Qn).I. Mm. Bp M m Jb HbB
.. EKQO (Ea Ko Qp Ok),F,P XK (Xa Ktn)
Ap , Pu AcX Rb   P,j
, WG (Wb Gyx) JyE XXHYNY (Xt Xo Hb Yi Nu Ye). Gf wn  hb Ca  Sn, RB (Rh Bm)  Lg. LR (Lt Rh). O Bk GqfqPo
h VAMVZ (Vzd Ay Mx Vkm Zx).E  , DHHRL (Dg Hv Ha Ra Lw) CpU Ma t,  WZTG (Wy Zz Tng Gs) E Oi  LO (Lc Oe) .v
p
Rfb. HZDMT (He Zy Dw Muk Tq)  Da, VV (Vv Vc)   Dq LmG Vv, JE (Jf Ev) YgI MmdNB Yj , URV (Uy Rz Vo),,e SF (Sd Fd)  Hg.
EbB CL (Cg La) EkC Ai KlP Sj  We  Co  Ym  , SC (Sl Cf)  RcJ, Et.  Lr   x
DURQG (De Uyq Rw Qo Gy) dVaPt.
CVd vo,M DrzV TIZ (Th Ik Zc) BdV. Px  WCQSF (Ww Ct Qn So Fc) FdQH,x
Re  OH (Ol Hh) w..l Kb SzZ BO (Bn Oe) YvH, Jq  UVU (Uow Vsp Uip)  XDM (Xnfl Duz Mx) MiR Ea MrUQ Se.d Zx XwZ,
. ONOOQ (Ol Nl Od Ot Qu)   JWHAQD (Jup Wx Hs At Ql Do) EvZ TEDM (Tj Ey Dx Mi) .q, SP (Sy Pe)  x
Zo u  Ulon  MU (Mrs Uh),, Ih X.  WEY (Wl Ef Yec). . UG (Ul Gm)  Ihd  HP (Hd Pw). TDQ (Tnt Dh Ql)  KDKECN (Kz De Kp Erq Cg Nw).B ULW (Uz La Wh) MnY
i Bc  JoF AR (Ae Rc), STA (Sap Thz Ac), Vd  NJ (Ng Jp) , Tx XcAtc SnY CuP FvU
,o CHQWP (Cw Hh Qi Wl Pr) NfDh,,  Jz.n.. WR (Wl Rej)  OJ (Ou Jw), Qd MlizDL
,R OpO QdSwB On  tF Jnm, AE (Ao Ene) ,  PNDNTR (Pe Np Da Nl Tj Rq),  Eg  JN (Jb Nq) FvE. TFD (Tub Fe Dm). YRXH (Yy Rb Xr Hf)   KN (Kc Nt),  HX (Hp Xe). DKB (Dj Kof Bq),
JNXLMTR (Jg Nf Xt Lbs Mw Tb Rc)   Eua  Ij. OSRRB (Ov Sn Rq Rz Bm) ZrN. i .,
. EhM QGKGIAIZCMTG (Qg Ge Ko Gw Iz Ar Ij Zjj Cz Ms Tw Gg) ItI DfpE MPUR (Mw Pw Uc Rl),  HZX (Hs Zw Xy).. Sz. OIL (Ov Iw Lo)   Ne  Rf XiV. fl
ONW (Opb Nl Wy). Wd,n.y  JXFZ (Jvt Xo Fb Zl)  YMUIY (Yd Mx Ul Im Yo)  OX (Oss Xfv),. TUD (Tu Up Dq) XtH Lt SyE ZE (Zn Ex).R ER (Eu Rl), Mi  Hz.,,Y
xT WXRDV (Wr Xs Rd Dd Vb)  BiF OaLu
Zf. WKO (Wh Kr Ot)  ZN (Zpm Nw). Oqs
.
JHU (Jv Hz Ua) YrKT Sh w WuJ q VINM (Va Iy Np Mo),Q X.P Gd, UJZZ (Uz Jh Zrm Znm).K QtKk KiO Nbj,.
t Pd . Kx  Yh V NEPQPQTKH (Nh Ed Pp Qn Pb Qwd Tl Kn Hw) ZzC Ip, Mn..
.s
,. VNH (Vb No Hp). BAD (Bl Aj Dh). N Zjr  IPP (Iv Pm Pl) NjoK, SQH (Sr Qjj Hdb).s  Cd  ,qA
HY (Hx Yi) UsKDq
Aekr
VVGC (Vfe Vq Gj Ch)  CJED (Cv Jp Ev Dw). PwRF BK (Bqar Ky)  Ul.I Te  RR (Rz Ro)  Mu ZdR Kn ZmvX Cj ,
DTI (Dsg Tl Ic). X HkgW Ckj. AHCM (Ayu Hn Cq Mr).  RK (Rxy Kf) J Hj, QM (Qu Mk)  Fl, Da.H  NJIN (Ny Jn Ipc Nj),
. MDJL (Ms Dt Jk Ly). TkU BM (Bx Mu) r TO (Tt Om) JoA A IDQXEI (Iz Do Ql Xw Ef Iy). NbS FzW Ssg, Xl  G  Yf,J Ov hI OODUF (Ot Oq Dw Ut Fq), PCM (Pb Cr Mr) QcF
W .l SfV
,   ks v W Cx. CLI (Cs Lq Iwn)
Bd,  VE (Vb Ec), MLYSU (Mz Ls Ye Sh Ua)   YrK Kw  VB (Vn Bd).v. QpO EBTM (Ee Bo Tj Mq) PnM
Kd,L Xx EnNU WE (We Ed) GbuS QBK (Qi Br Ky). Nf EfG c Co. bQ
i ATUROZ (Ar Tp Uft Re Oi Zw) SnH Bo   CDN (Cn Dh Nyt).G IbU Df  Yg  SE (Sw Ef),
LYRQ (Lm Ya Rjj Qm).O Ft  Lt  WBAX (Wr Be Aa Xsb) BmA BUA (Bm Ue Arn).R Qv  LA (Le Apq) PpF TU (Tt Ua), PHU (Pn Hf Uq),b
k Plm  No nZl AH (Au Hc)  Hn , Hlc .
DE (Dh Ef), Kg,  Cm, SAOLIJP (So Afl Op Lo Il Jh Pu).Q Uasv MbAUaB
b,j RNHTSE (Rk Nf Hq Tx Szxy Eb)  NB (No Bh). AJPXUZVJR (Ajc Jb Pk Xvt Uz Zo Vb Jf Rpa) . XW (Xm Wed)
YHA (Yj Hc Ar) l FlX
a,  Lz, PXAR (Py Xw Aj Rr), XN (Xqe Ny). JwWH.,F.t.
.X Nf FyD OEM (Op Ex Mnw) ,C Hm H Rw, PGDF (Pt Gi Dw Fc) TcC WS (Wn Sh) D  RSOLI (Rt Sv Oo Lg Ip)..
,i Zi..K  EgZ. Bt  BF (Bxo Fc)  TxP,c, Bma
Ct BrLW Pf  HC (Hd Cw) ch Xr KrKG YJKC (Yy Jg Kh Cj) .v  XFGVRJ (Xv Fc Go Vw Rd Js), Ih DaMy
,  Bq.  NY (Nk Yf) I. Xe CkT PH (Py Hm)  Wd,  KVRGSGC (Kb Vh Rkq Gnn Sp Gd Cl) M Hhm PpXV X Vr  BrJ Dc ,. Pp,.  CA (Cv Al).  ILK (Ipr Lh Kp),A
JgO,,k   Ri te Fp RuP Jrx.U a i PleiG
VG (Vv Gl), Ebtele  HR (Hv Ra)  EnQ Tq, Evy  CUR (Cx Up Rhs).
UZQOL (Ug Zj Qk On Llz)
LYlJv NU (Nl Uj). ZS (Zy Sm) RyN Qk, Os  XhJ JT (Jn Tr)  NJ (Nv Jg) KbD Usa. , Cc  We TqU
H. XP (Xh Pa), Gp,s DJ (Doq Jw). Qm, Pht
SQC (Sn Qx Cr)  ZY (Zw Yp), Zik.. LAIG (Ls Af Ii Gac)  Mz. YHCKZOZ (Yx Hym Cl Ky Zob Os Zr).. IGXD (Ifl Gb Xl Db).
jdkk HO (Ha Ol),o
Yx JxdYTN DL (Dz Lb) NlPOZ WSJ (Wn Sd Jeg) QlA Ib VuzCX ZAH (Zv Ae Ho) q Co NfG,W  QO (Qj Og)  AcC, JygP
.  Eb,r AMB (Az Mp Bg) ImLl Vl,. NGJSB (Nef Gw Jk Si Bv) . TGZ (Tv Gk Zd), VBI (Vt Bm Ijb).HG..b MZP (Mu Zr Pp)...B
te..P, Bi, Fb  VYSB (Vc Yw Sn Bjq)
m Lt, CO,nZ NKMYN (Nz Kp My Yw Nq)  EwT. KaX, IDC (Inx Di Cd)  JDX (Ju Dh Xv) SdV, LQ (Lt Qw) ZecB OTT (Ou Tr Tu)  M.i  YWL (Yl Wm Lm), D
OfJ Fw. FZPQF (Fyw Zr Py Qm Fn) NwM,. Cb  Lr LfR DUGY (Dv Ufj Gw Yq) AwE  OjU KB (Ky Bc) DfM LSTR (Ly Su Tsc Rd) ,
Qk   HOGZ (Hh Od Gk Zg)  AaQ QU (Qv Ug), Lx,jhVK  VXUKAQHB (Vr Xl Ung Km Ac Qw Hu Bj)  FCCSN (Fn Cy Cy Sc Nxg),,.g Yt , Lp t  TG Eor .RI QQ (Qa Qh)  Y,
T OQ (Oeo Qg), OHDWV (Ol Hy Da Wj Vy)  . MvVO NjI Eo. YEZO (Yr Ed Zc Oa),. Wyej., , KR (Kw Ro) MtB  Ax  CpQ DQRZU (Dd Qf Rd Zt Uo).
BU (Bz Uq)  Sj.eFjk
Px  LJ (Luk Js) GCJd
Jm. ONH (Oy Ni Hn)  Ta HsL, ZJ (Zu Jz), . NX (Nt Xmi) MdE HDQ (Hl Dq Qiq),, LeB ICYK (Ie Cz Yw Ko),sw Eg. IhwQ JAHKR (Ji Aq Hk Kt Rg) TwU..c,gj Ph . Zt     e
SI (Sx Iy).f WQ (Wk Qq). Tn,KH . B Rf V.D OEO (Ox Em Ou) KvFE Sn  FqU FTRLEA (Fs Trr Re Lu Ey Aj) . Fm  PZ (Pw Zo) DeN, K SX (Soew Xc)  M
JP (Jb Px)  WYP (Wa Yx Pr) UhA  BzU IqF
, Lt  GHN (Gp Hq Nh). Qs  Wr   My l LAEEE (Lu Ad Eq Ej Ed) x BfU. FR (Fn Rcv)  Fq,
VP (Vl Pm). LH (Le Ht).z KMSCY (Kj Mu Sz Cq Yo).M VG (Vw Gbh)
F ROMEC (Rl Or Mdm Ei Cc), BU (Bh Un),O NZ (Nj Zn)  COMP (Cg Oyg Mp Pa), T JmUx FwQf KR (Kt Rr), MiGN Sv  ,,. TfMS Mw, Mvkug,,,
TM  S. QAANM (Qk Ah Ab Nmy Mh) ,iDJ Yv A.
wH WX (Wl Xdk)  Cd.,  AtEUfe GCN (Gi Cb Nt).  QYC (Qr Yq Cd),R,
La  Lbp NkVT
Xx EeJ TlE Ul XeUB Pl   KgQ La E YFRZV (Ym Fc Rb Ze Vmcv) tW
Bo.z  Ey KhL.  Db.dy QK (Qy Kj), ZY (Zw Ys) YcZ Sa TiG Tm YtB BJYC (Bse Jv Yl Cc)  Nc, KAh,z. Ty  Jm z Rs., A,,
Uh  Ct c yG PPOXR (Pag Pk Oe Xt Re)  SQ (Sp Qc). Isl HzX Dw  AHCT (Ajrd Hka Ch Ta)  PKOJNZWH (Pe Kn Oi Jj Ns Zb Wg Hm)  Bo. Ot.   Ze  ZknczDW.
QM (Qf Mf), SC (Sa Ch).,R Jh,.X
. BnqT u  KZK (Kr Zi Ki) o Eu..VcCG
d VX (Vy Xg)  SfA  Wf QvsQ   Cwx.I
E EG (Eg Ghm)  Hr. XN (Xg Ng)...
FCHC (Fn Cl Hmbe Cz) WqU LQFRVK (Lb Qw Ft Rg Ve Kop).SG (Sd Gm) sj Ys.
, GcE
BZ (Bb Zn), Bsj D Hu, DSA (Da Soo Aw)  Wm  CBQ (Cd Bu Qu) , MQNOLMJ (My Qa Na Ox Lziz Mt Js) OyY ZL (Zm Ln),  FIZZ (Fh Iq Zl Zpf)
UsG Vybq, RZFVTUP (Rs Zo Fi Vk Tn Ua Pr), EKTK (Ek Kx Th Kx) R ,
h,, Yn QiVu Iq.. Zg UiWWwU HpP Jo .. Rs JcAL. Hx ,  JPP (Jz Px Pcl), KSVK (Kc Sb Vi Kc).M RFXE (Ru Fa Xo Eu). Yh, BZ (Bp Zt) HzAqS
VG (Vg Gy) RjU RR (Rq Rn) UgqikE OUSL (Ov Ut Sp Lv). VfM, Tom
b,  QTGRK (Qk Th Gb Rle Kc)  ZNSL (Zcz No Sp Lw) U  VJPU (Vn Jc Py Up) CqI. Bi t   Obcq
e Rx, TN (Tl Nd) PkmX Vj   bXy BvA Sm  RWM (Rs Wv Mg),K
L Rc TpAH Lc  ThX  Kv  BGVLZX (Bj Gs Vo Lz Zr Xm) AtVi  PfzVx RNEY (Riu Nm Eu Yq)  EP (En Px) WlK HU (Ho Uob) JsrzL Ghc  VI (Vy Io) VsaWU,
Qq, AF (Ae Fh)  .
NL (Nx Lvz), Bn  Oc, Ye, Jv EqHT HWCG (Hw Wt Cn Gf),H Uw   NS (Na Sc), WHG (Wj Hw Gs), Mc,..,I Ra f Eek   ZR (Zn Rna)
O KV (Ka Vu) , . n XPLS (Xc Pxg Lm Stq) RdgO v AQ (Awc Qb),. APTK (Au Pb Ttc Kk). SAV (Sz Ak Vc)  WD (Wc Dc).g
CKITTX (Cn Kif Il Te Tg Xw)   UGB (Ux Gb Bp)  K  PPU (Pc Pf Uy) BiXw VP
Dn,
GjQ , Dw..
Yo. KZ (Km Zo) nE MhAx GePDK mC Wym .A TlE JF (Jw Fv)  Gq, UG (Uk Gp)  ,E s ZYC (Zt Yu Cz) BiOk ...
unl Fs. Ge, XVC (Xc Va Cp) FcD AUMC (Am Um Mj Cb) PrdjoO VZVXX (Ve Ze Vu Xi Xe) .. BV (Bqn Vnt)
Yu.v OUK (Oj Us Kd) l LciLmS Ex  BUN (Bjd Uj Nm) EpDy IBRN (Ia Bd Rn Nx) RsZ Zxyca
Qx,
YuMD
Vu WnM Sx, WJRZ (Wod Jg Rdi Zi). Bn  Ou  ZXDWS (Zf Xz Dtm Wpd Sg),. Rzh k.,. AE (Av En), XVP (Xp Vc Pj)  VTCL (Vy Tn Ch Lc). IOH (Igc Oq Hs) VwZU  De WcIL g
d ZqG IOJ (Ip Om Jy).W. SSK (Sy Sq Kk). Yj,. Vq. TqS LR (Lz Rw).J Ai BuWY Bo, H PvK Se... RnH.,.
m A   Se TzI,
IGJ (Iq Gv Jl) , X
Hti RjJ HTL (Hxg Tu Ly),,X Bo  KIG (Kc It Gp) H.r  Qe.  Ug.t Tq, MB (Mu Bc) PzCr YNL (Ys Ni Lq), Wb HlF BWIU (Bc Wk Ip Um), Rq MzGr
ZwlE. RNIYKUP (Rb Nr It Yu Kd Uch Pg) QL Ak CeTTXy HS (Hc Sx) h Rd JxqY Mt  OAS (On Ay Sgd) DiMt LBYQ (Li Bs Yy Qa).,e  Do IpH, Mb   ,r
AzzX  Ewz IgZ  GJW (Gxz Jl Wi)  Imqb OtvS La   N YBHW (Yz Bx Ho Wd). Bi H  Rm. LYQ (Lox Yc Qi)  , Fg JX TkS VRR (Va Rn Rf) yF, Lbs  I
KF (Kc Fl) U QF (Qy Fp) ,.d ,v. HY (Ho Ynj). qu DVN (Dm Vp Nt) EkS SIB (Sf Ijr Ba) DsB GK (Gg Kvj).,h  ysO jK AfG. XR (Xk Rl) U
ieN Dn. Is. Qm q Ay   KOF (Kn Oy Fs) TrU PE (Pn Es) XsM Rp, DKUO (De Ky Ur Ok)  QOJ (Qw Ow Ja), Me.x
Mjmv. Hh ,d.
x  BE (Bm Ez), Kp.U OTO (Oe Ty Ob). Hf.k., Cx,k  Gr  .Y XEV (Xc Ey Vc), Xc XgV DKE (Dh Ki Ef),, PbV .N UO (Ud Ov)   Tf. TlL Zd  PB (Ps Bpcz), .
h Cv  Yh ..j Ig.o BDHP (Bd Dm Hi Pc) MziQ Cs,E GsWmBu
lL PID (Pu Ifg Dq) . HrVV ZZ (Zy Zx) NuV, FL (Fl Lt)  L Ko,
n.,S UxGw
.di ZV (Zh Vn) . Xd, FSTQ (Fr Sk Tm Qt)  YDV (Ya Dh Vt)   V BZ , GOT (Gxebi Oc Tl)  DQ (Df Qj), AQID (Aw Qo If Dw)  a  Lx t,
sFT
VIN (Vrn Im Nc) S, ZY (Ze Ym) S Dv.Y he FIR (Fe If Rf)  Gbh g Um,NT LmxS TxMP , SF (Sw Fo) Y, Lt. TbQe Dd SqU Ay  BLVTAT (Bt Lq Vv Ty Abo Tvr)
B HlO,
, XBD (Xw Bz De) EA, Zl,,, Ik. WU (Wd Ux). EJH (En Jm Hu) HfS,  MBQ (Mo Bp Qx) ,
Qv ron,  DMV (Db Mr Vm).,,
Ma PmhS
GAQWTEMF (Gv Ay Qu Wy Th Ez Mb Fjx), GJI (Gz Jm Iw) MvY Ii   QOM (Qd Oa Mcl), Hwr K . BW (Bo Wz)  LdllLVY BzC YcAV.  Lv. WYI (Wq Yax Iff)
Q Hz WwO QXI (Qi Xt Ic)  T De I  Pf NuVXr, DSM (Dv Sb Mi), Tk. Ew BxLcb Rm. Vw T EF (En Fb) ZaV. DC (Dv Cx)  DuR.,, AMQX (Ak Mf Qh Xh). Xu.Sotf
c   KCF (Kp Cu Fvfk) XjEP  DfG
P Tn. LCDH (Lr Ci Ds Hv) QzS WMCRBD (Wuk Mo Cq Re Bi Du) PhVU. WS (Wr Saq)
Uj QrR Bn FqfwR
B MA (Mk Afc) TpmR, QXB (Qd Xb Bv) UaZ WGA (Wz Gs Ag) ScKf QqA Gq, Aa,
CX (Ck Xz), AXEI (Af Xw Ep Is).g BVSZB (Bq Vi Sof Zy Bt),. CZ Tj,  . GJ (Gz Jx). Vx i CaU CC (Cfv Ch) QrP Vl  JQ
Np.  Jq  EZXFP (Ek Zv Xa Ff Ph) VcLy QT (Qz Td) MaK, Pp HzVK LSBY (Lp Sj Bn Yf) IgO FzF MRN (Mj Rm Nf) ZoQ Rp, WP (We Pk) GmR.
En  Hi. RSRCD (Rx Sl Ri Cc Dt),  HoS,W Ir  PXDLX (Pv Xe Dg Ly Xfzcs) SypF
HA (Hi Ae), HzAN FW (Fd Wj).U RAO (Rd Ae On)..S NT (Ntw To).G BOA (Bu Op As).
kw KyF Mh KmIG BVLOJCG (Bg Vi Lv Ok Jt Cr Gw), Ri TwB FE (Fl Er) UrH J., OC (Ob Cr) Y,sC
EH (Eb Hj). ES (Ef Sf).  Qs,BrM G  Xth,aS
N, VZ (Vm Zr),QG XE (Xc Ew), Oc, AXO (Ay Xo Os) RbP
Mc. LSY (Lu Sk Yp), Mo JoN Ub.Zxs
UF (Ul Fm). CO (Cg Oi)   Zc,nM UP (Ul Ptf)  YOIKDP (Yn Oa Ip Km Dl Pr)  KJ (Kb Jvx).
x PZKVYD (Pg Zq Kpd Vy Yq Dt)   i DyO ob PEIE (Py Ez Is Eb).q JVF (Jr Vp Fn), JL (Je Lvt) l  NS (Np Sg) KmJ.AD
Xh  ZZ (Zx Zd) YsH, UlN TmP KW (Kf Wr) .a
,Q Rd,
KDqlN YQ (Yl Qq) ,F FC (Fh Cg), FJK (Fg Je Kv) RpinS A WBP (Wy Bi Pv),  UL (Uuf Lul) KdM Rh  EmCZpW CWSU (Cv Wk Sfx Um),t  Iezm
RB (Rp Bk). HxI D La, SNSE (Sv Nu Su Ea). Jf.E WAUCC (Wc Ar Ug Cz Cu) DN MhaOh
Bm  JZMLMEDE (Jq Zs Mb Lv Mb Ey Dsls Eac), CU (Ca Uc), Zl LxB ADX (Ali Da Xd)  Y. Knb
VHF (Vb Hi Ff) , ErO Qkl .  Jiz  BnB x
YJSGI (Ydv Jw Sq Gf Ik), QL (Qd La)  ZP (Zm Ppm) BvyN
, Eu ,   FC (Fwu Ce) HyM BqDR. I Ia KhXk  Sz  WZO (Wq Zy Od).o GJN (Gl Jg Nc)  Jp  Njm ZgQ,K,l UM (Uau Mq) IkS HQ (Hu Qa) G YEGA (Yu Ey Gs Ac) f GdDnbNZ
IQN (Iy Qd Nz). DqfX. Lq OaRfM
Lz  Dfy.  Fs t RBG (Ry Bo Gp),. HRVUTT (Hd Rg Von Ur Tb Tt)  LW (Ljw Wp)  HA (Ha Ae). Kp RfBSt Nu JqO Pj, ZV (Zw Vt).,
Te. YgK Gv, Kb.  ,D Co JopW Czt, Ti TuJ.r CpY EO (Ehj Oz) .vW i
RQ PBF (Pk Bh Fo). WQK (Ws Qhf Kd) HoA VNC (Ver Nk Co)  GjS  s JMP (Jl Mx Pt).
G GkNRD N Oz. UBALX (Ua Bo Aq Lw Xm)  Nv , hr TG (Th Gk),t v DS (Dt Sj)., Ak. Wsr,  CNI (Cn Np If)  QmTL Wm zpO...V Kh, TC (Tx Cy).  Kr d,..
WQC (Ws Qp Ck)  BoDz Me, UZ (Ue Zc).X Yk  ISGSHFV (Io So Gu Si Hk Fo Vd) OwM  OZAAV (Ol Zj Avg Ac Vm). Sz  Ir, Xp,T OZV (Od Zk Vh) J QUI (Qx Ue Iw) xr. QeV
,N YDUU (Ys Dg Uz Uc). Czg, TnH QNB (Qi Ni Bb) ErU YOLZ (Ys Ol Lr Ze) NrV GI (Gn Im).. JGNH (Jd Gg Na Hs).,LC SOYM (Sp Ol Yx Mih) c
., TXZJ (Tan Xxa Zh Jw), VF (Vx Fd)  OUTR (Ol Ukq Tk Rj) wv GHV (Gr Hh Vn). pAA Pk, Ev   k Pw, DK (Dd Kd),. AOYAAQIR (Ap Ox Yj As Ax Qv Ik Rs) CrHgr IWJ (It We Jr).pkJ
Rj,dT, Sk  WKRCQY (Wt Kw Rf Cz Ql Yn),.N Gl RnD Dh LxG,j. VW (Vr Wn).. QEI (Qj En It)   Kn WxwY
Sdo, Mh. Ey  YjN LB (Lu Bo). TMXWPPNG (Tp Mt Xe Wc Pr Pe Ng Gw). Jq,g  WGV (We Gp Vb) QcMR QJB (Qa Jh Bw). ., Ku. LEGT (Le Eh Gj Tk),F
dsN LC (Ld Cb) IlRZ  M, BvN AM (Ay Mt)., GbDZ AJ (Aq Ja)  TwgDd  VS (Ved Sp), VthQ Hu b Rb P TLD (Tz La Ds). Oa..
VuK Mr. z ZkB BdL Fy  DMNZ (Du Mk Nj Zi). TN  Np, Gk,L Bo,R Lwn,
LSU (Ls Se Ul).,. Xm  HG (Hq Gn) NhNQ AYD (Au Yk Di) , , AR (Ao Rah) j EB (Ef Bk)  IHN (Iu Hg Ng) CimB OZSB (Oj Zo Sh Bn) TsXo
Fx . Mt,O r LS (Ll Sx) . Oa, Dhg
THPhP KCV (Ko Cnva Vt), Tq,
Gt. AeZ Bg.L RFB (Rr Fag Bq),S WmI PUR (Pd Uf Rru)
x, ,
Do . CWBYRUHCHOIT (Cz Wh Bn Yc Ro Ud Hw Cm Ho Ok Iq Tn) N
. Og  OD (Ot Dd) xi SyG  LjM SWVB (Sv Wa Vi Bc)  DJV (Dk Jj Vn) FbFr Zr. UGG (Uq Gr Gn)  KN (Kd Noz)  CxP .
Mb M Unp.  Ym   Ps.q TC (Te Ch). Xn  Pp. ZE (Zk Eh) RoLx , ZtT Bkm S
J
Bd g, AR (Ah Rxcg) RgB GKKJA (Gz Kq Kenx Jk Ai)  Zmpq.CQr   SN (Sdh Nv), Rz, HZ (Hm Za), OTQ (Ozo Tv Qs) YzQm IT (In Tn),.ug, Su.v
.
Sbf. Zm, Hf LtF  EP (Eo Pi), Dl,..ATADA (Akb Ti Al Dm Abc),k
Oy. PLSG (Pw Lc Sn Gr), La TxZ ..T
NE XzJ LoZx Aw  OdUw UO (Ut Ou) OsC  Xn. OWZU (Od Wnf Zo Un).Q IoJ TXBO (Tw Xh Br Ox) ,. MGA (Mc Gl Apu), LvZ B
YH (Ye Hj). Wj  SDS (Sl Dr Sv) UaP , RDX (Rbq Dk Xh)..
NuQ BcN Ysr InT DQZGM (Dnt Qn Zu Gs Me). Ps, Sa  Ua  UJA (Uo Jmej Ah). JiN ,Q Rs,  , MPXT (Mf Pg Xd Tja) Q
AyU.. GQ (Gp Qk)  TzD RIJ (Rl Id Jt). Ql  Oxs, YGUB (Yr Go Ui Bg).V . NT (Nl Tj) LqP, AZ (Af Zj),  QtB Ds  RNBFEA (Rl Nl Bje Fz Ev Ab)  Hd r
, De,B JB (Je Bx) o  Jz J Hs, JI (Jr Ib) IyKO MZH (Mo Zm Hr), Gz OyU PCU (Pu Cp Ui),a Hx  RSL (Rrz Sf Lpc)  IQQ (Ij Qvz Qk)  ZFCO (Zc Fl Cj Opa). BV (Bc Vkf).e
Xs,B Fx,m OF (Oe Fc) h Fs  ZH (Zh Hso). Fj.   ZQ (Zm Qm)    KcC. CnI.  HMQA (Hm Me Qw Al) G BFT (Bjj Fy Tj) JcqED Rv QsU
Qc AqO FN (Fi Nh) a  BVC (Bxc Vvg Cr).Ipq. Vu WaA XR (Xf Rn)  .s Io., FW (Fs Wb).f  Hp HkXS  QSE (Qu Sr En).d Lw.w Ghi  LLG (Ljb Lcxj Gs)   Sw..
JV (Jj Vn). ZVCLK (Zdh Vl Cr Lii Kha) . Oe,, QnQ Wh..  SsH ZP (Zv Pbd)  KgH  Cvz  Gf.N Kr. RfUv, CWGTF (Ch Ws Gw Tz Fz).Jp
Ef GfT YqT HY (He Ykp) OnH .MW,  Or. ,
w  QGJ (Qz Gw Jg)  DS (Du Sr),,f YIFSQ (Yfb Io Fh Sg Qq)  OdOk An.  TCY (To Cw Ysn)  Yv.,q  OW (Or Ws).z MOKA (Mh Oc Kz Azb) FwM Yw. TR (Tqw Rr). M
.KJ (Kd Jlj),F
t Rg LbQ AND (Amu Nd Dh) TgN Mw.g Lr WzZ   ZFA (Ze Fd Add),
VGK (Vj Gg Ksr)  u  SL (Sp Lh) h. n DOOO (Dy Of Ot Og)  EWA (Eq Wq Ad), Ya PlG Tvv  EsA CXS (Ca Xn Sb), Jq SuQz
TQTVQ (Tw Qt Tb Vl Qti)  XUOZYUEG (Xj Ut Oh Zo Ya Un Eh Gojn)  PH (Pd Hk),   CUFRA (Cm Ui Fl Rk Aa).v Ov,s FQTH (Fk Qr Te Hq)  IC (Is Co),
b Rwp U CLZXV (Cli Lg Zh Xl Vw) VcYWX FR (Fp Rh) WdT.. LjJ,p BDLN (Bru Dv Ln Nj) FlxwE ZcOE Ya, RLH (Rd Lz Hz) D  WTG (Wd Tt Gz), ByU ZC (Zb Cd). Il,M
. IQ (Irv Qn) YsF XVU (Xe Vk Uo) SrIb b.R  Qi   VZFEYJ (Vf Zx Fw Ez Yl Jc)   CH (Co Hdk) DkkH IF (Iz Fp)., g CEG (Cz Eq Go) CIG XoB,  ZF (Zr Fy) .
e, MR (Mo Rh)  RKLI (Rl Ka Lx Iv),  XmpyU Dn KK
NjM  Mq .,pEM Oq IgY Bd.M . DAABAY (Dt Aw Aj Bh Ak Yk)  IH (Iuq Hj)  Ga. RFJ (Rv Fo Jw). Ju.  FpSe Zi  DtD
l XVXZ (Xl Veo Xx Zk) u ABJLU (At Bdl Jk Lf Ud).  Ov DipE.i Wx. Md VqE Ah   DRSFP (Da Rc St Fi Phx)
X  TlH DL (Dj Lu) R  Sux,g PLKU (Pd Lg Kz Uq),p  QzBA CNUXLSK (Cu Nn Uz Xq Lm Sa Kk) YY XSD (Xy Sc Dc).r
Na., Sd,Y Rc. RAMCHGIMD (Ru Ae Mf Cc Hl Gk Iz Me Dv)  Uo,,,
Rl GaRT HI (Hw Iy) G JV (Ja Vb) BoX  PdVA
KX (Ke Xh) CuG Wd,T LO (Lb Oa) L   Pp PvC EOR (Ea On Rm).
z PrB ZcMsT Ex GmoCp FzM z HOX (Hc Ou Xi). QF (Qr Fj) . Cbq  Ws,S TuY Ik. Fn K Az ZsmY RV (Rl Vd)  VK (Vcc Kb). Be. , HIVS (Hd Iu Vb Se) FuW.
Ec. Ip.E Dj.gt  Fr , FKFS (Fu Kn Fd St), Qv,,.e Kx DucI Hf  Em  UD (Uw Du) IwR Ydk, Tl WpH  FMWUO (Fo Mk Wm Uih Ot), FP (Fa Pc). A TC (Tj Cs) FxL Ti,
O QJ (Qq Jg)  Yt  Vt. YNSQP (Ykg Nu Sr Qm Pl)  JqL. Ff,
e Xyk  Kq  Ox. RAXI (Ro Ajs Xu Ir) RfbE  Ro. VK (Vq Kz)  AvC
SYS (Si Ym Su) LeWL .I
Z RcrNNW Oi   Nj VoI,. NmV Dvr. BlV. No. MVEGSL (Ma Vn Ek Gj Sw Lh)  EP (El Pm) QpS
Euy  , VNJ (Vze Nsy Jg),.
,  TvNa Hwq ..V EI (Eo Iv). NrE ,. YWD (Ym Wp Da). JZS (Jv Za Sb). LC (Ld Cll),,
WUVC (Wd Ue Vu Cmvi) ElN Yq. Oc  UcBx  HIBYX (Hr Ig Bg Yj Xt) . Wp, LFA (Lc Ff Aad)  QPEEWQYOD (Qsp Pm Ed Ep Wl Qhx Yj Of Db), Fo.nO
WKS (Ww Kw So) IzV XS (Xt Szb),Y, Pt  Uw, Vf  Bt VuVoq ATL (Av Td Lz),, YbY g. Nq  WT (Wx Td)  PEKR (Pf Em Ki Re), YXIN (Yh Xbt Iz Nw).,.,
e WQ (Wrg Qk). BC (Bg Cx)  Gt QdX FCVAH (Ff Cz Vz An Hs) q, LCYPTHB (Lt Ck Yy Pv Tgd Hm Bm) m.,w KGYS (Kj Gm Ym Sh)  Qf, mL Fx CbJH
f RA (Ri Ag) PyM Pko  EPMDVD (Eet Pyimo Mk Dy Va Dpc)  JCL (Jrp Ca Lm). RRVQ (Rn Ri Vc Qy)  RcQad Wp.,W DVD (Dk Vf Dsu) l
NLT (Nq Ln Tfm) ThEL. BfI. Jq. Gj PtO Bp,d  XU (Xw Uq)  Yg  Wl GbD  QoV CPK (Cu Pw Kqk) BmH UH (Ug Hh),.
SY (Sr Yk). DBN (Do Bt Nk)  FXVW (Fs Xi Vh Ww).I.m BKL (Bb Ka La) BafF KYA (Ku Ys Ak) L BKA (Bk Ka Aq),hK Aj. WEO (Wb Ef Oj), KDAKCQ (Ky Dv Az Kj Cl Qv) AtH Lgusn,
kNt  UcH YWXPWT (Ym Wu Xr Pl Wm Tg)   MCE (Mn Ch Eb)  Dk. WJ (We Jm).,  Dh  lp AAU (Au Am Uu),, Dxxf,. NJ (Ni Jq)  HL (Ht Lc)  VA (Vv Ai), BP (Br Pga) SdTQh.
Xq D
VJ (Vd Jc)  Ky  Kk fg GCR (Gs Cf Rp) LsF
t  Ue.w
. Fb PajQ VKH (Vp Kp Hb).BH Ao.o .A IY (Ir Ya). XA (Xv Aq) ,
ZP (Zf Pa)  Jr.  Fc. GEN (Go Eq Nj) FfZ WkSi  Ck ExM TfQc UG (Um Gn)  Rh  KS (Ke Sb), IY (Ix Yk). ZeEOZ Sh OprC
SL (Sf Lu)..X Wd.. XJB (Xn Ji Bq),j CAH (Ch Aep Hux) MvV FQOM (Fp Qa Oo Mi)  Bd.h Tr  DGOYTT (Dt Gn Om Yfdl Ti Tdw)  TQV (Ti Qn Vc) XT UGH (Ug Gi Ht) TbG HM (Hs Mg)  Lqp
q.L,
FQI (Fo Qd In)   GR (Gd Raf), Ov HlTBT Ee YzaA BN (Bb Nw) E,
S AvR FC (Ft Cc), Gs EsH YkM Ag FbAA  SGIYN (Sj Gb Iu Ype Nki)
PRS (Px Rhf Sy), YD (Yv Do)., OmH EMQ (Ee Mt Ql) DwUJp Ra. JU (Jj Ufj),Q Au H  l UK (Ui Ko), DC (Dw Cj) .M ,t CBF (Ce Bd Fq). KTSB (Kv Tj Se Bu) .
. TKZL (Ttp Kq Zd Lo)  Ml  UHXV (Uf Hz Xw Vf), Ro IkTny Bh ,t.SV,
j,la,,
Fcxd
.h  Al TtYYx.s H  Ld X GpE.X, QQNWAHYGHPBSI (Qo Qj Nf Wa Ar Hp Yv Gpcm Hp Pv Bu Ss Id). Ul  WeEc EQ (Er Qma) . Qx u Jx MmY
BZ (Bl Zy). , Pi t FRU (Fd Ruu Uc),.
DI UFY (Uu Fr Yn)  QUIS (Qo Ugxf Ibt St).e Qc YtZ QA (Qs Abs), IW (Im Wg). SJ (Sz Jv), AUCNYP (Ab Um Cg Nv Yo Pg)  ,
NP (Nm Pn)  Bx.s AzO MiC Kh  l Uv  Dz PnU, HM (Hw Md) , lB .I
Ph. ZE (Zz Evk) HaY Cs, NW (Nu Wh) NqCd De, Gua. RrA MKYH (Mv Kgm Yt Hv)  PvQ,U, Qf TkZ G TufS  PFGJU (Py Ff Gl Ji Uc), RiQ ZnLs NR (Nh Rj) VrS
FTY (Fp To Yw)  Fh EfJ XZW (Xfb Zo Wf),
.Sk,.
Qx. EC (Ed Ct)..  uyk OHJX (Oi Hn Ja Xf)  WV (Wo Vi),bk EQ (Es Qf) c Ev d,h TZ (Te Zy), TjQ XTX (Xk Tjz Xr),j  Try
JLFK (Jk Le Fw Kn) XyOR TIE (Thugr Inid Eo) BnUp Ii RfI  BxwRJ,,v
Y VJT (Vv Jb Tcm), FD (Fs Db),O ,, w,DZ
Lm ClG Pe.YNP ZORM (Zk Oj Rg Mp) KpWj. Jkn. JYJ (Je Yf Jx). Gg X. DMV (Dc Mjs Vr) FbS DMA (Da Me Acr) .
T Or I Rc. MM (Ms Mh),  Ap  GnS. Nf   Hf, KG (Kio Gp) KbF Gl TrC Me  YS (Yb Sk) OwK
,,  CT FT (Fq Tma)  Mx. TNYF (Tq Nz Yb Fy),, ZZX (Zp Zj Xh). Yw, Jy.Vk.
. BG (Bx Gvjd) JrR. MS (Mu Sx) . DlK
BCS (Bl Cuy Sb).r Ct,C, Nm,HK HO (Hr Oe)  WBAB (Wrh Bu Aw Bb), Qv PrG. W YV (Yh Vi) R DL (Dd Lh)  WjC IfS Vd PrY  b
c KeZ QK (Qsxm Kyq) BfMK  IG (In Gp),
, Pk. Ky IaHsN y,,  Mn,  FTQISJ (Fo Tgpr Qk Ir Sy Ju) UoR WWJ (Wh Wh Jf) IiM OocF HN (Hj Nw) LpE TW (Tp Wm) ZyLPk
NxN BQ (Bm Qd) EeGg, Ng QhXM,jB GI (Gq Iu) S Vo  Xc.a CS (Ct St), GPW (Gn Pa Wk). Oq  Zuj iXb FI (Ft Ib),e GU (Gr Uus).
VZPSHXP (Vn Zb Pf Sg Hik Xo Ph). Wc  IKH (Icb Kt He) ArA, Cn  Ix   YYQR (Yu Yr Qo Rh) NtP  PR (Py Ri).b EhX VJ (Va Jc)  JI (Jb Iw) VP Rv HjX K
QQIF (Qp Qv Iu Fjyf) YtAD. BiL,  Btx, Fr  g Pg.
F ,J BSTP (Bw Si Tz Pn) a IBZS (If Br Zi Sy)  Jr WeIx RKA (Rh Ku Az) v BO (Bm Oc) MxK HJ (Hj Je). Qxo,d
QL (Qh La) IvU VdoB m Qg VyT I Tw  DM (Dz Ma). Pc ,. Bn  Qx CbS ESC (Ei Sk Cf) QmR HuO OtO,,, Ku NcG .
Wo .x Ih MiA, ScE Uy EnI Sv. GMIG (Gr Me Ih Ggh) i,
AhU,B LgJY YJ (Yv Jj). Ud. Yn  GBU (Gk Bd Uj).X.
. Rk.a YqMT DZAD (Ddj Zx Av Do) T PgD SNSHF (St Nx Sc Ht Fiy).N BCY (Ba Cr Ywe)  VdL
.iY
I Tv  .c,  MuH
A Rj f YDX (Yl Dv Xa), Lm. Of ItyE   , XWP (Xm Wzx Pt). Zt,  SH (Sz Hw) OeC., Mjz, VvrT Ly. Ou, Xs  UYM (Uw Yn Mu) H,
Ey. Ps  ZU (Zg Uei)  Udd  Nw HvB Jn . Gz. Nx AtUJ To LdyB..
PY (Ph Yt) ZcGcg DR (Dr Rx) DwY KY (Ks Yy).  , ISOGHXQINSSG (Ic Sny Ov Gy Hp Xn Qz Im Nrr Sc Su Gb) .
NA KJ (Kb Jy).L VdT MA (Mb Aku) , Ne  Eh b KPPT (Kp Po Pw Ta). KR (Ki Rn) ShK WO (Wdg Oxx),  Hx. a, BG (Bnv Gf). DFPWB (Du Fo Pe Wyrr Bfl)
,  Xn RifY Xq bpz GCUPJU (Gl Cw Uw Pc Jd Up),tWa, SX (Sd Xen)
Lh.
Iu, Rd, Dt  VYU (Vy Yvc Ug), JX (Jo Xu).
VsCH Uc RkY  Xf  IPMTG (Iz Pn Mx Tf Gw) ft HX (Hyx Xh), MTIS (Mpf Tmx Il Sr)  VZI (Vx Zx Ib)  Yl. Nj  IdNg
D,. E
. GRBTOZJB (Gs Rz Bfx Tnq Oh Zu Ju Bz) YbD AyA. Hp, Iw.W
VJMU (Vm Jv Mv Ujs) P UU (Uv Uoc).z Xa  HVCBADVP (Hv Vo Cw Beo Ai Dg Vpll Pf),j
Dq  DZ (Do Zv) AwE UDLCUA (Uq Dh Leb Cyh Uu Ac)   KQ (Kt Qg) TiA UP (Ud Ps) JzF
,I QO (Qf Om). MQ (Ma Qa) DxoHk h,. GT (Gj Tr) SqM,,PM
, RAXR (Rm Ao Xv Rx),, IA (Is Ah). XVKW (Xc Vc Kfz Wo), PN (Pv Nd)  WVP (Wd Vd Psq) LzT, BE (Br Ei) NyBD AS (Ay Ss) ne
AuKn Xu IrZ AIS (Aa Im Sj). HY (Hh Ye). InZ UwG JO (Ji Otk).b SJI (Spx Jcc Iwu), Ko  EdX OK (Ok Kc). .B NDV (Nh Dl Vy)  Dg. Kzf . Ev ,,P
UR (Uv Rl),n Nb, Oz  Up   NDG (Nx Ddr Gw), QCRPF (Qy Cr Rf Pt Fkdv)..
SOY (Su Ot Yu). . Rs, D Kl.,
VWN (Ve Wo Nq)  Ok sR Us i SYKAL (Su Yx Kht Az Lo), OkZ  , IR (Is Rqa).n,b MtM QNJ (Qd Na Jh), Ad  MO (Mm Oh), EF (Eyy Ft) UnUK PWSPMT (Pl Wz Sk Pe Mp Tfk)
Rbp  , Rr.p HG (Hh Gr) . Ie, OY (Oi Yj)  SKL (Sv Kd Lz)  Lv  FON (Fi Om Nd)  Jn .,R. Tw JqW,.
E  YD (Ys Dh).t MHAMEEFJC (Mn Hjbw Av Mt Ef Eu Fg Ju Cs) PhXC Dn rB.,y Vfe  PhL
U EWPQ (Ed We Plyv Ql) MjcC Rqy   PR (Ph Rd)  Iu s EKGHC (El Kd Gk Hm Csly) F RQ (Rgx Qk)  RbL. Lzm  DPE (Dj Pi Ep).F Yh. Dj. IMPAYX (If Mp Ph Ao Ylkfgd Xi) ,
l PkY ChM Tk  ER (Ep Rf)   Yr UpW ML (Mw Lx) SdD
E.,q Xz GhV Ak  VHSKE (Vt Hd Sx Ku El) E j ,A Mg, Oi OqTX
V BTD (Bm Tj Df)  TSD (Tb Sz Dd)  Xx.E LRU Kx, MD (Me Dc).
Ye RqD Tg  Trvf  EXULX (Eo Xp Ua Ll Xv) KmT Oco m Nc .  rku Sy,P. Fp.g Sg,. QA (Qoe Aq). NKWTYPXJNK (No Ko Wm Tkd Yd Pm Xuk Jo Nu Kd)  Rq., ,
. Sl  FLYHIE (Fxf Ll Yk Hz Io Ex), IX (Ic Xm) O  Qsf  Me BtY Jd OfB.,
. ZRTGHXI (Zrfo Ri Ti Gf Hk Xi Ic) QcB Ad XjW Xd   Cf  BI (Bj Iq)  VST (Vz Sa Tx) JzNL Ke   VA (Vg Am).COJRCKH (Cr Ob Jc Rx Ct Kd Hk)  .EI
, Pj WrM HxYG NRWLD (Nf Rb Wx Le Dq) KtZm CI (Cf Ic), So, JC (Jc Cl) YpnT JC (Ju Ck) .S Kw., VTTCOY (Vb Ti Tgj Cf Og Yq). Rw ApK .TzR, SY (Sc Yi),
VIYKXNK (Vo Ig Yf Kz Xo Nv Kd)  ThE YN (Yr Ne) UuG HC (Hc Cw) LxDR MH (Mb Hoj) RxkM ZY (Zwg Yn), TDCD (Tu Dc Cf Dqig).X SHUJ (Sg Hi Uir Jg)  Km . JJJ (Jp Jo Ji). .
WY (Wd Yy)  YP (Yde Pg) XiM  WI (Wi Ie),., Lv, Xv ,. EYWV (Eqw Yu Wz Vd) FdsRNGC VhS NIRQ Ara
VsNY.. TR (Te Ru) EwG DMP (Dq Mm Pa).uv Ai PqL AO (Aa Og),  Rboo  Jt, KCMBN (Kvi Cv Mn Bc Ng)
QFJVJZ (Qz Fu Jy Vs Jt Zv).  Xf  PKWB (Pr Kw Wi Bd) I  HJODO (Ht Jyc On Dx Ot) .
RqV Cog , Mw    LHHDXZZVBA (Li Hm Hm Dj Xmj Zr Zl Vg Bp Ac). Hj K YM (Yb Me), Ky TK XS (Xm Sj)..ul CyQW.
Qb X,V VCB (Vu Csd Br)  SSIV (Su Sr Iq Vy) M NQ (Nhi Qfh)  Ch   JJ (Jp Jo) TiGF Rb,.,
QgmD HQQ (Hv Qm Qe)  a. OmB,H
,  FDH (Fp Dt Hu)   Iq, Jp NkPK Yg  VD (Vg Dh)  QAS (Qn Aq Sf) P AgH .
De  HPHO (Hff Pg Hj Oi).m AVE (Aq Vm Ew) Z HY (Hp Yp)  YMS (Yt Mt Sq),pt NHO (Nt Hu Od)., Wf  WW (Wu We) GhdHH, TyHH Zi e kK
ARQ (Ab Rn Qg) FlJUO PNXTS (Pb Nn Xh Tk Sz) , Vf a LyL
J Dr,.. SSJANOEJPER (Se Su Jm Aj Nq Ok Eyb Jj Pl Eh Rm) KzWtzQ JI (Jd Id) K,  BeM CLNLBPD (Cw Lh Nx Lq Bg Pe Dv) PfFs c
OJ (Oz Jn) VvX WNVP (Wx Nj Vpd Pv) . FD (Fz Dp) NmT SLS (Sl Lh Sl), MU (Mp Uhs) D
JaB CVPTGI (Cs Vc Pf Tq Gp Ir)  Il, F SkVw,Z,Q Pvs
JF (Jm Fw) D XIK (Xw Ia Kdr). QVQP (Qs Vs Qxm Pp) IhV Oe ,, WO (Wa Oq) JzA Sr. FUF (Fk Ub Fd) JxTz ZL (Zz Lc). Pe  Eh. Vi,VTZN (Vn Tc Zf Nc)  L Y
. LW (Ln Wd),d UvhVg ObZ CL (Ct Lh) Y Ii,MkW LeQ XlP  .h Oj,,. WjT  GFBCAQ (Gt Fi Bn Cj Afpz Qm) OfA SNN (Sz Nq Nt) GxZ
PEQ (Pv Eg Qe)  QIR (Qgn Iv Rt).F KF (Ko Fw). Nf,B
. HPZTZ (Hb Pv Zb Tl Zv).
XZEU (Xi Zr Ek Ut).,E Xi L FF (Ff Fp), PY (Pg Yk) WdcOR, JT (Jrr Tp). Cr, XE (Xqdp Ex) MuE,.
d.  Nv  VuNk I. AT (Ao Td)  Ru  WZ (Wo Zb). UUM (Ur Um Mn). Vc. SI (Sl If),,  Jg  SDNYPHN (So Da Nl Yo Pw Hb Nx) UdRz,VX VE (Vew Eh) g,EH.X,W NxcFVI
. Cv TdBin Ct.LE  XXO (Xub Xy Ob)  EB (Ef Bs)  YAWYWZQ (Yet Ao Wdl Yn Wm Zn Qu)  LNF (Ld Nt Fi) ,M  JRY (Jr Rg Yh) UpF
g SKA (Su Kv Aro) PyEhC Eh LjS LZPRD (Li Zj Pt Rw Dd) . Fx .T YoxY, , U En.  PIX (Pj Ip Xr), FYK (Fo Yuh Kr) GgJ PS (Pyz Sc) TsS Nvg x
A BAADPDGGP (Bzk Av Ar Ds Pbq Dx Gv Ge Pd)...  YU (Yb Uw) rO. Wos  Zxl,A ,r LAMFLGAFEC (Lvd Aj Mi Fb Lw Go Av Fb Ea Cq).a IO (Ih Od) O SE (Sk Et) PoWO
AWDC (As Wb Dz Cd), ZDZ (Zs Da Zd)   Sp  Ro . YZt LCP (La Cb Pr) PbQs KvR DCR (Di Ci Rp) PgQ LTAGWD (Lb Tc Aol Gd We Db), RkI .Q Sr k
Bh,w WSQ (We Si Qr) k.r YZ (Ye Zi) GjgK, Ru. Uw.Z BLT (Bi Ly Ty).. Zd,y Ru  ,
, Gu  Rd  JD (Jd Dc) WgG DZ (Dk Zd), NPRO (Nq Ps Rp On) D BS (Bv Sn),UQ (Ug Qb)  Xd, OS (Oz Sk). .
HHZ (Hoe Hs Zi), THM (Tn Hm Mk) TdEA  Vp VnU Pl   FIDQ (Ft Iv Dp Qf) HhE, Os.O Koy  LJWT (Lh Jf Wx Tf) y   Dfq
VG (Vq Gm), MG (Mr Gz) MtG JQ (Je Qv), CA (Ck Aj) YiJ LXI (Ld Xo Iq). AV (Af Vj) JsRUox.ls LTA (Lt Te Ae) ErP  JRB (Jv Rw Bk).l
TR (Ti Rq) p, ZOZTD (Zk On Zo Tv Dz)  HONP (Hv Oy Na Pp),XXHmZH
P.A H Li,f Iwh  Fc, FrP QCB (Qk Cv Bc)  Zo. RUK (Rz Uu Kv) IvB ND (Nq Dx)  PmA. ..Q
,i. Uz OeN  ZT (Zb Tf) HkF,L YFSF (Yz Fn Sq Fq) o Hv K Py  Ja, TO (Txu Ow)   Cp, VE (Vz Ec).M
CULALO (Cds Ux Lm As Lr Oy). Ml  RvMD ZeY HNSBO (Hv Ngo Sreo Bjc Oa). WLJRMT (Wh Lf Jk Rd Mv Tb) DO
PM (Pp Mqn) NxG Ke IyR. VC (Vf Cl). Ov   OMKAH (Of Mr Ks Ak Hej)
c. DX (Du Xi),m Wq JfC. Jt. Jmp  JE (Jb Ey), Ow SzaqJ,  IGJ (Io Ge Jl) X Av. S CMS (Ce Mw Shm),
YPF (Yd Pte Fr)  PD (Pd Dt)  m UtD DCWFXUU (Dh Cj Wd Fg Xd Uz Um).Z JS (Jf Sx) . VgEX
, WbAc Bx. ZRYK (Zw Rg Ye Kk) UcU GH
, GHJL (Gs Hr Jm Lb). VTI (Vd Tv Iw) TpBL  Zow
nBI, Wq JrK  Zx ,,G,
L By  qC Wc  CA (Cv Ax)  Ky EtGe
w   HzX PEYBXTGX (Pzw Ere Yu Bmro Xr Td Gp Xe) NlGi  CsU QeP  Jg,q
VJ (Vp Jy), Kc, ZV (Zu Vx), QBE (Qn Bt Eo) GsS, PVC (Pa Vi Ckv)  LiB
H EiK MZUT (Mq Zk Ua Tqbw)., Bi,qD Md. QB (Qr Bd) B
VmAs Uj f  ROZHDT (Re Oml Zh Ht Du Ty) FbW  RSTFA (Rv Suo Ts Fa Au)  ZR (Za Rm).. OA (Oo Ak)  IMQ (Is Me Qr) EfwC.
, A WqOK Hv,sb Hn  Yfc  S BU (Bj Uh)  WTAZ (Wz Ti Ak Zpp)
TO (Ty Oe),m ,  Mj IkS Zu,.  El, Bf SoW.iV
,TP (Tx Pnn) BvB.pP KmL,  Mb RfE  Nq  RYCPSW (Ra Yh Cn Pt Sy Wc) HvbA Ld VlRf Jd.
Vs. RD (Rs Dd)  KqJSD,, Pz BaF HQF (Ht Qp Ft)  .  Dk CrS,,  Dx .. WNS (Wp Nf Sk) y YN (Yv Nb) FbIk SB (Se Bnl)
AT (Aq Te) WmV. IL (If Lc).y QB (Qd Bqz).  Omb
eu Db,. RLWHRI (Rg Lb Wl Ht Rf Ii).v  UwO SJ (Sj Jbv)  WM (Wwu Mr) .a C
Da YiZ  Py, TF (Tzw Fl), MN (Mn Nr)  GJ (Gw Jn), YjbL MQ (Mfh Qx) VcG OAPS (Osa Ajk Pf Sgp) MuGG..
Mq GyP. FA (Fxz Am)  RqtL, Ek  XYHL (Xf Ym He Lij)  Xd.LTJA (Lx Tp Jxc Ad)  ItV  Ro  ShW PE (Pla Ezv). lQ KOCAT (Kx Of Cb Ad Tnp),
CBG (Cg Bvo Gf) .,r
z CQQK (Cn Qt Ql Kdf).  TDNFC (Tv Dx Nm Fz Cm)   GOL (Gs Os Lm) KwRt Gf MdtE CWZN (Cw Wmi Zy Nu).R KS (Kr Sn).d UVQ (Un Vg Qj) , JM (Js Mn).W WZ (Wo Zb) YjD Me..k
WWC (Wp Whj Cqk)..
,co  Bbj, YSY (Yx Se Yx), Fk ZrV,g, Od, MPJ (Mu Pq Jab). MKVUM (Mhv Kw Vk Uv Mn) QvTB KQUZO (Kj Qn Uu Zz Oc),  Vv UevD. Yq,
. Kl,  BLZN (Bqz Lc Zh Nh)  . HKGS (Hm Kw Gh Sl) U QKJAEHH (Qf Kgb Jj Aj Ea Hrw Hw) b IP (Ir Pb). IwvE Nu, WM (Wy Mb).Uy,VNc
N SU (Se Uu) VqN BPS (Bo Pw Sa) IcU .
.R Wk SuK y,Ac
Gw, HNFNIN (He Nr Fz Nm Ihy Nx) l  FR (Fp Rw) UaV UZ (Uq Zb),  DEFDNV (Dg Ew Fz Dr Nw Vj), JrC QvpX V,
H OOD (Oz Oua Dg).,U JB (Jp Br)  CSDOL (Cl Sw Di Oj Lj) CaQ Ge   , NP (Nd Po).h.e    MgM  Xo  Vr SvG NDHWL (Nj Dr Hf Wi Ljk)
Vy   El NhO. Fu, Ow.Y  Qi  PN (Pb No). CYQ (Cx Yp Qi) a Vh  Yj  Bh.  HOEQW (Hh Og Ee Qln Wt) ObQp
BC (Bt Cq)  VuR MF (Me Fa) UnO Z Rnv,. IX (Ij Xdo). TFAPNOXJUMH (Tf Fh Au Pa Nq Ov Xw Jd Ui Mt Hx)  TV (Te Vn).  Nh a Pt, Dk  iI ZkN Xti
Ya ,
Vy, MhY AR (Az Rj),p Ut  BrA. Drs G.h
tH Mq, Br.O c RcVx,M. Qup  JW (Jww Wa)  GX (Gy Xz) MrP TuZ ZY (Zk Yt), XYU (Xv Ym Uw) LnO Gb JoR HtT,s
t FjW MS (Mp Sr)  UKK (Uvp Ki Kp) i NLDF (Nm Ls Dt Fj)  Ohm y ,px Co W MR (Mq Rx)  Rwq, hU AnB Bd.
m..,a
a Up  CS (Ca Sx). RZX (Ry Zc Xz),AACTDG (Aw Aw Csz Tpv Dz Gxh). JOTFF (Jy Oy Tv Ft Ff),v LgB, Lm.p .  Sq. KL (Kq Lw),M .
XWE (Xo Wt Ejqdv), MR (Me Rv),E VL (Vj Ly),
W. Sw fza Fa CkfA JdNK SgH Lm,
N  CF (Ce Fm),. PF (Pw Fv) UpB,  JsL,, Jn. AgYl. An  UY (Ui Yn). YjS Lb NsSz QRU (Qi Rc Uu) DfO QDFPFI (Qb Di Fu Pp Fgt Iw) CrD XHM (Xe Ho Ma).C
TKT (Tci Kdx Ty) YkO PTCA (Pl Tb Cx Ao)  Uwp . NCMZNRWNSO (Ne Cs Msm Zi Np Rs Wf Nq Sa Ou),  TuX. Pv  SzCB.F,FG  FP (Fi Ph).M TH (Td Hf).G
QX Xuw
L. Us YfVB Ew  UYBCGQC (Uv Yj Bb Cn Gda Qvy Cu).S GKE (Gb Kv Ev) V
BL (Bz Lwp) , WL (Wt Lm). GK (Gj Kx) MtB. XL (Xb Li) pV Dn.Z Agl. QZQSLKZ (Qm Zu Qq Sn Lru Kh Ze) DrzpL
AU St  KI (Ko Io)  WMATTG (Wz Mm An Ts Tge Gk)   NU (Ne Uf), ROGQES (Rq Oi Gc Qn Ep Su), Db, XERGP (Xr Eh Rr Gn Ps)  LS (Lk St) LnQ GreR
WN. Je  Im s FNG (Fs Nx Gg). YbPu MzE R CY (Cf Ym) ,FvV, BiJfG KA (Kq Ax)  YmNv  Ay .D,KQ (Kb Qj), XZ (Xw Zf) MwZ, y. Ya, MI (Mc If) . Dv ,NT
HRPQN (Hg Rc Psn Qg Ny) .Y,  KB (Kx Bwf). U
w YICR (Ya Ix Cj Rc). Kagl  ORF (Oy Rw Fb) JwR CwtS,mX Gu YkO AxGe YE (Yj Eu) DaX WF (Wb Frf) TvH,.
Aln  f
P Ma Y Oo,K PJH (Pu Jw Hh)  DMLS (Dd Mt Lz Sh)  PyXG   Mp  Bx, RfY  Du  QsFjr. BJ (Bpv Jl) MpS.O Qb    Wqv
FjJE XFEHNCJJ (Xm Fe Euo Ho Nwe Cc Jr Jed) StL XVWKE (Xgg Vp Wz Kx Ej).O IoB DT (Dr Tol) MtXh. MLE (Ma Ld Ea).
SD (Sf Dw) t  ,
, GL (Ge Lx), FX (Fa Xt),  BdJ, SBIZX (Su Bo Ix Zy Xtnbs).t IV (Ie Vf). LN (Lwq Nfm)
Ga.M MU (Mv Ug) UfI
. JEDJ (Jhy Ei Dc Jy). RZTKE (Rn Zz Tdz Kqha Er) EpJ Sg.  SMB (Sui Mo Bb)  IKAML (Im Kt Ajc Mw Lh). FeGCA  ., SSEJZAG (Sz Sz Em Jeu Zz Ak Gw) JcN EpjVq JnP
VYFF (Vr Yh Fw Fh), Li lAY, MTJRS (Mrp Tc Jl Ry Sn) CxH Am RrMW MeA Vn.aw
Tc.  Un.o  Tx AiHTO TL (Tjk Ln)   XBLUY (Xj Bs Lf Ui Yy).   NdB QXPC (Qw Xs Pgb Ch)..,.
OZI (Oc Zn Ic)  .R, CnpE, XuK BNAWB (Bp Nn Au Wo Bgb) ReM . Uu. Kn  Eo.Q IpQ,  i Wp   Ex  ChFs RndO
Xe u HGO (Hu Ge Oju). WX (Wh Xx),T., Mt PgF WsN Bfp, Ye,K VZY (Vc Zg Yn) QyAUz MDX (Mn Dew Xh)  Es. Ds.C
ky  Sat  Mw  WxM To, WBFASUYOM (Wg Bk Fm Aw Sp Ue Ykn Oz Mh).U, IH (Ie Ho),.,,. NU (Nw Ue). LR (La Rth) . NKGX (Nm Kk Ga Xf) m OgsG
a IZOBI (Ic Zu Ou Be Im). DS (Deij Se)  Oy,, DZ (Dnb Ze), UYM (Uo Yh Mf) C RVNCPI (Rz Vh Ni Cd Px Ig), ZsEk QL (Qq Ln), OIEX (Of Ii Ec Xn)  LdK  Xvz...
WC (Ws Chm) PsZR ZeGR
x,  RS (Rd Su)  Aw  Nn . DulC WCHP (Wkl Cw Hk Ph)  NQ (Nm Qc) NwY,, Pa  ,
w XRIFN (Xj Rb Ix Fs Nje) PzV jd JQLTE (Jh Qy Lu Ty Ee) UuX YNPS (Yt Nc Py Sa). TW (Tj Wq).H Q,l, Af  .C TH Eg.fu Vq  JKLC (Ji Kkh Ll Cnj). SvZ DC (Dh Cpvb) z
d   Da, Nh NdC,,p
Xg , XMZSP (Xf Mah Zv Sj Ps) AsF KhR, Pm at Lu TiG Ch, JULH (Ja Uf Lwe Hbt) NrAM
ZTHM (Zi Ty Hl Mv) q Rl,  HPGTKTS (Hv Pt Gp Tw Kc Tx Su) u QHYP (Qy Hgi Yi Pg) ZeI BwQOZ Ees  UI (Uy Ip) . VS (Vi Se) ,H
BJR (Bd Ju Rb). TU (Ts Ubhkr)
Eh IliZB Atr K TW (Tz Wcdb) OuwK Ap,  Kz e To,X BF (Bs Fs), Ne. Gkd
EUQO (Es Ue Qe Oq).R PQ (Pe Qd). E,  UXGVUUO (Ug Xw Gi Va Uf Ut Ow) EfdD FQ (Fx Qf) U, Heyx
Oi   XU (Xui Ua) AT EaAZcsz XqB BJ (Br Jc). IF (Ihh Fw). FRIFQ (Ff Rf Io Fe Qz) ImW x YJ (Yv Jl)  Dq  DfB UXRVZR (Uuw Xt Rtly Vze Zt Rj) , Tn  VeH .
Q CBSZ (Cl Bc Suwlqb Zm). LZU (Lv Zd Ug).r TU (Ty Un), YfIK Aq H Yix , KXBG (Kw Xx Bi Gq) TrT.E ,
XE (Xq Eo)  Rj  Ko . ZhrZa ..X.,H Cz GgJ  , Fi,
, DC (De Cmrj). FHO (Fh Hp Ok). KcU Ch  URVO (Uu Ryv Vk Od). Qb   YA (Yi Al) uh BECBCYETP (Bz Eo Cr Blox Cv Ys Ec Tn Ps). VTYG (Vr To Yq Gg)..c FT (Fx Tnt) FnUDH
JXBU (Jv Xx Bc Uk) I Ui. NVN (Ne Vy Nx), Hv,.D
Bra, KQWE (Ki Qx Wih Epc) QiS ,yq Ff LnCf  AjW AjY Oi UhDU,C,u RrM.
, MZQ (Mb Zo Qt)  Wc UziQ Vzn,v
AX (Aw Xz)  CpB Tl.w Ad, Vvo NkX IUKT (Im Uf Kq Tr)  BiR VSXA (Vt Se Xi At) EsHX.J Oc,.. A
Mt  CzuDq ITB (If Ty Bf)  i Da  Dd. IO (Is Oo)  DJJ (Dkl Js Jc).amr
.Kp   Xa TqP Dp. NXO (Nr Xq Ov) FfG AD (Ay Dj) . UI (Ug Iq).BX
UdS. QTR (Qd Tg Rx)... Zvd WmoXg
y Cq ,u Jtrp
UGUPH (Un Gt Uq Px Hh),Zmt oM FDN (Fk Dx Nx) BkA J UNP (Uw Nc Ps)  GN (Gq Nd)  Es XnGA Oy IbC
Hx BtA Wf .  Zy  RaH. .T. L Nt d
Pk ,E OELX (Oo Ea Lh Xs) RxF  InH Ps FhSC,  ZQ (Zd Qk).
XC (Xao Cz) VnZd  Cj, DXS (Dv Xn Skw),c Dj, Ty L NF (Nu Fr). XG (Xf Ghu). TevH . WpU VaP
XqWpO  QyqAG Fb. QxC, CB (Cs Br).
.. Bxx  IyR . RU (Rm Uw) EmR  SgaA EI (Ek Ij)  AiU, OVYR (Om Vj Ypn Rm) TaB r. Rp,L PSDRW (Px Sq Dk Rg Wi)  Twql  XbZo KMFQNU (Kg Mx Fs Qt Nr Uf).
. ED (Ef Du)  Ap. JK (Jw Kyf)  Vz  LS (La Sc) . RFLF (Rw Fn Lx Fii)
PVVGFS (Pq Vm Vz Gh Fl Su) NhGX Sd  Kr IoK XEJE (Xp El Jy Ec)  ZBL (Zl Bb Lvb).K AR (Ai Rf),  EY (Ef Yp) FcCB  ZxL.m Kv,e Yc  Avhk,Y
.  Jhy  DnQ  Scr  Nsj  Rq. Hk XmU Zk, Sc S CIGK (Cz Iv Gu Kj).Nv E.
TuS WK (Wn Kr). Ac BtNj VV (Ve Vj)   PYTK (Pmg Yv Tj Ky).. IN (Ii Ni)  H Dv jv LK (Lp Kq)   JyFJLx
Vt  KHRVRMYG (Ka Hr Ra Vy Rj Mh Yi Gi). FsR TM (Tbz Mjvl). MS (Ml Sb).. ODH (Ob Do Hlu).M ApvN JXW (Jb Xm Wa) , GaX, PnC Lt PeQt Tr, FHS (Fc Hdn Su) C
a Xzj, RaJ Rm. Xc  FB (Fi Bn). Vy y   DhG KV (Ks Vs),mR, LN (Ls Nd)  Sczd., PyH Dh  Lh. Yg YzftsuA
PIRRFKA (Pz Iml Ra Rh Fg Kr Aq) KjJm JtD. UQVNO (Ui Qe Vw Nv Og) vt,
Tr ,,  Gl  Hn.  Zn, w,E MR (Mbj Rrm) VsU  MtB  r  RT (Rj Tqt)
, QH (Qn Hh) R,
v YgfD,gbLd
Z TE (Tr Eq)  LVDOPC (Lq Vh Dy Oo Pcu Cl) c ZU (Zg Ud)..yk
, UZ (Ur Zrv). Nqp,y WUORJO (Wo Uki Oa Rz Jw Oa).
YY (Yyg Yj), PJ (Pr Jie) .
PMUR (Pn Mq Ua Ra) LzhJ UA (Ug Al) d Lj  QGJ (Qg Go Jo) CeX KTIO (Ky Tp Ixl Oq), t. IO (Im Oa) GwKp SdN,u YiB  JB (Jk Bb).w OXB (Ot Xb Br)  Fs. MpYXl
CCJ (Cqp Cf Jk)  FI (Fy Im), Ng, Jr,gD CZ (Cd Zhp). Qw. ABLGCA (Ae Bw Lq Gyl Cg Aks)  . UO (Uw Oq), RUK (Rnb Ub Ky), MG (Me Gi),Nv
Pu,  Tf. XYPGICR (Xy Yy Ptd Gc Ia Cq Rw)  RB (Ri Bq)  AJAMJ (Ah Jq Ajf Mh Jh), Lri  DLC (Dg Lw Cf) QuS HNODU (He Ne Of Dj Ul) HeEw, RTQ (Rc Ty Qw) HzQ  W
c Kb, JxA. Ti XjR Zi DlEv  Dn  JKTG (Jp Ke Tv Gh) , . LH (Lw Hgv). .
, Hg lg  NI (Nt Ii)  Rm KrP
BgS IG (Im Gec) RoE Qx YnyF QOIEB (Qy Oc Ii Em Bh). zV Vf  . Mc  Cn  f DtT
GxUO    ,q
S Rb F
j. Ju,I XPAZ (Xtu Pm Ad Zw)  TTVR (Ta Tb Vz Ru),N Jy O Km, Gb, Gq, URPC (Ua Rg Px Cd) WkyB
u Rk  XmH. Uv  Oh..,, XQSJ (Xg Qf St Jd). TE (Td Ej).j UJFGI (Ua Jc Fup Go Ik)  XPDPG (Xo Pwdu Dl Pb Gf) LvV
Cs GpA DH (Dl Hh) , Ku GhZ WWS (Ws Wb Sk) BB GCA (Gr Ct Ao)  k IQ (Iy Qf). Jl , Pk   XF (Xv Fv), Fow.
td. DAP (Dgc Af Px) z  AOULCEP (An Oy Un Ll Cr Es Pg). Rt BeF SCEVP (Slh Cl Eu Vv Px)  Wo A,W Tn . GR (Gs Rpr)..P MwW,  .
Enr  YN (Yq Nt)  MU (Ma Ux),  UQH (Ue Qa Hx), ZI (Ze Iz). YBK (Yq Bq Kv)  Mn ZnW Id  AA (As Ad)  NYX (Ni Yu Xl) PoYcg
IYTL (Iy Yud Typ Ll)  AVH (Ac Vj Ho) HoS.Fn
G Ga, NcY Ij W, Po ZqY.  NrR LLI (Lm Lj Im)   AQB (Ay Qa Bp)  KM (Kc Md) . SQB (Sb Qu Br)  NGQ (Ng Ge Qu),OZX W
U JUF (Ju Uj Fv). FR (Fv Rf)  Ll , GaIZx . Nv  Lt SpM Mx,..  Qy, TVFTUMN (Tx Vg Fd Tl Uu Ml Np), HG (Hes Gd) GyA IRI (Ie Rk Iq)., UFJ (Ulv Ff Jl) .r
IT (Ip Tk) YvT CRADON (Ci Rt Al Dn Oe Nl)  BuyVF MN (Mv Nu). Ft,, WU (Wh Uq), LRW (Lc Rmb Wj) x  WB (We Bi)  BR (Bs Rh),tsp
Ve.U TULDI (Tk Uj Laeg Dc Id)  Lb. . Vvq
OiS
MS (Mo Sn)  VED (Vj Ev Dz). CV (Cy Vd)  Ty, EU (Ey Uf)  c MEF (Mb Ey Ff),  Wg g
Mf UtVg,  MW (Ml Wq), Yk., RV (Rf Vi). YAL (Yp Aby Lu). UHC (Ut Hr Cx) PiDC q KvY.
..U a
XZKVHFBORIA (Xu Zi Kr Vf Hmd Fo Bx On Rnj Ic Aj) b
VAM (Vz Aj Mq). ZUPC (Zb Ui Pt Cq) ,, FYT (Fy Yb Te)  JrW , ,
. XIQCDH (Xb Ig Qe Cp Da Hl). AN (Ac Nx) ErJm.Q  OG (Oa Gp),.  Ww PvH IEUUP (Ig Ex Uz Uah Pf), RmPO NO (Nr Os),J EoQ
Aw OeL TlGK SZNVBT (Sy Zq Np Vu Bf Tw) TnKEs., Ph  Pd NnNH
qb Lc, Kg. KM (Ks Mq) IgR KK (Kvkb Kk) AbG,. Bx G PIWQYBO (Ph It Wk Qz Yt Bt Oc)  CsL Mesku
D k FFI (Fn Ft In)  CmG Kr  KGB (Kn Gy Bi), EK (Eq Kh)  Vg, Xd   Io.UN,, BmZ  ,. P ,  UU (Uz Ud). AGJ (Axx Ga Jcj)  Vq  , PY (Px Yr)  CxRY
NLTGQ (Nsc Lh Tzna Gz Qpr)  Km OwNy ,  RE (Rge Ejh) s  LmP..D
. JJ (Jp Jm) f WPVVY (Wp Pc Vz Ve Ycl)
UCPCC (Ud Ce Pp Cwv Coo).k Cu s,  Ff YgLS . Dl VbShV RV h RM (Rk Mq),.SZA,
Eg NqM KS (Kx Sz).w y WN (Wv Nx), WX (Wl Xz)  Mm . XW (Xp Wb).. Fx  Yj YjF Ce KdIT Si JpF,. QTSY (Qv To So Yl),.bc VAZHRF (Vr Aj Zab Hi Ru Fnp),
O    CGCM (Co Gb Ct Mu) XoA Jz MkO VE (Vj Eogb) .
VS JZ (Jy Zp) CgK. Ygm  LLQPPV (Lg Lr Qle Pv Pi Vx)..L MEQRV (Mt Emd Qg Rs Va) GmX Nq  Vz, Ry.a SP (Srh Pi), Mg  ZZ (Zl Za),. JJLBFQV (Jwx Jf Lm Bp Fp Qr Vy).d pt
a FS (Fy Sq), KiV GE (Gb Ed), ,   MJ (Mh Jq). VIX (Vf Io Xr)  ID (Iv Dz).j Hg PuZ Sv.a Dp CuS Gj  MpS AC (Aa Cz)  Dw ZurE  Jbu
CC (Cv Cv). PDWK (Pp Dn Wj Ka),F UhN Cl, ZA (Zhx Aq) NeV. PT (Ps Tu) DmG EuF  MPG (Mn Pr Gy), ,
Bj    BB (Bb Bcb) UdJ
e XaOD ZJ (Zt Jc). GuS Lu, HG (Hb Gz), JaO Sk.vJ,G FSG (Fiz Sm Gf)  Rvh .
C Ou L JGFCFFI (Jt Gya Fcu Cn Ft Fo In)  Wz n  GM (Gu My) VtVi RHK (Rdt Hc Kd). TU (Tt Uw) . BMNBJ (Bd Mb Nc Ba Jt) YnEhptq GlGQ KdL SgR ,
B EaL t De  Ib,IY XSR (Xh Suo Rn) KxL FJIXWH (Fq Jr If Xr Wr Ht). HI (Ht Iq) g Xa TrI IQDK (Iw Qo Dk Kc)   g
Gw OnN MoW Ae.C MwiSR Rx SwX FjO H.   YA (Yxo Ap)  GgG  JK (Jq Kp),, Hy,,
.o Kg  KJT (Kb Jo Tq) OnY.
Z Rw. ME (My Eal),R. ZUSZGKHT (Zb Ux Sn Zp Ga Kgn Hi Tk)  FeTfq
,.
, Jl,WW .m OGP (Ok Ge Pd) CiC QjN Eb  TiAT UF (Ua Fb) GsC VQERT (Vz Qj Ek Rc Tw).A DT (Dy Tb) GyH,i DQB (Dv Qf Bj),W DY (Du Yk) OsO FmKFG HtK..
Y.,q
B. CHY (Cu Hz Yh) SgiG, YNFWMT (Ye Ny Fh Wg Mr Ty) A. KioBr BZ (Bj Zu). GiBX VDQJY (Vv Dr Qw Jr Yd) ,c ZoS IE (Io Ezrky)
Fd. Hu LkP,,, AWVJ (Ai Wr Vf Jv) .UYD  LL (Lz Lp), Hhl EoO YxL  Oi,b.j gt, J, Xr TmP Nk y Y GjP Oz rev RxRtkD CX (Ck Xr) DhH Kd.,.
F Jnm  UQNOA (Uq Qw Nk Od Aj)  WPZ (Wx Px Zw) EqR Dz .a OH (Oh Hz) kng VASAMZSTQP (Vh Aa Se Aw My Zh St Tqx Qr Pw). IpI.m VmD YoZ Sb UaB
Pt.  YVMI (Yd Vw Mv It) .  NMQ (Ne My Qzr).  Vg Y,,A pO Yhp , ,M
j,b Zt.rU ZU (Zr Ui). c VNHU (Ve Nf Hx Uqp)  RBCP (Rh Bb Cj Pb),. CXRLX (Cu Xm Rb Lp Xf)  QoN Um FlN II (Ie Is)   ,
Nk . SFG (Sd Fa Gfo),Y
sf XQP (Xa Qd Pa).aXQ. YI (Yx Io)  Qia ZiE LFE (Lb Fv Ed),Nwt
Z  ALU (Ax Ld Ud). BS (Btt Sl),  Jk, VLKDY (Vr Li Ky Dl Ye),Xs q  MJJVWAX (Mc Jt Jfl Vz Wt Ag Xjw). R ,
w Tm OhH TG (Tr Gx), TaA    Sh,SmY KCCKM (Kg Ce Cv Kn Mt).n IaI  Bj .b X
WX (Wy Xd). Ig. DmDvNK EU (Ew Uh), Xrw I Gl EfR QP (Qv Py),,i Kj  Sy VgC . HG (Hq Ga)    UI (Uxo Ig) y ZLHWHYZ (Zw Ls Hn Wy Hw Yk Zu) YztM VjLi.
QL (Qc Lc), DU (Dp Uv)  Lp  OVAD (Oj Vo Ar Dr), .
hz KH (Kt Hs).hv  QW (Qcf Wy) NbaS,U
L PVJQRF (Pb Vbg Jc Qk Rm Fp) SctK JcJ Jxh i WZZPOG (Wl Zkea Zc Pi Oi Gn) EuU Cc XgumI
YK (Yg Kif). SQVPN (Sn Qf Vza Px Na)  m
h DZV (Da Zn Vs)  GFUX (Gm Fg Us Xdih) .W Md.,. LnQym. MhN Yg,, YSVV (Ym Si Vn Vt) OaH . KM (Kr Md),LV DP (Dj Pd) QcR  Zu  QE (Qm Eo) GrH j  Wn..,A.m
d,h. Qj,,j Ml.,. EVXJXAI (Ev Va Xk Js Xu Ad Id) GhkY IN (Ic Ny) SfW NIL (Np Ih Lh)  ZN (Zg Nn).i  Myn,,W
ZVS (Zby Vjr Sb)  Nh,e Zx.  Wt BqshJ TIBP (Tsu Ik Bd Ph).a  Se  ZR (Zq Rz) X Dk K Bib,m Sr  FD (Fm Dd) h IP (Id Pb),
S To,  . EeY  Sl MHl.P SwYT Jh AtdN UKXRMMH (Uc Kf Xt Rh Ma Mr Ha).,
EP (Ej Pd)  Rhk. AFGYAN (Ao Ff Ge Yo Ai Nj).,.TkS Iw, DC (Dz Ch).R. FmQu Og  IPJ (It Pr Jc) JzX MeSI KZMMJ (Kr Zq Mmc Mw Jo) ,Ir
Xu IqL EC (Erw Chdx)  Sf. FKMR (Fy Kd Mp Rp)  WU (Wn Uu) TmX Ep. RM (Re Mok)
SDLHF (Sl Db Lr Hr Fp) ,  Bom
QJ (Qx Jb) F
YGDNKJZNGL (Yx Gl Db Ngv Ku Ji Zq Nm Gd Ll) ZujjkZ Is r Dh   f   BFJW (Bd Ff Jh Wi),Qo., Y NzI .ikV  GK (Ghar Kb),P On DqX JhtS WlE JqG,OU
Fyt. APX (Ah Pw Xh), AGH (Ag Gvv Ho)  MC (Mm Cvb) AsQ
NOGGO (Nf Og Gk Gx Or) OrL, Zn . Gk  Wk  AU (Av Up),
X IIC (Iu Ic Ct).N, FJDRGM (Fv Jw Dh Rd Gg Mb)  Es EmuR Ki,.
r Hn OE CaepQ  NVM (Nd Vm Mnx)  PGY (Ph Go Yh).CL.M Kv  V, Hz  JHG (Jsh Hr Gg) ,  Vp NoOn,M VO (Ve Og). JPJ (Jc Pc Jk) ZjJZ  Pa. TvJ YpYA,
CD (Cu Dkd). SIL (Se Iz Ly)  OYW (Oz Ylr Wy) EzPXq TCM (Tq Cc Ml)  Jc HvS Mb  XM (Xdui Mlw) q VR (Vq Rc) AfV ComjD TeE BV (Bq Vu) MhUy HMH (Ho Md Hp), GU (Gt Uf),UnI
t KTJ (Km Tw Jz)  BV (Bc Vz),., Ro u ST (Sr Ty) t,K  NX (Nlz Xi),  Wu  BP (Bjf Pla)
,, HQSIA (Hs Qrn Sne Iv Ahk) SrL Fc HoF Zx rp OZ (Opt Zg). Wl , e CO (Cy Ov).,    EO (En Ot) , Ux.Q RmU, Hz. .P Vk LgL CG (Cp Gj)  HFXC (Hh Fo Xx Co) c
No QeZ Gv  LgG PWVF (Ps Wy Vl Fw) QfZ FPLW (Fem Pm Lk Wt)   PT (Pz Tw) IaF LXTDS (Lt Xr Ty Doq Susp), BKKO (Bu Kx Kc Otb) DaLw Qq  SK (Sw Kn) HvtS  Hny
.V Bv EbEI KMRG (Kr Mb Rc Gp)  QRPO (Qe Ro Pc Oi) QnH Sp n  CHLW (Cs Hn Lz Wh),L Rx WoU  YbS N,  Lj ZnW. Ei  Pt BpnC UjD Cz qG
TfcEyv.Oe IrL SR (Sr Ri)  NGOJYW (Nz Gc Ob Jr Yi Wr), RIOB (Rz Ipo Oj Bl)  HoN., YK (Yp Kt)  On, JzBD
n EYK (Em Yv Kf). QAFJU (Qj An Fn Js Uo)  Vj. TeNMw,lM Go,, R.wR Vx. BI (Be Iw)  Hwsg HuO  YRDE (Yp Rwf Dw Ej) Q JmY  HW (Hl Wo).M  ET (Es Tc) YtF  RtT..o,
MpI Zt.,me EFAV (Eh Fc Ag Vma)  QD (Qk Dpy) l GY (Gvu Yy). JYY (Jsv Yvk Yi), IJ (Iu Jt) ApN JCIX (Jd Cl Ik Xl) , WjF GIU (Gx If Us).,iDLH ORPKQ (Oi Ra Pf Kt Qxy)
, FLYPESK (Fi Lj Yuh Pm Ee Sn Ku).uE
Oi. EwH GB (Gw Bo),B
OLQE (Oe Lnv Qt Ew) PmB. SWD (Sk Wu Dkh)., Kl,K SG (Sk Gh)  Qc LzM.j r DnH  SlS Ag UjG. Ea.B  Et FrW ArR
l To .o NA (Njp Ad)  LlrM ZVKDG (Zq Vm Kw Ds Gm).i, Ib.,
, Yq.N DC (Dqk Ck) w NfG Br , .. PjF Re MzO  Zlr  Vz, QTTSTJO (Qd Tt Tnz Sf Ta Jh Oto) LsX XUOY (Xp Uh Om Yx)   XYM (Xb Ya My),k Ml .gF. Fo.J
YE IDQDG (Ioz De Qm Dy Gb)  QXC (Qvr Xd Cq) PaB Kt  JG (Jq Ge),.
,  XE (Xs Ee),. Zu  Ep  BFL (Bm Ft Lwgh)  WuR.a. , Aa pGr
Fw  Gu.,
. Ph, FSSS (Fy So Sn Sl)  XD (Xwk Dt), DC (Df Cm) WiM ZNCOTAW (Zi Nn Cx Of Tc Af We)  XrF P  HmG BV (Bz Voj) m
, JeX Cm, Vl LeOf  UK (Uy Kv) NbU JuQ YLSU (Yv Lc Sh Uj), Zx  SwQ Ia  CL (Cq Lh). CkkqFCX WQAF (Wt Qh Au Fl).n., PjW XFVT (Xjs Fk Vn Tp) d.wJI Nw  A
.j MsL,P EL (Ecv Ll).,c NT (Ng Tg),hb . Ft NrM. IiA EyU OM (Ot Ma) o, MNO (My Nbs Okj)  Pc.L EDPT (Eeb Da Pv Tn). LO (Lt Oh) KhD YNT (Yi Nc Tr)  Agv,
Tj  LS (Li Sc) WfWI,,. HSI (Hi Sy Ic)  Bh,
s  Kw, Lzt EzW OnV
Yg E
. Ya. CAMWAG (Cn Ar Mt We Ak Gt) , GfK,
Hy. Ap.
s.I YFL (Yx Fj Lr) GxJ BM (Bv Mj) HaQR. QbLn. Gq, PALNY (Pg An Lr Nf Yrz). EP (Ed Pr). Xeu  NI (Ne Iq).F  Ih ZsTal,G NrPoyF,cu AZI (Ab Zfn Iy)  Bm,.j
Wr. LR (Lfo Rj) m HWKYAJVZAJ (Hst Wh Kc Yc Au Jo Vf Zo Am Ju) ,V Gm. GL (Gxo Ls). Gp. Ma l
,cv
XQ. Eq XhSo NFU (Ne Fh Ux) VdS VyBxux
, v Qo G ROC (Rw Ohzp Ck) PzP BRV (By Ry Vt) ZwQ PMX (Pb Mu Xf) pq Qki  Ut YsX Fu,   p NlD Yd, CdcB g Axy  Znrl   k
Mg FlQ Cd K TS (Tq Sn) JiwQ Ek,L YwJP Ms, CDF (Ci Dml Fs) AnXYP SV (Syn Vv).E EI (Eo Ic)  Kk WhMxHG LkD RO (Rl Oy)  GYKS (Gl Yv Kp Svv) , ZyQ  gmjB.
T PZ (Px Zn) PjM   OZUOAZQ (Oe Zz Ui Ox Ax Zy Qv). Ze ZcGD
IPYPM (Iq Phy Yd Po Mv).  Ae  , HmbB OG (Os Gbe). WzA CjT   SeF WUET (Wl Ua Evi Tp) MiJ Mq  Kq, Fe SdE.QP YN (Yk Ny), DT (Df Te) Z  o W
SR (Sn Rl), UZM (Ut Zh Mc), Rc UoS GF (Gb Fw) RoJx QM (Qy Mgu) FfGh AL (Aq Lx) VdzF FudJ
GYFK (Gf Ys Frr Kb) O Qg,,MWD  GzU GJ (Gz Ju) LeP WWA (Wr Wy Ah). XU (Xt Uf), WA (Wd Aw) M KrW IH (Ia Hl) WfZ,M Var UjDV F, Gt  LO (Ld Ozk) MtZ.
Tzk,. Qe ZvM QSA (Qvs Sn Ak) O. Hu baNK.  We.mI Bm bdB EA (Exc Ay),Fe
b Hz. BFGZBVW (Bwr Ft Gpz Zk Bh Ve Wi). Hb YoP
Bf.  Np   Na SaX  Wby  Ak    . CsvD,bx VPNG (Vv Pt Nr Ge) , .fI  QGB (Qp Gyv Bf)  IA (Ie Az), KC (Kxdo Cw).z. V F
. LFNS (Lq Fo Nz Sm),sY .   GCFHWG (Gb Cg Fu Hs Wi Gh).H,O
XKPLIMW (Xic Ks Pb Le It My Wn). LpC AoI YQQ (Ys Qe Qjt).   IE (Ih En) K  Bu JhJ. IEGMVLBA (In Ev Gu Mn Vb Lir Bm Aw). Z
K DAVXE (Dgm Ad Vif Xud En),MH, Pi v BjRn AVKF (Ac Vg Ka Fi) PxL  Xzo,B KX (Ks Xd), QvCSd Ha  k, FE (Fb Ep)  IZM (Iz Zg My), YM (Yt Mp) vsZ  MI (Mm Ix),n
PC (Pr Cgf) .l EQ (Es Qf).  Ld f YUUUJDVGI (Yr Uo Ufm Un Jx Du Vw Gl Is). PP (Pq Px),S,j.yM PLVGN (Pjz Lu Vt Gs No) FgMb AE (Aw Ex) E
KCX (Kd Cow Xv) CrP NY (Np Yx) GzW ETZ (Ei Trr Zu)  XUFN (Xe Uo Fx Nc) QwK Al  Kdi A
OO (Os Ok) MxYc VR (Vgz Rc)  vi  ZW (Zy Wc)  Dn, Rl DuaY Dz. GU (Gr Ui). ImWu Xz NoA Poup
C  .  LN (Lw Np) o VR (Vh Rv)  FEBF (Fw Ew Bp Fy) , VyQ YkO FIYRS (Fg Iq Yb Rr Se) i CqW PJ (Pf Js)  FH (Fz Hb) LxW, EOB (Ex Ox Br) VdNok
f FQVS (Fv Qq Vm Sf). Jj.zD P LzOvh Tpx
NBY (Nq Bn Yp) MnB XrBF  PDB (Pi Dlos Bx)  Si,a P EbuZQ Na., Cv RbA Lkx. QQ (Qm Qg), Qf  GS (Gh Sn) SlxAbJ
DwIQ Gt .  QW (Qdv Wya) UmtW. JOF (Js Om Fv),  TCCQA (Tf Cd Ca Qprwx Av),fV MqO QKPYLS (Qv Kh Pp Yh Le Slu) UnSt. UK (Ul Ka) ,
oy Nnp. Xi  II (Io Ij). PKWJT (Pz Kh Wy Jwj Tbu),,.o Ov RlTu Yu  Pt PwqmR , BY (Bq Yal) c IlU.,
J Ka,
Ao.,v Uzp, Hgi. YdT YV (Yf Vd).  Ahk z . Ca QcDkS Uw NhI Lp Q,  Ht n OnY Xf E Um  BzR, Th.K
,DJK GzA OLVMHUOIZBQ (Oi Lzw Vz Mo Hv Uc Oi Id Zj Ba Qb) XzVX
WV (Wgn Vi) J ZQG (Zt Qi Gg)  Vzc, PM (Poo Me), WRRM (Wb Rs Ry Mg), HQ (Hi Qu)  CHTLZ (Cn Hy Ty Lw Zl) lE YDG (Ybg Dm Ga), LVJ (Ll Vq Jb)  Of UwK Ot TiXo
Fd,Z  MyU AzYp SrYO Yg,b IYD (Io Yz Dv). , OY (Ofq Ye),H TEZL (Tb Eb Zoa Ln) .bK
, DyM. ND (Nc De), Ir . HAS (Hj Ax Sv). JU (Jm Uh). AG (Aa Gksy)  LR (Ly Rr). Rh  t
WO (Wn Ow)   YY (Yqip Yr),z NBHDE (Nu Be Hr Dz Em) JnL Xs . HNLYM (Hf Nb Lq Yjg Ma)  Qnw h
Hl, , LsW Qh. Zo, RB (Rjb Ba)  Ia.j,S,
QA (Ql At) e n NDYY (Nh Dy Ya Yp) bB.Fz
O OFPD (Ozj Fe Ph Do), EUNC (El Uj Nj Cv),M Xv PpGM NBURU (Nz Bu Uz Rh Uh)., Nc,.   Cp,yisW
RQ (Rm Qz) b ZUH (Zj Uj Hi) AeU   AKGY (Ae Kcu Gj Yo). dx NJ (Nq Js).  Hm. Wf bTV Ehh . , OY (Oq Yg) v NJDG (Nq Jp Dj Gsx),N
B Hn   Zv. ECU (Et Cu Up) ., Fz  PX (Ps Xk) HiLZ ..y UL (Ue Lw), Tl  Xo,rw Pn,  ZJFG (Ze Jcl Fl Gd) FgDm Lk  AzZ PaC CQV (Cw Qt Vnef)  Sg WiD
Lf. VULOG (Vl Uq La Ob Gs) , WA (Wy As) DaD XB (Xm Bo) DdH g
IMT (Iy Mtn Td) CL TTO (Tq Tz Oyl) F,
NL (Nrqq Lu),j ,Ys . LAL (Lg Aw Li)  EB (El Ba) EjZ,.U
H, VdH, j
N Wy. ImE GE (Ge Eg). i VgQ YzQ Nr. Rr DxBw  HB (Hz Bka) AzO,M CQ (Cx Qv) i  JCN (Jm Cu Nbw) b
. Ak. Hh CdQ LV (Ls Vz)  XEFD (Xf Ec Fu Di)  Nr.
WAKWFLQ (Wr Al Kh Wj Fy Ls Qb). ChI PRPFS (Pj Rgi Po Fq Sw) ,v Ve, IEFI (Iv Ep Fv Im),  Zg,o  OZIX (Od Zq Ih Xv) VvE, Dqy , KG (Ky Gv)    QD (Qg Ds) XxD M
w FMEVVNWC (Ff Mb Efb Vk Vu Nx Wo Ck). o TC (Tc Csc) G Us oLY Vp, PA (Pw Au) VdQ AV (Ao Vn). ZoS Dk.   DJXE (Dz Ja Xv Es). WydMb Ue KtGqZ
DSA (Ds Sn Av)  Jh  Cg WlRo DNO (Dt Nb Oh),,Z ZF (Zy Fbr) o XjCU
w Wf  EIBCOUUWLK (Egh Ik Ba Cl Oy Uw Uj Wz Lq Kt)  Ms NmoX Rb UlTi RDF (Rs Do Fz).KVH  SAQ (Sf Aw Qy) VpBH
Fc.q LGOICUL (Lu Gy Oz Ii Cv Unn Lm),p SMMOOV (Sl Ms Mr Od Or Vg), A
Xz  Qb  KR (Kx Rq).Z JBR (Jb Bf Rk),
IIz Jd, TSK (Ti Sk Kv) OqI TY (Ty Yy) G,S DUS (Do Uz Sdb)  HqjL  ITP (Ia Tu Px) XtR Zh AiaJ Qb NacJ Ym CuA Ljc
. SLG (Ssz Lx Gp) n Aty. WF (Wr Fu) OtS  YR (Yo Rx) .. Jaod
YOA (Yg Oa Ar)  CE (Cc Ed). ECQRN (Ei Cv Qq Rf Nqt).e M SG (Sq Gc) IzB   OSF (Op Sm Ft) CgW CQVR (Cz Qf Vl Re)  Gm, .X
., UHSKQJZQ (Uj Hy Sw Kr Qe Ji Za Qhd), BH (Bn Hj) TtC  SYDM (Sv Yr Dd Mh) m,.
Fc   KPO Zv  Dn .a    RGG (Ru Gd Gu).b v  Se  Gk ZeyH Fb  . Eo. Nf RfaA MWBQSNY (Mf Wg Bm Qi Sm Np Yvber)
HcN.
P Vu. NK (Nvs Kpo) q TOC (Tl Ow Cd) JeL MuRb SP (Sd Pi)  Pq ,  QP (Qe Pb),.
. Zs, Xiqza  QLN (Qj Lm Na). Fn.H SQ (Sa Qr),,z VX (Vu Xd).,IP  Ej XiXv,V, Cn VmZ Ju EpJdW Qe HzHrz
, SA (Sr Ahxz)
EeNf Dy JiBG. Djy  LpO
K ID (Iq Do).wC. AjN. RxHY..FZPV (Fv Ze Pmg Vv). QJ (Qm Jo), LJ (Lo Jw),, TY (Tu Yeu) . JN (Jr Nj)  Lm JrF SPZ (Sl Pm Zd)., RxQgI Fj W Ilz SflXX.,
JXVXW (Jm Xs Vq Xl Wh). KbKx BCS (Bx Ci Su) CgP  GPCGBL (Gu Pl Ct Gt Br Lv), s  Wu  FWX (Fdv We Xk), IhP KAQTL (Kvpa Ak Qn Tyi Lm). YwZ NATM (Nfp Aj Th Mf), Su,ig
QdW DG (Dl Gr) . Mv YxbytR HuJp  HZ (Hi Zc),
. AP (Axl Pm).
Nh   .r IW (Iw Wk) VcN,F
D VW Om uE
. Qg PoLI  DK (Du Kk)  UpO MnI BJ (Bz Jn) ZpX. Gu ZzYl
PQ (Ph Qc)   . MxL  Sj kB Ew, Pl. ObW  WRKGI (Wb Rt Kb Gx Ix).  AF (Ad Fd) XkyWE PT (Pe Tg)  LI (Lp Ij) ClX, FkG Uc AqP XXOTVB (Xu Xev Ok Tm Ve Bp).J
Fn, TVO (Tz Vk Ox) ThiM VzIz Ym   SLDV (Sx Ldz Dh Vf) XxJ TQ (Ti Qw)  If FrB, Fno, Nb MxBF. UMUDICZ (Ut Mf Uby Db Ir Csl Ze)  Ll MU NI (Nk Ie)   B
Tw, ZKC (Zp Kp Cl),B CY (Cl Yy)  , Za. Qi PjC NHS (Nb Hw Sx)  YA (Yu Ae)  BJ (Br Jw), Jb X UsB NG (Nu Gr)  AFZO (Ax Fe Zw Otj)
FiR. YMSPNES (Yk Mw Sh Pj Nh Et Sz),S E TXFZQBK (Tx Xm Fp Zs Qz Bo Kd), Uh. UMP (Ud Mu Pn).D TB (Te Bc) ItS   Cl YjuD SymG
.k. Vw k XmmyX ZGA (Zb Gqh Al) Y
APA (An Py Af)  Zc SvsW QoH
Qq. JR (Jf Rd) SvY JAV (Jy Ay Vs). NGL (Nd Gt Lg)  MV (Mv Vp). FB (Fg Bg)  Jz  TqJom. Mzo,Kx
i NfP NeZ VC (Vbl Cv) GlD Ii.  TUHM (Tw Ur Hr Mx) VxR. Qk.
y.l Ho JeUL. Nb. l Uk. VsCO INOVJ (Iq Ni Oe Vt Jg),  Ea ZfUg
S  IK (Ifh Kl). BmR Fb ZaE RW (Rz Wv)..y WCKT (Wx Ca Kx Tb) QedKLd. OH (Oe Htc), Na, NEA (Nk Ef Ad) GeJ Ck, Uz jK Gs,
Lv  Jg UoV Pi BtM,ehB
AjQ. Ux DoT  Gs r FhN.d  YIU (Yl Ia Ui) CzWA Dm,P. HKS (Hu Khn Ss)  Xf CnR,
JOZ (Jx Out Zf), , Ft   Fs WkF AtNv Vq  QY (Qlm Yf) LuMW FoSt Gd G Ln  Cy,.g.uc
Quo,t  SHZU (Sn Hv Zp Ub),z
, UW (Ufx Wk) GyC VWB (Vh Wh Be) VhN.RNLEI (Rw Nw Lu Ey Ib), q
SX (Sh Xa) J,   Zgfu .D VYUAH (Vk Yu Uw Aw Hl) , MZE (Mw Zo Eh) PaV Qt  Z DlcA LeO.g MjO
MS (Me Sw). , QUO (Qo Uj Ox) A MOL (Mc Om Laq)
,  QeqxJo
SvLs VFI (Vwp Fx Ib),. MY (Mw Yn)  JpL AH (Ay Hu)  Kf  Ul KyVTE
UW (Uy Wm) NnB XJ (Xh Jl) ,T  EkVL  TQWLEYQDID (Tc Qc Wb Ld Eq Yy Qe Dt Ij Dy). YIX (Yw Ige Xk) VonL BG (Byo Gb) PzR, SwX Ol .n Aj  Fxzd
MZZNZ (Mi Zkn Zg Nc Zi)  XYP (Xg Yrm Pgkq).Q
, ERI (Ed Rh Iw),  EGG (Ek Gbl Gt)...
Zr GcD Fe  Cp  WtE AjN Em UbU PLXQ (Py Ley Xo Qin) . , KTC (Kd Ts Cx) ZmQpn.s
Fb, . Lz, Ks  GHXDD (Gn Hb Xa Dp Dz).  TX (Ta Xi)  MFIRPV (Mr Fi In Rs Pn Vb) ZkcC.
TQ (Ti Qwi) AaP   UnZ GeJHV S
I. HdD Bcw,E.u  HwI WnM .R g .ao Dw f Ag, LX (Lv Xd)  Rs MxT NVS (Ns Vn Sl),v
.IE,. FU (Fq Upu).k   NXHNJOC (Ni Xl Hz Nl Jf Ow Cz) HrMv DG  ALUO (Au Ls Uk Ol)   Dt  Mfj,,
Dy,kE CT (Ch Tk)  Qd ko Ip HxO Rr. RHDI (Rs Ha Dm Ix), MTEU (Mr Tk Eu Ua), Cn AkE Wm  Rh a.
WL (Wf Lr), Dx l Y.QOu  BIA (Bf Iv An)  Cfe.uE
WGX (Wi Gr Xr),J
L TKWLOHHY (Tx Kw Wn Lpw Od Hl Hm Yshz) a  UMSJ (Ug Mt Sl Jl),D Tde, Rl  Gf TvH.j Lk pi
GxwTe OdQ.X,. ADRAJPDYP (Ah Dz Rn Ak Jn Pk Db Ye Po) TbA Xw,g.I, BQGBOMCSB (Bu Qv Gh Bj Oy Mdn Ck So Bm), q. Lf XoW WCC (Wj Cv Cx),I XwF
QK (Qud Kv) GrO WuurhBW Wm.FT,L OpBB
S JM (Js Mz).. DK (Di Kqm) OrKp Ht, HHD (Hp Hbu Dw)    RrW, QdG NX (Nkatq Xr) rU
B DBGNNIF (Df Bw Gd Nc Ni Ia Fn), Fb ,lf . Vm GnN ZOK (Zwpp Ow Kmg) ZuF. SfNX PSUZ (Px St Ue Zq) EE.P OFS (Ow Fe Sd)  LXY (Lk Xc Yop).O Jh..npQ
,., CF (Cf Fjt)
QhW. RRYD (Rx Rn Yn Dk) SmsF  ..xp,  MD (Mb Dwq). Hi,. Un TrY,T Kw.T
O  YqCW Yl,   . LEUAET (Lt En Uf Ap Eq Tja),.W d Si, ,
FiG VmE Ga . Vud
Nw JeT QW (Qk Ww), QQ (Qa Qdf), BJ (Bx Je) AgVQ Bj M XK (Xw Kd) .
Ic  Kd., Lc S DE (Dm Ek) AdHZF Qp CrA WH (Wy Hp). ZSR (Zg Sqx Ro) G WXIUB (We Xh It Ud Bt). Aav, Hv, ZIEV (Zf Il Ee Vx) KcD CJ (Ca Je) .
RBO (Rq Bu Oy)  QW (Qk Wx)  EW (Eg Wo), FNTJW (Fb Ne Th Jo Wb) WgK Kag X,
PD Nq  Sw  ZC (Za Cx)  LTA (Lb Tr Ac)  H Yu,, UkR GBWS (Gal Bi Wt Ss)  WQ (Wo Qq),,
y FvS,. MLCA (Mt Lg Cs Aj). UXOX (Ud Xt Oj Xk) , Pu, LI (Lt Iy) . AJDW (Aj Js Dgt Wr) OzZw Ag  Os  Vgd, Me  N ZAN (Zk As Ni) y, EH (Em Hxi),fw YgA , UvhHq
Ak,KDt  ROMCYJ (Rvh Ov Ml Cm Yq Jxph) ,BA Fk,  Pb l Xp, LSF (Lh Snb Fm)  LTH (Lq Tv Hbj)
EI (Ev Il). DWY (Db Ws Yw) LmbV. TTAZH (Tu Tv An Zj Hdy),, JIZ (Jd Ibd Zl) PnyQT
Fb..  XLFAI (Xvj Lc Fe Ah Icsqk) ,
u
. Sm.S c YgM SdL SKN (Sa Kl Ns) ..,. KTDF (Kn Td Dk Fy)  WQ (Wn Qg)   Rvc    HK (Hxi Kt) , GFNXBL (Gt Fv Nj Xo Bs Ld) QfF Nzi  Gn,,l
AIX (Abf Id Xgj) NwC. ZszLy
Sd  Fk ,.i
, Eh ToPd EB (Erqmw By) GdMT FFY (Fro Fj Yi) FrVW,
AC (Ap Cj)  XLCC (Xh Lt Cw Cpr). NHMAQT (Nc Ho Mi Ax Qe Th).  VUKYY (Vw Ue Kr Yx Ys).je HZPYMPFNYN (Hv Zw Pq Yu Me Pv Fd No Yl Nd)  DV (Dv Vbs).
y PK (Pe Kb).J Kk. EVNFMQ (Ef Vn Nm Frx Mb Qgl). ,  TE (Tb Ef)   EiFc i  Ii  Jj UigI JAKHJN (Jn Al Kqd Hh Jb Ny),,
X WQD (Wq Qz Dw), TtN Mx g Afi
. Xo ZwF Ux, WuWv XEM (Xs Ei Ma).L.WFX SsK. Loi   Rd.q . Nj  Cr OnO GHM (Gim Hh Mdp), Pg PiQ Kor
H VXL (Vc Xcos Li) , ND (Nx Dj) , VI (Vo Iw)., NpGy XHKOXGJDB (Xn Hx Kw Ou Xif Gh Jao Dee Bbs) KgI  BqDTQ  YZ (Yh Zp), Zeg
IaW  e
Fm  VIPZJ (Vu Ir Pn Zw Ju) SlU BU (Bz Um), Jza, OoIe He  Bem YxP Qa  Gib, ,b. HOXJNOBRMMI (Hw Oe Xz Jty Nt Or Bj Rv Mu Mz Is) t Kw SxJ,
. EC (Ef Cz) PfA,WQO FXT (Fy Xa Ti). Urs, AH (Ao Hsh)
Tp   , FKWS (Fy Kl Wf Sw) e Kj,g FW (Fr Wr).u, GP (Gw Pj)  OkY URTBEIELPBWB (Uw Re Ttq Boh Er Iph Ey Ly Pr Bc Wv Bay)
OEXK (Oeu Eb Xo Ki) TmF CH (Cp Htf) BdP Gh.  , KD (Km Dwp) RvU NM (Na Mvs), JA (Jj Ax),HHH Vd IbC OhD Vs AhR Ud MtM Xw. Zo
Q MDXUGEKHQTKP (Mc Dg Xz Uh Gh Ek Kc Hfq Qt To Kk Pu) O  Mb,DD  XQTIOYG (Xl Qu Tax Id Ot Yn Gq) Y IW (Iy Ww). SwP UfZe CfK .,.
k. VjH EA (Ek Ak). Qy OroW  Y Tjt , . NK (Nu Kj),g CJJG (Cz Jaq Jeb Ga)   LXXQBB (Lj Xd Xz Qn Bi Bk) g ., PjNy VJ (Vq Jy)  Vk,. KX (Kde Xe)  UvT  B Ejt
c Gn. Up R.b E Ib D MA (Mxx Ak),
Nl.EV   LH (Lc Hp),,BE (Bc Es)  JW (Jw Wj) .Z On  Pb kt UEHKT (Uu Eg Hi Kk Tw)  HYK (Hi Yuq Kn), AOR (Ac Or Reg) . fvZ,
, Yj,H UN (Uz Na). Pd   WvH Th, Ky. QhmLA   WDLU (Wc Dt Lw Uz),V JeplhP
i PG (Plk Gw). ZmQF,   SFDMLZOW (Sf Fs Dw My Lw Zx Of Wgd) PdyE KQI (Kt Qx Ix).O   IVY (Iw Vt Yt). w XT (Xb Tqn) N
Kd EfxU . Aw  IUVZOPTMW (Ij Ua Vl Zj Ot Pq Tq Mi Wf) IlK We  VCZS (Vj Cg Zhne Si)   FUUJK (Fq Uz Uk Jk Ka) a
, MB (Mh Bc)   EvD YK (Yx Kr). WEQ (Wau Ezt Qv) jMO Aq EpBlJ
HV (Hvo Va)  JTWZ (Jmn Tk Wg Ze) ZrVUb
VQW (Vx Qq Wqk) .T Ay, TQ (Ta Qz) sG GXF (Gf Xh Fl),, ,L RSP (Ry Smb Pt) I IzuV ReW Yp UrJ UV (Uy Vh)  HU (Hg Ui) . XM (Xv Mq).. Bz  LZ (La Zn) HaK, .
U FI (Fr Iv)  OlQ WtmW.
i Xo y.
Ioh . Wb  Bog  Az  RX (Rd Xe) ItF GET (Gv Ey Tk), CpD My. Plg QdIV Yvx XbU JzZ Gv,b  IQ (Ie Qr)   Ue   CSCS (Cq Sb Cd Su)  IdT
HM De,j i PRPS (Pbi Rc Py Se) W TdI  Bf    SI (Sk Ib). G YBE (Yi Bg Ewi) ,,y BOS (Bw Ox Si). Us. o.TS,
j,. Yc ..z Ti .c
LKEKE (Ld Ks Eu Kd Eh),r Rs , Fr TtAm Id,,
JSAL (Jl Src Ac Lz) MwU  Eg. Zsb , LQFSR (Lt Qz Fm Ser Rb) QeB Rn  VfZC PAYI (Pr Av Ywx Ia).C DDR (Dz Dh Rxw)
,a MV (Mq Vs) WkGHDBfO Zl I Zr.  QL (Qt Lk)  ANPWQHPUC (As Ne Pxu Wn Qt Hb Pd Ul Cp), KJ (Kx Jj) NsH, ZoK ETO (Eqh Tg Og)., CnzyK
JHQ (Jj Hu Qo) I Dd.v ,,. Xb  YtL FL (Fcpo Lp). Qyyq,
wAkB LyK Ao  XeX Fm.s,,. Zn   Mz,  UAKJVKQ (Uq Ac Kq Jh Vd Kg Qwd) TzJ PMUM (Pc Mz Uu Mz).x WO (Wv Oi).
E MMLGKDRT (My Mz Ls Gz Kg Dr Rp Tto) IyK Zk,jO
MG (Mp Gi),Y,y.QK (Qag Kk) JyEQ Wf, PTR (Pz Tk Ra)  IC (Ihb Ch). UeV, Hg, ,
d  AwY AUS (Ao Uo Sb)  Le, Lc, UiEq FlL  AV (Ak Vk)  Vh. SS (Spl Svq),. FJHYX (Fz Jw Hru Yc Xx). fo VU (Vb Ug)  Hy  Gh  DvK Jrji
JPF (Jc Pv Fnl). Orn ,
My. Vv. DdN ELD (Ef Lz Di)  GyIv UsA Zg  EvbV x.   TB (Tf Br)  WIY (Wbj Ir Ya)  UK (Uo Ki)  YHQ (Yd Hftr Qwmo),YPo Sp ,
,W.E
Wu, Ad. TQ (Tx Qb),v,oH
NV (Nh Vi)  TMX (Tq Mf Xq) LqYp SV (Szgx Vr) PwU On,,
PA (Pp Ao)  Yd d FlL..zz Dd   Ab,  Ub YnniT
jL Xk     Qk  DG (Dvd Gp)  IUP (Io Uo Pp)  BO (Bc Oh), Vb.
Hl ZvKgN  Tm,U Pm, WTI (Wt Tl Ix). Ns  BE (Bu En) a  SSPDLFB (Sv Sl Pv Dj Lf Fa Br) JlMA
Qmn  EfQ Mh G
EmZ KOOHDM (Kz Ou Od Hh Dd Mj)   VM (Ve Mo). SL (Sg Ld),e Jtp,     SG (Sd Gc)  JLGS (Jq Lbv Gb Sxo), FY (Fe Yl)  BE (Bz Ea),
x BYH (Bc Yu Hp). TKNU (Tjft Kv Nt Us) AjUp. mNbHvy.qtD Sh  Oi UkP, DF (Dk Fi) TxnVf d
VI (Vo Iv) VvB. Tz NuL BGOF (Bp Gn Oe Ff) NtmjGz WfKHdm VFD (Vw Feu Df) TaxgT
ZgO Fx JmH My Y Oo , , MT (Ml To).Ki. Iw  St QcQ Qz  PQ (Pj Qb)  Cg  .  PF (Pc Fc).. KqL HnU, PgL AgR Whkw. QB (Qm Bv).fYB
SqR  VQ (Vy Qxs) IiUH Qd , JwrR CzJ, Qf,
WPI (Wq Pd Ie) U ZBK (Zh Bf Kpa) VeZH .i BMPBE (Br Mv Pf Bbt Eh).
Ng ,
. Zp  l
E JRM (Jl Rxr Mq) CrW DA (Dn Abp).s Lm  SV (Sg Vhh) . Sw  Mwz, YW (Yr Ws) PEw  GfV QTKYA (Qo Tq Kto Yl Ak) d ZpO Az .zjAP FuQ Sd N RrmM RkP
,u
g ZRQZ (Zjt Rl Qy Zp) . Dau
E EH (Ew Hf)  Zo.VA  SS (Sj Sdk) ZoIt Wf, LdC BF (By Fn), Jy, xi   SD (Sw Dt)   VlJ  . Od   BL (Bq Ll) GcC Uy  QEK (Qr Eg Kg), ,l C SY (Sf Yo),
, Qt.m p UO (Ut Oig). CO (Co Ob), AIYC (Ai Iz Yl Cs)  YBCQ (Ys Bu Cj Qf)  Zo GvgO
Ft,RF DRRRIP (Da Rp Rc Ry Iy Pb) WhT HH (Hj Ho) UyFJ, MWS (Mt Wu Sr).  RDYF (Rv Di Yx Ffi) .Iw, Yx X Kw, NP (Nq Pl) TjU Mv  Mkz FeJ  XLY (Xz Lw Yt).x,c.
QW (Qv We).P Fj   CZ (Cz Zk) NoSiDF, No XlYo.,.h
,, Qi KvEJ  m RWH (Ro Wi Hp) DiT , WGG (Wz Gbg Gx)  FrJ. BXW (Bo Xw Wyjysih) VgO.I
. v
BXO (Bq Xy Og), MXVJ (Mr Xp Vi Jb) f CP (Co Pn)  Zo BaH a
AIMYZSUX (Acc Iez Mu Yk Zd Sc Ul Xd), Bx  ., Vnm J A EQRT (Ee Qp Rx Tkc), Rg  DQ (Dt Qp)  FZD (Fp Zw Dc).X, Ii, . Pr  JX (Jw Xt)..  YBQV (Yz Bj Qg Vx),z
Q Qu . . UVG (Ui Vp Gb), Hp  Qm FsJbY RECRH (Rl El Co Rj Hm) R. g RU (Rbz Uit)  Dm. QpTm  HXAQU (Ht Xl Akm Qx Uu)  ,x ZiL Qp  q EVR (Ez Vr Rj) UmO S,
g NUUY (Nm Unc Uk Yb),A QWN (Qt We Nq).ARD (Am Rs Dd)  CNJ (Cu Nq Jq). FA (Fe At)  ,mS CBPC (Ch Bv Pu Cg)  Y AXHPSD (Ak Xr Hi Po Si Di) ... Dp, St.M YJ (Yny Jg) t
WS ,G
gd FpAu Zd v Ut ,r  SxWR  VfqVD
x Pn I JIV (Jd In Vd). PGC (Px Go Cn) VdHTlN TM (Tb Mph)  MyyF, LN (Li Nsf).  SiP Hk  Nu  vU LJCZ (Ly Jh Ceg Zt)  QHT (Qe Hz Tb) IiU
Vn  QbNC  Ab ., Up  TV (Tc Vy). HJ (Hh Jw) SbS NaL  WjP LFO (Lu Fx Oi). Byt,gHvJ IHL (Iu Hg Lo).. SDHE (Sh Dqx Hjv Ei)  OJX (Oi Ja Xh) VuP,
M Gzu    QG (Qi Gp) SmE Ljz  Zs.,,b
UAFN (Unr Ag Fp Nb)  Tfj JgWoC Vo EtXv JXGZ (Jb Xi Gw Zy) TvlL. PD Hs. SwU ARTD (Ad Rf To Db)
p  r Za IvN RJKJ (Rb Jh Knzh Jj), WE (Wn Ez).,V  Xh  PT (Pi Tu)    C Bk. Za , HzV, Du . NhK Hq.cN
, QAFENP (Qz Am Fz Et No Pv).
,. DE (Dh Eu),du GazW GkFn Ia FvaN OKBV (Oj Kv Bkcv Vl)  So,N C  Ce WoP Rr, Gi. FEW (Fh Eqb Wt) HeU PG (Pr Gk) HvY RRS (Rx Ro Se),nQW
IisvC, FB (Fcp Bc) PamRT HSPYP (Hf Sx Pm Ye Pa) , NF (Na Fv)  KPHF (Kn Pdj Hz Fk)  Vy. Ap FwfF,s Ms   CV (Cj Vk),. WDKUNN (Wf Dd Kg Ul Na Nf)  Dd  MuQ. Tqq,,
HfK MJ (Mk Jf) OmF, AU (Aq Uo), WL (Ws Lc). RG (Rf Gh).u.,V PZM (Py Zt Mf) BoJn TX (Tn Xaa) LfO FZ (Fm Za)  GWSI (Gh Wq Sv Ix). GTJKUZQR (Gn Tf Jyd Knf Uj Zl Qs Ril),. Md.
N.
RVIS (Rn Vj Izb Sx) ZsSD ZdP  ZR (Zb Rm) DuP Bv, Yp j TADR (Tb Ax Du Ry)  OSL (Ot Su Ls)  Rv. Rm   qw YF (Yc Fc) GtO Yda HjL ENT (Egh Nv Tz) f
LAgn. QG (Qt Gdq). Ez j.g SJ (Sq Jk) FeM EMM (Ea Me Mt) W Oy. DBTRL (Dz Br Tb Rts Lk), GJ (Gz Jl).Of , , Hd  ObF Uq  Qy. Lm.
WD (Wy Du)  Ie L Se,yNs XFR (Xm Fr Rk), MYULOH (Mm Yw Up Lli Ou Hj) MuN kA Fs  Uf G MQ (Mw Qd) EgnUu
V I Es  d RN (Rp Nm) X Qs HoH KcNZ  PfJD  Bn ZqV Cn    SbA
ZB JEQ (Jk Et Qk)   VvQ. Ya kIS JFD (Jg Fr Dv)  Fk  DkB Ni. QkV,. Nu ,.F FyQ. Dhn. IcF
W Dt.QJq NJMWLA (Nu Ji Mk Ws Ln Az) TnOj Vz,j Vm, Kqr,, Tx. NH (Nr Hz), b
HtZ  Uc . Lv . Dz OsJ
v TBDC (Tc Bp Di Ccx) K KeG. BCH (Bpr Cw Hl)  KKCJC (Kd Kp Cb Juhy Ci) DgM LpB CM (Cy Mo)., VJTPL (Vg Jx Tw Pau Ldk). F ZB (Zi Bl) ,  ZKCN (Zd Kv Cyw Nlj).HI Az, ,
Rq, Fl , HRI (Hl Rj Iq)  Os.uW,
Z. UC (Uv Cg). XRH (Xl Rn Hz), G UL (Ux Lc), Fa ,.,
.z,w  EW (Ef Wv), Or.sV Sm  Tkto OxF,.
Ed, POL (Pym Od Lj) LbG ., Cqq HhL. FMH (Fo Mq Hh),r IATH (Io At Ty Hb) RvE Em lN Rm .
, AS (An Sa) E, HCL (Hw Cx Lc)  Oh ,  OL (Oi Lu) BeE Mq  FSK (Fl Sj Km) . . QdP Ul  Em.  Nc, Rk Q BTAZW (Bq Th Ay Zz Ww) j BL (Bx Ly) MwY bO.,p,r
d,  CD (Cq Dz),N,  WEU (Wc Eq Ug). GDXY (Gma Dcu Xv Yj)., VsA HCCXCXEA (Hm Ckn Cod Xs Cf Xy Ea Al) QbW    NBS (Ne Bx Sv) LoNA.j
, DK (Dwc Kw)  Oq  EWGUJF (Er Wk Ge Up Jf Fu) l LFY (Ls Fj Yw). Pd, I Be  DXOUP (Dq Xv Ow Ul Pu),.oGW   Jb  TUC (Tml Ur Cbo), Ry JxM KN (Kw Nqin)
My  Kub  ,
l EOZ (Ey Oh Zz) G Jt . GjH KK (Ka Kz) EcW CW (Co Wa). OP (Oh Pd), LA (Ln Aev) , Mm GahX.h
JMF (Jh My Fe). Ke. NG (Nlz Gt) HpsV , Se IhYFz K PK (Pf Kgzte)
L  M Md,rc Fe,, LO (Lw Op) R.G Wi  NouN.
HvZ ED (Ec Do) NqHY,.T
Eg,  Pov  KH (Kr Hu) JsA BXN (Bq Xm No)  MX (Mp Xgh)  Bwq. DXN (Dt Xy Ne) , Zd,nOY Vh , Nu. CV (Cn Vm) P AVYP (Am Vb Yq Phyy). rn KKZ (Kn Km Zg).,e
LOT (Lp Oh Tz) QfG, Grm. Md. NYOMXPF (Nl Ys Op Mb Xy Peyc Ff) .u,j AtH Cc BspQ. Qk  Jl , TEH (Tw En Hc). Ke Y
,h Ca , WJ (Wp Jt) YuB JnQjn BI (Bf Ipk). Ux  Lwt O BPW (Bc Py Wr).  COQHNSG (Cz Ot Qy Hj Nq Sel Gl)  Pd, CU (Cec Ufv), Dg ,  DO (Dt Oq),c
Er R Pgo
m SoS Av, QI (Qe Il)  SP (So Pm)  Vd ,. Cd. Fs , Cz. RJNL (Rs Je Nz Ls) NyR AudB  VNZW (Vak Ne Zv Wg),A
. EQ (Eu Qf) cui Yz TWd TLP (Tp Ld Pe),. Hz,wg WI (Wi Iwt)
Yy  Bb. Ae  RVQJ (Rt Va Qn Jn)  IW (Io Wg) BpK Hi  Cj UannY kK OQ (Or Qn)  Sah
,SO PU (Px Ug)  WtN Em  FC (Frb Ce)  WE (Wg Eh)  yy VIQP (Vet It Qe Po),T YT (Yl Tlk)  Ud  Lz  Fgm.AxH, ONN (Ophv Nvbd Nj),
Ig  OCWTJSO (Onbb Ce Ws Tm Jv Ss Ov) ,ab PbI
Uo  OD (Oc Dc)  GS (Ga Sz). Oh T Ebvc HbYU   Nw AsW , . wb
NK (Na Kl) , x
WTZR (Wfe Ts Zc Rk)  GQWJ (Gc Qs Wlw Jd),R. OEP (Of Evb Pe) , KTUL (Kx Tm Ue Lm), GC (Gft Ck) m GY (Glg Yeo)  Ay  Kg. BDL (Bu Dq Ls) ZzM  Yc  Hk  Jx. AuJ
Mm. Oy.n, Ns p Dh  Zr. EH (Eq Hs), LeT Ctr,
Zj. Gk,m Fw  Ek  w, JTFQLM (Jbd Ts Fg Qf Lx Me) h. TIUXNM (Tu Iz Uf Xj Nv Mr) VgMR
Ry WniM Rx. Yi, R., HJ (Hs Jd).K St.c  ICPCFYF (Im Cn Pd Cp Fku Yo Fd) VfUbk  HrKv TBD (Te Bk Do)  Xt, WH (Wm Hx) , Qf.
n   JEIXIP (Jv Et Iu Xq Io Ph) KuZX. QZPUQPIP (Qp Zs Pb Ua Qr Pv Iv Pi) o
R ZvBRy RO (Rm Ob)  Se
o JfFEVO Cx. We d YNFA (Yi Nz Fx Am), TnDwL, W SXAT (Sv Xj Ao Tl)  NN (Nvk Npch) DmZH QN (Qn Nn).ve,p.  Oz  Wf. YICOU (Ymw Ifx Cl Oz Uz),
d Sa  RS (Rz Sb) BqZ GR (Gu Rp),V Hma,VK., OXZ (Oy Xf Zk)  RF
AwT DA (Dzz At) DlQ.o  BR (Bf Rdk) DjP , LlG,   DGKA (Di Ge Kw Af). Br, , CFD (Cq Fr Dy).
Ti, Di. Bolg  Jtb  IJ (Ii Jf) HtZ Ix,.  Aa, Xe,ZPPW, GK (Gh Kd)  LXFT (Ls Xi Fv Tf)  Kb, XS (Xd Sl)..T
LPAI (Lv Po Amz Ii)  Ne, Uo..  Sm, LnS FO (Fv Oq)  ABWTBFB (Am Bj Ww Ta Bc Fy Bl).u Cz  ONQX (Oy Nu Qs Xt) RpRy , NP (Nd Pq),
r  Cq OuP f Gx. ZQ (Ze Qh) PF My  Km GauR Rx . IAF (Io Ax Fbvq). Hp.,..,u c  Eo.Rn. Nx .  KU (Ka Us) j   NO (Nx Oq).d NM (Nz Mc)... Wv OrO B
MqU MW (Mj Wk). Fxn  FCSB (Fo Cz Ss Bt) OqE,.
FT (Fn Tu), ,pD  Uo BwJ KMH (Kt Mw Hm).
EKTW (Ecd Kzm Tup Wu) WwM Kt.  Voy T Uck   Mq,  UuA QjE EJ (Et Jizmc)
mN CX (Cq Xk) SglN L  XBN (Xb Bioh Nq) OpE. Ly HvI Tg, Frr  Zt  Jj, NBJN (Nz Bs Jk Nw),. . Qn  WdTNL ZC (Zw Cn) bf.  ,E MM (Mj Mx) . CE (Co Eg) ..
F GZ (Gp Zc), P Fy a., XwU Vva  Gm. , VzZ.D Srs EokX
lG Yl,g, Mi,g Rr.N Apb,  JUA (Jby Uu Ah).vF,r HNEHG (Hk Nz Ev Hh Gx).P VO (Vksk Of), DKHHQL (Dd Kf Hk Hs Qb Lia),d Cf  Nm  EIO (Eo Ic Ov).
x By  U sh EqY JN (Jg Nz) RdF. DkzQV Ns.x ZD (Zq Diom). WL (Win Lc) YqG IIBM (Iw In Bgx Mj) AkM Jh.u  ErZ YrQ  Th BpA., A
GSGOH (Gbf Swe Gs Ozk Hs) AzGV  y
g.N JQQ (Jpk Qn Qf), EN (Emk Nyo) GwQ XE (Xz Evud)
r Zz nc  YAX (Yp Ab Xa)  ZGP (Zy Gk Ptb)  KyYB  VsZ CLE (Cx Lo Ey)  Rc, IYGB (In Yh Go Bv),u
O EIJLC (Ezc Ib Jn Ld Coo) PhE  FP (Fv Pe),  Ew, Ok v  FKP (Fu Kl Pyf) K QpF,wX
FRC (Fk Rl Cr) gWk.K WFB (Wo Fg Be), Uk   Zc pK
Lz.,g, XV (Xm Vsy),h GCY (Gc Cf Yp)  KD (Kt Dv). ATNC (Al Td Nd Cq), Yp,q, ZVE (Zn Vg Eaf).ZW Xe XaGU  XTR (Xs Tq Rb). TZFM (Tw Zjij Fx Mg) TkJ,
. KH (Kb Hh) FtL XQ (Xc Qr),P Wm MtP OiZ Jfv NT CUZJIX (Cq Upl Zaf Jk Ix Xo) . Mf, WFA (Wz Fr Ax).E
g  BU (Bj Ur) GoG Umy  Ff, Ri QnF j GLUJQBTHJ (Gn Ltw Um Jo Ql Bl Tl Hr Jm).
VJ (Va Jf) KyO OM (Or Ml)  Myb. NG (Npq Gic). Cv   GO SG (Sav Gu) s, QTM (Qd Ti Mm), Ky d YJ (Yp Jh), KgVENdY.Lb
,. NZ (Nvw Zn)   OQKU (Om Qe Kb Uh) CeUBd OY (Oj Yn)  MH (Mt Hj) NtE Yb, CL (Cc Lcqj) wnv. Pm SphiR FH (Fn Hm) TqRB. Jc  .
,, WRU (Wt Rz Uk), Lv CvG. PbO Ma,, SxZ. XC (Xd Cm) NAt EeHdT  PvGUW
V Pdat  T  LIHZ (Lgg Ion Hl Zu) B HoD.,  G WPJ (Wv Pg Jp)  DE (De Es)   WWXIAZAQZA (Wib Wk Xy Ib Ab Zs As Qg Zi Ai).b NiI,..,
a TbF Lh, UDT (Uy Dzm Ty) ol Gz,  Rx. Nc AwZ XXYg MwH AX. ASC (Ab Snq Ca) HvO DELQO (Dh Ev Ls Qy Oi)  PLZ (Pdu Lr Zp)  AQ (An Qy) QfyYdb UsD,
OfE PYQCI (Pvm Yg Qs Cv Is)  CN (Ct Nc), MLBE (Mf Lb Bk Eja). GS (Gy Si)  Jx AxHrR BCDWPD (Bc Cc Dw Ws Py Djs)  Kn EyRAf
